ARM GAS  /tmp/ccCXNjyV.s 			page 1


   1              		.cpu cortex-m7
   2              		.eabi_attribute 27, 1
   3              		.eabi_attribute 28, 1
   4              		.eabi_attribute 20, 1
   5              		.eabi_attribute 21, 1
   6              		.eabi_attribute 23, 3
   7              		.eabi_attribute 24, 1
   8              		.eabi_attribute 25, 1
   9              		.eabi_attribute 26, 1
  10              		.eabi_attribute 30, 4
  11              		.eabi_attribute 34, 1
  12              		.eabi_attribute 18, 4
  13              		.file	"bouncebuffer.c"
  14              		.text
  15              	.Ltext0:
  16              		.cfi_sections	.debug_frame
  17              		.section	.text.bouncebuffer_init,"ax",%progbits
  18              		.align	1
  19              		.global	bouncebuffer_init
  20              		.arch armv7e-m
  21              		.syntax unified
  22              		.thumb
  23              		.thumb_func
  24              		.fpu fpv4-sp-d16
  25              		.type	bouncebuffer_init, %function
  26              	bouncebuffer_init:
  27              	.LVL0:
  28              	.LFB334:
  29              		.file 1 "../../libraries/AP_HAL_ChibiOS/hwdef/common/bouncebuffer.c"
  30              		.loc 1 42 1 view -0
  31              		.cfi_startproc
  32              		@ args = 0, pretend = 0, frame = 0
  33              		@ frame_needed = 0, uses_anonymous_args = 0
  34              		.loc 1 43 5 view .LVU1
  35              		.loc 1 42 1 is_stmt 0 view .LVU2
  36 0000 70B5     		push	{r4, r5, r6, lr}
  37              		.cfi_def_cfa_offset 16
  38              		.cfi_offset 4, -16
  39              		.cfi_offset 5, -12
  40              		.cfi_offset 6, -8
  41              		.cfi_offset 14, -4
  42              		.loc 1 42 1 view .LVU3
  43 0002 0546     		mov	r5, r0
  44 0004 1646     		mov	r6, r2
  45 0006 0C46     		mov	r4, r1
  46              		.loc 1 43 23 view .LVU4
  47 0008 0120     		movs	r0, #1
  48              	.LVL1:
  49              		.loc 1 43 23 view .LVU5
  50 000a 1021     		movs	r1, #16
  51              	.LVL2:
  52              		.loc 1 43 23 view .LVU6
  53 000c FFF7FEFF 		bl	calloc
  54              	.LVL3:
  55              		.loc 1 43 21 view .LVU7
  56 0010 2860     		str	r0, [r5]
  57              		.loc 1 44 5 is_stmt 1 view .LVU8
ARM GAS  /tmp/ccCXNjyV.s 			page 2


  58              		.loc 1 44 5 view .LVU9
  59              		.loc 1 44 5 view .LVU10
  60              		.loc 1 45 5 view .LVU11
  61              		.loc 1 45 32 is_stmt 0 view .LVU12
  62 0012 4673     		strb	r6, [r0, #13]
  63              		.loc 1 46 5 is_stmt 1 view .LVU13
  64              		.loc 1 46 8 is_stmt 0 view .LVU14
  65 0014 3CB1     		cbz	r4, .L1
  66              		.loc 1 47 9 is_stmt 1 view .LVU15
  67              		.loc 1 47 43 is_stmt 0 view .LVU16
  68 0016 2046     		mov	r0, r4
  69              		.loc 1 47 34 view .LVU17
  70 0018 36B1     		cbz	r6, .L4
  71              		.loc 1 47 43 discriminator 1 view .LVU18
  72 001a FFF7FEFF 		bl	malloc_sdcard_dma
  73              	.LVL4:
  74              	.L5:
  75              		.loc 1 47 10 discriminator 4 view .LVU19
  76 001e 2B68     		ldr	r3, [r5]
  77              		.loc 1 47 34 discriminator 4 view .LVU20
  78 0020 1860     		str	r0, [r3]
  79              		.loc 1 48 9 is_stmt 1 discriminator 4 view .LVU21
  80              		.loc 1 48 12 is_stmt 0 discriminator 4 view .LVU22
  81 0022 00B1     		cbz	r0, .L1
  82              		.loc 1 49 13 is_stmt 1 view .LVU23
  83              		.loc 1 49 35 is_stmt 0 view .LVU24
  84 0024 9C60     		str	r4, [r3, #8]
  85              	.L1:
  86              		.loc 1 52 1 view .LVU25
  87 0026 70BD     		pop	{r4, r5, r6, pc}
  88              	.LVL5:
  89              	.L4:
  90              		.loc 1 47 77 discriminator 2 view .LVU26
  91 0028 FFF7FEFF 		bl	malloc_dma
  92              	.LVL6:
  93              		.loc 1 47 77 discriminator 2 view .LVU27
  94 002c F7E7     		b	.L5
  95              		.cfi_endproc
  96              	.LFE334:
  97              		.size	bouncebuffer_init, .-bouncebuffer_init
  98              		.section	.text.bouncebuffer_setup_read,"ax",%progbits
  99              		.align	1
 100              		.global	bouncebuffer_setup_read
 101              		.syntax unified
 102              		.thumb
 103              		.thumb_func
 104              		.fpu fpv4-sp-d16
 105              		.type	bouncebuffer_setup_read, %function
 106              	bouncebuffer_setup_read:
 107              	.LVL7:
 108              	.LFB335:
 109              		.loc 1 60 1 is_stmt 1 view -0
 110              		.cfi_startproc
 111              		@ args = 0, pretend = 0, frame = 0
 112              		@ frame_needed = 0, uses_anonymous_args = 0
 113              		.loc 1 61 5 view .LVU29
 114              		.loc 1 60 1 is_stmt 0 view .LVU30
ARM GAS  /tmp/ccCXNjyV.s 			page 3


 115 0000 70B5     		push	{r4, r5, r6, lr}
 116              		.cfi_def_cfa_offset 16
 117              		.cfi_offset 4, -16
 118              		.cfi_offset 5, -12
 119              		.cfi_offset 6, -8
 120              		.cfi_offset 14, -4
 121              		.loc 1 60 1 view .LVU31
 122 0002 0E46     		mov	r6, r1
 123 0004 1546     		mov	r5, r2
 124              		.loc 1 61 8 view .LVU32
 125 0006 0446     		mov	r4, r0
 126 0008 08B3     		cbz	r0, .L18
 127              		.loc 1 61 26 discriminator 1 view .LVU33
 128 000a 0A68     		ldr	r2, [r1]
 129              	.LVL8:
 130              		.loc 1 61 26 discriminator 1 view .LVU34
 131 000c 22F47F43 		bic	r3, r2, #65280
 132 0010 23F0FE03 		bic	r3, r3, #254
 133              		.loc 1 61 23 discriminator 1 view .LVU35
 134 0014 B3F1005F 		cmp	r3, #536870912
 135 0018 19D0     		beq	.L18
 136              		.loc 1 65 5 is_stmt 1 discriminator 5 view .LVU36
 137              		.loc 1 65 5 discriminator 5 view .LVU37
 138              		.loc 1 65 5 discriminator 5 view .LVU38
 139              		.loc 1 66 5 discriminator 5 view .LVU39
 140              		.loc 1 67 21 is_stmt 0 discriminator 5 view .LVU40
 141 001a 8368     		ldr	r3, [r0, #8]
 142              		.loc 1 66 28 discriminator 5 view .LVU41
 143 001c 4260     		str	r2, [r0, #4]
 144              		.loc 1 67 5 is_stmt 1 discriminator 5 view .LVU42
 145              		.loc 1 67 8 is_stmt 0 discriminator 5 view .LVU43
 146 001e AB42     		cmp	r3, r5
 147 0020 10D2     		bcs	.L12
 148              		.loc 1 68 9 is_stmt 1 view .LVU44
 149              		.loc 1 68 12 is_stmt 0 view .LVU45
 150 0022 13B1     		cbz	r3, .L13
 151              		.loc 1 69 13 is_stmt 1 view .LVU46
 152 0024 0068     		ldr	r0, [r0]
 153              	.LVL9:
 154              		.loc 1 69 13 is_stmt 0 view .LVU47
 155 0026 FFF7FEFF 		bl	free
 156              	.LVL10:
 157              	.L13:
 158              		.loc 1 71 9 is_stmt 1 view .LVU48
 159              		.loc 1 71 31 is_stmt 0 view .LVU49
 160 002a 637B     		ldrb	r3, [r4, #13]	@ zero_extendqisi2
 161              		.loc 1 71 57 view .LVU50
 162 002c 2846     		mov	r0, r5
 163              		.loc 1 71 31 view .LVU51
 164 002e 2BB1     		cbz	r3, .L14
 165              	.LVL11:
 166              		.loc 1 71 57 discriminator 1 view .LVU52
 167 0030 FFF7FEFF 		bl	malloc_sdcard_dma
 168              	.LVL12:
 169              	.L15:
 170              		.loc 1 71 31 discriminator 4 view .LVU53
 171 0034 2060     		str	r0, [r4]
ARM GAS  /tmp/ccCXNjyV.s 			page 4


 172              		.loc 1 72 9 is_stmt 1 discriminator 4 view .LVU54
 173              		.loc 1 72 12 is_stmt 0 discriminator 4 view .LVU55
 174 0036 20B9     		cbnz	r0, .L16
 175              		.loc 1 73 13 is_stmt 1 view .LVU56
 176              		.loc 1 73 32 is_stmt 0 view .LVU57
 177 0038 A060     		str	r0, [r4, #8]
 178              		.loc 1 74 13 is_stmt 1 view .LVU58
 179              	.L11:
 180              		.loc 1 85 1 is_stmt 0 view .LVU59
 181 003a 70BD     		pop	{r4, r5, r6, pc}
 182              	.LVL13:
 183              	.L14:
 184              		.loc 1 71 81 discriminator 2 view .LVU60
 185 003c FFF7FEFF 		bl	malloc_dma
 186              	.LVL14:
 187              		.loc 1 71 81 discriminator 2 view .LVU61
 188 0040 F8E7     		b	.L15
 189              	.L16:
 190              		.loc 1 76 9 is_stmt 1 view .LVU62
 191              		.loc 1 76 28 is_stmt 0 view .LVU63
 192 0042 A560     		str	r5, [r4, #8]
 193              	.L12:
 194              		.loc 1 78 5 is_stmt 1 view .LVU64
 195              		.loc 1 78 24 is_stmt 0 view .LVU65
 196 0044 2368     		ldr	r3, [r4]
 197              		.loc 1 83 24 view .LVU66
 198 0046 0120     		movs	r0, #1
 199              		.loc 1 78 10 view .LVU67
 200 0048 3360     		str	r3, [r6]
 201              		.loc 1 83 5 is_stmt 1 view .LVU68
 202              		.loc 1 83 24 is_stmt 0 view .LVU69
 203 004a 2073     		strb	r0, [r4, #12]
 204              		.loc 1 84 5 is_stmt 1 view .LVU70
 205              		.loc 1 84 12 is_stmt 0 view .LVU71
 206 004c F5E7     		b	.L11
 207              	.LVL15:
 208              	.L18:
 209              		.loc 1 63 16 view .LVU72
 210 004e 0120     		movs	r0, #1
 211              	.LVL16:
 212              		.loc 1 63 16 view .LVU73
 213 0050 F3E7     		b	.L11
 214              		.cfi_endproc
 215              	.LFE335:
 216              		.size	bouncebuffer_setup_read, .-bouncebuffer_setup_read
 217              		.section	.text.bouncebuffer_finish_read,"ax",%progbits
 218              		.align	1
 219              		.global	bouncebuffer_finish_read
 220              		.syntax unified
 221              		.thumb
 222              		.thumb_func
 223              		.fpu fpv4-sp-d16
 224              		.type	bouncebuffer_finish_read, %function
 225              	bouncebuffer_finish_read:
 226              	.LVL17:
 227              	.LFB336:
 228              		.loc 1 91 1 is_stmt 1 view -0
ARM GAS  /tmp/ccCXNjyV.s 			page 5


 229              		.cfi_startproc
 230              		@ args = 0, pretend = 0, frame = 0
 231              		@ frame_needed = 0, uses_anonymous_args = 0
 232              		.loc 1 92 5 view .LVU75
 233              		.loc 1 91 1 is_stmt 0 view .LVU76
 234 0000 10B5     		push	{r4, lr}
 235              		.cfi_def_cfa_offset 8
 236              		.cfi_offset 4, -8
 237              		.cfi_offset 14, -4
 238              		.loc 1 92 8 view .LVU77
 239 0002 0446     		mov	r4, r0
 240 0004 40B1     		cbz	r0, .L22
 241              		.loc 1 92 22 discriminator 1 view .LVU78
 242 0006 0068     		ldr	r0, [r0]
 243              	.LVL18:
 244              		.loc 1 92 22 discriminator 1 view .LVU79
 245 0008 8842     		cmp	r0, r1
 246 000a 05D1     		bne	.L22
 247              		.loc 1 93 9 is_stmt 1 discriminator 5 view .LVU80
 248              		.loc 1 93 9 discriminator 5 view .LVU81
 249              		.loc 1 93 9 discriminator 5 view .LVU82
 250              		.loc 1 94 9 discriminator 5 view .LVU83
 251              		.loc 1 94 25 is_stmt 0 discriminator 5 view .LVU84
 252 000c 6068     		ldr	r0, [r4, #4]
 253              		.loc 1 94 12 discriminator 5 view .LVU85
 254 000e 08B1     		cbz	r0, .L24
 255              		.loc 1 95 13 is_stmt 1 view .LVU86
 256 0010 FFF7FEFF 		bl	memcpy
 257              	.LVL19:
 258              	.L24:
 259              		.loc 1 97 9 view .LVU87
 260              		.loc 1 97 28 is_stmt 0 view .LVU88
 261 0014 0023     		movs	r3, #0
 262 0016 2373     		strb	r3, [r4, #12]
 263              	.L22:
 264              		.loc 1 99 1 view .LVU89
 265 0018 10BD     		pop	{r4, pc}
 266              		.loc 1 99 1 view .LVU90
 267              		.cfi_endproc
 268              	.LFE336:
 269              		.size	bouncebuffer_finish_read, .-bouncebuffer_finish_read
 270              		.section	.text.bouncebuffer_setup_write,"ax",%progbits
 271              		.align	1
 272              		.global	bouncebuffer_setup_write
 273              		.syntax unified
 274              		.thumb
 275              		.thumb_func
 276              		.fpu fpv4-sp-d16
 277              		.type	bouncebuffer_setup_write, %function
 278              	bouncebuffer_setup_write:
 279              	.LVL20:
 280              	.LFB337:
 281              		.loc 1 106 1 is_stmt 1 view -0
 282              		.cfi_startproc
 283              		@ args = 0, pretend = 0, frame = 0
 284              		@ frame_needed = 0, uses_anonymous_args = 0
 285              		.loc 1 107 5 view .LVU92
ARM GAS  /tmp/ccCXNjyV.s 			page 6


 286              		.loc 1 106 1 is_stmt 0 view .LVU93
 287 0000 70B5     		push	{r4, r5, r6, lr}
 288              		.cfi_def_cfa_offset 16
 289              		.cfi_offset 4, -16
 290              		.cfi_offset 5, -12
 291              		.cfi_offset 6, -8
 292              		.cfi_offset 14, -4
 293              		.loc 1 106 1 view .LVU94
 294 0002 0E46     		mov	r6, r1
 295 0004 1546     		mov	r5, r2
 296              		.loc 1 107 8 view .LVU95
 297 0006 0446     		mov	r4, r0
 298 0008 30B3     		cbz	r0, .L40
 299              		.loc 1 107 26 discriminator 1 view .LVU96
 300 000a 0B68     		ldr	r3, [r1]
 301 000c 23F47F43 		bic	r3, r3, #65280
 302 0010 23F0FE03 		bic	r3, r3, #254
 303              		.loc 1 107 23 discriminator 1 view .LVU97
 304 0014 B3F1005F 		cmp	r3, #536870912
 305 0018 1ED0     		beq	.L40
 306              		.loc 1 111 5 is_stmt 1 discriminator 5 view .LVU98
 307              		.loc 1 111 5 discriminator 5 view .LVU99
 308              		.loc 1 111 5 discriminator 5 view .LVU100
 309              		.loc 1 112 5 discriminator 5 view .LVU101
 310              		.loc 1 112 21 is_stmt 0 discriminator 5 view .LVU102
 311 001a 8368     		ldr	r3, [r0, #8]
 312              		.loc 1 112 8 discriminator 5 view .LVU103
 313 001c 9342     		cmp	r3, r2
 314 001e 10D2     		bcs	.L33
 315              		.loc 1 113 9 is_stmt 1 view .LVU104
 316              		.loc 1 113 12 is_stmt 0 view .LVU105
 317 0020 13B1     		cbz	r3, .L34
 318              		.loc 1 114 13 is_stmt 1 view .LVU106
 319 0022 0068     		ldr	r0, [r0]
 320              	.LVL21:
 321              		.loc 1 114 13 is_stmt 0 view .LVU107
 322 0024 FFF7FEFF 		bl	free
 323              	.LVL22:
 324              	.L34:
 325              		.loc 1 116 9 is_stmt 1 view .LVU108
 326              		.loc 1 116 31 is_stmt 0 view .LVU109
 327 0028 637B     		ldrb	r3, [r4, #13]	@ zero_extendqisi2
 328              		.loc 1 116 57 view .LVU110
 329 002a 2846     		mov	r0, r5
 330              		.loc 1 116 31 view .LVU111
 331 002c 2BB1     		cbz	r3, .L35
 332              	.LVL23:
 333              		.loc 1 116 57 discriminator 1 view .LVU112
 334 002e FFF7FEFF 		bl	malloc_sdcard_dma
 335              	.LVL24:
 336              	.L36:
 337              		.loc 1 116 31 discriminator 4 view .LVU113
 338 0032 2060     		str	r0, [r4]
 339              		.loc 1 117 9 is_stmt 1 discriminator 4 view .LVU114
 340              		.loc 1 117 12 is_stmt 0 discriminator 4 view .LVU115
 341 0034 20B9     		cbnz	r0, .L37
 342              		.loc 1 118 13 is_stmt 1 view .LVU116
ARM GAS  /tmp/ccCXNjyV.s 			page 7


 343              		.loc 1 118 32 is_stmt 0 view .LVU117
 344 0036 A060     		str	r0, [r4, #8]
 345              		.loc 1 119 13 is_stmt 1 view .LVU118
 346              	.L32:
 347              		.loc 1 133 1 is_stmt 0 view .LVU119
 348 0038 70BD     		pop	{r4, r5, r6, pc}
 349              	.LVL25:
 350              	.L35:
 351              		.loc 1 116 81 discriminator 2 view .LVU120
 352 003a FFF7FEFF 		bl	malloc_dma
 353              	.LVL26:
 354              		.loc 1 116 81 discriminator 2 view .LVU121
 355 003e F8E7     		b	.L36
 356              	.L37:
 357              		.loc 1 121 9 is_stmt 1 view .LVU122
 358              		.loc 1 121 28 is_stmt 0 view .LVU123
 359 0040 A560     		str	r5, [r4, #8]
 360              	.L33:
 361              		.loc 1 123 5 is_stmt 1 view .LVU124
 362              		.loc 1 123 9 is_stmt 0 view .LVU125
 363 0042 3168     		ldr	r1, [r6]
 364              		.loc 1 123 8 view .LVU126
 365 0044 19B1     		cbz	r1, .L38
 366              		.loc 1 124 9 is_stmt 1 view .LVU127
 367 0046 2A46     		mov	r2, r5
 368 0048 2068     		ldr	r0, [r4]
 369 004a FFF7FEFF 		bl	memcpy
 370              	.LVL27:
 371              	.L38:
 372              		.loc 1 126 5 view .LVU128
 373              		.loc 1 126 24 is_stmt 0 view .LVU129
 374 004e 2368     		ldr	r3, [r4]
 375              		.loc 1 131 24 view .LVU130
 376 0050 0120     		movs	r0, #1
 377              		.loc 1 126 10 view .LVU131
 378 0052 3360     		str	r3, [r6]
 379              		.loc 1 131 5 is_stmt 1 view .LVU132
 380              		.loc 1 131 24 is_stmt 0 view .LVU133
 381 0054 2073     		strb	r0, [r4, #12]
 382              		.loc 1 132 5 is_stmt 1 view .LVU134
 383              		.loc 1 132 12 is_stmt 0 view .LVU135
 384 0056 EFE7     		b	.L32
 385              	.LVL28:
 386              	.L40:
 387              		.loc 1 109 16 view .LVU136
 388 0058 0120     		movs	r0, #1
 389              	.LVL29:
 390              		.loc 1 109 16 view .LVU137
 391 005a EDE7     		b	.L32
 392              		.cfi_endproc
 393              	.LFE337:
 394              		.size	bouncebuffer_setup_write, .-bouncebuffer_setup_write
 395              		.section	.text.bouncebuffer_finish_write,"ax",%progbits
 396              		.align	1
 397              		.global	bouncebuffer_finish_write
 398              		.syntax unified
 399              		.thumb
ARM GAS  /tmp/ccCXNjyV.s 			page 8


 400              		.thumb_func
 401              		.fpu fpv4-sp-d16
 402              		.type	bouncebuffer_finish_write, %function
 403              	bouncebuffer_finish_write:
 404              	.LVL30:
 405              	.LFB338:
 406              		.loc 1 140 1 is_stmt 1 view -0
 407              		.cfi_startproc
 408              		@ args = 0, pretend = 0, frame = 0
 409              		@ frame_needed = 0, uses_anonymous_args = 0
 410              		@ link register save eliminated.
 411              		.loc 1 141 5 view .LVU139
 412              		.loc 1 141 8 is_stmt 0 view .LVU140
 413 0000 20B1     		cbz	r0, .L47
 414              		.loc 1 141 22 discriminator 1 view .LVU141
 415 0002 0368     		ldr	r3, [r0]
 416 0004 8B42     		cmp	r3, r1
 417              		.loc 1 142 9 is_stmt 1 discriminator 1 view .LVU142
 418              		.loc 1 142 9 discriminator 1 view .LVU143
 419              		.loc 1 142 9 discriminator 1 view .LVU144
 420              		.loc 1 143 9 discriminator 1 view .LVU145
 421              		.loc 1 143 28 is_stmt 0 discriminator 1 view .LVU146
 422 0006 04BF     		itt	eq
 423 0008 0023     		moveq	r3, #0
 424 000a 0373     		strbeq	r3, [r0, #12]
 425              	.L47:
 426              		.loc 1 145 1 view .LVU147
 427 000c 7047     		bx	lr
 428              		.cfi_endproc
 429              	.LFE338:
 430              		.size	bouncebuffer_finish_write, .-bouncebuffer_finish_write
 431              		.section	.text.bouncebuffer_abort,"ax",%progbits
 432              		.align	1
 433              		.global	bouncebuffer_abort
 434              		.syntax unified
 435              		.thumb
 436              		.thumb_func
 437              		.fpu fpv4-sp-d16
 438              		.type	bouncebuffer_abort, %function
 439              	bouncebuffer_abort:
 440              	.LVL31:
 441              	.LFB339:
 442              		.loc 1 151 1 is_stmt 1 view -0
 443              		.cfi_startproc
 444              		@ args = 0, pretend = 0, frame = 0
 445              		@ frame_needed = 0, uses_anonymous_args = 0
 446              		@ link register save eliminated.
 447              		.loc 1 152 5 view .LVU149
 448              		.loc 1 152 8 is_stmt 0 view .LVU150
 449 0000 08B1     		cbz	r0, .L52
 450              		.loc 1 153 9 is_stmt 1 view .LVU151
 451              		.loc 1 153 28 is_stmt 0 view .LVU152
 452 0002 0023     		movs	r3, #0
 453 0004 0373     		strb	r3, [r0, #12]
 454              	.L52:
 455              		.loc 1 155 1 view .LVU153
 456 0006 7047     		bx	lr
ARM GAS  /tmp/ccCXNjyV.s 			page 9


 457              		.cfi_endproc
 458              	.LFE339:
 459              		.size	bouncebuffer_abort, .-bouncebuffer_abort
 460              		.text
 461              	.Letext0:
 462              		.file 2 "/opt/gcc-arm-none-eabi-10-2020-q4-major/arm-none-eabi/include/machine/_default_types.h"
 463              		.file 3 "/opt/gcc-arm-none-eabi-10-2020-q4-major/arm-none-eabi/include/sys/_stdint.h"
 464              		.file 4 "../../libraries/AP_HAL_ChibiOS/hwdef/common/bouncebuffer.h"
 465              		.file 5 "../../libraries/AP_HAL_ChibiOS/hwdef/common/stdio.h"
 466              		.file 6 "../../libraries/AP_HAL_ChibiOS/hwdef/common/stm32_util.h"
 467              		.file 7 "<built-in>"
 468              		.section	.debug_info,"",%progbits
 469              	.Ldebug_info0:
 470 0000 3B040000 		.4byte	0x43b
 471 0004 0400     		.2byte	0x4
 472 0006 00000000 		.4byte	.Ldebug_abbrev0
 473 000a 04       		.byte	0x4
 474 000b 01       		.uleb128 0x1
 475 000c F4010000 		.4byte	.LASF35
 476 0010 0C       		.byte	0xc
 477 0011 4D010000 		.4byte	.LASF36
 478 0015 99010000 		.4byte	.LASF37
 479 0019 00000000 		.4byte	.Ldebug_ranges0+0
 480 001d 00000000 		.4byte	0
 481 0021 00000000 		.4byte	.Ldebug_line0
 482 0025 02       		.uleb128 0x2
 483 0026 04       		.byte	0x4
 484 0027 05       		.byte	0x5
 485 0028 696E7400 		.ascii	"int\000"
 486 002c 03       		.uleb128 0x3
 487 002d 04       		.byte	0x4
 488 002e 07       		.byte	0x7
 489 002f 24010000 		.4byte	.LASF0
 490 0033 03       		.uleb128 0x3
 491 0034 08       		.byte	0x8
 492 0035 05       		.byte	0x5
 493 0036 D2010000 		.4byte	.LASF1
 494 003a 03       		.uleb128 0x3
 495 003b 08       		.byte	0x8
 496 003c 04       		.byte	0x4
 497 003d 39030000 		.4byte	.LASF2
 498 0041 03       		.uleb128 0x3
 499 0042 01       		.byte	0x1
 500 0043 06       		.byte	0x6
 501 0044 45030000 		.4byte	.LASF3
 502 0048 04       		.uleb128 0x4
 503 0049 00000000 		.4byte	.LASF8
 504 004d 02       		.byte	0x2
 505 004e 2B       		.byte	0x2b
 506 004f 18       		.byte	0x18
 507 0050 54000000 		.4byte	0x54
 508 0054 03       		.uleb128 0x3
 509 0055 01       		.byte	0x1
 510 0056 08       		.byte	0x8
 511 0057 97000000 		.4byte	.LASF4
 512 005b 03       		.uleb128 0x3
 513 005c 02       		.byte	0x2
ARM GAS  /tmp/ccCXNjyV.s 			page 10


 514 005d 05       		.byte	0x5
 515 005e 35000000 		.4byte	.LASF5
 516 0062 03       		.uleb128 0x3
 517 0063 02       		.byte	0x2
 518 0064 07       		.byte	0x7
 519 0065 B7000000 		.4byte	.LASF6
 520 0069 03       		.uleb128 0x3
 521 006a 04       		.byte	0x4
 522 006b 05       		.byte	0x5
 523 006c 30030000 		.4byte	.LASF7
 524 0070 04       		.uleb128 0x4
 525 0071 F8000000 		.4byte	.LASF9
 526 0075 02       		.byte	0x2
 527 0076 4F       		.byte	0x4f
 528 0077 19       		.byte	0x19
 529 0078 7C000000 		.4byte	0x7c
 530 007c 03       		.uleb128 0x3
 531 007d 04       		.byte	0x4
 532 007e 07       		.byte	0x7
 533 007f A5000000 		.4byte	.LASF10
 534 0083 03       		.uleb128 0x3
 535 0084 08       		.byte	0x8
 536 0085 07       		.byte	0x7
 537 0086 66000000 		.4byte	.LASF11
 538 008a 04       		.uleb128 0x4
 539 008b 45010000 		.4byte	.LASF12
 540 008f 03       		.byte	0x3
 541 0090 18       		.byte	0x18
 542 0091 13       		.byte	0x13
 543 0092 48000000 		.4byte	0x48
 544 0096 05       		.uleb128 0x5
 545 0097 8A000000 		.4byte	0x8a
 546 009b 04       		.uleb128 0x4
 547 009c 27030000 		.4byte	.LASF13
 548 00a0 03       		.byte	0x3
 549 00a1 30       		.byte	0x30
 550 00a2 14       		.byte	0x14
 551 00a3 70000000 		.4byte	0x70
 552 00a7 03       		.uleb128 0x3
 553 00a8 01       		.byte	0x1
 554 00a9 08       		.byte	0x8
 555 00aa 40010000 		.4byte	.LASF14
 556 00ae 05       		.uleb128 0x5
 557 00af A7000000 		.4byte	0xa7
 558 00b3 03       		.uleb128 0x3
 559 00b4 01       		.byte	0x1
 560 00b5 02       		.byte	0x2
 561 00b6 56030000 		.4byte	.LASF15
 562 00ba 06       		.uleb128 0x6
 563 00bb 04       		.byte	0x4
 564 00bc 8A000000 		.4byte	0x8a
 565 00c0 06       		.uleb128 0x6
 566 00c1 04       		.byte	0x4
 567 00c2 96000000 		.4byte	0x96
 568 00c6 07       		.uleb128 0x7
 569 00c7 31010000 		.4byte	.LASF38
 570 00cb 10       		.byte	0x10
ARM GAS  /tmp/ccCXNjyV.s 			page 11


 571 00cc 04       		.byte	0x4
 572 00cd 0E       		.byte	0xe
 573 00ce 08       		.byte	0x8
 574 00cf 15010000 		.4byte	0x115
 575 00d3 08       		.uleb128 0x8
 576 00d4 FD020000 		.4byte	.LASF16
 577 00d8 04       		.byte	0x4
 578 00d9 0F       		.byte	0xf
 579 00da 0E       		.byte	0xe
 580 00db BA000000 		.4byte	0xba
 581 00df 00       		.byte	0
 582 00e0 08       		.uleb128 0x8
 583 00e1 1B010000 		.4byte	.LASF17
 584 00e5 04       		.byte	0x4
 585 00e6 10       		.byte	0x10
 586 00e7 0E       		.byte	0xe
 587 00e8 BA000000 		.4byte	0xba
 588 00ec 04       		.byte	0x4
 589 00ed 08       		.uleb128 0x8
 590 00ee 51030000 		.4byte	.LASF18
 591 00f2 04       		.byte	0x4
 592 00f3 11       		.byte	0x11
 593 00f4 0E       		.byte	0xe
 594 00f5 9B000000 		.4byte	0x9b
 595 00f9 08       		.byte	0x8
 596 00fa 08       		.uleb128 0x8
 597 00fb 3F000000 		.4byte	.LASF19
 598 00ff 04       		.byte	0x4
 599 0100 12       		.byte	0x12
 600 0101 0A       		.byte	0xa
 601 0102 B3000000 		.4byte	0xb3
 602 0106 0C       		.byte	0xc
 603 0107 08       		.uleb128 0x8
 604 0108 E7000000 		.4byte	.LASF20
 605 010c 04       		.byte	0x4
 606 010d 13       		.byte	0x13
 607 010e 0A       		.byte	0xa
 608 010f B3000000 		.4byte	0xb3
 609 0113 0D       		.byte	0xd
 610 0114 00       		.byte	0
 611 0115 06       		.uleb128 0x6
 612 0116 04       		.byte	0x4
 613 0117 C6000000 		.4byte	0xc6
 614 011b 09       		.uleb128 0x9
 615 011c 05030000 		.4byte	.LASF21
 616 0120 01       		.byte	0x1
 617 0121 96       		.byte	0x96
 618 0122 06       		.byte	0x6
 619 0123 00000000 		.4byte	.LFB339
 620 0127 08000000 		.4byte	.LFE339-.LFB339
 621 012b 01       		.uleb128 0x1
 622 012c 9C       		.byte	0x9c
 623 012d 40010000 		.4byte	0x140
 624 0131 0A       		.uleb128 0xa
 625 0132 E7010000 		.4byte	.LASF23
 626 0136 01       		.byte	0x1
 627 0137 96       		.byte	0x96
ARM GAS  /tmp/ccCXNjyV.s 			page 12


 628 0138 30       		.byte	0x30
 629 0139 15010000 		.4byte	0x115
 630 013d 01       		.uleb128 0x1
 631 013e 50       		.byte	0x50
 632 013f 00       		.byte	0
 633 0140 09       		.uleb128 0x9
 634 0141 7D000000 		.4byte	.LASF22
 635 0145 01       		.byte	0x1
 636 0146 8B       		.byte	0x8b
 637 0147 06       		.byte	0x6
 638 0148 00000000 		.4byte	.LFB338
 639 014c 0E000000 		.4byte	.LFE338-.LFB338
 640 0150 01       		.uleb128 0x1
 641 0151 9C       		.byte	0x9c
 642 0152 7C010000 		.4byte	0x17c
 643 0156 0A       		.uleb128 0xa
 644 0157 E7010000 		.4byte	.LASF23
 645 015b 01       		.byte	0x1
 646 015c 8B       		.byte	0x8b
 647 015d 37       		.byte	0x37
 648 015e 15010000 		.4byte	0x115
 649 0162 01       		.uleb128 0x1
 650 0163 50       		.byte	0x50
 651 0164 0B       		.uleb128 0xb
 652 0165 62756600 		.ascii	"buf\000"
 653 0169 01       		.byte	0x1
 654 016a 8B       		.byte	0x8b
 655 016b 54       		.byte	0x54
 656 016c C0000000 		.4byte	0xc0
 657 0170 01       		.uleb128 0x1
 658 0171 51       		.byte	0x51
 659 0172 0C       		.uleb128 0xc
 660 0173 5D000000 		.4byte	.LASF24
 661 0177 8C010000 		.4byte	0x18c
 662 017b 00       		.byte	0
 663 017c 0D       		.uleb128 0xd
 664 017d AE000000 		.4byte	0xae
 665 0181 8C010000 		.4byte	0x18c
 666 0185 0E       		.uleb128 0xe
 667 0186 2C000000 		.4byte	0x2c
 668 018a 19       		.byte	0x19
 669 018b 00       		.byte	0
 670 018c 05       		.uleb128 0x5
 671 018d 7C010000 		.4byte	0x17c
 672 0191 0F       		.uleb128 0xf
 673 0192 1C000000 		.4byte	.LASF26
 674 0196 01       		.byte	0x1
 675 0197 69       		.byte	0x69
 676 0198 06       		.byte	0x6
 677 0199 B3000000 		.4byte	0xb3
 678 019d 00000000 		.4byte	.LFB337
 679 01a1 5C000000 		.4byte	.LFE337-.LFB337
 680 01a5 01       		.uleb128 0x1
 681 01a6 9C       		.byte	0x9c
 682 01a7 27020000 		.4byte	0x227
 683 01ab 10       		.uleb128 0x10
 684 01ac E7010000 		.4byte	.LASF23
ARM GAS  /tmp/ccCXNjyV.s 			page 13


 685 01b0 01       		.byte	0x1
 686 01b1 69       		.byte	0x69
 687 01b2 36       		.byte	0x36
 688 01b3 15010000 		.4byte	0x115
 689 01b7 08000000 		.4byte	.LLST9
 690 01bb 00000000 		.4byte	.LVUS9
 691 01bf 11       		.uleb128 0x11
 692 01c0 62756600 		.ascii	"buf\000"
 693 01c4 01       		.byte	0x1
 694 01c5 69       		.byte	0x69
 695 01c6 54       		.byte	0x54
 696 01c7 27020000 		.4byte	0x227
 697 01cb 42000000 		.4byte	.LLST10
 698 01cf 3C000000 		.4byte	.LVUS10
 699 01d3 10       		.uleb128 0x10
 700 01d4 51030000 		.4byte	.LASF18
 701 01d8 01       		.byte	0x1
 702 01d9 69       		.byte	0x69
 703 01da 62       		.byte	0x62
 704 01db 9B000000 		.4byte	0x9b
 705 01df 79000000 		.4byte	.LLST11
 706 01e3 6B000000 		.4byte	.LVUS11
 707 01e7 0C       		.uleb128 0xc
 708 01e8 5D000000 		.4byte	.LASF24
 709 01ec 3D020000 		.4byte	0x23d
 710 01f0 12       		.uleb128 0x12
 711 01f1 28000000 		.4byte	.LVL22
 712 01f5 03040000 		.4byte	0x403
 713 01f9 13       		.uleb128 0x13
 714 01fa 32000000 		.4byte	.LVL24
 715 01fe 0F040000 		.4byte	0x40f
 716 0202 0D020000 		.4byte	0x20d
 717 0206 14       		.uleb128 0x14
 718 0207 01       		.uleb128 0x1
 719 0208 50       		.byte	0x50
 720 0209 02       		.uleb128 0x2
 721 020a 75       		.byte	0x75
 722 020b 00       		.sleb128 0
 723 020c 00       		.byte	0
 724 020d 12       		.uleb128 0x12
 725 020e 3E000000 		.4byte	.LVL26
 726 0212 1B040000 		.4byte	0x41b
 727 0216 15       		.uleb128 0x15
 728 0217 4E000000 		.4byte	.LVL27
 729 021b 27040000 		.4byte	0x427
 730 021f 14       		.uleb128 0x14
 731 0220 01       		.uleb128 0x1
 732 0221 52       		.byte	0x52
 733 0222 02       		.uleb128 0x2
 734 0223 75       		.byte	0x75
 735 0224 00       		.sleb128 0
 736 0225 00       		.byte	0
 737 0226 00       		.byte	0
 738 0227 06       		.uleb128 0x6
 739 0228 04       		.byte	0x4
 740 0229 C0000000 		.4byte	0xc0
 741 022d 0D       		.uleb128 0xd
ARM GAS  /tmp/ccCXNjyV.s 			page 14


 742 022e AE000000 		.4byte	0xae
 743 0232 3D020000 		.4byte	0x23d
 744 0236 0E       		.uleb128 0xe
 745 0237 2C000000 		.4byte	0x2c
 746 023b 18       		.byte	0x18
 747 023c 00       		.byte	0
 748 023d 05       		.uleb128 0x5
 749 023e 2D020000 		.4byte	0x22d
 750 0242 09       		.uleb128 0x9
 751 0243 44000000 		.4byte	.LASF25
 752 0247 01       		.byte	0x1
 753 0248 5A       		.byte	0x5a
 754 0249 06       		.byte	0x6
 755 024a 00000000 		.4byte	.LFB336
 756 024e 1A000000 		.4byte	.LFE336-.LFB336
 757 0252 01       		.uleb128 0x1
 758 0253 9C       		.byte	0x9c
 759 0254 B6020000 		.4byte	0x2b6
 760 0258 10       		.uleb128 0x10
 761 0259 E7010000 		.4byte	.LASF23
 762 025d 01       		.byte	0x1
 763 025e 5A       		.byte	0x5a
 764 025f 36       		.byte	0x36
 765 0260 15010000 		.4byte	0x115
 766 0264 D2000000 		.4byte	.LLST6
 767 0268 CE000000 		.4byte	.LVUS6
 768 026c 11       		.uleb128 0x11
 769 026d 62756600 		.ascii	"buf\000"
 770 0271 01       		.byte	0x1
 771 0272 5A       		.byte	0x5a
 772 0273 53       		.byte	0x53
 773 0274 C0000000 		.4byte	0xc0
 774 0278 F4000000 		.4byte	.LLST7
 775 027c F0000000 		.4byte	.LVUS7
 776 0280 10       		.uleb128 0x10
 777 0281 51030000 		.4byte	.LASF18
 778 0285 01       		.byte	0x1
 779 0286 5A       		.byte	0x5a
 780 0287 61       		.byte	0x61
 781 0288 9B000000 		.4byte	0x9b
 782 028c 19010000 		.4byte	.LLST8
 783 0290 15010000 		.4byte	.LVUS8
 784 0294 0C       		.uleb128 0xc
 785 0295 5D000000 		.4byte	.LASF24
 786 0299 3D020000 		.4byte	0x23d
 787 029d 15       		.uleb128 0x15
 788 029e 14000000 		.4byte	.LVL19
 789 02a2 27040000 		.4byte	0x427
 790 02a6 14       		.uleb128 0x14
 791 02a7 01       		.uleb128 0x1
 792 02a8 51       		.byte	0x51
 793 02a9 03       		.uleb128 0x3
 794 02aa F3       		.byte	0xf3
 795 02ab 01       		.uleb128 0x1
 796 02ac 51       		.byte	0x51
 797 02ad 14       		.uleb128 0x14
 798 02ae 01       		.uleb128 0x1
ARM GAS  /tmp/ccCXNjyV.s 			page 15


 799 02af 52       		.byte	0x52
 800 02b0 03       		.uleb128 0x3
 801 02b1 F3       		.byte	0xf3
 802 02b2 01       		.uleb128 0x1
 803 02b3 52       		.byte	0x52
 804 02b4 00       		.byte	0
 805 02b5 00       		.byte	0
 806 02b6 0F       		.uleb128 0xf
 807 02b7 03010000 		.4byte	.LASF27
 808 02bb 01       		.byte	0x1
 809 02bc 3B       		.byte	0x3b
 810 02bd 06       		.byte	0x6
 811 02be B3000000 		.4byte	0xb3
 812 02c2 00000000 		.4byte	.LFB335
 813 02c6 52000000 		.4byte	.LFE335-.LFB335
 814 02ca 01       		.uleb128 0x1
 815 02cb 9C       		.byte	0x9c
 816 02cc 3C030000 		.4byte	0x33c
 817 02d0 10       		.uleb128 0x10
 818 02d1 E7010000 		.4byte	.LASF23
 819 02d5 01       		.byte	0x1
 820 02d6 3B       		.byte	0x3b
 821 02d7 35       		.byte	0x35
 822 02d8 15010000 		.4byte	0x115
 823 02dc 42010000 		.4byte	.LLST3
 824 02e0 3A010000 		.4byte	.LVUS3
 825 02e4 11       		.uleb128 0x11
 826 02e5 62756600 		.ascii	"buf\000"
 827 02e9 01       		.byte	0x1
 828 02ea 3B       		.byte	0x3b
 829 02eb 4D       		.byte	0x4d
 830 02ec 3C030000 		.4byte	0x33c
 831 02f0 7C010000 		.4byte	.LLST4
 832 02f4 76010000 		.4byte	.LVUS4
 833 02f8 10       		.uleb128 0x10
 834 02f9 51030000 		.4byte	.LASF18
 835 02fd 01       		.byte	0x1
 836 02fe 3B       		.byte	0x3b
 837 02ff 5B       		.byte	0x5b
 838 0300 9B000000 		.4byte	0x9b
 839 0304 B1010000 		.4byte	.LLST5
 840 0308 A5010000 		.4byte	.LVUS5
 841 030c 0C       		.uleb128 0xc
 842 030d 5D000000 		.4byte	.LASF24
 843 0311 52030000 		.4byte	0x352
 844 0315 12       		.uleb128 0x12
 845 0316 2A000000 		.4byte	.LVL10
 846 031a 03040000 		.4byte	0x403
 847 031e 13       		.uleb128 0x13
 848 031f 34000000 		.4byte	.LVL12
 849 0323 0F040000 		.4byte	0x40f
 850 0327 32030000 		.4byte	0x332
 851 032b 14       		.uleb128 0x14
 852 032c 01       		.uleb128 0x1
 853 032d 50       		.byte	0x50
 854 032e 02       		.uleb128 0x2
 855 032f 75       		.byte	0x75
ARM GAS  /tmp/ccCXNjyV.s 			page 16


 856 0330 00       		.sleb128 0
 857 0331 00       		.byte	0
 858 0332 12       		.uleb128 0x12
 859 0333 40000000 		.4byte	.LVL14
 860 0337 1B040000 		.4byte	0x41b
 861 033b 00       		.byte	0
 862 033c 06       		.uleb128 0x6
 863 033d 04       		.byte	0x4
 864 033e BA000000 		.4byte	0xba
 865 0342 0D       		.uleb128 0xd
 866 0343 AE000000 		.4byte	0xae
 867 0347 52030000 		.4byte	0x352
 868 034b 0E       		.uleb128 0xe
 869 034c 2C000000 		.4byte	0x2c
 870 0350 17       		.byte	0x17
 871 0351 00       		.byte	0
 872 0352 05       		.uleb128 0x5
 873 0353 42030000 		.4byte	0x342
 874 0357 09       		.uleb128 0x9
 875 0358 0A000000 		.4byte	.LASF28
 876 035c 01       		.byte	0x1
 877 035d 29       		.byte	0x29
 878 035e 06       		.byte	0x6
 879 035f 00000000 		.4byte	.LFB334
 880 0363 2E000000 		.4byte	.LFE334-.LFB334
 881 0367 01       		.uleb128 0x1
 882 0368 9C       		.byte	0x9c
 883 0369 E8030000 		.4byte	0x3e8
 884 036d 10       		.uleb128 0x10
 885 036e E7010000 		.4byte	.LASF23
 886 0372 01       		.byte	0x1
 887 0373 29       		.byte	0x29
 888 0374 30       		.byte	0x30
 889 0375 E8030000 		.4byte	0x3e8
 890 0379 FF010000 		.4byte	.LLST0
 891 037d FB010000 		.4byte	.LVUS0
 892 0381 10       		.uleb128 0x10
 893 0382 18030000 		.4byte	.LASF29
 894 0386 01       		.byte	0x1
 895 0387 29       		.byte	0x29
 896 0388 47       		.byte	0x47
 897 0389 9B000000 		.4byte	0x9b
 898 038d 25020000 		.4byte	.LLST1
 899 0391 1D020000 		.4byte	.LVUS1
 900 0395 10       		.uleb128 0x10
 901 0396 F1000000 		.4byte	.LASF30
 902 039a 01       		.byte	0x1
 903 039b 29       		.byte	0x29
 904 039c 5C       		.byte	0x5c
 905 039d B3000000 		.4byte	0xb3
 906 03a1 5D020000 		.4byte	.LLST2
 907 03a5 59020000 		.4byte	.LVUS2
 908 03a9 0C       		.uleb128 0xc
 909 03aa 5D000000 		.4byte	.LASF24
 910 03ae FE030000 		.4byte	0x3fe
 911 03b2 13       		.uleb128 0x13
 912 03b3 10000000 		.4byte	.LVL3
ARM GAS  /tmp/ccCXNjyV.s 			page 17


 913 03b7 32040000 		.4byte	0x432
 914 03bb CA030000 		.4byte	0x3ca
 915 03bf 14       		.uleb128 0x14
 916 03c0 01       		.uleb128 0x1
 917 03c1 50       		.byte	0x50
 918 03c2 01       		.uleb128 0x1
 919 03c3 31       		.byte	0x31
 920 03c4 14       		.uleb128 0x14
 921 03c5 01       		.uleb128 0x1
 922 03c6 51       		.byte	0x51
 923 03c7 01       		.uleb128 0x1
 924 03c8 40       		.byte	0x40
 925 03c9 00       		.byte	0
 926 03ca 13       		.uleb128 0x13
 927 03cb 1E000000 		.4byte	.LVL4
 928 03cf 0F040000 		.4byte	0x40f
 929 03d3 DE030000 		.4byte	0x3de
 930 03d7 14       		.uleb128 0x14
 931 03d8 01       		.uleb128 0x1
 932 03d9 50       		.byte	0x50
 933 03da 02       		.uleb128 0x2
 934 03db 74       		.byte	0x74
 935 03dc 00       		.sleb128 0
 936 03dd 00       		.byte	0
 937 03de 12       		.uleb128 0x12
 938 03df 2C000000 		.4byte	.LVL6
 939 03e3 1B040000 		.4byte	0x41b
 940 03e7 00       		.byte	0
 941 03e8 06       		.uleb128 0x6
 942 03e9 04       		.byte	0x4
 943 03ea 15010000 		.4byte	0x115
 944 03ee 0D       		.uleb128 0xd
 945 03ef AE000000 		.4byte	0xae
 946 03f3 FE030000 		.4byte	0x3fe
 947 03f7 0E       		.uleb128 0xe
 948 03f8 2C000000 		.4byte	0x2c
 949 03fc 11       		.byte	0x11
 950 03fd 00       		.byte	0
 951 03fe 05       		.uleb128 0x5
 952 03ff EE030000 		.4byte	0x3ee
 953 0403 16       		.uleb128 0x16
 954 0404 CD010000 		.4byte	.LASF31
 955 0408 CD010000 		.4byte	.LASF31
 956 040c 05       		.byte	0x5
 957 040d 2E       		.byte	0x2e
 958 040e 06       		.byte	0x6
 959 040f 16       		.uleb128 0x16
 960 0410 D5000000 		.4byte	.LASF32
 961 0414 D5000000 		.4byte	.LASF32
 962 0418 06       		.byte	0x6
 963 0419 22       		.byte	0x22
 964 041a 07       		.byte	0x7
 965 041b 16       		.uleb128 0x16
 966 041c CA000000 		.4byte	.LASF33
 967 0420 CA000000 		.4byte	.LASF33
 968 0424 06       		.byte	0x6
 969 0425 21       		.byte	0x21
ARM GAS  /tmp/ccCXNjyV.s 			page 18


 970 0426 07       		.byte	0x7
 971 0427 17       		.uleb128 0x17
 972 0428 E0010000 		.4byte	.LASF39
 973 042c 88010000 		.4byte	.LASF40
 974 0430 07       		.byte	0x7
 975 0431 00       		.byte	0
 976 0432 16       		.uleb128 0x16
 977 0433 F6020000 		.4byte	.LASF34
 978 0437 F6020000 		.4byte	.LASF34
 979 043b 05       		.byte	0x5
 980 043c 2D       		.byte	0x2d
 981 043d 07       		.byte	0x7
 982 043e 00       		.byte	0
 983              		.section	.debug_abbrev,"",%progbits
 984              	.Ldebug_abbrev0:
 985 0000 01       		.uleb128 0x1
 986 0001 11       		.uleb128 0x11
 987 0002 01       		.byte	0x1
 988 0003 25       		.uleb128 0x25
 989 0004 0E       		.uleb128 0xe
 990 0005 13       		.uleb128 0x13
 991 0006 0B       		.uleb128 0xb
 992 0007 03       		.uleb128 0x3
 993 0008 0E       		.uleb128 0xe
 994 0009 1B       		.uleb128 0x1b
 995 000a 0E       		.uleb128 0xe
 996 000b 55       		.uleb128 0x55
 997 000c 17       		.uleb128 0x17
 998 000d 11       		.uleb128 0x11
 999 000e 01       		.uleb128 0x1
 1000 000f 10       		.uleb128 0x10
 1001 0010 17       		.uleb128 0x17
 1002 0011 00       		.byte	0
 1003 0012 00       		.byte	0
 1004 0013 02       		.uleb128 0x2
 1005 0014 24       		.uleb128 0x24
 1006 0015 00       		.byte	0
 1007 0016 0B       		.uleb128 0xb
 1008 0017 0B       		.uleb128 0xb
 1009 0018 3E       		.uleb128 0x3e
 1010 0019 0B       		.uleb128 0xb
 1011 001a 03       		.uleb128 0x3
 1012 001b 08       		.uleb128 0x8
 1013 001c 00       		.byte	0
 1014 001d 00       		.byte	0
 1015 001e 03       		.uleb128 0x3
 1016 001f 24       		.uleb128 0x24
 1017 0020 00       		.byte	0
 1018 0021 0B       		.uleb128 0xb
 1019 0022 0B       		.uleb128 0xb
 1020 0023 3E       		.uleb128 0x3e
 1021 0024 0B       		.uleb128 0xb
 1022 0025 03       		.uleb128 0x3
 1023 0026 0E       		.uleb128 0xe
 1024 0027 00       		.byte	0
 1025 0028 00       		.byte	0
 1026 0029 04       		.uleb128 0x4
ARM GAS  /tmp/ccCXNjyV.s 			page 19


 1027 002a 16       		.uleb128 0x16
 1028 002b 00       		.byte	0
 1029 002c 03       		.uleb128 0x3
 1030 002d 0E       		.uleb128 0xe
 1031 002e 3A       		.uleb128 0x3a
 1032 002f 0B       		.uleb128 0xb
 1033 0030 3B       		.uleb128 0x3b
 1034 0031 0B       		.uleb128 0xb
 1035 0032 39       		.uleb128 0x39
 1036 0033 0B       		.uleb128 0xb
 1037 0034 49       		.uleb128 0x49
 1038 0035 13       		.uleb128 0x13
 1039 0036 00       		.byte	0
 1040 0037 00       		.byte	0
 1041 0038 05       		.uleb128 0x5
 1042 0039 26       		.uleb128 0x26
 1043 003a 00       		.byte	0
 1044 003b 49       		.uleb128 0x49
 1045 003c 13       		.uleb128 0x13
 1046 003d 00       		.byte	0
 1047 003e 00       		.byte	0
 1048 003f 06       		.uleb128 0x6
 1049 0040 0F       		.uleb128 0xf
 1050 0041 00       		.byte	0
 1051 0042 0B       		.uleb128 0xb
 1052 0043 0B       		.uleb128 0xb
 1053 0044 49       		.uleb128 0x49
 1054 0045 13       		.uleb128 0x13
 1055 0046 00       		.byte	0
 1056 0047 00       		.byte	0
 1057 0048 07       		.uleb128 0x7
 1058 0049 13       		.uleb128 0x13
 1059 004a 01       		.byte	0x1
 1060 004b 03       		.uleb128 0x3
 1061 004c 0E       		.uleb128 0xe
 1062 004d 0B       		.uleb128 0xb
 1063 004e 0B       		.uleb128 0xb
 1064 004f 3A       		.uleb128 0x3a
 1065 0050 0B       		.uleb128 0xb
 1066 0051 3B       		.uleb128 0x3b
 1067 0052 0B       		.uleb128 0xb
 1068 0053 39       		.uleb128 0x39
 1069 0054 0B       		.uleb128 0xb
 1070 0055 01       		.uleb128 0x1
 1071 0056 13       		.uleb128 0x13
 1072 0057 00       		.byte	0
 1073 0058 00       		.byte	0
 1074 0059 08       		.uleb128 0x8
 1075 005a 0D       		.uleb128 0xd
 1076 005b 00       		.byte	0
 1077 005c 03       		.uleb128 0x3
 1078 005d 0E       		.uleb128 0xe
 1079 005e 3A       		.uleb128 0x3a
 1080 005f 0B       		.uleb128 0xb
 1081 0060 3B       		.uleb128 0x3b
 1082 0061 0B       		.uleb128 0xb
 1083 0062 39       		.uleb128 0x39
ARM GAS  /tmp/ccCXNjyV.s 			page 20


 1084 0063 0B       		.uleb128 0xb
 1085 0064 49       		.uleb128 0x49
 1086 0065 13       		.uleb128 0x13
 1087 0066 38       		.uleb128 0x38
 1088 0067 0B       		.uleb128 0xb
 1089 0068 00       		.byte	0
 1090 0069 00       		.byte	0
 1091 006a 09       		.uleb128 0x9
 1092 006b 2E       		.uleb128 0x2e
 1093 006c 01       		.byte	0x1
 1094 006d 3F       		.uleb128 0x3f
 1095 006e 19       		.uleb128 0x19
 1096 006f 03       		.uleb128 0x3
 1097 0070 0E       		.uleb128 0xe
 1098 0071 3A       		.uleb128 0x3a
 1099 0072 0B       		.uleb128 0xb
 1100 0073 3B       		.uleb128 0x3b
 1101 0074 0B       		.uleb128 0xb
 1102 0075 39       		.uleb128 0x39
 1103 0076 0B       		.uleb128 0xb
 1104 0077 27       		.uleb128 0x27
 1105 0078 19       		.uleb128 0x19
 1106 0079 11       		.uleb128 0x11
 1107 007a 01       		.uleb128 0x1
 1108 007b 12       		.uleb128 0x12
 1109 007c 06       		.uleb128 0x6
 1110 007d 40       		.uleb128 0x40
 1111 007e 18       		.uleb128 0x18
 1112 007f 9742     		.uleb128 0x2117
 1113 0081 19       		.uleb128 0x19
 1114 0082 01       		.uleb128 0x1
 1115 0083 13       		.uleb128 0x13
 1116 0084 00       		.byte	0
 1117 0085 00       		.byte	0
 1118 0086 0A       		.uleb128 0xa
 1119 0087 05       		.uleb128 0x5
 1120 0088 00       		.byte	0
 1121 0089 03       		.uleb128 0x3
 1122 008a 0E       		.uleb128 0xe
 1123 008b 3A       		.uleb128 0x3a
 1124 008c 0B       		.uleb128 0xb
 1125 008d 3B       		.uleb128 0x3b
 1126 008e 0B       		.uleb128 0xb
 1127 008f 39       		.uleb128 0x39
 1128 0090 0B       		.uleb128 0xb
 1129 0091 49       		.uleb128 0x49
 1130 0092 13       		.uleb128 0x13
 1131 0093 02       		.uleb128 0x2
 1132 0094 18       		.uleb128 0x18
 1133 0095 00       		.byte	0
 1134 0096 00       		.byte	0
 1135 0097 0B       		.uleb128 0xb
 1136 0098 05       		.uleb128 0x5
 1137 0099 00       		.byte	0
 1138 009a 03       		.uleb128 0x3
 1139 009b 08       		.uleb128 0x8
 1140 009c 3A       		.uleb128 0x3a
ARM GAS  /tmp/ccCXNjyV.s 			page 21


 1141 009d 0B       		.uleb128 0xb
 1142 009e 3B       		.uleb128 0x3b
 1143 009f 0B       		.uleb128 0xb
 1144 00a0 39       		.uleb128 0x39
 1145 00a1 0B       		.uleb128 0xb
 1146 00a2 49       		.uleb128 0x49
 1147 00a3 13       		.uleb128 0x13
 1148 00a4 02       		.uleb128 0x2
 1149 00a5 18       		.uleb128 0x18
 1150 00a6 00       		.byte	0
 1151 00a7 00       		.byte	0
 1152 00a8 0C       		.uleb128 0xc
 1153 00a9 34       		.uleb128 0x34
 1154 00aa 00       		.byte	0
 1155 00ab 03       		.uleb128 0x3
 1156 00ac 0E       		.uleb128 0xe
 1157 00ad 49       		.uleb128 0x49
 1158 00ae 13       		.uleb128 0x13
 1159 00af 34       		.uleb128 0x34
 1160 00b0 19       		.uleb128 0x19
 1161 00b1 00       		.byte	0
 1162 00b2 00       		.byte	0
 1163 00b3 0D       		.uleb128 0xd
 1164 00b4 01       		.uleb128 0x1
 1165 00b5 01       		.byte	0x1
 1166 00b6 49       		.uleb128 0x49
 1167 00b7 13       		.uleb128 0x13
 1168 00b8 01       		.uleb128 0x1
 1169 00b9 13       		.uleb128 0x13
 1170 00ba 00       		.byte	0
 1171 00bb 00       		.byte	0
 1172 00bc 0E       		.uleb128 0xe
 1173 00bd 21       		.uleb128 0x21
 1174 00be 00       		.byte	0
 1175 00bf 49       		.uleb128 0x49
 1176 00c0 13       		.uleb128 0x13
 1177 00c1 2F       		.uleb128 0x2f
 1178 00c2 0B       		.uleb128 0xb
 1179 00c3 00       		.byte	0
 1180 00c4 00       		.byte	0
 1181 00c5 0F       		.uleb128 0xf
 1182 00c6 2E       		.uleb128 0x2e
 1183 00c7 01       		.byte	0x1
 1184 00c8 3F       		.uleb128 0x3f
 1185 00c9 19       		.uleb128 0x19
 1186 00ca 03       		.uleb128 0x3
 1187 00cb 0E       		.uleb128 0xe
 1188 00cc 3A       		.uleb128 0x3a
 1189 00cd 0B       		.uleb128 0xb
 1190 00ce 3B       		.uleb128 0x3b
 1191 00cf 0B       		.uleb128 0xb
 1192 00d0 39       		.uleb128 0x39
 1193 00d1 0B       		.uleb128 0xb
 1194 00d2 27       		.uleb128 0x27
 1195 00d3 19       		.uleb128 0x19
 1196 00d4 49       		.uleb128 0x49
 1197 00d5 13       		.uleb128 0x13
ARM GAS  /tmp/ccCXNjyV.s 			page 22


 1198 00d6 11       		.uleb128 0x11
 1199 00d7 01       		.uleb128 0x1
 1200 00d8 12       		.uleb128 0x12
 1201 00d9 06       		.uleb128 0x6
 1202 00da 40       		.uleb128 0x40
 1203 00db 18       		.uleb128 0x18
 1204 00dc 9742     		.uleb128 0x2117
 1205 00de 19       		.uleb128 0x19
 1206 00df 01       		.uleb128 0x1
 1207 00e0 13       		.uleb128 0x13
 1208 00e1 00       		.byte	0
 1209 00e2 00       		.byte	0
 1210 00e3 10       		.uleb128 0x10
 1211 00e4 05       		.uleb128 0x5
 1212 00e5 00       		.byte	0
 1213 00e6 03       		.uleb128 0x3
 1214 00e7 0E       		.uleb128 0xe
 1215 00e8 3A       		.uleb128 0x3a
 1216 00e9 0B       		.uleb128 0xb
 1217 00ea 3B       		.uleb128 0x3b
 1218 00eb 0B       		.uleb128 0xb
 1219 00ec 39       		.uleb128 0x39
 1220 00ed 0B       		.uleb128 0xb
 1221 00ee 49       		.uleb128 0x49
 1222 00ef 13       		.uleb128 0x13
 1223 00f0 02       		.uleb128 0x2
 1224 00f1 17       		.uleb128 0x17
 1225 00f2 B742     		.uleb128 0x2137
 1226 00f4 17       		.uleb128 0x17
 1227 00f5 00       		.byte	0
 1228 00f6 00       		.byte	0
 1229 00f7 11       		.uleb128 0x11
 1230 00f8 05       		.uleb128 0x5
 1231 00f9 00       		.byte	0
 1232 00fa 03       		.uleb128 0x3
 1233 00fb 08       		.uleb128 0x8
 1234 00fc 3A       		.uleb128 0x3a
 1235 00fd 0B       		.uleb128 0xb
 1236 00fe 3B       		.uleb128 0x3b
 1237 00ff 0B       		.uleb128 0xb
 1238 0100 39       		.uleb128 0x39
 1239 0101 0B       		.uleb128 0xb
 1240 0102 49       		.uleb128 0x49
 1241 0103 13       		.uleb128 0x13
 1242 0104 02       		.uleb128 0x2
 1243 0105 17       		.uleb128 0x17
 1244 0106 B742     		.uleb128 0x2137
 1245 0108 17       		.uleb128 0x17
 1246 0109 00       		.byte	0
 1247 010a 00       		.byte	0
 1248 010b 12       		.uleb128 0x12
 1249 010c 898201   		.uleb128 0x4109
 1250 010f 00       		.byte	0
 1251 0110 11       		.uleb128 0x11
 1252 0111 01       		.uleb128 0x1
 1253 0112 31       		.uleb128 0x31
 1254 0113 13       		.uleb128 0x13
ARM GAS  /tmp/ccCXNjyV.s 			page 23


 1255 0114 00       		.byte	0
 1256 0115 00       		.byte	0
 1257 0116 13       		.uleb128 0x13
 1258 0117 898201   		.uleb128 0x4109
 1259 011a 01       		.byte	0x1
 1260 011b 11       		.uleb128 0x11
 1261 011c 01       		.uleb128 0x1
 1262 011d 31       		.uleb128 0x31
 1263 011e 13       		.uleb128 0x13
 1264 011f 01       		.uleb128 0x1
 1265 0120 13       		.uleb128 0x13
 1266 0121 00       		.byte	0
 1267 0122 00       		.byte	0
 1268 0123 14       		.uleb128 0x14
 1269 0124 8A8201   		.uleb128 0x410a
 1270 0127 00       		.byte	0
 1271 0128 02       		.uleb128 0x2
 1272 0129 18       		.uleb128 0x18
 1273 012a 9142     		.uleb128 0x2111
 1274 012c 18       		.uleb128 0x18
 1275 012d 00       		.byte	0
 1276 012e 00       		.byte	0
 1277 012f 15       		.uleb128 0x15
 1278 0130 898201   		.uleb128 0x4109
 1279 0133 01       		.byte	0x1
 1280 0134 11       		.uleb128 0x11
 1281 0135 01       		.uleb128 0x1
 1282 0136 31       		.uleb128 0x31
 1283 0137 13       		.uleb128 0x13
 1284 0138 00       		.byte	0
 1285 0139 00       		.byte	0
 1286 013a 16       		.uleb128 0x16
 1287 013b 2E       		.uleb128 0x2e
 1288 013c 00       		.byte	0
 1289 013d 3F       		.uleb128 0x3f
 1290 013e 19       		.uleb128 0x19
 1291 013f 3C       		.uleb128 0x3c
 1292 0140 19       		.uleb128 0x19
 1293 0141 6E       		.uleb128 0x6e
 1294 0142 0E       		.uleb128 0xe
 1295 0143 03       		.uleb128 0x3
 1296 0144 0E       		.uleb128 0xe
 1297 0145 3A       		.uleb128 0x3a
 1298 0146 0B       		.uleb128 0xb
 1299 0147 3B       		.uleb128 0x3b
 1300 0148 0B       		.uleb128 0xb
 1301 0149 39       		.uleb128 0x39
 1302 014a 0B       		.uleb128 0xb
 1303 014b 00       		.byte	0
 1304 014c 00       		.byte	0
 1305 014d 17       		.uleb128 0x17
 1306 014e 2E       		.uleb128 0x2e
 1307 014f 00       		.byte	0
 1308 0150 3F       		.uleb128 0x3f
 1309 0151 19       		.uleb128 0x19
 1310 0152 3C       		.uleb128 0x3c
 1311 0153 19       		.uleb128 0x19
ARM GAS  /tmp/ccCXNjyV.s 			page 24


 1312 0154 6E       		.uleb128 0x6e
 1313 0155 0E       		.uleb128 0xe
 1314 0156 03       		.uleb128 0x3
 1315 0157 0E       		.uleb128 0xe
 1316 0158 3A       		.uleb128 0x3a
 1317 0159 0B       		.uleb128 0xb
 1318 015a 3B       		.uleb128 0x3b
 1319 015b 0B       		.uleb128 0xb
 1320 015c 00       		.byte	0
 1321 015d 00       		.byte	0
 1322 015e 00       		.byte	0
 1323              		.section	.debug_loc,"",%progbits
 1324              	.Ldebug_loc0:
 1325              	.LVUS9:
 1326 0000 00       		.uleb128 0
 1327 0001 00       		.uleb128 .LVU107
 1328 0002 00       		.uleb128 .LVU107
 1329 0003 00       		.uleb128 .LVU136
 1330 0004 00       		.uleb128 .LVU136
 1331 0005 00       		.uleb128 .LVU137
 1332 0006 00       		.uleb128 .LVU137
 1333 0007 00       		.uleb128 0
 1334              	.LLST9:
 1335 0008 00000000 		.4byte	.LVL20
 1336 000c 24000000 		.4byte	.LVL21
 1337 0010 0100     		.2byte	0x1
 1338 0012 50       		.byte	0x50
 1339 0013 24000000 		.4byte	.LVL21
 1340 0017 58000000 		.4byte	.LVL28
 1341 001b 0100     		.2byte	0x1
 1342 001d 54       		.byte	0x54
 1343 001e 58000000 		.4byte	.LVL28
 1344 0022 5A000000 		.4byte	.LVL29
 1345 0026 0100     		.2byte	0x1
 1346 0028 50       		.byte	0x50
 1347 0029 5A000000 		.4byte	.LVL29
 1348 002d 5C000000 		.4byte	.LFE337
 1349 0031 0100     		.2byte	0x1
 1350 0033 54       		.byte	0x54
 1351 0034 00000000 		.4byte	0
 1352 0038 00000000 		.4byte	0
 1353              	.LVUS10:
 1354 003c 00       		.uleb128 0
 1355 003d 00       		.uleb128 .LVU108
 1356 003e 00       		.uleb128 .LVU108
 1357 003f 00       		.uleb128 .LVU136
 1358 0040 00       		.uleb128 .LVU136
 1359 0041 00       		.uleb128 0
 1360              	.LLST10:
 1361 0042 00000000 		.4byte	.LVL20
 1362 0046 27000000 		.4byte	.LVL22-1
 1363 004a 0100     		.2byte	0x1
 1364 004c 51       		.byte	0x51
 1365 004d 27000000 		.4byte	.LVL22-1
 1366 0051 58000000 		.4byte	.LVL28
 1367 0055 0100     		.2byte	0x1
 1368 0057 56       		.byte	0x56
ARM GAS  /tmp/ccCXNjyV.s 			page 25


 1369 0058 58000000 		.4byte	.LVL28
 1370 005c 5C000000 		.4byte	.LFE337
 1371 0060 0100     		.2byte	0x1
 1372 0062 51       		.byte	0x51
 1373 0063 00000000 		.4byte	0
 1374 0067 00000000 		.4byte	0
 1375              	.LVUS11:
 1376 006b 00       		.uleb128 0
 1377 006c 00       		.uleb128 .LVU108
 1378 006d 00       		.uleb128 .LVU108
 1379 006e 00       		.uleb128 .LVU112
 1380 006f 00       		.uleb128 .LVU112
 1381 0070 00       		.uleb128 .LVU113
 1382 0071 00       		.uleb128 .LVU113
 1383 0072 00       		.uleb128 .LVU120
 1384 0073 00       		.uleb128 .LVU120
 1385 0074 00       		.uleb128 .LVU121
 1386 0075 00       		.uleb128 .LVU121
 1387 0076 00       		.uleb128 .LVU136
 1388 0077 00       		.uleb128 .LVU136
 1389 0078 00       		.uleb128 0
 1390              	.LLST11:
 1391 0079 00000000 		.4byte	.LVL20
 1392 007d 27000000 		.4byte	.LVL22-1
 1393 0081 0100     		.2byte	0x1
 1394 0083 52       		.byte	0x52
 1395 0084 27000000 		.4byte	.LVL22-1
 1396 0088 2E000000 		.4byte	.LVL23
 1397 008c 0100     		.2byte	0x1
 1398 008e 55       		.byte	0x55
 1399 008f 2E000000 		.4byte	.LVL23
 1400 0093 31000000 		.4byte	.LVL24-1
 1401 0097 0100     		.2byte	0x1
 1402 0099 50       		.byte	0x50
 1403 009a 31000000 		.4byte	.LVL24-1
 1404 009e 3A000000 		.4byte	.LVL25
 1405 00a2 0100     		.2byte	0x1
 1406 00a4 55       		.byte	0x55
 1407 00a5 3A000000 		.4byte	.LVL25
 1408 00a9 3D000000 		.4byte	.LVL26-1
 1409 00ad 0100     		.2byte	0x1
 1410 00af 50       		.byte	0x50
 1411 00b0 3D000000 		.4byte	.LVL26-1
 1412 00b4 58000000 		.4byte	.LVL28
 1413 00b8 0100     		.2byte	0x1
 1414 00ba 55       		.byte	0x55
 1415 00bb 58000000 		.4byte	.LVL28
 1416 00bf 5C000000 		.4byte	.LFE337
 1417 00c3 0100     		.2byte	0x1
 1418 00c5 52       		.byte	0x52
 1419 00c6 00000000 		.4byte	0
 1420 00ca 00000000 		.4byte	0
 1421              	.LVUS6:
 1422 00ce 00       		.uleb128 0
 1423 00cf 00       		.uleb128 .LVU79
 1424 00d0 00       		.uleb128 .LVU79
 1425 00d1 00       		.uleb128 0
ARM GAS  /tmp/ccCXNjyV.s 			page 26


 1426              	.LLST6:
 1427 00d2 00000000 		.4byte	.LVL17
 1428 00d6 08000000 		.4byte	.LVL18
 1429 00da 0100     		.2byte	0x1
 1430 00dc 50       		.byte	0x50
 1431 00dd 08000000 		.4byte	.LVL18
 1432 00e1 1A000000 		.4byte	.LFE336
 1433 00e5 0100     		.2byte	0x1
 1434 00e7 54       		.byte	0x54
 1435 00e8 00000000 		.4byte	0
 1436 00ec 00000000 		.4byte	0
 1437              	.LVUS7:
 1438 00f0 00       		.uleb128 0
 1439 00f1 00       		.uleb128 .LVU87
 1440 00f2 00       		.uleb128 .LVU87
 1441 00f3 00       		.uleb128 0
 1442              	.LLST7:
 1443 00f4 00000000 		.4byte	.LVL17
 1444 00f8 13000000 		.4byte	.LVL19-1
 1445 00fc 0100     		.2byte	0x1
 1446 00fe 51       		.byte	0x51
 1447 00ff 13000000 		.4byte	.LVL19-1
 1448 0103 1A000000 		.4byte	.LFE336
 1449 0107 0400     		.2byte	0x4
 1450 0109 F3       		.byte	0xf3
 1451 010a 01       		.uleb128 0x1
 1452 010b 51       		.byte	0x51
 1453 010c 9F       		.byte	0x9f
 1454 010d 00000000 		.4byte	0
 1455 0111 00000000 		.4byte	0
 1456              	.LVUS8:
 1457 0115 00       		.uleb128 0
 1458 0116 00       		.uleb128 .LVU87
 1459 0117 00       		.uleb128 .LVU87
 1460 0118 00       		.uleb128 0
 1461              	.LLST8:
 1462 0119 00000000 		.4byte	.LVL17
 1463 011d 13000000 		.4byte	.LVL19-1
 1464 0121 0100     		.2byte	0x1
 1465 0123 52       		.byte	0x52
 1466 0124 13000000 		.4byte	.LVL19-1
 1467 0128 1A000000 		.4byte	.LFE336
 1468 012c 0400     		.2byte	0x4
 1469 012e F3       		.byte	0xf3
 1470 012f 01       		.uleb128 0x1
 1471 0130 52       		.byte	0x52
 1472 0131 9F       		.byte	0x9f
 1473 0132 00000000 		.4byte	0
 1474 0136 00000000 		.4byte	0
 1475              	.LVUS3:
 1476 013a 00       		.uleb128 0
 1477 013b 00       		.uleb128 .LVU47
 1478 013c 00       		.uleb128 .LVU47
 1479 013d 00       		.uleb128 .LVU72
 1480 013e 00       		.uleb128 .LVU72
 1481 013f 00       		.uleb128 .LVU73
 1482 0140 00       		.uleb128 .LVU73
ARM GAS  /tmp/ccCXNjyV.s 			page 27


 1483 0141 00       		.uleb128 0
 1484              	.LLST3:
 1485 0142 00000000 		.4byte	.LVL7
 1486 0146 26000000 		.4byte	.LVL9
 1487 014a 0100     		.2byte	0x1
 1488 014c 50       		.byte	0x50
 1489 014d 26000000 		.4byte	.LVL9
 1490 0151 4E000000 		.4byte	.LVL15
 1491 0155 0100     		.2byte	0x1
 1492 0157 54       		.byte	0x54
 1493 0158 4E000000 		.4byte	.LVL15
 1494 015c 50000000 		.4byte	.LVL16
 1495 0160 0100     		.2byte	0x1
 1496 0162 50       		.byte	0x50
 1497 0163 50000000 		.4byte	.LVL16
 1498 0167 52000000 		.4byte	.LFE335
 1499 016b 0100     		.2byte	0x1
 1500 016d 54       		.byte	0x54
 1501 016e 00000000 		.4byte	0
 1502 0172 00000000 		.4byte	0
 1503              	.LVUS4:
 1504 0176 00       		.uleb128 0
 1505 0177 00       		.uleb128 .LVU48
 1506 0178 00       		.uleb128 .LVU48
 1507 0179 00       		.uleb128 .LVU72
 1508 017a 00       		.uleb128 .LVU72
 1509 017b 00       		.uleb128 0
 1510              	.LLST4:
 1511 017c 00000000 		.4byte	.LVL7
 1512 0180 29000000 		.4byte	.LVL10-1
 1513 0184 0100     		.2byte	0x1
 1514 0186 51       		.byte	0x51
 1515 0187 29000000 		.4byte	.LVL10-1
 1516 018b 4E000000 		.4byte	.LVL15
 1517 018f 0100     		.2byte	0x1
 1518 0191 56       		.byte	0x56
 1519 0192 4E000000 		.4byte	.LVL15
 1520 0196 52000000 		.4byte	.LFE335
 1521 019a 0100     		.2byte	0x1
 1522 019c 51       		.byte	0x51
 1523 019d 00000000 		.4byte	0
 1524 01a1 00000000 		.4byte	0
 1525              	.LVUS5:
 1526 01a5 00       		.uleb128 0
 1527 01a6 00       		.uleb128 .LVU34
 1528 01a7 00       		.uleb128 .LVU34
 1529 01a8 00       		.uleb128 .LVU52
 1530 01a9 00       		.uleb128 .LVU52
 1531 01aa 00       		.uleb128 .LVU53
 1532 01ab 00       		.uleb128 .LVU53
 1533 01ac 00       		.uleb128 .LVU60
 1534 01ad 00       		.uleb128 .LVU60
 1535 01ae 00       		.uleb128 .LVU61
 1536 01af 00       		.uleb128 .LVU61
 1537 01b0 00       		.uleb128 0
 1538              	.LLST5:
 1539 01b1 00000000 		.4byte	.LVL7
ARM GAS  /tmp/ccCXNjyV.s 			page 28


 1540 01b5 0C000000 		.4byte	.LVL8
 1541 01b9 0100     		.2byte	0x1
 1542 01bb 52       		.byte	0x52
 1543 01bc 0C000000 		.4byte	.LVL8
 1544 01c0 30000000 		.4byte	.LVL11
 1545 01c4 0100     		.2byte	0x1
 1546 01c6 55       		.byte	0x55
 1547 01c7 30000000 		.4byte	.LVL11
 1548 01cb 33000000 		.4byte	.LVL12-1
 1549 01cf 0100     		.2byte	0x1
 1550 01d1 50       		.byte	0x50
 1551 01d2 33000000 		.4byte	.LVL12-1
 1552 01d6 3C000000 		.4byte	.LVL13
 1553 01da 0100     		.2byte	0x1
 1554 01dc 55       		.byte	0x55
 1555 01dd 3C000000 		.4byte	.LVL13
 1556 01e1 3F000000 		.4byte	.LVL14-1
 1557 01e5 0100     		.2byte	0x1
 1558 01e7 50       		.byte	0x50
 1559 01e8 3F000000 		.4byte	.LVL14-1
 1560 01ec 52000000 		.4byte	.LFE335
 1561 01f0 0100     		.2byte	0x1
 1562 01f2 55       		.byte	0x55
 1563 01f3 00000000 		.4byte	0
 1564 01f7 00000000 		.4byte	0
 1565              	.LVUS0:
 1566 01fb 00       		.uleb128 0
 1567 01fc 00       		.uleb128 .LVU5
 1568 01fd 00       		.uleb128 .LVU5
 1569 01fe 00       		.uleb128 0
 1570              	.LLST0:
 1571 01ff 00000000 		.4byte	.LVL0
 1572 0203 0A000000 		.4byte	.LVL1
 1573 0207 0100     		.2byte	0x1
 1574 0209 50       		.byte	0x50
 1575 020a 0A000000 		.4byte	.LVL1
 1576 020e 2E000000 		.4byte	.LFE334
 1577 0212 0100     		.2byte	0x1
 1578 0214 55       		.byte	0x55
 1579 0215 00000000 		.4byte	0
 1580 0219 00000000 		.4byte	0
 1581              	.LVUS1:
 1582 021d 00       		.uleb128 0
 1583 021e 00       		.uleb128 .LVU6
 1584 021f 00       		.uleb128 .LVU6
 1585 0220 00       		.uleb128 .LVU26
 1586 0221 00       		.uleb128 .LVU26
 1587 0222 00       		.uleb128 .LVU27
 1588 0223 00       		.uleb128 .LVU27
 1589 0224 00       		.uleb128 0
 1590              	.LLST1:
 1591 0225 00000000 		.4byte	.LVL0
 1592 0229 0C000000 		.4byte	.LVL2
 1593 022d 0100     		.2byte	0x1
 1594 022f 51       		.byte	0x51
 1595 0230 0C000000 		.4byte	.LVL2
 1596 0234 28000000 		.4byte	.LVL5
ARM GAS  /tmp/ccCXNjyV.s 			page 29


 1597 0238 0100     		.2byte	0x1
 1598 023a 54       		.byte	0x54
 1599 023b 28000000 		.4byte	.LVL5
 1600 023f 2B000000 		.4byte	.LVL6-1
 1601 0243 0100     		.2byte	0x1
 1602 0245 50       		.byte	0x50
 1603 0246 2B000000 		.4byte	.LVL6-1
 1604 024a 2E000000 		.4byte	.LFE334
 1605 024e 0100     		.2byte	0x1
 1606 0250 54       		.byte	0x54
 1607 0251 00000000 		.4byte	0
 1608 0255 00000000 		.4byte	0
 1609              	.LVUS2:
 1610 0259 00       		.uleb128 0
 1611 025a 00       		.uleb128 .LVU7
 1612 025b 00       		.uleb128 .LVU7
 1613 025c 00       		.uleb128 0
 1614              	.LLST2:
 1615 025d 00000000 		.4byte	.LVL0
 1616 0261 0F000000 		.4byte	.LVL3-1
 1617 0265 0100     		.2byte	0x1
 1618 0267 52       		.byte	0x52
 1619 0268 0F000000 		.4byte	.LVL3-1
 1620 026c 2E000000 		.4byte	.LFE334
 1621 0270 0400     		.2byte	0x4
 1622 0272 F3       		.byte	0xf3
 1623 0273 01       		.uleb128 0x1
 1624 0274 52       		.byte	0x52
 1625 0275 9F       		.byte	0x9f
 1626 0276 00000000 		.4byte	0
 1627 027a 00000000 		.4byte	0
 1628              		.section	.debug_aranges,"",%progbits
 1629 0000 44000000 		.4byte	0x44
 1630 0004 0200     		.2byte	0x2
 1631 0006 00000000 		.4byte	.Ldebug_info0
 1632 000a 04       		.byte	0x4
 1633 000b 00       		.byte	0
 1634 000c 0000     		.2byte	0
 1635 000e 0000     		.2byte	0
 1636 0010 00000000 		.4byte	.LFB334
 1637 0014 2E000000 		.4byte	.LFE334-.LFB334
 1638 0018 00000000 		.4byte	.LFB335
 1639 001c 52000000 		.4byte	.LFE335-.LFB335
 1640 0020 00000000 		.4byte	.LFB336
 1641 0024 1A000000 		.4byte	.LFE336-.LFB336
 1642 0028 00000000 		.4byte	.LFB337
 1643 002c 5C000000 		.4byte	.LFE337-.LFB337
 1644 0030 00000000 		.4byte	.LFB338
 1645 0034 0E000000 		.4byte	.LFE338-.LFB338
 1646 0038 00000000 		.4byte	.LFB339
 1647 003c 08000000 		.4byte	.LFE339-.LFB339
 1648 0040 00000000 		.4byte	0
 1649 0044 00000000 		.4byte	0
 1650              		.section	.debug_ranges,"",%progbits
 1651              	.Ldebug_ranges0:
 1652 0000 00000000 		.4byte	.LFB334
 1653 0004 2E000000 		.4byte	.LFE334
ARM GAS  /tmp/ccCXNjyV.s 			page 30


 1654 0008 00000000 		.4byte	.LFB335
 1655 000c 52000000 		.4byte	.LFE335
 1656 0010 00000000 		.4byte	.LFB336
 1657 0014 1A000000 		.4byte	.LFE336
 1658 0018 00000000 		.4byte	.LFB337
 1659 001c 5C000000 		.4byte	.LFE337
 1660 0020 00000000 		.4byte	.LFB338
 1661 0024 0E000000 		.4byte	.LFE338
 1662 0028 00000000 		.4byte	.LFB339
 1663 002c 08000000 		.4byte	.LFE339
 1664 0030 00000000 		.4byte	0
 1665 0034 00000000 		.4byte	0
 1666              		.section	.debug_line,"",%progbits
 1667              	.Ldebug_line0:
 1668 0000 43040000 		.section	.debug_str,"MS",%progbits,1
 1668      03003501 
 1668      00000201 
 1668      FB0E0D00 
 1668      01010101 
 1669              	.LASF8:
 1670 0000 5F5F7569 		.ascii	"__uint8_t\000"
 1670      6E74385F 
 1670      7400
 1671              	.LASF28:
 1672 000a 626F756E 		.ascii	"bouncebuffer_init\000"
 1672      63656275 
 1672      66666572 
 1672      5F696E69 
 1672      7400
 1673              	.LASF26:
 1674 001c 626F756E 		.ascii	"bouncebuffer_setup_write\000"
 1674      63656275 
 1674      66666572 
 1674      5F736574 
 1674      75705F77 
 1675              	.LASF5:
 1676 0035 73686F72 		.ascii	"short int\000"
 1676      7420696E 
 1676      7400
 1677              	.LASF19:
 1678 003f 62757379 		.ascii	"busy\000"
 1678      00
 1679              	.LASF25:
 1680 0044 626F756E 		.ascii	"bouncebuffer_finish_read\000"
 1680      63656275 
 1680      66666572 
 1680      5F66696E 
 1680      6973685F 
 1681              	.LASF24:
 1682 005d 5F5F6675 		.ascii	"__func__\000"
 1682      6E635F5F 
 1682      00
 1683              	.LASF11:
 1684 0066 6C6F6E67 		.ascii	"long long unsigned int\000"
 1684      206C6F6E 
 1684      6720756E 
 1684      7369676E 
ARM GAS  /tmp/ccCXNjyV.s 			page 31


 1684      65642069 
 1685              	.LASF22:
 1686 007d 626F756E 		.ascii	"bouncebuffer_finish_write\000"
 1686      63656275 
 1686      66666572 
 1686      5F66696E 
 1686      6973685F 
 1687              	.LASF4:
 1688 0097 756E7369 		.ascii	"unsigned char\000"
 1688      676E6564 
 1688      20636861 
 1688      7200
 1689              	.LASF10:
 1690 00a5 6C6F6E67 		.ascii	"long unsigned int\000"
 1690      20756E73 
 1690      69676E65 
 1690      6420696E 
 1690      7400
 1691              	.LASF6:
 1692 00b7 73686F72 		.ascii	"short unsigned int\000"
 1692      7420756E 
 1692      7369676E 
 1692      65642069 
 1692      6E7400
 1693              	.LASF33:
 1694 00ca 6D616C6C 		.ascii	"malloc_dma\000"
 1694      6F635F64 
 1694      6D6100
 1695              	.LASF32:
 1696 00d5 6D616C6C 		.ascii	"malloc_sdcard_dma\000"
 1696      6F635F73 
 1696      64636172 
 1696      645F646D 
 1696      6100
 1697              	.LASF20:
 1698 00e7 69735F73 		.ascii	"is_sdcard\000"
 1698      64636172 
 1698      6400
 1699              	.LASF30:
 1700 00f1 73646361 		.ascii	"sdcard\000"
 1700      726400
 1701              	.LASF9:
 1702 00f8 5F5F7569 		.ascii	"__uint32_t\000"
 1702      6E743332 
 1702      5F7400
 1703              	.LASF27:
 1704 0103 626F756E 		.ascii	"bouncebuffer_setup_read\000"
 1704      63656275 
 1704      66666572 
 1704      5F736574 
 1704      75705F72 
 1705              	.LASF17:
 1706 011b 6F726967 		.ascii	"orig_buf\000"
 1706      5F627566 
 1706      00
 1707              	.LASF0:
 1708 0124 756E7369 		.ascii	"unsigned int\000"
ARM GAS  /tmp/ccCXNjyV.s 			page 32


 1708      676E6564 
 1708      20696E74 
 1708      00
 1709              	.LASF38:
 1710 0131 626F756E 		.ascii	"bouncebuffer_t\000"
 1710      63656275 
 1710      66666572 
 1710      5F7400
 1711              	.LASF14:
 1712 0140 63686172 		.ascii	"char\000"
 1712      00
 1713              	.LASF12:
 1714 0145 75696E74 		.ascii	"uint8_t\000"
 1714      385F7400 
 1715              	.LASF36:
 1716 014d 2E2E2F2E 		.ascii	"../../libraries/AP_HAL_ChibiOS/hwdef/common/bounceb"
 1716      2E2F6C69 
 1716      62726172 
 1716      6965732F 
 1716      41505F48 
 1717 0180 75666665 		.ascii	"uffer.c\000"
 1717      722E6300 
 1718              	.LASF40:
 1719 0188 5F5F6275 		.ascii	"__builtin_memcpy\000"
 1719      696C7469 
 1719      6E5F6D65 
 1719      6D637079 
 1719      00
 1720              	.LASF37:
 1721 0199 2F686F6D 		.ascii	"/home/mahathi/mathur407_payload2/4.0.7/build/CUAVv5"
 1721      652F6D61 
 1721      68617468 
 1721      692F6D61 
 1721      74687572 
 1722 01cc 00       		.ascii	"\000"
 1723              	.LASF31:
 1724 01cd 66726565 		.ascii	"free\000"
 1724      00
 1725              	.LASF1:
 1726 01d2 6C6F6E67 		.ascii	"long long int\000"
 1726      206C6F6E 
 1726      6720696E 
 1726      7400
 1727              	.LASF39:
 1728 01e0 6D656D63 		.ascii	"memcpy\000"
 1728      707900
 1729              	.LASF23:
 1730 01e7 626F756E 		.ascii	"bouncebuffer\000"
 1730      63656275 
 1730      66666572 
 1730      00
 1731              	.LASF35:
 1732 01f4 474E5520 		.ascii	"GNU C17 10.2.1 20201103 (release) -mcpu=cortex-m7 -"
 1732      43313720 
 1732      31302E32 
 1732      2E312032 
 1732      30323031 
ARM GAS  /tmp/ccCXNjyV.s 			page 33


 1733 0227 6D666C6F 		.ascii	"mfloat-abi=hard -mfpu=fpv4-sp-d16 -mno-thumb-interw"
 1733      61742D61 
 1733      62693D68 
 1733      61726420 
 1733      2D6D6670 
 1734 025a 6F726B20 		.ascii	"ork -mthumb -march=armv7e-m+fp -g -Os -fomit-frame-"
 1734      2D6D7468 
 1734      756D6220 
 1734      2D6D6172 
 1734      63683D61 
 1735 028d 706F696E 		.ascii	"pointer -falign-functions=16 -ffunction-sections -f"
 1735      74657220 
 1735      2D66616C 
 1735      69676E2D 
 1735      66756E63 
 1736 02c0 64617461 		.ascii	"data-sections -fno-common -fsingle-precision-consta"
 1736      2D736563 
 1736      74696F6E 
 1736      73202D66 
 1736      6E6F2D63 
 1737 02f3 6E7400   		.ascii	"nt\000"
 1738              	.LASF34:
 1739 02f6 63616C6C 		.ascii	"calloc\000"
 1739      6F6300
 1740              	.LASF16:
 1741 02fd 646D615F 		.ascii	"dma_buf\000"
 1741      62756600 
 1742              	.LASF21:
 1743 0305 626F756E 		.ascii	"bouncebuffer_abort\000"
 1743      63656275 
 1743      66666572 
 1743      5F61626F 
 1743      727400
 1744              	.LASF29:
 1745 0318 70726561 		.ascii	"prealloc_bytes\000"
 1745      6C6C6F63 
 1745      5F627974 
 1745      657300
 1746              	.LASF13:
 1747 0327 75696E74 		.ascii	"uint32_t\000"
 1747      33325F74 
 1747      00
 1748              	.LASF7:
 1749 0330 6C6F6E67 		.ascii	"long int\000"
 1749      20696E74 
 1749      00
 1750              	.LASF2:
 1751 0339 6C6F6E67 		.ascii	"long double\000"
 1751      20646F75 
 1751      626C6500 
 1752              	.LASF3:
 1753 0345 7369676E 		.ascii	"signed char\000"
 1753      65642063 
 1753      68617200 
 1754              	.LASF18:
 1755 0351 73697A65 		.ascii	"size\000"
 1755      00
ARM GAS  /tmp/ccCXNjyV.s 			page 34


 1756              	.LASF15:
 1757 0356 5F426F6F 		.ascii	"_Bool\000"
 1757      6C00
 1758              		.ident	"GCC: (GNU Arm Embedded Toolchain 10-2020-q4-major) 10.2.1 20201103 (release)"
ARM GAS  /tmp/ccCXNjyV.s 			page 35


DEFINED SYMBOLS
                            *ABS*:0000000000000000 bouncebuffer.c
     /tmp/ccCXNjyV.s:18     .text.bouncebuffer_init:0000000000000000 $t
     /tmp/ccCXNjyV.s:26     .text.bouncebuffer_init:0000000000000000 bouncebuffer_init
     /tmp/ccCXNjyV.s:99     .text.bouncebuffer_setup_read:0000000000000000 $t
     /tmp/ccCXNjyV.s:106    .text.bouncebuffer_setup_read:0000000000000000 bouncebuffer_setup_read
     /tmp/ccCXNjyV.s:218    .text.bouncebuffer_finish_read:0000000000000000 $t
     /tmp/ccCXNjyV.s:225    .text.bouncebuffer_finish_read:0000000000000000 bouncebuffer_finish_read
     /tmp/ccCXNjyV.s:271    .text.bouncebuffer_setup_write:0000000000000000 $t
     /tmp/ccCXNjyV.s:278    .text.bouncebuffer_setup_write:0000000000000000 bouncebuffer_setup_write
     /tmp/ccCXNjyV.s:396    .text.bouncebuffer_finish_write:0000000000000000 $t
     /tmp/ccCXNjyV.s:403    .text.bouncebuffer_finish_write:0000000000000000 bouncebuffer_finish_write
     /tmp/ccCXNjyV.s:432    .text.bouncebuffer_abort:0000000000000000 $t
     /tmp/ccCXNjyV.s:439    .text.bouncebuffer_abort:0000000000000000 bouncebuffer_abort

UNDEFINED SYMBOLS
calloc
malloc_sdcard_dma
malloc_dma
free
memcpy
