ARM GAS  /tmp/ccBURlol.s 			page 1


   1              		.cpu cortex-m7
   2              		.eabi_attribute 27, 1
   3              		.eabi_attribute 28, 1
   4              		.eabi_attribute 20, 1
   5              		.eabi_attribute 21, 1
   6              		.eabi_attribute 23, 3
   7              		.eabi_attribute 24, 1
   8              		.eabi_attribute 25, 1
   9              		.eabi_attribute 26, 1
  10              		.eabi_attribute 30, 4
  11              		.eabi_attribute 34, 1
  12              		.eabi_attribute 18, 4
  13              		.file	"chcore_v7m.c"
  14              		.text
  15              	.Ltext0:
  16              		.cfi_sections	.debug_frame
  17              		.section	.text.SVC_Handler,"ax",%progbits
  18              		.align	1
  19              		.global	SVC_Handler
  20              		.arch armv7e-m
  21              		.syntax unified
  22              		.thumb
  23              		.thumb_func
  24              		.fpu fpv4-sp-d16
  25              		.type	SVC_Handler, %function
  26              	SVC_Handler:
  27              	.LFB301:
  28              		.file 1 "../../modules/ChibiOS/os/common/ports/ARMCMx/chcore_v7m.c"
  29              		.loc 1 62 24 view -0
  30              		.cfi_startproc
  31              		@ args = 0, pretend = 0, frame = 0
  32              		@ frame_needed = 0, uses_anonymous_args = 0
  33              		@ link register save eliminated.
  34              		.loc 1 64 3 view .LVU1
  35              		.loc 1 68 3 view .LVU2
  36              		.loc 1 68 14 is_stmt 0 view .LVU3
  37 0000 064A     		ldr	r2, .L2
  38 0002 536B     		ldr	r3, [r2, #52]
  39 0004 23F00103 		bic	r3, r3, #1
  40 0008 5363     		str	r3, [r2, #52]
  41              		.loc 1 72 3 is_stmt 1 view .LVU4
  42              	.LBB51:
  43              	.LBI51:
  44              		.file 2 "../../modules/ChibiOS/os/common/ext/ARM/CMSIS/Core/Include/cmsis_gcc.h"
  45              		.loc 2 247 31 view .LVU5
  46              	.LBB52:
  47              		.loc 2 249 3 view .LVU6
  48              		.loc 2 251 3 view .LVU7
  49              		.syntax unified
  50              	@ 251 "../../modules/ChibiOS/os/common/ext/ARM/CMSIS/Core/Include/cmsis_gcc.h" 1
  51 000a EFF30983 		MRS r3, psp
  52              	@ 0 "" 2
  53              	.LVL0:
  54              		.loc 2 252 3 view .LVU8
  55              		.loc 2 252 3 is_stmt 0 view .LVU9
  56              		.thumb
  57              		.syntax unified
ARM GAS  /tmp/ccBURlol.s 			page 2


  58              	.LBE52:
  59              	.LBE51:
  60              		.loc 1 76 3 is_stmt 1 view .LVU10
  61              		.loc 1 79 3 view .LVU11
  62              	.LBB53:
  63              	.LBI53:
  64              		.loc 2 277 27 view .LVU12
  65              	.LBB54:
  66              		.loc 2 279 3 view .LVU13
  67              	.LBE54:
  68              	.LBE53:
  69              		.loc 1 76 7 is_stmt 0 view .LVU14
  70 000e 6833     		adds	r3, r3, #104
  71              	.LVL1:
  72              	.LBB56:
  73              	.LBB55:
  74              		.loc 2 279 3 view .LVU15
  75              		.syntax unified
  76              	@ 279 "../../modules/ChibiOS/os/common/ext/ARM/CMSIS/Core/Include/cmsis_gcc.h" 1
  77 0010 83F30988 		MSR psp, r3
  78              	@ 0 "" 2
  79              	.LVL2:
  80              		.loc 2 279 3 view .LVU16
  81              		.thumb
  82              		.syntax unified
  83              	.LBE55:
  84              	.LBE56:
  85              		.loc 1 82 3 is_stmt 1 view .LVU17
  86              	.LBB57:
  87              	.LBI57:
  88              		.file 3 "../../modules/ChibiOS/os/common/ports/ARMCMx/chcore_v7m.h"
  89              		.loc 3 652 20 view .LVU18
  90              	.LBE57:
  91              		.loc 3 654 3 view .LVU19
  92              	.LBB62:
  93              	.LBB58:
  94              	.LBI58:
  95              		.loc 3 626 20 view .LVU20
  96              	.LBE58:
  97              	.LBE62:
  98              		.loc 3 629 3 view .LVU21
  99              	.LBB63:
 100              	.LBB61:
 101              	.LBB59:
 102              	.LBI59:
 103              		.loc 2 491 27 view .LVU22
 104              	.LBB60:
 105              		.loc 2 493 3 view .LVU23
 106 0014 0023     		movs	r3, #0
 107              	.LVL3:
 108              		.loc 2 493 3 is_stmt 0 view .LVU24
 109              		.syntax unified
 110              	@ 493 "../../modules/ChibiOS/os/common/ext/ARM/CMSIS/Core/Include/cmsis_gcc.h" 1
 111 0016 83F31188 		MSR basepri, r3
 112              	@ 0 "" 2
 113              	.LVL4:
 114              		.loc 2 493 3 view .LVU25
ARM GAS  /tmp/ccBURlol.s 			page 3


 115              		.thumb
 116              		.syntax unified
 117              	.LBE60:
 118              	.LBE59:
 119              	.LBE61:
 120              	.LBE63:
 121              		.loc 1 83 1 view .LVU26
 122 001a 7047     		bx	lr
 123              	.L3:
 124              		.align	2
 125              	.L2:
 126 001c 00EF00E0 		.word	-536809728
 127              		.cfi_endproc
 128              	.LFE301:
 129              		.size	SVC_Handler, .-SVC_Handler
 130              		.section	.text._port_irq_epilogue,"ax",%progbits
 131              		.align	1
 132              		.global	_port_irq_epilogue
 133              		.syntax unified
 134              		.thumb
 135              		.thumb_func
 136              		.fpu fpv4-sp-d16
 137              		.type	_port_irq_epilogue, %function
 138              	_port_irq_epilogue:
 139              	.LFB302:
 140              		.loc 1 122 31 is_stmt 1 view -0
 141              		.cfi_startproc
 142              		@ args = 0, pretend = 0, frame = 0
 143              		@ frame_needed = 0, uses_anonymous_args = 0
 144              		.loc 1 124 3 view .LVU28
 145              	.LBB64:
 146              	.LBI64:
 147              		.loc 3 641 20 view .LVU29
 148              	.LBE64:
 149              		.loc 3 643 3 view .LVU30
 150              	.LBB72:
 151              	.LBB65:
 152              	.LBI65:
 153              		.loc 3 602 20 view .LVU31
 154              	.LBE65:
 155              	.LBE72:
 156              		.loc 3 610 3 view .LVU32
 157              	.LVL5:
 158              	.LBB73:
 159              	.LBB70:
 160              	.LBB66:
 161              	.LBI66:
 162              		.loc 2 491 27 view .LVU33
 163              	.LBB67:
 164              		.loc 2 493 3 view .LVU34
 165 0000 2023     		movs	r3, #32
 166              	.LBE67:
 167              	.LBE66:
 168              	.LBE70:
 169              	.LBE73:
 170              		.loc 1 122 31 is_stmt 0 view .LVU35
 171 0002 10B5     		push	{r4, lr}
ARM GAS  /tmp/ccBURlol.s 			page 4


 172              		.cfi_def_cfa_offset 8
 173              		.cfi_offset 4, -8
 174              		.cfi_offset 14, -4
 175              	.LBB74:
 176              	.LBB71:
 177              	.LBB69:
 178              	.LBB68:
 179              		.loc 2 493 3 view .LVU36
 180              		.syntax unified
 181              	@ 493 "../../modules/ChibiOS/os/common/ext/ARM/CMSIS/Core/Include/cmsis_gcc.h" 1
 182 0004 83F31188 		MSR basepri, r3
 183              	@ 0 "" 2
 184              	.LVL6:
 185              		.loc 2 493 3 view .LVU37
 186              		.thumb
 187              		.syntax unified
 188              	.LBE68:
 189              	.LBE69:
 190              	.LBE71:
 191              	.LBE74:
 192              		.loc 1 125 3 is_stmt 1 view .LVU38
 193              		.loc 1 125 11 is_stmt 0 view .LVU39
 194 0008 104B     		ldr	r3, .L9
 195 000a 5B68     		ldr	r3, [r3, #4]
 196              		.loc 1 125 6 view .LVU40
 197 000c 13F40063 		ands	r3, r3, #2048
 198 0010 18D0     		beq	.L5
 199              	.LBB75:
 200              		.loc 1 126 5 is_stmt 1 view .LVU41
 201              		.loc 1 130 7 view .LVU42
 202              	.LBB76:
 203              	.LBI76:
 204              		.loc 2 766 31 view .LVU43
 205              	.LBB77:
 206              		.loc 2 774 3 view .LVU44
 207              		.loc 2 774 10 is_stmt 0 view .LVU45
 208 0012 F1EE103A 		mrc	p10, 7, r3, cr1, cr0, 0	 @GET_FPSCR
 209              	.LBE77:
 210              	.LBE76:
 211              		.loc 1 134 5 is_stmt 1 view .LVU46
 212              	.LBB78:
 213              	.LBI78:
 214              		.loc 2 247 31 view .LVU47
 215              	.LBB79:
 216              		.loc 2 249 3 view .LVU48
 217              		.loc 2 251 3 view .LVU49
 218              		.syntax unified
 219              	@ 251 "../../modules/ChibiOS/os/common/ext/ARM/CMSIS/Core/Include/cmsis_gcc.h" 1
 220 0016 EFF30984 		MRS r4, psp
 221              	@ 0 "" 2
 222              	.LVL7:
 223              		.loc 2 252 3 view .LVU50
 224              		.loc 2 252 3 is_stmt 0 view .LVU51
 225              		.thumb
 226              		.syntax unified
 227              	.LBE79:
 228              	.LBE78:
ARM GAS  /tmp/ccBURlol.s 			page 5


 229              		.loc 1 138 5 is_stmt 1 view .LVU52
 230              		.loc 1 141 5 view .LVU53
 231              		.loc 1 141 16 is_stmt 0 view .LVU54
 232 001a 4FF08073 		mov	r3, #16777216
 233 001e 44F84C3C 		str	r3, [r4, #-76]
 234              		.loc 1 143 5 is_stmt 1 view .LVU55
 235              		.loc 1 143 32 is_stmt 0 view .LVU56
 236 0022 0B4B     		ldr	r3, .L9+4
 237 0024 DB6B     		ldr	r3, [r3, #60]
 238              		.loc 1 143 17 view .LVU57
 239 0026 44F8083C 		str	r3, [r4, #-8]
 240              		.loc 1 147 5 is_stmt 1 view .LVU58
 241              	.LVL8:
 242              	.LBB80:
 243              	.LBI80:
 244              		.loc 2 277 27 view .LVU59
 245              	.LBB81:
 246              		.loc 2 279 3 view .LVU60
 247              	.LBE81:
 248              	.LBE80:
 249              		.loc 1 138 9 is_stmt 0 view .LVU61
 250 002a A4F16803 		sub	r3, r4, #104
 251              	.LVL9:
 252              	.LBB83:
 253              	.LBB82:
 254              		.loc 2 279 3 view .LVU62
 255              		.syntax unified
 256              	@ 279 "../../modules/ChibiOS/os/common/ext/ARM/CMSIS/Core/Include/cmsis_gcc.h" 1
 257 002e 83F30988 		MSR psp, r3
 258              	@ 0 "" 2
 259              	.LVL10:
 260              		.loc 2 279 3 view .LVU63
 261              		.thumb
 262              		.syntax unified
 263              	.LBE82:
 264              	.LBE83:
 265              		.loc 1 151 5 is_stmt 1 view .LVU64
 266              		.loc 1 151 9 is_stmt 0 view .LVU65
 267 0032 FFF7FEFF 		bl	chSchIsPreemptionRequired
 268              	.LVL11:
 269              		.loc 1 151 8 view .LVU66
 270 0036 18B1     		cbz	r0, .L6
 271              		.loc 1 153 7 is_stmt 1 view .LVU67
 272              		.loc 1 153 16 is_stmt 0 view .LVU68
 273 0038 064B     		ldr	r3, .L9+8
 274              	.L8:
 275              		.loc 1 158 16 view .LVU69
 276 003a 44F8503C 		str	r3, [r4, #-80]
 277              	.LVL12:
 278              	.L4:
 279              		.loc 1 158 16 view .LVU70
 280              	.LBE75:
 281              		.loc 1 166 1 view .LVU71
 282 003e 10BD     		pop	{r4, pc}
 283              	.LVL13:
 284              	.L6:
 285              	.LBB84:
ARM GAS  /tmp/ccBURlol.s 			page 6


 286              		.loc 1 158 7 is_stmt 1 view .LVU72
 287              		.loc 1 158 16 is_stmt 0 view .LVU73
 288 0040 054B     		ldr	r3, .L9+12
 289 0042 FAE7     		b	.L8
 290              	.LVL14:
 291              	.L5:
 292              		.loc 1 158 16 view .LVU74
 293              	.LBE84:
 294              		.loc 1 165 3 is_stmt 1 view .LVU75
 295              	.LBB85:
 296              	.LBI85:
 297              		.loc 3 652 20 view .LVU76
 298              	.LBB86:
 299              		.loc 3 654 3 view .LVU77
 300              	.LBB87:
 301              	.LBI87:
 302              		.loc 3 626 20 view .LVU78
 303              	.LBE87:
 304              	.LBE86:
 305              	.LBE85:
 306              		.loc 3 629 3 view .LVU79
 307              	.LBB92:
 308              	.LBB91:
 309              	.LBB90:
 310              	.LBB88:
 311              	.LBI88:
 312              		.loc 2 491 27 view .LVU80
 313              	.LBB89:
 314              		.loc 2 493 3 view .LVU81
 315              		.syntax unified
 316              	@ 493 "../../modules/ChibiOS/os/common/ext/ARM/CMSIS/Core/Include/cmsis_gcc.h" 1
 317 0044 83F31188 		MSR basepri, r3
 318              	@ 0 "" 2
 319              	.LVL15:
 320              		.loc 2 493 3 is_stmt 0 view .LVU82
 321              		.thumb
 322              		.syntax unified
 323              	.LBE89:
 324              	.LBE88:
 325              	.LBE90:
 326              		.loc 3 655 1 view .LVU83
 327 0048 F9E7     		b	.L4
 328              	.L10:
 329 004a 00BF     		.align	2
 330              	.L9:
 331 004c 00ED00E0 		.word	-536810240
 332 0050 00EF00E0 		.word	-536809728
 333 0054 00000000 		.word	_port_switch_from_isr
 334 0058 00000000 		.word	_port_exit_from_isr
 335              	.LBE91:
 336              	.LBE92:
 337              		.cfi_endproc
 338              	.LFE302:
 339              		.size	_port_irq_epilogue, .-_port_irq_epilogue
 340              		.text
 341              	.Letext0:
 342              		.file 4 "/opt/gcc-arm-none-eabi-10-2020-q4-major/arm-none-eabi/include/machine/_default_types.h"
ARM GAS  /tmp/ccBURlol.s 			page 7


 343              		.file 5 "/opt/gcc-arm-none-eabi-10-2020-q4-major/arm-none-eabi/include/sys/_stdint.h"
 344              		.file 6 "../../modules/ChibiOS/os/common/ext/ARM/CMSIS/Core/Include/core_cm7.h"
 345              		.file 7 "../../modules/ChibiOS/os/common/ports/ARMCMx/chcore.h"
 346              		.file 8 "../../modules/ChibiOS/os/rt/include/chschd.h"
 347              		.section	.debug_info,"",%progbits
 348              	.Ldebug_info0:
 349 0000 CC080000 		.4byte	0x8cc
 350 0004 0400     		.2byte	0x4
 351 0006 00000000 		.4byte	.Ldebug_abbrev0
 352 000a 04       		.byte	0x4
 353 000b 01       		.uleb128 0x1
 354 000c 3B030000 		.4byte	.LASF84
 355 0010 0C       		.byte	0xc
 356 0011 29000000 		.4byte	.LASF85
 357 0015 1B010000 		.4byte	.LASF86
 358 0019 C0000000 		.4byte	.Ldebug_ranges0+0xc0
 359 001d 00000000 		.4byte	0
 360 0021 00000000 		.4byte	.Ldebug_line0
 361 0025 02       		.uleb128 0x2
 362 0026 04       		.byte	0x4
 363 0027 05       		.byte	0x5
 364 0028 696E7400 		.ascii	"int\000"
 365 002c 03       		.uleb128 0x3
 366 002d 04       		.byte	0x4
 367 002e 07       		.byte	0x7
 368 002f 69040000 		.4byte	.LASF0
 369 0033 03       		.uleb128 0x3
 370 0034 08       		.byte	0x8
 371 0035 05       		.byte	0x5
 372 0036 04010000 		.4byte	.LASF1
 373 003a 03       		.uleb128 0x3
 374 003b 08       		.byte	0x8
 375 003c 04       		.byte	0x4
 376 003d 3D040000 		.4byte	.LASF2
 377 0041 03       		.uleb128 0x3
 378 0042 01       		.byte	0x1
 379 0043 06       		.byte	0x6
 380 0044 E5010000 		.4byte	.LASF3
 381 0048 04       		.uleb128 0x4
 382 0049 A8010000 		.4byte	.LASF8
 383 004d 04       		.byte	0x4
 384 004e 2B       		.byte	0x2b
 385 004f 18       		.byte	0x18
 386 0050 54000000 		.4byte	0x54
 387 0054 03       		.uleb128 0x3
 388 0055 01       		.byte	0x1
 389 0056 08       		.byte	0x8
 390 0057 D7010000 		.4byte	.LASF4
 391 005b 03       		.uleb128 0x3
 392 005c 02       		.byte	0x2
 393 005d 05       		.byte	0x5
 394 005e 19000000 		.4byte	.LASF5
 395 0062 03       		.uleb128 0x3
 396 0063 02       		.byte	0x2
 397 0064 07       		.byte	0x7
 398 0065 45020000 		.4byte	.LASF6
 399 0069 03       		.uleb128 0x3
ARM GAS  /tmp/ccBURlol.s 			page 8


 400 006a 04       		.byte	0x4
 401 006b 05       		.byte	0x5
 402 006c 6E010000 		.4byte	.LASF7
 403 0070 04       		.uleb128 0x4
 404 0071 73000000 		.4byte	.LASF9
 405 0075 04       		.byte	0x4
 406 0076 4F       		.byte	0x4f
 407 0077 19       		.byte	0x19
 408 0078 7C000000 		.4byte	0x7c
 409 007c 03       		.uleb128 0x3
 410 007d 04       		.byte	0x4
 411 007e 07       		.byte	0x7
 412 007f 1F020000 		.4byte	.LASF10
 413 0083 03       		.uleb128 0x3
 414 0084 08       		.byte	0x8
 415 0085 07       		.byte	0x7
 416 0086 F6010000 		.4byte	.LASF11
 417 008a 04       		.uleb128 0x4
 418 008b BE000000 		.4byte	.LASF12
 419 008f 05       		.byte	0x5
 420 0090 18       		.byte	0x18
 421 0091 13       		.byte	0x13
 422 0092 48000000 		.4byte	0x48
 423 0096 05       		.uleb128 0x5
 424 0097 8A000000 		.4byte	0x8a
 425 009b 04       		.uleb128 0x4
 426 009c B7020000 		.4byte	.LASF13
 427 00a0 05       		.byte	0x5
 428 00a1 30       		.byte	0x30
 429 00a2 14       		.byte	0x14
 430 00a3 70000000 		.4byte	0x70
 431 00a7 05       		.uleb128 0x5
 432 00a8 9B000000 		.4byte	0x9b
 433 00ac 06       		.uleb128 0x6
 434 00ad A7000000 		.4byte	0xa7
 435 00b1 07       		.uleb128 0x7
 436 00b2 04       		.byte	0x4
 437 00b3 08       		.uleb128 0x8
 438 00b4 AC02     		.2byte	0x2ac
 439 00b6 06       		.byte	0x6
 440 00b7 C701     		.2byte	0x1c7
 441 00b9 09       		.byte	0x9
 442 00ba 93030000 		.4byte	0x393
 443 00be 09       		.uleb128 0x9
 444 00bf 95000000 		.4byte	.LASF14
 445 00c3 06       		.byte	0x6
 446 00c4 C901     		.2byte	0x1c9
 447 00c6 12       		.byte	0x12
 448 00c7 AC000000 		.4byte	0xac
 449 00cb 00       		.byte	0
 450 00cc 09       		.uleb128 0x9
 451 00cd E0000000 		.4byte	.LASF15
 452 00d1 06       		.byte	0x6
 453 00d2 CA01     		.2byte	0x1ca
 454 00d4 12       		.byte	0x12
 455 00d5 A7000000 		.4byte	0xa7
 456 00d9 04       		.byte	0x4
ARM GAS  /tmp/ccBURlol.s 			page 9


 457 00da 09       		.uleb128 0x9
 458 00db 79020000 		.4byte	.LASF16
 459 00df 06       		.byte	0x6
 460 00e0 CB01     		.2byte	0x1cb
 461 00e2 12       		.byte	0x12
 462 00e3 A7000000 		.4byte	0xa7
 463 00e7 08       		.byte	0x8
 464 00e8 09       		.uleb128 0x9
 465 00e9 D1010000 		.4byte	.LASF17
 466 00ed 06       		.byte	0x6
 467 00ee CC01     		.2byte	0x1cc
 468 00f0 12       		.byte	0x12
 469 00f1 A7000000 		.4byte	0xa7
 470 00f5 0C       		.byte	0xc
 471 00f6 0A       		.uleb128 0xa
 472 00f7 53435200 		.ascii	"SCR\000"
 473 00fb 06       		.byte	0x6
 474 00fc CD01     		.2byte	0x1cd
 475 00fe 12       		.byte	0x12
 476 00ff A7000000 		.4byte	0xa7
 477 0103 10       		.byte	0x10
 478 0104 0A       		.uleb128 0xa
 479 0105 43435200 		.ascii	"CCR\000"
 480 0109 06       		.byte	0x6
 481 010a CE01     		.2byte	0x1ce
 482 010c 12       		.byte	0x12
 483 010d A7000000 		.4byte	0xa7
 484 0111 14       		.byte	0x14
 485 0112 09       		.uleb128 0x9
 486 0113 F1010000 		.4byte	.LASF18
 487 0117 06       		.byte	0x6
 488 0118 CF01     		.2byte	0x1cf
 489 011a 12       		.byte	0x12
 490 011b A3030000 		.4byte	0x3a3
 491 011f 18       		.byte	0x18
 492 0120 09       		.uleb128 0x9
 493 0121 0D020000 		.4byte	.LASF19
 494 0125 06       		.byte	0x6
 495 0126 D001     		.2byte	0x1d0
 496 0128 12       		.byte	0x12
 497 0129 A7000000 		.4byte	0xa7
 498 012d 24       		.byte	0x24
 499 012e 09       		.uleb128 0x9
 500 012f B8010000 		.4byte	.LASF20
 501 0133 06       		.byte	0x6
 502 0134 D101     		.2byte	0x1d1
 503 0136 12       		.byte	0x12
 504 0137 A7000000 		.4byte	0xa7
 505 013b 28       		.byte	0x28
 506 013c 09       		.uleb128 0x9
 507 013d A3020000 		.4byte	.LASF21
 508 0141 06       		.byte	0x6
 509 0142 D201     		.2byte	0x1d2
 510 0144 12       		.byte	0x12
 511 0145 A7000000 		.4byte	0xa7
 512 0149 2C       		.byte	0x2c
 513 014a 09       		.uleb128 0x9
ARM GAS  /tmp/ccBURlol.s 			page 10


 514 014b 85020000 		.4byte	.LASF22
 515 014f 06       		.byte	0x6
 516 0150 D301     		.2byte	0x1d3
 517 0152 12       		.byte	0x12
 518 0153 A7000000 		.4byte	0xa7
 519 0157 30       		.byte	0x30
 520 0158 09       		.uleb128 0x9
 521 0159 31020000 		.4byte	.LASF23
 522 015d 06       		.byte	0x6
 523 015e D401     		.2byte	0x1d4
 524 0160 12       		.byte	0x12
 525 0161 A7000000 		.4byte	0xa7
 526 0165 34       		.byte	0x34
 527 0166 09       		.uleb128 0x9
 528 0167 4F010000 		.4byte	.LASF24
 529 016b 06       		.byte	0x6
 530 016c D501     		.2byte	0x1d5
 531 016e 12       		.byte	0x12
 532 016f A7000000 		.4byte	0xa7
 533 0173 38       		.byte	0x38
 534 0174 09       		.uleb128 0x9
 535 0175 5C040000 		.4byte	.LASF25
 536 0179 06       		.byte	0x6
 537 017a D601     		.2byte	0x1d6
 538 017c 12       		.byte	0x12
 539 017d A7000000 		.4byte	0xa7
 540 0181 3C       		.byte	0x3c
 541 0182 09       		.uleb128 0x9
 542 0183 9C020000 		.4byte	.LASF26
 543 0187 06       		.byte	0x6
 544 0188 D701     		.2byte	0x1d7
 545 018a 12       		.byte	0x12
 546 018b BD030000 		.4byte	0x3bd
 547 018f 40       		.byte	0x40
 548 0190 09       		.uleb128 0x9
 549 0191 87000000 		.4byte	.LASF27
 550 0195 06       		.byte	0x6
 551 0196 D801     		.2byte	0x1d8
 552 0198 12       		.byte	0x12
 553 0199 AC000000 		.4byte	0xac
 554 019d 48       		.byte	0x48
 555 019e 09       		.uleb128 0x9
 556 019f 37020000 		.4byte	.LASF28
 557 01a3 06       		.byte	0x6
 558 01a4 D901     		.2byte	0x1d9
 559 01a6 12       		.byte	0x12
 560 01a7 AC000000 		.4byte	0xac
 561 01ab 4C       		.byte	0x4c
 562 01ac 09       		.uleb128 0x9
 563 01ad 55040000 		.4byte	.LASF29
 564 01b1 06       		.byte	0x6
 565 01b2 DA01     		.2byte	0x1da
 566 01b4 12       		.byte	0x12
 567 01b5 D7030000 		.4byte	0x3d7
 568 01b9 50       		.byte	0x50
 569 01ba 09       		.uleb128 0x9
 570 01bb 85040000 		.4byte	.LASF30
ARM GAS  /tmp/ccBURlol.s 			page 11


 571 01bf 06       		.byte	0x6
 572 01c0 DB01     		.2byte	0x1db
 573 01c2 12       		.byte	0x12
 574 01c3 F1030000 		.4byte	0x3f1
 575 01c7 60       		.byte	0x60
 576 01c8 09       		.uleb128 0x9
 577 01c9 AD020000 		.4byte	.LASF31
 578 01cd 06       		.byte	0x6
 579 01ce DC01     		.2byte	0x1dc
 580 01d0 12       		.byte	0x12
 581 01d1 F6030000 		.4byte	0x3f6
 582 01d5 74       		.byte	0x74
 583 01d6 09       		.uleb128 0x9
 584 01d7 D5000000 		.4byte	.LASF32
 585 01db 06       		.byte	0x6
 586 01dc DD01     		.2byte	0x1dd
 587 01de 12       		.byte	0x12
 588 01df AC000000 		.4byte	0xac
 589 01e3 78       		.byte	0x78
 590 01e4 0A       		.uleb128 0xa
 591 01e5 43545200 		.ascii	"CTR\000"
 592 01e9 06       		.byte	0x6
 593 01ea DE01     		.2byte	0x1de
 594 01ec 12       		.byte	0x12
 595 01ed AC000000 		.4byte	0xac
 596 01f1 7C       		.byte	0x7c
 597 01f2 09       		.uleb128 0x9
 598 01f3 A1010000 		.4byte	.LASF33
 599 01f7 06       		.byte	0x6
 600 01f8 DF01     		.2byte	0x1df
 601 01fa 12       		.byte	0x12
 602 01fb AC000000 		.4byte	0xac
 603 01ff 80       		.byte	0x80
 604 0200 09       		.uleb128 0x9
 605 0201 3E020000 		.4byte	.LASF34
 606 0205 06       		.byte	0x6
 607 0206 E001     		.2byte	0x1e0
 608 0208 12       		.byte	0x12
 609 0209 A7000000 		.4byte	0xa7
 610 020d 84       		.byte	0x84
 611 020e 09       		.uleb128 0x9
 612 020f 7F040000 		.4byte	.LASF35
 613 0213 06       		.byte	0x6
 614 0214 E101     		.2byte	0x1e1
 615 0216 12       		.byte	0x12
 616 0217 A7000000 		.4byte	0xa7
 617 021b 88       		.byte	0x88
 618 021c 09       		.uleb128 0x9
 619 021d C0020000 		.4byte	.LASF36
 620 0221 06       		.byte	0x6
 621 0222 E201     		.2byte	0x1e2
 622 0224 12       		.byte	0x12
 623 0225 06040000 		.4byte	0x406
 624 0229 8C       		.byte	0x8c
 625 022a 0B       		.uleb128 0xb
 626 022b DB000000 		.4byte	.LASF37
 627 022f 06       		.byte	0x6
ARM GAS  /tmp/ccBURlol.s 			page 12


 628 0230 E301     		.2byte	0x1e3
 629 0232 12       		.byte	0x12
 630 0233 A7000000 		.4byte	0xa7
 631 0237 0002     		.2byte	0x200
 632 0239 0B       		.uleb128 0xb
 633 023a CA020000 		.4byte	.LASF38
 634 023e 06       		.byte	0x6
 635 023f E401     		.2byte	0x1e4
 636 0241 12       		.byte	0x12
 637 0242 16040000 		.4byte	0x416
 638 0246 0402     		.2byte	0x204
 639 0248 0B       		.uleb128 0xb
 640 0249 9B000000 		.4byte	.LASF39
 641 024d 06       		.byte	0x6
 642 024e E501     		.2byte	0x1e5
 643 0250 12       		.byte	0x12
 644 0251 AC000000 		.4byte	0xac
 645 0255 4002     		.2byte	0x240
 646 0257 0B       		.uleb128 0xb
 647 0258 23000000 		.4byte	.LASF40
 648 025c 06       		.byte	0x6
 649 025d E601     		.2byte	0x1e6
 650 025f 12       		.byte	0x12
 651 0260 AC000000 		.4byte	0xac
 652 0264 4402     		.2byte	0x244
 653 0266 0B       		.uleb128 0xb
 654 0267 E5000000 		.4byte	.LASF41
 655 026b 06       		.byte	0x6
 656 026c E701     		.2byte	0x1e7
 657 026e 12       		.byte	0x12
 658 026f AC000000 		.4byte	0xac
 659 0273 4802     		.2byte	0x248
 660 0275 0B       		.uleb128 0xb
 661 0276 D4020000 		.4byte	.LASF42
 662 027a 06       		.byte	0x6
 663 027b E801     		.2byte	0x1e8
 664 027d 12       		.byte	0x12
 665 027e F6030000 		.4byte	0x3f6
 666 0282 4C02     		.2byte	0x24c
 667 0284 0B       		.uleb128 0xb
 668 0285 03030000 		.4byte	.LASF43
 669 0289 06       		.byte	0x6
 670 028a E901     		.2byte	0x1e9
 671 028c 12       		.byte	0x12
 672 028d A7000000 		.4byte	0xa7
 673 0291 5002     		.2byte	0x250
 674 0293 0B       		.uleb128 0xb
 675 0294 DE020000 		.4byte	.LASF44
 676 0298 06       		.byte	0x6
 677 0299 EA01     		.2byte	0x1ea
 678 029b 12       		.byte	0x12
 679 029c F6030000 		.4byte	0x3f6
 680 02a0 5402     		.2byte	0x254
 681 02a2 0B       		.uleb128 0xb
 682 02a3 C4010000 		.4byte	.LASF45
 683 02a7 06       		.byte	0x6
 684 02a8 EB01     		.2byte	0x1eb
ARM GAS  /tmp/ccBURlol.s 			page 13


 685 02aa 12       		.byte	0x12
 686 02ab A7000000 		.4byte	0xa7
 687 02af 5802     		.2byte	0x258
 688 02b1 0B       		.uleb128 0xb
 689 02b2 AD000000 		.4byte	.LASF46
 690 02b6 06       		.byte	0x6
 691 02b7 EC01     		.2byte	0x1ec
 692 02b9 12       		.byte	0x12
 693 02ba A7000000 		.4byte	0xa7
 694 02be 5C02     		.2byte	0x25c
 695 02c0 0B       		.uleb128 0xb
 696 02c1 63000000 		.4byte	.LASF47
 697 02c5 06       		.byte	0x6
 698 02c6 ED01     		.2byte	0x1ed
 699 02c8 12       		.byte	0x12
 700 02c9 A7000000 		.4byte	0xa7
 701 02cd 6002     		.2byte	0x260
 702 02cf 0B       		.uleb128 0xb
 703 02d0 71020000 		.4byte	.LASF48
 704 02d4 06       		.byte	0x6
 705 02d5 EE01     		.2byte	0x1ee
 706 02d7 12       		.byte	0x12
 707 02d8 A7000000 		.4byte	0xa7
 708 02dc 6402     		.2byte	0x264
 709 02de 0B       		.uleb128 0xb
 710 02df 61040000 		.4byte	.LASF49
 711 02e3 06       		.byte	0x6
 712 02e4 EF01     		.2byte	0x1ef
 713 02e6 12       		.byte	0x12
 714 02e7 A7000000 		.4byte	0xa7
 715 02eb 6802     		.2byte	0x268
 716 02ed 0B       		.uleb128 0xb
 717 02ee 13000000 		.4byte	.LASF50
 718 02f2 06       		.byte	0x6
 719 02f3 F001     		.2byte	0x1f0
 720 02f5 12       		.byte	0x12
 721 02f6 A7000000 		.4byte	0xa7
 722 02fa 6C02     		.2byte	0x26c
 723 02fc 0B       		.uleb128 0xb
 724 02fd 7E000000 		.4byte	.LASF51
 725 0301 06       		.byte	0x6
 726 0302 F101     		.2byte	0x1f1
 727 0304 12       		.byte	0x12
 728 0305 A7000000 		.4byte	0xa7
 729 0309 7002     		.2byte	0x270
 730 030b 0B       		.uleb128 0xb
 731 030c FC020000 		.4byte	.LASF52
 732 0310 06       		.byte	0x6
 733 0311 F201     		.2byte	0x1f2
 734 0313 12       		.byte	0x12
 735 0314 A7000000 		.4byte	0xa7
 736 0318 7402     		.2byte	0x274
 737 031a 0B       		.uleb128 0xb
 738 031b E8020000 		.4byte	.LASF53
 739 031f 06       		.byte	0x6
 740 0320 F301     		.2byte	0x1f3
 741 0322 12       		.byte	0x12
ARM GAS  /tmp/ccBURlol.s 			page 14


 742 0323 26040000 		.4byte	0x426
 743 0327 7802     		.2byte	0x278
 744 0329 0B       		.uleb128 0xb
 745 032a 7E020000 		.4byte	.LASF54
 746 032e 06       		.byte	0x6
 747 032f F401     		.2byte	0x1f4
 748 0331 12       		.byte	0x12
 749 0332 A7000000 		.4byte	0xa7
 750 0336 9002     		.2byte	0x290
 751 0338 0B       		.uleb128 0xb
 752 0339 8D040000 		.4byte	.LASF55
 753 033d 06       		.byte	0x6
 754 033e F501     		.2byte	0x1f5
 755 0340 12       		.byte	0x12
 756 0341 A7000000 		.4byte	0xa7
 757 0345 9402     		.2byte	0x294
 758 0347 0B       		.uleb128 0xb
 759 0348 8E000000 		.4byte	.LASF56
 760 034c 06       		.byte	0x6
 761 034d F601     		.2byte	0x1f6
 762 034f 12       		.byte	0x12
 763 0350 A7000000 		.4byte	0xa7
 764 0354 9802     		.2byte	0x298
 765 0356 0B       		.uleb128 0xb
 766 0357 A8020000 		.4byte	.LASF57
 767 035b 06       		.byte	0x6
 768 035c F701     		.2byte	0x1f7
 769 035e 12       		.byte	0x12
 770 035f A7000000 		.4byte	0xa7
 771 0363 9C02     		.2byte	0x29c
 772 0365 0B       		.uleb128 0xb
 773 0366 34030000 		.4byte	.LASF58
 774 036a 06       		.byte	0x6
 775 036b F801     		.2byte	0x1f8
 776 036d 12       		.byte	0x12
 777 036e A7000000 		.4byte	0xa7
 778 0372 A002     		.2byte	0x2a0
 779 0374 0B       		.uleb128 0xb
 780 0375 F2020000 		.4byte	.LASF59
 781 0379 06       		.byte	0x6
 782 037a F901     		.2byte	0x1f9
 783 037c 12       		.byte	0x12
 784 037d F6030000 		.4byte	0x3f6
 785 0381 A402     		.2byte	0x2a4
 786 0383 0B       		.uleb128 0xb
 787 0384 FE000000 		.4byte	.LASF60
 788 0388 06       		.byte	0x6
 789 0389 FA01     		.2byte	0x1fa
 790 038b 12       		.byte	0x12
 791 038c A7000000 		.4byte	0xa7
 792 0390 A802     		.2byte	0x2a8
 793 0392 00       		.byte	0
 794 0393 0C       		.uleb128 0xc
 795 0394 96000000 		.4byte	0x96
 796 0398 A3030000 		.4byte	0x3a3
 797 039c 0D       		.uleb128 0xd
 798 039d 2C000000 		.4byte	0x2c
ARM GAS  /tmp/ccBURlol.s 			page 15


 799 03a1 0B       		.byte	0xb
 800 03a2 00       		.byte	0
 801 03a3 05       		.uleb128 0x5
 802 03a4 93030000 		.4byte	0x393
 803 03a8 0C       		.uleb128 0xc
 804 03a9 AC000000 		.4byte	0xac
 805 03ad B8030000 		.4byte	0x3b8
 806 03b1 0D       		.uleb128 0xd
 807 03b2 2C000000 		.4byte	0x2c
 808 03b6 01       		.byte	0x1
 809 03b7 00       		.byte	0
 810 03b8 06       		.uleb128 0x6
 811 03b9 A8030000 		.4byte	0x3a8
 812 03bd 05       		.uleb128 0x5
 813 03be B8030000 		.4byte	0x3b8
 814 03c2 0C       		.uleb128 0xc
 815 03c3 AC000000 		.4byte	0xac
 816 03c7 D2030000 		.4byte	0x3d2
 817 03cb 0D       		.uleb128 0xd
 818 03cc 2C000000 		.4byte	0x2c
 819 03d0 03       		.byte	0x3
 820 03d1 00       		.byte	0
 821 03d2 06       		.uleb128 0x6
 822 03d3 C2030000 		.4byte	0x3c2
 823 03d7 05       		.uleb128 0x5
 824 03d8 D2030000 		.4byte	0x3d2
 825 03dc 0C       		.uleb128 0xc
 826 03dd AC000000 		.4byte	0xac
 827 03e1 EC030000 		.4byte	0x3ec
 828 03e5 0D       		.uleb128 0xd
 829 03e6 2C000000 		.4byte	0x2c
 830 03ea 04       		.byte	0x4
 831 03eb 00       		.byte	0
 832 03ec 06       		.uleb128 0x6
 833 03ed DC030000 		.4byte	0x3dc
 834 03f1 05       		.uleb128 0x5
 835 03f2 EC030000 		.4byte	0x3ec
 836 03f6 0C       		.uleb128 0xc
 837 03f7 9B000000 		.4byte	0x9b
 838 03fb 06040000 		.4byte	0x406
 839 03ff 0D       		.uleb128 0xd
 840 0400 2C000000 		.4byte	0x2c
 841 0404 00       		.byte	0
 842 0405 00       		.byte	0
 843 0406 0C       		.uleb128 0xc
 844 0407 9B000000 		.4byte	0x9b
 845 040b 16040000 		.4byte	0x416
 846 040f 0D       		.uleb128 0xd
 847 0410 2C000000 		.4byte	0x2c
 848 0414 5C       		.byte	0x5c
 849 0415 00       		.byte	0
 850 0416 0C       		.uleb128 0xc
 851 0417 9B000000 		.4byte	0x9b
 852 041b 26040000 		.4byte	0x426
 853 041f 0D       		.uleb128 0xd
 854 0420 2C000000 		.4byte	0x2c
 855 0424 0E       		.byte	0xe
ARM GAS  /tmp/ccBURlol.s 			page 16


 856 0425 00       		.byte	0
 857 0426 0C       		.uleb128 0xc
 858 0427 9B000000 		.4byte	0x9b
 859 042b 36040000 		.4byte	0x436
 860 042f 0D       		.uleb128 0xd
 861 0430 2C000000 		.4byte	0x2c
 862 0434 05       		.byte	0x5
 863 0435 00       		.byte	0
 864 0436 0E       		.uleb128 0xe
 865 0437 C6000000 		.4byte	.LASF61
 866 043b 06       		.byte	0x6
 867 043c FB01     		.2byte	0x1fb
 868 043e 03       		.byte	0x3
 869 043f B3000000 		.4byte	0xb3
 870 0443 0F       		.uleb128 0xf
 871 0444 1C       		.byte	0x1c
 872 0445 06       		.byte	0x6
 873 0446 F405     		.2byte	0x5f4
 874 0448 09       		.byte	0x9
 875 0449 B0040000 		.4byte	0x4b0
 876 044d 09       		.uleb128 0x9
 877 044e AD020000 		.4byte	.LASF31
 878 0452 06       		.byte	0x6
 879 0453 F605     		.2byte	0x5f6
 880 0455 12       		.byte	0x12
 881 0456 F6030000 		.4byte	0x3f6
 882 045a 00       		.byte	0
 883 045b 09       		.uleb128 0x9
 884 045c 0B030000 		.4byte	.LASF62
 885 0460 06       		.byte	0x6
 886 0461 F705     		.2byte	0x5f7
 887 0463 12       		.byte	0x12
 888 0464 A7000000 		.4byte	0xa7
 889 0468 04       		.byte	0x4
 890 0469 09       		.uleb128 0x9
 891 046a CF000000 		.4byte	.LASF63
 892 046e 06       		.byte	0x6
 893 046f F805     		.2byte	0x5f8
 894 0471 12       		.byte	0x12
 895 0472 A7000000 		.4byte	0xa7
 896 0476 08       		.byte	0x8
 897 0477 09       		.uleb128 0x9
 898 0478 65020000 		.4byte	.LASF64
 899 047c 06       		.byte	0x6
 900 047d F905     		.2byte	0x5f9
 901 047f 12       		.byte	0x12
 902 0480 A7000000 		.4byte	0xa7
 903 0484 0C       		.byte	0xc
 904 0485 09       		.uleb128 0x9
 905 0486 9B000000 		.4byte	.LASF39
 906 048a 06       		.byte	0x6
 907 048b FA05     		.2byte	0x5fa
 908 048d 12       		.byte	0x12
 909 048e AC000000 		.4byte	0xac
 910 0492 10       		.byte	0x10
 911 0493 09       		.uleb128 0x9
 912 0494 23000000 		.4byte	.LASF40
ARM GAS  /tmp/ccBURlol.s 			page 17


 913 0498 06       		.byte	0x6
 914 0499 FB05     		.2byte	0x5fb
 915 049b 12       		.byte	0x12
 916 049c AC000000 		.4byte	0xac
 917 04a0 14       		.byte	0x14
 918 04a1 09       		.uleb128 0x9
 919 04a2 E5000000 		.4byte	.LASF41
 920 04a6 06       		.byte	0x6
 921 04a7 FC05     		.2byte	0x5fc
 922 04a9 12       		.byte	0x12
 923 04aa AC000000 		.4byte	0xac
 924 04ae 18       		.byte	0x18
 925 04af 00       		.byte	0
 926 04b0 0E       		.uleb128 0xe
 927 04b1 12010000 		.4byte	.LASF65
 928 04b5 06       		.byte	0x6
 929 04b6 FD05     		.2byte	0x5fd
 930 04b8 03       		.byte	0x3
 931 04b9 43040000 		.4byte	0x443
 932 04bd 04       		.uleb128 0x4
 933 04be B5000000 		.4byte	.LASF66
 934 04c2 07       		.byte	0x7
 935 04c3 65       		.byte	0x65
 936 04c4 0F       		.byte	0xf
 937 04c5 B1000000 		.4byte	0xb1
 938 04c9 10       		.uleb128 0x10
 939 04ca 49040000 		.4byte	.LASF87
 940 04ce 68       		.byte	0x68
 941 04cf 03       		.byte	0x3
 942 04d0 3A01     		.2byte	0x13a
 943 04d2 08       		.byte	0x8
 944 04d3 35060000 		.4byte	0x635
 945 04d7 0A       		.uleb128 0xa
 946 04d8 723000   		.ascii	"r0\000"
 947 04db 03       		.byte	0x3
 948 04dc 3B01     		.2byte	0x13b
 949 04de 11       		.byte	0x11
 950 04df BD040000 		.4byte	0x4bd
 951 04e3 00       		.byte	0
 952 04e4 0A       		.uleb128 0xa
 953 04e5 723100   		.ascii	"r1\000"
 954 04e8 03       		.byte	0x3
 955 04e9 3C01     		.2byte	0x13c
 956 04eb 11       		.byte	0x11
 957 04ec BD040000 		.4byte	0x4bd
 958 04f0 04       		.byte	0x4
 959 04f1 0A       		.uleb128 0xa
 960 04f2 723200   		.ascii	"r2\000"
 961 04f5 03       		.byte	0x3
 962 04f6 3D01     		.2byte	0x13d
 963 04f8 11       		.byte	0x11
 964 04f9 BD040000 		.4byte	0x4bd
 965 04fd 08       		.byte	0x8
 966 04fe 0A       		.uleb128 0xa
 967 04ff 723300   		.ascii	"r3\000"
 968 0502 03       		.byte	0x3
 969 0503 3E01     		.2byte	0x13e
ARM GAS  /tmp/ccBURlol.s 			page 18


 970 0505 11       		.byte	0x11
 971 0506 BD040000 		.4byte	0x4bd
 972 050a 0C       		.byte	0xc
 973 050b 0A       		.uleb128 0xa
 974 050c 72313200 		.ascii	"r12\000"
 975 0510 03       		.byte	0x3
 976 0511 3F01     		.2byte	0x13f
 977 0513 11       		.byte	0x11
 978 0514 BD040000 		.4byte	0x4bd
 979 0518 10       		.byte	0x10
 980 0519 09       		.uleb128 0x9
 981 051a BD010000 		.4byte	.LASF67
 982 051e 03       		.byte	0x3
 983 051f 4001     		.2byte	0x140
 984 0521 11       		.byte	0x11
 985 0522 BD040000 		.4byte	0x4bd
 986 0526 14       		.byte	0x14
 987 0527 0A       		.uleb128 0xa
 988 0528 706300   		.ascii	"pc\000"
 989 052b 03       		.byte	0x3
 990 052c 4101     		.2byte	0x141
 991 052e 11       		.byte	0x11
 992 052f BD040000 		.4byte	0x4bd
 993 0533 18       		.byte	0x18
 994 0534 09       		.uleb128 0x9
 995 0535 CC010000 		.4byte	.LASF68
 996 0539 03       		.byte	0x3
 997 053a 4201     		.2byte	0x142
 998 053c 11       		.byte	0x11
 999 053d BD040000 		.4byte	0x4bd
 1000 0541 1C       		.byte	0x1c
 1001 0542 0A       		.uleb128 0xa
 1002 0543 733000   		.ascii	"s0\000"
 1003 0546 03       		.byte	0x3
 1004 0547 4401     		.2byte	0x144
 1005 0549 11       		.byte	0x11
 1006 054a BD040000 		.4byte	0x4bd
 1007 054e 20       		.byte	0x20
 1008 054f 0A       		.uleb128 0xa
 1009 0550 733100   		.ascii	"s1\000"
 1010 0553 03       		.byte	0x3
 1011 0554 4501     		.2byte	0x145
 1012 0556 11       		.byte	0x11
 1013 0557 BD040000 		.4byte	0x4bd
 1014 055b 24       		.byte	0x24
 1015 055c 0A       		.uleb128 0xa
 1016 055d 733200   		.ascii	"s2\000"
 1017 0560 03       		.byte	0x3
 1018 0561 4601     		.2byte	0x146
 1019 0563 11       		.byte	0x11
 1020 0564 BD040000 		.4byte	0x4bd
 1021 0568 28       		.byte	0x28
 1022 0569 0A       		.uleb128 0xa
 1023 056a 733300   		.ascii	"s3\000"
 1024 056d 03       		.byte	0x3
 1025 056e 4701     		.2byte	0x147
 1026 0570 11       		.byte	0x11
ARM GAS  /tmp/ccBURlol.s 			page 19


 1027 0571 BD040000 		.4byte	0x4bd
 1028 0575 2C       		.byte	0x2c
 1029 0576 0A       		.uleb128 0xa
 1030 0577 733400   		.ascii	"s4\000"
 1031 057a 03       		.byte	0x3
 1032 057b 4801     		.2byte	0x148
 1033 057d 11       		.byte	0x11
 1034 057e BD040000 		.4byte	0x4bd
 1035 0582 30       		.byte	0x30
 1036 0583 0A       		.uleb128 0xa
 1037 0584 733500   		.ascii	"s5\000"
 1038 0587 03       		.byte	0x3
 1039 0588 4901     		.2byte	0x149
 1040 058a 11       		.byte	0x11
 1041 058b BD040000 		.4byte	0x4bd
 1042 058f 34       		.byte	0x34
 1043 0590 0A       		.uleb128 0xa
 1044 0591 733600   		.ascii	"s6\000"
 1045 0594 03       		.byte	0x3
 1046 0595 4A01     		.2byte	0x14a
 1047 0597 11       		.byte	0x11
 1048 0598 BD040000 		.4byte	0x4bd
 1049 059c 38       		.byte	0x38
 1050 059d 0A       		.uleb128 0xa
 1051 059e 733700   		.ascii	"s7\000"
 1052 05a1 03       		.byte	0x3
 1053 05a2 4B01     		.2byte	0x14b
 1054 05a4 11       		.byte	0x11
 1055 05a5 BD040000 		.4byte	0x4bd
 1056 05a9 3C       		.byte	0x3c
 1057 05aa 0A       		.uleb128 0xa
 1058 05ab 733800   		.ascii	"s8\000"
 1059 05ae 03       		.byte	0x3
 1060 05af 4C01     		.2byte	0x14c
 1061 05b1 11       		.byte	0x11
 1062 05b2 BD040000 		.4byte	0x4bd
 1063 05b6 40       		.byte	0x40
 1064 05b7 0A       		.uleb128 0xa
 1065 05b8 733900   		.ascii	"s9\000"
 1066 05bb 03       		.byte	0x3
 1067 05bc 4D01     		.2byte	0x14d
 1068 05be 11       		.byte	0x11
 1069 05bf BD040000 		.4byte	0x4bd
 1070 05c3 44       		.byte	0x44
 1071 05c4 0A       		.uleb128 0xa
 1072 05c5 73313000 		.ascii	"s10\000"
 1073 05c9 03       		.byte	0x3
 1074 05ca 4E01     		.2byte	0x14e
 1075 05cc 11       		.byte	0x11
 1076 05cd BD040000 		.4byte	0x4bd
 1077 05d1 48       		.byte	0x48
 1078 05d2 0A       		.uleb128 0xa
 1079 05d3 73313100 		.ascii	"s11\000"
 1080 05d7 03       		.byte	0x3
 1081 05d8 4F01     		.2byte	0x14f
 1082 05da 11       		.byte	0x11
 1083 05db BD040000 		.4byte	0x4bd
ARM GAS  /tmp/ccBURlol.s 			page 20


 1084 05df 4C       		.byte	0x4c
 1085 05e0 0A       		.uleb128 0xa
 1086 05e1 73313200 		.ascii	"s12\000"
 1087 05e5 03       		.byte	0x3
 1088 05e6 5001     		.2byte	0x150
 1089 05e8 11       		.byte	0x11
 1090 05e9 BD040000 		.4byte	0x4bd
 1091 05ed 50       		.byte	0x50
 1092 05ee 0A       		.uleb128 0xa
 1093 05ef 73313300 		.ascii	"s13\000"
 1094 05f3 03       		.byte	0x3
 1095 05f4 5101     		.2byte	0x151
 1096 05f6 11       		.byte	0x11
 1097 05f7 BD040000 		.4byte	0x4bd
 1098 05fb 54       		.byte	0x54
 1099 05fc 0A       		.uleb128 0xa
 1100 05fd 73313400 		.ascii	"s14\000"
 1101 0601 03       		.byte	0x3
 1102 0602 5201     		.2byte	0x152
 1103 0604 11       		.byte	0x11
 1104 0605 BD040000 		.4byte	0x4bd
 1105 0609 58       		.byte	0x58
 1106 060a 0A       		.uleb128 0xa
 1107 060b 73313500 		.ascii	"s15\000"
 1108 060f 03       		.byte	0x3
 1109 0610 5301     		.2byte	0x153
 1110 0612 11       		.byte	0x11
 1111 0613 BD040000 		.4byte	0x4bd
 1112 0617 5C       		.byte	0x5c
 1113 0618 09       		.uleb128 0x9
 1114 0619 B2010000 		.4byte	.LASF69
 1115 061d 03       		.byte	0x3
 1116 061e 5401     		.2byte	0x154
 1117 0620 11       		.byte	0x11
 1118 0621 BD040000 		.4byte	0x4bd
 1119 0625 60       		.byte	0x60
 1120 0626 09       		.uleb128 0x9
 1121 0627 76040000 		.4byte	.LASF70
 1122 062b 03       		.byte	0x3
 1123 062c 5501     		.2byte	0x155
 1124 062e 11       		.byte	0x11
 1125 062f BD040000 		.4byte	0x4bd
 1126 0633 64       		.byte	0x64
 1127 0634 00       		.byte	0
 1128 0635 03       		.uleb128 0x3
 1129 0636 01       		.byte	0x1
 1130 0637 08       		.byte	0x8
 1131 0638 6C020000 		.4byte	.LASF71
 1132 063c 03       		.uleb128 0x3
 1133 063d 01       		.byte	0x1
 1134 063e 02       		.byte	0x2
 1135 063f 8A020000 		.4byte	.LASF72
 1136 0643 11       		.uleb128 0x11
 1137 0644 EB000000 		.4byte	.LASF73
 1138 0648 01       		.byte	0x1
 1139 0649 7A       		.byte	0x7a
 1140 064a 06       		.byte	0x6
ARM GAS  /tmp/ccBURlol.s 			page 21


 1141 064b 00000000 		.4byte	.LFB302
 1142 064f 5C000000 		.4byte	.LFE302-.LFB302
 1143 0653 01       		.uleb128 0x1
 1144 0654 9C       		.byte	0x9c
 1145 0655 72070000 		.4byte	0x772
 1146 0659 12       		.uleb128 0x12
 1147 065a 60000000 		.4byte	.Ldebug_ranges0+0x60
 1148 065e DF060000 		.4byte	0x6df
 1149 0662 13       		.uleb128 0x13
 1150 0663 60020000 		.4byte	.LASF75
 1151 0667 01       		.byte	0x1
 1152 0668 7E       		.byte	0x7e
 1153 0669 19       		.byte	0x19
 1154 066a 72070000 		.4byte	0x772
 1155 066e 0A000000 		.4byte	.LLST5
 1156 0672 00000000 		.4byte	.LVUS5
 1157 0676 14       		.uleb128 0x14
 1158 0677 5E080000 		.4byte	0x85e
 1159 067b 12000000 		.4byte	.LBI76
 1160 067f 02       		.byte	.LVU43
 1161 0680 12000000 		.4byte	.LBB76
 1162 0684 04000000 		.4byte	.LBE76-.LBB76
 1163 0688 01       		.byte	0x1
 1164 0689 82       		.byte	0x82
 1165 068a 0E       		.byte	0xe
 1166 068b 15       		.uleb128 0x15
 1167 068c A4080000 		.4byte	0x8a4
 1168 0690 16000000 		.4byte	.LBI78
 1169 0694 01       		.byte	.LVU47
 1170 0695 16000000 		.4byte	.LBB78
 1171 0699 04000000 		.4byte	.LBE78-.LBB78
 1172 069d 01       		.byte	0x1
 1173 069e 86       		.byte	0x86
 1174 069f 22       		.byte	0x22
 1175 06a0 B2060000 		.4byte	0x6b2
 1176 06a4 16       		.uleb128 0x16
 1177 06a5 B5080000 		.4byte	0x8b5
 1178 06a9 54000000 		.4byte	.LLST6
 1179 06ad 52000000 		.4byte	.LVUS6
 1180 06b1 00       		.byte	0
 1181 06b2 17       		.uleb128 0x17
 1182 06b3 88080000 		.4byte	0x888
 1183 06b7 2A000000 		.4byte	.LBI80
 1184 06bb 01       		.byte	.LVU59
 1185 06bc 78000000 		.4byte	.Ldebug_ranges0+0x78
 1186 06c0 01       		.byte	0x1
 1187 06c1 93       		.byte	0x93
 1188 06c2 05       		.byte	0x5
 1189 06c3 D5060000 		.4byte	0x6d5
 1190 06c7 18       		.uleb128 0x18
 1191 06c8 96080000 		.4byte	0x896
 1192 06cc 6B000000 		.4byte	.LLST7
 1193 06d0 67000000 		.4byte	.LVUS7
 1194 06d4 00       		.byte	0
 1195 06d5 19       		.uleb128 0x19
 1196 06d6 36000000 		.4byte	.LVL11
 1197 06da C2080000 		.4byte	0x8c2
ARM GAS  /tmp/ccBURlol.s 			page 22


 1198 06de 00       		.byte	0
 1199 06df 17       		.uleb128 0x17
 1200 06e0 40080000 		.4byte	0x840
 1201 06e4 00000000 		.4byte	.LBI64
 1202 06e8 02       		.byte	.LVU29
 1203 06e9 38000000 		.4byte	.Ldebug_ranges0+0x38
 1204 06ed 01       		.byte	0x1
 1205 06ee 7C       		.byte	0x7c
 1206 06ef 03       		.byte	0x3
 1207 06f0 28070000 		.4byte	0x728
 1208 06f4 1A       		.uleb128 0x1a
 1209 06f5 54080000 		.4byte	0x854
 1210 06f9 00000000 		.4byte	.LBI65
 1211 06fd 04       		.byte	.LVU31
 1212 06fe 40000000 		.4byte	.Ldebug_ranges0+0x40
 1213 0702 03       		.byte	0x3
 1214 0703 8302     		.2byte	0x283
 1215 0705 03       		.byte	0x3
 1216 0706 1A       		.uleb128 0x1a
 1217 0707 6C080000 		.4byte	0x86c
 1218 070b 00000000 		.4byte	.LBI66
 1219 070f 06       		.byte	.LVU33
 1220 0710 48000000 		.4byte	.Ldebug_ranges0+0x48
 1221 0714 03       		.byte	0x3
 1222 0715 6202     		.2byte	0x262
 1223 0717 03       		.byte	0x3
 1224 0718 18       		.uleb128 0x18
 1225 0719 7A080000 		.4byte	0x87a
 1226 071d 8E000000 		.4byte	.LLST4
 1227 0721 8C000000 		.4byte	.LVUS4
 1228 0725 00       		.byte	0
 1229 0726 00       		.byte	0
 1230 0727 00       		.byte	0
 1231 0728 1B       		.uleb128 0x1b
 1232 0729 36080000 		.4byte	0x836
 1233 072d 44000000 		.4byte	.LBI85
 1234 0731 02       		.byte	.LVU76
 1235 0732 90000000 		.4byte	.Ldebug_ranges0+0x90
 1236 0736 01       		.byte	0x1
 1237 0737 A5       		.byte	0xa5
 1238 0738 03       		.byte	0x3
 1239 0739 1A       		.uleb128 0x1a
 1240 073a 4A080000 		.4byte	0x84a
 1241 073e 44000000 		.4byte	.LBI87
 1242 0742 04       		.byte	.LVU78
 1243 0743 A8000000 		.4byte	.Ldebug_ranges0+0xa8
 1244 0747 03       		.byte	0x3
 1245 0748 8E02     		.2byte	0x28e
 1246 074a 03       		.byte	0x3
 1247 074b 1C       		.uleb128 0x1c
 1248 074c 6C080000 		.4byte	0x86c
 1249 0750 44000000 		.4byte	.LBI88
 1250 0754 06       		.byte	.LVU80
 1251 0755 44000000 		.4byte	.LBB88
 1252 0759 04000000 		.4byte	.LBE88-.LBB88
 1253 075d 03       		.byte	0x3
 1254 075e 7502     		.2byte	0x275
ARM GAS  /tmp/ccBURlol.s 			page 23


 1255 0760 03       		.byte	0x3
 1256 0761 18       		.uleb128 0x18
 1257 0762 7A080000 		.4byte	0x87a
 1258 0766 A5000000 		.4byte	.LLST8
 1259 076a A3000000 		.4byte	.LVUS8
 1260 076e 00       		.byte	0
 1261 076f 00       		.byte	0
 1262 0770 00       		.byte	0
 1263 0771 00       		.byte	0
 1264 0772 1D       		.uleb128 0x1d
 1265 0773 04       		.byte	0x4
 1266 0774 C9040000 		.4byte	0x4c9
 1267 0778 11       		.uleb128 0x11
 1268 0779 13020000 		.4byte	.LASF74
 1269 077d 01       		.byte	0x1
 1270 077e 3E       		.byte	0x3e
 1271 077f 06       		.byte	0x6
 1272 0780 00000000 		.4byte	.LFB301
 1273 0784 20000000 		.4byte	.LFE301-.LFB301
 1274 0788 01       		.uleb128 0x1
 1275 0789 9C       		.byte	0x9c
 1276 078a 36080000 		.4byte	0x836
 1277 078e 13       		.uleb128 0x13
 1278 078f 60020000 		.4byte	.LASF75
 1279 0793 01       		.byte	0x1
 1280 0794 40       		.byte	0x40
 1281 0795 17       		.byte	0x17
 1282 0796 72070000 		.4byte	0x772
 1283 079a BF000000 		.4byte	.LLST0
 1284 079e B9000000 		.4byte	.LVUS0
 1285 07a2 15       		.uleb128 0x15
 1286 07a3 A4080000 		.4byte	0x8a4
 1287 07a7 0A000000 		.4byte	.LBI51
 1288 07ab 01       		.byte	.LVU5
 1289 07ac 0A000000 		.4byte	.LBB51
 1290 07b0 04000000 		.4byte	.LBE51-.LBB51
 1291 07b4 01       		.byte	0x1
 1292 07b5 48       		.byte	0x48
 1293 07b6 20       		.byte	0x20
 1294 07b7 C9070000 		.4byte	0x7c9
 1295 07bb 16       		.uleb128 0x16
 1296 07bc B5080000 		.4byte	0x8b5
 1297 07c0 ED000000 		.4byte	.LLST1
 1298 07c4 EB000000 		.4byte	.LVUS1
 1299 07c8 00       		.byte	0
 1300 07c9 17       		.uleb128 0x17
 1301 07ca 88080000 		.4byte	0x888
 1302 07ce 0E000000 		.4byte	.LBI53
 1303 07d2 04       		.byte	.LVU12
 1304 07d3 00000000 		.4byte	.Ldebug_ranges0+0
 1305 07d7 01       		.byte	0x1
 1306 07d8 4F       		.byte	0x4f
 1307 07d9 03       		.byte	0x3
 1308 07da EC070000 		.4byte	0x7ec
 1309 07de 18       		.uleb128 0x18
 1310 07df 96080000 		.4byte	0x896
 1311 07e3 04010000 		.4byte	.LLST2
ARM GAS  /tmp/ccBURlol.s 			page 24


 1312 07e7 00010000 		.4byte	.LVUS2
 1313 07eb 00       		.byte	0
 1314 07ec 1B       		.uleb128 0x1b
 1315 07ed 36080000 		.4byte	0x836
 1316 07f1 14000000 		.4byte	.LBI57
 1317 07f5 02       		.byte	.LVU18
 1318 07f6 18000000 		.4byte	.Ldebug_ranges0+0x18
 1319 07fa 01       		.byte	0x1
 1320 07fb 52       		.byte	0x52
 1321 07fc 03       		.byte	0x3
 1322 07fd 1A       		.uleb128 0x1a
 1323 07fe 4A080000 		.4byte	0x84a
 1324 0802 14000000 		.4byte	.LBI58
 1325 0806 04       		.byte	.LVU20
 1326 0807 20000000 		.4byte	.Ldebug_ranges0+0x20
 1327 080b 03       		.byte	0x3
 1328 080c 8E02     		.2byte	0x28e
 1329 080e 03       		.byte	0x3
 1330 080f 1C       		.uleb128 0x1c
 1331 0810 6C080000 		.4byte	0x86c
 1332 0814 14000000 		.4byte	.LBI59
 1333 0818 06       		.byte	.LVU22
 1334 0819 14000000 		.4byte	.LBB59
 1335 081d 06000000 		.4byte	.LBE59-.LBB59
 1336 0821 03       		.byte	0x3
 1337 0822 7502     		.2byte	0x275
 1338 0824 03       		.byte	0x3
 1339 0825 18       		.uleb128 0x18
 1340 0826 7A080000 		.4byte	0x87a
 1341 082a 27010000 		.4byte	.LLST3
 1342 082e 25010000 		.4byte	.LVUS3
 1343 0832 00       		.byte	0
 1344 0833 00       		.byte	0
 1345 0834 00       		.byte	0
 1346 0835 00       		.byte	0
 1347 0836 1E       		.uleb128 0x1e
 1348 0837 1F030000 		.4byte	.LASF76
 1349 083b 03       		.byte	0x3
 1350 083c 8C02     		.2byte	0x28c
 1351 083e 14       		.byte	0x14
 1352 083f 03       		.byte	0x3
 1353 0840 1E       		.uleb128 0x1e
 1354 0841 00000000 		.4byte	.LASF77
 1355 0845 03       		.byte	0x3
 1356 0846 8102     		.2byte	0x281
 1357 0848 14       		.byte	0x14
 1358 0849 03       		.byte	0x3
 1359 084a 1E       		.uleb128 0x1e
 1360 084b 90020000 		.4byte	.LASF78
 1361 084f 03       		.byte	0x3
 1362 0850 7202     		.2byte	0x272
 1363 0852 14       		.byte	0x14
 1364 0853 03       		.byte	0x3
 1365 0854 1E       		.uleb128 0x1e
 1366 0855 69000000 		.4byte	.LASF79
 1367 0859 03       		.byte	0x3
 1368 085a 5A02     		.2byte	0x25a
ARM GAS  /tmp/ccBURlol.s 			page 25


 1369 085c 14       		.byte	0x14
 1370 085d 03       		.byte	0x3
 1371 085e 1F       		.uleb128 0x1f
 1372 085f A1000000 		.4byte	.LASF88
 1373 0863 02       		.byte	0x2
 1374 0864 FE02     		.2byte	0x2fe
 1375 0866 1F       		.byte	0x1f
 1376 0867 9B000000 		.4byte	0x9b
 1377 086b 03       		.byte	0x3
 1378 086c 20       		.uleb128 0x20
 1379 086d 11030000 		.4byte	.LASF80
 1380 0871 02       		.byte	0x2
 1381 0872 EB01     		.2byte	0x1eb
 1382 0874 1B       		.byte	0x1b
 1383 0875 03       		.byte	0x3
 1384 0876 88080000 		.4byte	0x888
 1385 087a 21       		.uleb128 0x21
 1386 087b 58020000 		.4byte	.LASF82
 1387 087f 02       		.byte	0x2
 1388 0880 EB01     		.2byte	0x1eb
 1389 0882 32       		.byte	0x32
 1390 0883 9B000000 		.4byte	0x9b
 1391 0887 00       		.byte	0
 1392 0888 20       		.uleb128 0x20
 1393 0889 97010000 		.4byte	.LASF81
 1394 088d 02       		.byte	0x2
 1395 088e 1501     		.2byte	0x115
 1396 0890 1B       		.byte	0x1b
 1397 0891 03       		.byte	0x3
 1398 0892 A4080000 		.4byte	0x8a4
 1399 0896 21       		.uleb128 0x21
 1400 0897 77010000 		.4byte	.LASF83
 1401 089b 02       		.byte	0x2
 1402 089c 1501     		.2byte	0x115
 1403 089e 2E       		.byte	0x2e
 1404 089f 9B000000 		.4byte	0x9b
 1405 08a3 00       		.byte	0
 1406 08a4 22       		.uleb128 0x22
 1407 08a5 86010000 		.4byte	.LASF89
 1408 08a9 02       		.byte	0x2
 1409 08aa F7       		.byte	0xf7
 1410 08ab 1F       		.byte	0x1f
 1411 08ac 9B000000 		.4byte	0x9b
 1412 08b0 03       		.byte	0x3
 1413 08b1 C2080000 		.4byte	0x8c2
 1414 08b5 23       		.uleb128 0x23
 1415 08b6 90010000 		.4byte	.LASF90
 1416 08ba 02       		.byte	0x2
 1417 08bb F9       		.byte	0xf9
 1418 08bc 0C       		.byte	0xc
 1419 08bd 9B000000 		.4byte	0x9b
 1420 08c1 00       		.byte	0
 1421 08c2 24       		.uleb128 0x24
 1422 08c3 54010000 		.4byte	.LASF91
 1423 08c7 54010000 		.4byte	.LASF91
 1424 08cb 08       		.byte	0x8
 1425 08cc D701     		.2byte	0x1d7
ARM GAS  /tmp/ccBURlol.s 			page 26


 1426 08ce 08       		.byte	0x8
 1427 08cf 00       		.byte	0
 1428              		.section	.debug_abbrev,"",%progbits
 1429              	.Ldebug_abbrev0:
 1430 0000 01       		.uleb128 0x1
 1431 0001 11       		.uleb128 0x11
 1432 0002 01       		.byte	0x1
 1433 0003 25       		.uleb128 0x25
 1434 0004 0E       		.uleb128 0xe
 1435 0005 13       		.uleb128 0x13
 1436 0006 0B       		.uleb128 0xb
 1437 0007 03       		.uleb128 0x3
 1438 0008 0E       		.uleb128 0xe
 1439 0009 1B       		.uleb128 0x1b
 1440 000a 0E       		.uleb128 0xe
 1441 000b 55       		.uleb128 0x55
 1442 000c 17       		.uleb128 0x17
 1443 000d 11       		.uleb128 0x11
 1444 000e 01       		.uleb128 0x1
 1445 000f 10       		.uleb128 0x10
 1446 0010 17       		.uleb128 0x17
 1447 0011 00       		.byte	0
 1448 0012 00       		.byte	0
 1449 0013 02       		.uleb128 0x2
 1450 0014 24       		.uleb128 0x24
 1451 0015 00       		.byte	0
 1452 0016 0B       		.uleb128 0xb
 1453 0017 0B       		.uleb128 0xb
 1454 0018 3E       		.uleb128 0x3e
 1455 0019 0B       		.uleb128 0xb
 1456 001a 03       		.uleb128 0x3
 1457 001b 08       		.uleb128 0x8
 1458 001c 00       		.byte	0
 1459 001d 00       		.byte	0
 1460 001e 03       		.uleb128 0x3
 1461 001f 24       		.uleb128 0x24
 1462 0020 00       		.byte	0
 1463 0021 0B       		.uleb128 0xb
 1464 0022 0B       		.uleb128 0xb
 1465 0023 3E       		.uleb128 0x3e
 1466 0024 0B       		.uleb128 0xb
 1467 0025 03       		.uleb128 0x3
 1468 0026 0E       		.uleb128 0xe
 1469 0027 00       		.byte	0
 1470 0028 00       		.byte	0
 1471 0029 04       		.uleb128 0x4
 1472 002a 16       		.uleb128 0x16
 1473 002b 00       		.byte	0
 1474 002c 03       		.uleb128 0x3
 1475 002d 0E       		.uleb128 0xe
 1476 002e 3A       		.uleb128 0x3a
 1477 002f 0B       		.uleb128 0xb
 1478 0030 3B       		.uleb128 0x3b
 1479 0031 0B       		.uleb128 0xb
 1480 0032 39       		.uleb128 0x39
 1481 0033 0B       		.uleb128 0xb
 1482 0034 49       		.uleb128 0x49
ARM GAS  /tmp/ccBURlol.s 			page 27


 1483 0035 13       		.uleb128 0x13
 1484 0036 00       		.byte	0
 1485 0037 00       		.byte	0
 1486 0038 05       		.uleb128 0x5
 1487 0039 35       		.uleb128 0x35
 1488 003a 00       		.byte	0
 1489 003b 49       		.uleb128 0x49
 1490 003c 13       		.uleb128 0x13
 1491 003d 00       		.byte	0
 1492 003e 00       		.byte	0
 1493 003f 06       		.uleb128 0x6
 1494 0040 26       		.uleb128 0x26
 1495 0041 00       		.byte	0
 1496 0042 49       		.uleb128 0x49
 1497 0043 13       		.uleb128 0x13
 1498 0044 00       		.byte	0
 1499 0045 00       		.byte	0
 1500 0046 07       		.uleb128 0x7
 1501 0047 0F       		.uleb128 0xf
 1502 0048 00       		.byte	0
 1503 0049 0B       		.uleb128 0xb
 1504 004a 0B       		.uleb128 0xb
 1505 004b 00       		.byte	0
 1506 004c 00       		.byte	0
 1507 004d 08       		.uleb128 0x8
 1508 004e 13       		.uleb128 0x13
 1509 004f 01       		.byte	0x1
 1510 0050 0B       		.uleb128 0xb
 1511 0051 05       		.uleb128 0x5
 1512 0052 3A       		.uleb128 0x3a
 1513 0053 0B       		.uleb128 0xb
 1514 0054 3B       		.uleb128 0x3b
 1515 0055 05       		.uleb128 0x5
 1516 0056 39       		.uleb128 0x39
 1517 0057 0B       		.uleb128 0xb
 1518 0058 01       		.uleb128 0x1
 1519 0059 13       		.uleb128 0x13
 1520 005a 00       		.byte	0
 1521 005b 00       		.byte	0
 1522 005c 09       		.uleb128 0x9
 1523 005d 0D       		.uleb128 0xd
 1524 005e 00       		.byte	0
 1525 005f 03       		.uleb128 0x3
 1526 0060 0E       		.uleb128 0xe
 1527 0061 3A       		.uleb128 0x3a
 1528 0062 0B       		.uleb128 0xb
 1529 0063 3B       		.uleb128 0x3b
 1530 0064 05       		.uleb128 0x5
 1531 0065 39       		.uleb128 0x39
 1532 0066 0B       		.uleb128 0xb
 1533 0067 49       		.uleb128 0x49
 1534 0068 13       		.uleb128 0x13
 1535 0069 38       		.uleb128 0x38
 1536 006a 0B       		.uleb128 0xb
 1537 006b 00       		.byte	0
 1538 006c 00       		.byte	0
 1539 006d 0A       		.uleb128 0xa
ARM GAS  /tmp/ccBURlol.s 			page 28


 1540 006e 0D       		.uleb128 0xd
 1541 006f 00       		.byte	0
 1542 0070 03       		.uleb128 0x3
 1543 0071 08       		.uleb128 0x8
 1544 0072 3A       		.uleb128 0x3a
 1545 0073 0B       		.uleb128 0xb
 1546 0074 3B       		.uleb128 0x3b
 1547 0075 05       		.uleb128 0x5
 1548 0076 39       		.uleb128 0x39
 1549 0077 0B       		.uleb128 0xb
 1550 0078 49       		.uleb128 0x49
 1551 0079 13       		.uleb128 0x13
 1552 007a 38       		.uleb128 0x38
 1553 007b 0B       		.uleb128 0xb
 1554 007c 00       		.byte	0
 1555 007d 00       		.byte	0
 1556 007e 0B       		.uleb128 0xb
 1557 007f 0D       		.uleb128 0xd
 1558 0080 00       		.byte	0
 1559 0081 03       		.uleb128 0x3
 1560 0082 0E       		.uleb128 0xe
 1561 0083 3A       		.uleb128 0x3a
 1562 0084 0B       		.uleb128 0xb
 1563 0085 3B       		.uleb128 0x3b
 1564 0086 05       		.uleb128 0x5
 1565 0087 39       		.uleb128 0x39
 1566 0088 0B       		.uleb128 0xb
 1567 0089 49       		.uleb128 0x49
 1568 008a 13       		.uleb128 0x13
 1569 008b 38       		.uleb128 0x38
 1570 008c 05       		.uleb128 0x5
 1571 008d 00       		.byte	0
 1572 008e 00       		.byte	0
 1573 008f 0C       		.uleb128 0xc
 1574 0090 01       		.uleb128 0x1
 1575 0091 01       		.byte	0x1
 1576 0092 49       		.uleb128 0x49
 1577 0093 13       		.uleb128 0x13
 1578 0094 01       		.uleb128 0x1
 1579 0095 13       		.uleb128 0x13
 1580 0096 00       		.byte	0
 1581 0097 00       		.byte	0
 1582 0098 0D       		.uleb128 0xd
 1583 0099 21       		.uleb128 0x21
 1584 009a 00       		.byte	0
 1585 009b 49       		.uleb128 0x49
 1586 009c 13       		.uleb128 0x13
 1587 009d 2F       		.uleb128 0x2f
 1588 009e 0B       		.uleb128 0xb
 1589 009f 00       		.byte	0
 1590 00a0 00       		.byte	0
 1591 00a1 0E       		.uleb128 0xe
 1592 00a2 16       		.uleb128 0x16
 1593 00a3 00       		.byte	0
 1594 00a4 03       		.uleb128 0x3
 1595 00a5 0E       		.uleb128 0xe
 1596 00a6 3A       		.uleb128 0x3a
ARM GAS  /tmp/ccBURlol.s 			page 29


 1597 00a7 0B       		.uleb128 0xb
 1598 00a8 3B       		.uleb128 0x3b
 1599 00a9 05       		.uleb128 0x5
 1600 00aa 39       		.uleb128 0x39
 1601 00ab 0B       		.uleb128 0xb
 1602 00ac 49       		.uleb128 0x49
 1603 00ad 13       		.uleb128 0x13
 1604 00ae 00       		.byte	0
 1605 00af 00       		.byte	0
 1606 00b0 0F       		.uleb128 0xf
 1607 00b1 13       		.uleb128 0x13
 1608 00b2 01       		.byte	0x1
 1609 00b3 0B       		.uleb128 0xb
 1610 00b4 0B       		.uleb128 0xb
 1611 00b5 3A       		.uleb128 0x3a
 1612 00b6 0B       		.uleb128 0xb
 1613 00b7 3B       		.uleb128 0x3b
 1614 00b8 05       		.uleb128 0x5
 1615 00b9 39       		.uleb128 0x39
 1616 00ba 0B       		.uleb128 0xb
 1617 00bb 01       		.uleb128 0x1
 1618 00bc 13       		.uleb128 0x13
 1619 00bd 00       		.byte	0
 1620 00be 00       		.byte	0
 1621 00bf 10       		.uleb128 0x10
 1622 00c0 13       		.uleb128 0x13
 1623 00c1 01       		.byte	0x1
 1624 00c2 03       		.uleb128 0x3
 1625 00c3 0E       		.uleb128 0xe
 1626 00c4 0B       		.uleb128 0xb
 1627 00c5 0B       		.uleb128 0xb
 1628 00c6 3A       		.uleb128 0x3a
 1629 00c7 0B       		.uleb128 0xb
 1630 00c8 3B       		.uleb128 0x3b
 1631 00c9 05       		.uleb128 0x5
 1632 00ca 39       		.uleb128 0x39
 1633 00cb 0B       		.uleb128 0xb
 1634 00cc 01       		.uleb128 0x1
 1635 00cd 13       		.uleb128 0x13
 1636 00ce 00       		.byte	0
 1637 00cf 00       		.byte	0
 1638 00d0 11       		.uleb128 0x11
 1639 00d1 2E       		.uleb128 0x2e
 1640 00d2 01       		.byte	0x1
 1641 00d3 3F       		.uleb128 0x3f
 1642 00d4 19       		.uleb128 0x19
 1643 00d5 03       		.uleb128 0x3
 1644 00d6 0E       		.uleb128 0xe
 1645 00d7 3A       		.uleb128 0x3a
 1646 00d8 0B       		.uleb128 0xb
 1647 00d9 3B       		.uleb128 0x3b
 1648 00da 0B       		.uleb128 0xb
 1649 00db 39       		.uleb128 0x39
 1650 00dc 0B       		.uleb128 0xb
 1651 00dd 27       		.uleb128 0x27
 1652 00de 19       		.uleb128 0x19
 1653 00df 11       		.uleb128 0x11
ARM GAS  /tmp/ccBURlol.s 			page 30


 1654 00e0 01       		.uleb128 0x1
 1655 00e1 12       		.uleb128 0x12
 1656 00e2 06       		.uleb128 0x6
 1657 00e3 40       		.uleb128 0x40
 1658 00e4 18       		.uleb128 0x18
 1659 00e5 9742     		.uleb128 0x2117
 1660 00e7 19       		.uleb128 0x19
 1661 00e8 01       		.uleb128 0x1
 1662 00e9 13       		.uleb128 0x13
 1663 00ea 00       		.byte	0
 1664 00eb 00       		.byte	0
 1665 00ec 12       		.uleb128 0x12
 1666 00ed 0B       		.uleb128 0xb
 1667 00ee 01       		.byte	0x1
 1668 00ef 55       		.uleb128 0x55
 1669 00f0 17       		.uleb128 0x17
 1670 00f1 01       		.uleb128 0x1
 1671 00f2 13       		.uleb128 0x13
 1672 00f3 00       		.byte	0
 1673 00f4 00       		.byte	0
 1674 00f5 13       		.uleb128 0x13
 1675 00f6 34       		.uleb128 0x34
 1676 00f7 00       		.byte	0
 1677 00f8 03       		.uleb128 0x3
 1678 00f9 0E       		.uleb128 0xe
 1679 00fa 3A       		.uleb128 0x3a
 1680 00fb 0B       		.uleb128 0xb
 1681 00fc 3B       		.uleb128 0x3b
 1682 00fd 0B       		.uleb128 0xb
 1683 00fe 39       		.uleb128 0x39
 1684 00ff 0B       		.uleb128 0xb
 1685 0100 49       		.uleb128 0x49
 1686 0101 13       		.uleb128 0x13
 1687 0102 02       		.uleb128 0x2
 1688 0103 17       		.uleb128 0x17
 1689 0104 B742     		.uleb128 0x2137
 1690 0106 17       		.uleb128 0x17
 1691 0107 00       		.byte	0
 1692 0108 00       		.byte	0
 1693 0109 14       		.uleb128 0x14
 1694 010a 1D       		.uleb128 0x1d
 1695 010b 00       		.byte	0
 1696 010c 31       		.uleb128 0x31
 1697 010d 13       		.uleb128 0x13
 1698 010e 52       		.uleb128 0x52
 1699 010f 01       		.uleb128 0x1
 1700 0110 B842     		.uleb128 0x2138
 1701 0112 0B       		.uleb128 0xb
 1702 0113 11       		.uleb128 0x11
 1703 0114 01       		.uleb128 0x1
 1704 0115 12       		.uleb128 0x12
 1705 0116 06       		.uleb128 0x6
 1706 0117 58       		.uleb128 0x58
 1707 0118 0B       		.uleb128 0xb
 1708 0119 59       		.uleb128 0x59
 1709 011a 0B       		.uleb128 0xb
 1710 011b 57       		.uleb128 0x57
ARM GAS  /tmp/ccBURlol.s 			page 31


 1711 011c 0B       		.uleb128 0xb
 1712 011d 00       		.byte	0
 1713 011e 00       		.byte	0
 1714 011f 15       		.uleb128 0x15
 1715 0120 1D       		.uleb128 0x1d
 1716 0121 01       		.byte	0x1
 1717 0122 31       		.uleb128 0x31
 1718 0123 13       		.uleb128 0x13
 1719 0124 52       		.uleb128 0x52
 1720 0125 01       		.uleb128 0x1
 1721 0126 B842     		.uleb128 0x2138
 1722 0128 0B       		.uleb128 0xb
 1723 0129 11       		.uleb128 0x11
 1724 012a 01       		.uleb128 0x1
 1725 012b 12       		.uleb128 0x12
 1726 012c 06       		.uleb128 0x6
 1727 012d 58       		.uleb128 0x58
 1728 012e 0B       		.uleb128 0xb
 1729 012f 59       		.uleb128 0x59
 1730 0130 0B       		.uleb128 0xb
 1731 0131 57       		.uleb128 0x57
 1732 0132 0B       		.uleb128 0xb
 1733 0133 01       		.uleb128 0x1
 1734 0134 13       		.uleb128 0x13
 1735 0135 00       		.byte	0
 1736 0136 00       		.byte	0
 1737 0137 16       		.uleb128 0x16
 1738 0138 34       		.uleb128 0x34
 1739 0139 00       		.byte	0
 1740 013a 31       		.uleb128 0x31
 1741 013b 13       		.uleb128 0x13
 1742 013c 02       		.uleb128 0x2
 1743 013d 17       		.uleb128 0x17
 1744 013e B742     		.uleb128 0x2137
 1745 0140 17       		.uleb128 0x17
 1746 0141 00       		.byte	0
 1747 0142 00       		.byte	0
 1748 0143 17       		.uleb128 0x17
 1749 0144 1D       		.uleb128 0x1d
 1750 0145 01       		.byte	0x1
 1751 0146 31       		.uleb128 0x31
 1752 0147 13       		.uleb128 0x13
 1753 0148 52       		.uleb128 0x52
 1754 0149 01       		.uleb128 0x1
 1755 014a B842     		.uleb128 0x2138
 1756 014c 0B       		.uleb128 0xb
 1757 014d 55       		.uleb128 0x55
 1758 014e 17       		.uleb128 0x17
 1759 014f 58       		.uleb128 0x58
 1760 0150 0B       		.uleb128 0xb
 1761 0151 59       		.uleb128 0x59
 1762 0152 0B       		.uleb128 0xb
 1763 0153 57       		.uleb128 0x57
 1764 0154 0B       		.uleb128 0xb
 1765 0155 01       		.uleb128 0x1
 1766 0156 13       		.uleb128 0x13
 1767 0157 00       		.byte	0
ARM GAS  /tmp/ccBURlol.s 			page 32


 1768 0158 00       		.byte	0
 1769 0159 18       		.uleb128 0x18
 1770 015a 05       		.uleb128 0x5
 1771 015b 00       		.byte	0
 1772 015c 31       		.uleb128 0x31
 1773 015d 13       		.uleb128 0x13
 1774 015e 02       		.uleb128 0x2
 1775 015f 17       		.uleb128 0x17
 1776 0160 B742     		.uleb128 0x2137
 1777 0162 17       		.uleb128 0x17
 1778 0163 00       		.byte	0
 1779 0164 00       		.byte	0
 1780 0165 19       		.uleb128 0x19
 1781 0166 898201   		.uleb128 0x4109
 1782 0169 00       		.byte	0
 1783 016a 11       		.uleb128 0x11
 1784 016b 01       		.uleb128 0x1
 1785 016c 31       		.uleb128 0x31
 1786 016d 13       		.uleb128 0x13
 1787 016e 00       		.byte	0
 1788 016f 00       		.byte	0
 1789 0170 1A       		.uleb128 0x1a
 1790 0171 1D       		.uleb128 0x1d
 1791 0172 01       		.byte	0x1
 1792 0173 31       		.uleb128 0x31
 1793 0174 13       		.uleb128 0x13
 1794 0175 52       		.uleb128 0x52
 1795 0176 01       		.uleb128 0x1
 1796 0177 B842     		.uleb128 0x2138
 1797 0179 0B       		.uleb128 0xb
 1798 017a 55       		.uleb128 0x55
 1799 017b 17       		.uleb128 0x17
 1800 017c 58       		.uleb128 0x58
 1801 017d 0B       		.uleb128 0xb
 1802 017e 59       		.uleb128 0x59
 1803 017f 05       		.uleb128 0x5
 1804 0180 57       		.uleb128 0x57
 1805 0181 0B       		.uleb128 0xb
 1806 0182 00       		.byte	0
 1807 0183 00       		.byte	0
 1808 0184 1B       		.uleb128 0x1b
 1809 0185 1D       		.uleb128 0x1d
 1810 0186 01       		.byte	0x1
 1811 0187 31       		.uleb128 0x31
 1812 0188 13       		.uleb128 0x13
 1813 0189 52       		.uleb128 0x52
 1814 018a 01       		.uleb128 0x1
 1815 018b B842     		.uleb128 0x2138
 1816 018d 0B       		.uleb128 0xb
 1817 018e 55       		.uleb128 0x55
 1818 018f 17       		.uleb128 0x17
 1819 0190 58       		.uleb128 0x58
 1820 0191 0B       		.uleb128 0xb
 1821 0192 59       		.uleb128 0x59
 1822 0193 0B       		.uleb128 0xb
 1823 0194 57       		.uleb128 0x57
 1824 0195 0B       		.uleb128 0xb
ARM GAS  /tmp/ccBURlol.s 			page 33


 1825 0196 00       		.byte	0
 1826 0197 00       		.byte	0
 1827 0198 1C       		.uleb128 0x1c
 1828 0199 1D       		.uleb128 0x1d
 1829 019a 01       		.byte	0x1
 1830 019b 31       		.uleb128 0x31
 1831 019c 13       		.uleb128 0x13
 1832 019d 52       		.uleb128 0x52
 1833 019e 01       		.uleb128 0x1
 1834 019f B842     		.uleb128 0x2138
 1835 01a1 0B       		.uleb128 0xb
 1836 01a2 11       		.uleb128 0x11
 1837 01a3 01       		.uleb128 0x1
 1838 01a4 12       		.uleb128 0x12
 1839 01a5 06       		.uleb128 0x6
 1840 01a6 58       		.uleb128 0x58
 1841 01a7 0B       		.uleb128 0xb
 1842 01a8 59       		.uleb128 0x59
 1843 01a9 05       		.uleb128 0x5
 1844 01aa 57       		.uleb128 0x57
 1845 01ab 0B       		.uleb128 0xb
 1846 01ac 00       		.byte	0
 1847 01ad 00       		.byte	0
 1848 01ae 1D       		.uleb128 0x1d
 1849 01af 0F       		.uleb128 0xf
 1850 01b0 00       		.byte	0
 1851 01b1 0B       		.uleb128 0xb
 1852 01b2 0B       		.uleb128 0xb
 1853 01b3 49       		.uleb128 0x49
 1854 01b4 13       		.uleb128 0x13
 1855 01b5 00       		.byte	0
 1856 01b6 00       		.byte	0
 1857 01b7 1E       		.uleb128 0x1e
 1858 01b8 2E       		.uleb128 0x2e
 1859 01b9 00       		.byte	0
 1860 01ba 03       		.uleb128 0x3
 1861 01bb 0E       		.uleb128 0xe
 1862 01bc 3A       		.uleb128 0x3a
 1863 01bd 0B       		.uleb128 0xb
 1864 01be 3B       		.uleb128 0x3b
 1865 01bf 05       		.uleb128 0x5
 1866 01c0 39       		.uleb128 0x39
 1867 01c1 0B       		.uleb128 0xb
 1868 01c2 27       		.uleb128 0x27
 1869 01c3 19       		.uleb128 0x19
 1870 01c4 20       		.uleb128 0x20
 1871 01c5 0B       		.uleb128 0xb
 1872 01c6 00       		.byte	0
 1873 01c7 00       		.byte	0
 1874 01c8 1F       		.uleb128 0x1f
 1875 01c9 2E       		.uleb128 0x2e
 1876 01ca 00       		.byte	0
 1877 01cb 03       		.uleb128 0x3
 1878 01cc 0E       		.uleb128 0xe
 1879 01cd 3A       		.uleb128 0x3a
 1880 01ce 0B       		.uleb128 0xb
 1881 01cf 3B       		.uleb128 0x3b
ARM GAS  /tmp/ccBURlol.s 			page 34


 1882 01d0 05       		.uleb128 0x5
 1883 01d1 39       		.uleb128 0x39
 1884 01d2 0B       		.uleb128 0xb
 1885 01d3 27       		.uleb128 0x27
 1886 01d4 19       		.uleb128 0x19
 1887 01d5 49       		.uleb128 0x49
 1888 01d6 13       		.uleb128 0x13
 1889 01d7 20       		.uleb128 0x20
 1890 01d8 0B       		.uleb128 0xb
 1891 01d9 00       		.byte	0
 1892 01da 00       		.byte	0
 1893 01db 20       		.uleb128 0x20
 1894 01dc 2E       		.uleb128 0x2e
 1895 01dd 01       		.byte	0x1
 1896 01de 03       		.uleb128 0x3
 1897 01df 0E       		.uleb128 0xe
 1898 01e0 3A       		.uleb128 0x3a
 1899 01e1 0B       		.uleb128 0xb
 1900 01e2 3B       		.uleb128 0x3b
 1901 01e3 05       		.uleb128 0x5
 1902 01e4 39       		.uleb128 0x39
 1903 01e5 0B       		.uleb128 0xb
 1904 01e6 27       		.uleb128 0x27
 1905 01e7 19       		.uleb128 0x19
 1906 01e8 20       		.uleb128 0x20
 1907 01e9 0B       		.uleb128 0xb
 1908 01ea 01       		.uleb128 0x1
 1909 01eb 13       		.uleb128 0x13
 1910 01ec 00       		.byte	0
 1911 01ed 00       		.byte	0
 1912 01ee 21       		.uleb128 0x21
 1913 01ef 05       		.uleb128 0x5
 1914 01f0 00       		.byte	0
 1915 01f1 03       		.uleb128 0x3
 1916 01f2 0E       		.uleb128 0xe
 1917 01f3 3A       		.uleb128 0x3a
 1918 01f4 0B       		.uleb128 0xb
 1919 01f5 3B       		.uleb128 0x3b
 1920 01f6 05       		.uleb128 0x5
 1921 01f7 39       		.uleb128 0x39
 1922 01f8 0B       		.uleb128 0xb
 1923 01f9 49       		.uleb128 0x49
 1924 01fa 13       		.uleb128 0x13
 1925 01fb 00       		.byte	0
 1926 01fc 00       		.byte	0
 1927 01fd 22       		.uleb128 0x22
 1928 01fe 2E       		.uleb128 0x2e
 1929 01ff 01       		.byte	0x1
 1930 0200 03       		.uleb128 0x3
 1931 0201 0E       		.uleb128 0xe
 1932 0202 3A       		.uleb128 0x3a
 1933 0203 0B       		.uleb128 0xb
 1934 0204 3B       		.uleb128 0x3b
 1935 0205 0B       		.uleb128 0xb
 1936 0206 39       		.uleb128 0x39
 1937 0207 0B       		.uleb128 0xb
 1938 0208 27       		.uleb128 0x27
ARM GAS  /tmp/ccBURlol.s 			page 35


 1939 0209 19       		.uleb128 0x19
 1940 020a 49       		.uleb128 0x49
 1941 020b 13       		.uleb128 0x13
 1942 020c 20       		.uleb128 0x20
 1943 020d 0B       		.uleb128 0xb
 1944 020e 01       		.uleb128 0x1
 1945 020f 13       		.uleb128 0x13
 1946 0210 00       		.byte	0
 1947 0211 00       		.byte	0
 1948 0212 23       		.uleb128 0x23
 1949 0213 34       		.uleb128 0x34
 1950 0214 00       		.byte	0
 1951 0215 03       		.uleb128 0x3
 1952 0216 0E       		.uleb128 0xe
 1953 0217 3A       		.uleb128 0x3a
 1954 0218 0B       		.uleb128 0xb
 1955 0219 3B       		.uleb128 0x3b
 1956 021a 0B       		.uleb128 0xb
 1957 021b 39       		.uleb128 0x39
 1958 021c 0B       		.uleb128 0xb
 1959 021d 49       		.uleb128 0x49
 1960 021e 13       		.uleb128 0x13
 1961 021f 00       		.byte	0
 1962 0220 00       		.byte	0
 1963 0221 24       		.uleb128 0x24
 1964 0222 2E       		.uleb128 0x2e
 1965 0223 00       		.byte	0
 1966 0224 3F       		.uleb128 0x3f
 1967 0225 19       		.uleb128 0x19
 1968 0226 3C       		.uleb128 0x3c
 1969 0227 19       		.uleb128 0x19
 1970 0228 6E       		.uleb128 0x6e
 1971 0229 0E       		.uleb128 0xe
 1972 022a 03       		.uleb128 0x3
 1973 022b 0E       		.uleb128 0xe
 1974 022c 3A       		.uleb128 0x3a
 1975 022d 0B       		.uleb128 0xb
 1976 022e 3B       		.uleb128 0x3b
 1977 022f 05       		.uleb128 0x5
 1978 0230 39       		.uleb128 0x39
 1979 0231 0B       		.uleb128 0xb
 1980 0232 00       		.byte	0
 1981 0233 00       		.byte	0
 1982 0234 00       		.byte	0
 1983              		.section	.debug_loc,"",%progbits
 1984              	.Ldebug_loc0:
 1985              	.LVUS5:
 1986 0000 01       		.uleb128 .LVU51
 1987 0001 03       		.uleb128 .LVU53
 1988 0002 03       		.uleb128 .LVU53
 1989 0003 00       		.uleb128 .LVU62
 1990 0004 00       		.uleb128 .LVU62
 1991 0005 00       		.uleb128 .LVU66
 1992 0006 00       		.uleb128 .LVU66
 1993 0007 00       		.uleb128 .LVU70
 1994 0008 00       		.uleb128 .LVU72
 1995 0009 00       		.uleb128 .LVU74
ARM GAS  /tmp/ccBURlol.s 			page 36


 1996              	.LLST5:
 1997 000a 1A000000 		.4byte	.LVL7
 1998 000e 1A000000 		.4byte	.LVL7
 1999 0012 0100     		.2byte	0x1
 2000 0014 54       		.byte	0x54
 2001 0015 1A000000 		.4byte	.LVL7
 2002 0019 2E000000 		.4byte	.LVL9
 2003 001d 0400     		.2byte	0x4
 2004 001f 74       		.byte	0x74
 2005 0020 987F     		.sleb128 -104
 2006 0022 9F       		.byte	0x9f
 2007 0023 2E000000 		.4byte	.LVL9
 2008 0027 35000000 		.4byte	.LVL11-1
 2009 002b 0100     		.2byte	0x1
 2010 002d 53       		.byte	0x53
 2011 002e 35000000 		.4byte	.LVL11-1
 2012 0032 3E000000 		.4byte	.LVL12
 2013 0036 0400     		.2byte	0x4
 2014 0038 74       		.byte	0x74
 2015 0039 987F     		.sleb128 -104
 2016 003b 9F       		.byte	0x9f
 2017 003c 40000000 		.4byte	.LVL13
 2018 0040 44000000 		.4byte	.LVL14
 2019 0044 0400     		.2byte	0x4
 2020 0046 74       		.byte	0x74
 2021 0047 987F     		.sleb128 -104
 2022 0049 9F       		.byte	0x9f
 2023 004a 00000000 		.4byte	0
 2024 004e 00000000 		.4byte	0
 2025              	.LVUS6:
 2026 0052 00       		.uleb128 .LVU50
 2027 0053 01       		.uleb128 .LVU51
 2028              	.LLST6:
 2029 0054 1A000000 		.4byte	.LVL7
 2030 0058 1A000000 		.4byte	.LVL7
 2031 005c 0100     		.2byte	0x1
 2032 005e 54       		.byte	0x54
 2033 005f 00000000 		.4byte	0
 2034 0063 00000000 		.4byte	0
 2035              	.LVUS7:
 2036 0067 01       		.uleb128 .LVU59
 2037 0068 00       		.uleb128 .LVU62
 2038 0069 00       		.uleb128 .LVU62
 2039 006a 00       		.uleb128 .LVU63
 2040              	.LLST7:
 2041 006b 2A000000 		.4byte	.LVL8
 2042 006f 2E000000 		.4byte	.LVL9
 2043 0073 0400     		.2byte	0x4
 2044 0075 74       		.byte	0x74
 2045 0076 987F     		.sleb128 -104
 2046 0078 9F       		.byte	0x9f
 2047 0079 2E000000 		.4byte	.LVL9
 2048 007d 32000000 		.4byte	.LVL10
 2049 0081 0100     		.2byte	0x1
 2050 0083 53       		.byte	0x53
 2051 0084 00000000 		.4byte	0
 2052 0088 00000000 		.4byte	0
ARM GAS  /tmp/ccBURlol.s 			page 37


 2053              	.LVUS4:
 2054 008c 06       		.uleb128 .LVU33
 2055 008d 00       		.uleb128 .LVU37
 2056              	.LLST4:
 2057 008e 00000000 		.4byte	.LVL5
 2058 0092 08000000 		.4byte	.LVL6
 2059 0096 0300     		.2byte	0x3
 2060 0098 08       		.byte	0x8
 2061 0099 20       		.byte	0x20
 2062 009a 9F       		.byte	0x9f
 2063 009b 00000000 		.4byte	0
 2064 009f 00000000 		.4byte	0
 2065              	.LVUS8:
 2066 00a3 06       		.uleb128 .LVU80
 2067 00a4 00       		.uleb128 .LVU82
 2068              	.LLST8:
 2069 00a5 44000000 		.4byte	.LVL14
 2070 00a9 48000000 		.4byte	.LVL15
 2071 00ad 0200     		.2byte	0x2
 2072 00af 30       		.byte	0x30
 2073 00b0 9F       		.byte	0x9f
 2074 00b1 00000000 		.4byte	0
 2075 00b5 00000000 		.4byte	0
 2076              	.LVUS0:
 2077 00b9 01       		.uleb128 .LVU9
 2078 00ba 03       		.uleb128 .LVU11
 2079 00bb 03       		.uleb128 .LVU11
 2080 00bc 00       		.uleb128 .LVU15
 2081 00bd 00       		.uleb128 .LVU15
 2082 00be 00       		.uleb128 .LVU24
 2083              	.LLST0:
 2084 00bf 0E000000 		.4byte	.LVL0
 2085 00c3 0E000000 		.4byte	.LVL0
 2086 00c7 0100     		.2byte	0x1
 2087 00c9 53       		.byte	0x53
 2088 00ca 0E000000 		.4byte	.LVL0
 2089 00ce 10000000 		.4byte	.LVL1
 2090 00d2 0400     		.2byte	0x4
 2091 00d4 73       		.byte	0x73
 2092 00d5 E800     		.sleb128 104
 2093 00d7 9F       		.byte	0x9f
 2094 00d8 10000000 		.4byte	.LVL1
 2095 00dc 16000000 		.4byte	.LVL3
 2096 00e0 0100     		.2byte	0x1
 2097 00e2 53       		.byte	0x53
 2098 00e3 00000000 		.4byte	0
 2099 00e7 00000000 		.4byte	0
 2100              	.LVUS1:
 2101 00eb 00       		.uleb128 .LVU8
 2102 00ec 01       		.uleb128 .LVU9
 2103              	.LLST1:
 2104 00ed 0E000000 		.4byte	.LVL0
 2105 00f1 0E000000 		.4byte	.LVL0
 2106 00f5 0100     		.2byte	0x1
 2107 00f7 53       		.byte	0x53
 2108 00f8 00000000 		.4byte	0
 2109 00fc 00000000 		.4byte	0
ARM GAS  /tmp/ccBURlol.s 			page 38


 2110              	.LVUS2:
 2111 0100 04       		.uleb128 .LVU12
 2112 0101 00       		.uleb128 .LVU15
 2113 0102 00       		.uleb128 .LVU15
 2114 0103 00       		.uleb128 .LVU16
 2115              	.LLST2:
 2116 0104 0E000000 		.4byte	.LVL0
 2117 0108 10000000 		.4byte	.LVL1
 2118 010c 0400     		.2byte	0x4
 2119 010e 73       		.byte	0x73
 2120 010f E800     		.sleb128 104
 2121 0111 9F       		.byte	0x9f
 2122 0112 10000000 		.4byte	.LVL1
 2123 0116 14000000 		.4byte	.LVL2
 2124 011a 0100     		.2byte	0x1
 2125 011c 53       		.byte	0x53
 2126 011d 00000000 		.4byte	0
 2127 0121 00000000 		.4byte	0
 2128              	.LVUS3:
 2129 0125 06       		.uleb128 .LVU22
 2130 0126 00       		.uleb128 .LVU25
 2131              	.LLST3:
 2132 0127 14000000 		.4byte	.LVL2
 2133 012b 1A000000 		.4byte	.LVL4
 2134 012f 0200     		.2byte	0x2
 2135 0131 30       		.byte	0x30
 2136 0132 9F       		.byte	0x9f
 2137 0133 00000000 		.4byte	0
 2138 0137 00000000 		.4byte	0
 2139              		.section	.debug_aranges,"",%progbits
 2140 0000 24000000 		.4byte	0x24
 2141 0004 0200     		.2byte	0x2
 2142 0006 00000000 		.4byte	.Ldebug_info0
 2143 000a 04       		.byte	0x4
 2144 000b 00       		.byte	0
 2145 000c 0000     		.2byte	0
 2146 000e 0000     		.2byte	0
 2147 0010 00000000 		.4byte	.LFB301
 2148 0014 20000000 		.4byte	.LFE301-.LFB301
 2149 0018 00000000 		.4byte	.LFB302
 2150 001c 5C000000 		.4byte	.LFE302-.LFB302
 2151 0020 00000000 		.4byte	0
 2152 0024 00000000 		.4byte	0
 2153              		.section	.debug_ranges,"",%progbits
 2154              	.Ldebug_ranges0:
 2155 0000 0E000000 		.4byte	.LBB53
 2156 0004 0E000000 		.4byte	.LBE53
 2157 0008 10000000 		.4byte	.LBB56
 2158 000c 14000000 		.4byte	.LBE56
 2159 0010 00000000 		.4byte	0
 2160 0014 00000000 		.4byte	0
 2161 0018 14000000 		.4byte	.LBB57
 2162 001c 14000000 		.4byte	.LBE57
 2163 0020 14000000 		.4byte	.LBB62
 2164 0024 14000000 		.4byte	.LBE62
 2165 0028 14000000 		.4byte	.LBB63
 2166 002c 1A000000 		.4byte	.LBE63
ARM GAS  /tmp/ccBURlol.s 			page 39


 2167 0030 00000000 		.4byte	0
 2168 0034 00000000 		.4byte	0
 2169 0038 00000000 		.4byte	.LBB64
 2170 003c 00000000 		.4byte	.LBE64
 2171 0040 00000000 		.4byte	.LBB72
 2172 0044 00000000 		.4byte	.LBE72
 2173 0048 00000000 		.4byte	.LBB73
 2174 004c 02000000 		.4byte	.LBE73
 2175 0050 04000000 		.4byte	.LBB74
 2176 0054 08000000 		.4byte	.LBE74
 2177 0058 00000000 		.4byte	0
 2178 005c 00000000 		.4byte	0
 2179 0060 12000000 		.4byte	.LBB75
 2180 0064 3E000000 		.4byte	.LBE75
 2181 0068 40000000 		.4byte	.LBB84
 2182 006c 44000000 		.4byte	.LBE84
 2183 0070 00000000 		.4byte	0
 2184 0074 00000000 		.4byte	0
 2185 0078 2A000000 		.4byte	.LBB80
 2186 007c 2A000000 		.4byte	.LBE80
 2187 0080 2E000000 		.4byte	.LBB83
 2188 0084 32000000 		.4byte	.LBE83
 2189 0088 00000000 		.4byte	0
 2190 008c 00000000 		.4byte	0
 2191 0090 44000000 		.4byte	.LBB85
 2192 0094 44000000 		.4byte	.LBE85
 2193 0098 44000000 		.4byte	.LBB92
 2194 009c 5C000000 		.4byte	.LBE92
 2195 00a0 00000000 		.4byte	0
 2196 00a4 00000000 		.4byte	0
 2197 00a8 44000000 		.4byte	.LBB87
 2198 00ac 44000000 		.4byte	.LBE87
 2199 00b0 44000000 		.4byte	.LBB90
 2200 00b4 48000000 		.4byte	.LBE90
 2201 00b8 00000000 		.4byte	0
 2202 00bc 00000000 		.4byte	0
 2203 00c0 00000000 		.4byte	.LFB301
 2204 00c4 20000000 		.4byte	.LFE301
 2205 00c8 00000000 		.4byte	.LFB302
 2206 00cc 5C000000 		.4byte	.LFE302
 2207 00d0 00000000 		.4byte	0
 2208 00d4 00000000 		.4byte	0
 2209              		.section	.debug_line,"",%progbits
 2210              	.Ldebug_line0:
 2211 0000 33030000 		.section	.debug_str,"MS",%progbits,1
 2211      03009D01 
 2211      00000201 
 2211      FB0E0D00 
 2211      01010101 
 2212              	.LASF77:
 2213 0000 706F7274 		.ascii	"port_lock_from_isr\000"
 2213      5F6C6F63 
 2213      6B5F6672 
 2213      6F6D5F69 
 2213      737200
 2214              	.LASF50:
 2215 0013 44434353 		.ascii	"DCCSW\000"
ARM GAS  /tmp/ccBURlol.s 			page 40


 2215      5700
 2216              	.LASF5:
 2217 0019 73686F72 		.ascii	"short int\000"
 2217      7420696E 
 2217      7400
 2218              	.LASF40:
 2219 0023 4D564652 		.ascii	"MVFR1\000"
 2219      3100
 2220              	.LASF85:
 2221 0029 2E2E2F2E 		.ascii	"../../modules/ChibiOS/os/common/ports/ARMCMx/chcore"
 2221      2E2F6D6F 
 2221      64756C65 
 2221      732F4368 
 2221      6962694F 
 2222 005c 5F76376D 		.ascii	"_v7m.c\000"
 2222      2E6300
 2223              	.LASF47:
 2224 0063 44434953 		.ascii	"DCISW\000"
 2224      5700
 2225              	.LASF79:
 2226 0069 706F7274 		.ascii	"port_lock\000"
 2226      5F6C6F63 
 2226      6B00
 2227              	.LASF9:
 2228 0073 5F5F7569 		.ascii	"__uint32_t\000"
 2228      6E743332 
 2228      5F7400
 2229              	.LASF51:
 2230 007e 44434349 		.ascii	"DCCIMVAC\000"
 2230      4D564143 
 2230      00
 2231              	.LASF27:
 2232 0087 49445F44 		.ascii	"ID_DFR\000"
 2232      465200
 2233              	.LASF56:
 2234 008e 41484250 		.ascii	"AHBPCR\000"
 2234      435200
 2235              	.LASF14:
 2236 0095 43505549 		.ascii	"CPUID\000"
 2236      4400
 2237              	.LASF39:
 2238 009b 4D564652 		.ascii	"MVFR0\000"
 2238      3000
 2239              	.LASF88:
 2240 00a1 5F5F6765 		.ascii	"__get_FPSCR\000"
 2240      745F4650 
 2240      53435200 
 2241              	.LASF46:
 2242 00ad 4443494D 		.ascii	"DCIMVAC\000"
 2242      56414300 
 2243              	.LASF66:
 2244 00b5 72656761 		.ascii	"regarm_t\000"
 2244      726D5F74 
 2244      00
 2245              	.LASF12:
 2246 00be 75696E74 		.ascii	"uint8_t\000"
 2246      385F7400 
ARM GAS  /tmp/ccBURlol.s 			page 41


 2247              	.LASF61:
 2248 00c6 5343425F 		.ascii	"SCB_Type\000"
 2248      54797065 
 2248      00
 2249              	.LASF63:
 2250 00cf 46504341 		.ascii	"FPCAR\000"
 2250      5200
 2251              	.LASF32:
 2252 00d5 434C4944 		.ascii	"CLIDR\000"
 2252      5200
 2253              	.LASF37:
 2254 00db 53544952 		.ascii	"STIR\000"
 2254      00
 2255              	.LASF15:
 2256 00e0 49435352 		.ascii	"ICSR\000"
 2256      00
 2257              	.LASF41:
 2258 00e5 4D564652 		.ascii	"MVFR2\000"
 2258      3200
 2259              	.LASF73:
 2260 00eb 5F706F72 		.ascii	"_port_irq_epilogue\000"
 2260      745F6972 
 2260      715F6570 
 2260      696C6F67 
 2260      756500
 2261              	.LASF60:
 2262 00fe 41424653 		.ascii	"ABFSR\000"
 2262      5200
 2263              	.LASF1:
 2264 0104 6C6F6E67 		.ascii	"long long int\000"
 2264      206C6F6E 
 2264      6720696E 
 2264      7400
 2265              	.LASF65:
 2266 0112 4650555F 		.ascii	"FPU_Type\000"
 2266      54797065 
 2266      00
 2267              	.LASF86:
 2268 011b 2F686F6D 		.ascii	"/home/mahathi/mathur407_payload2/4.0.7/build/CUAVv5"
 2268      652F6D61 
 2268      68617468 
 2268      692F6D61 
 2268      74687572 
 2269 014e 00       		.ascii	"\000"
 2270              	.LASF24:
 2271 014f 42464152 		.ascii	"BFAR\000"
 2271      00
 2272              	.LASF91:
 2273 0154 63685363 		.ascii	"chSchIsPreemptionRequired\000"
 2273      68497350 
 2273      7265656D 
 2273      7074696F 
 2273      6E526571 
 2274              	.LASF7:
 2275 016e 6C6F6E67 		.ascii	"long int\000"
 2275      20696E74 
 2275      00
ARM GAS  /tmp/ccBURlol.s 			page 42


 2276              	.LASF83:
 2277 0177 746F704F 		.ascii	"topOfProcStack\000"
 2277      6650726F 
 2277      63537461 
 2277      636B00
 2278              	.LASF89:
 2279 0186 5F5F6765 		.ascii	"__get_PSP\000"
 2279      745F5053 
 2279      5000
 2280              	.LASF90:
 2281 0190 72657375 		.ascii	"result\000"
 2281      6C7400
 2282              	.LASF81:
 2283 0197 5F5F7365 		.ascii	"__set_PSP\000"
 2283      745F5053 
 2283      5000
 2284              	.LASF33:
 2285 01a1 43435349 		.ascii	"CCSIDR\000"
 2285      445200
 2286              	.LASF8:
 2287 01a8 5F5F7569 		.ascii	"__uint8_t\000"
 2287      6E74385F 
 2287      7400
 2288              	.LASF69:
 2289 01b2 66707363 		.ascii	"fpscr\000"
 2289      7200
 2290              	.LASF20:
 2291 01b8 43465352 		.ascii	"CFSR\000"
 2291      00
 2292              	.LASF67:
 2293 01bd 6C725F74 		.ascii	"lr_thd\000"
 2293      686400
 2294              	.LASF45:
 2295 01c4 4943494D 		.ascii	"ICIMVAU\000"
 2295      56415500 
 2296              	.LASF68:
 2297 01cc 78707372 		.ascii	"xpsr\000"
 2297      00
 2298              	.LASF17:
 2299 01d1 41495243 		.ascii	"AIRCR\000"
 2299      5200
 2300              	.LASF4:
 2301 01d7 756E7369 		.ascii	"unsigned char\000"
 2301      676E6564 
 2301      20636861 
 2301      7200
 2302              	.LASF3:
 2303 01e5 7369676E 		.ascii	"signed char\000"
 2303      65642063 
 2303      68617200 
 2304              	.LASF18:
 2305 01f1 53485052 		.ascii	"SHPR\000"
 2305      00
 2306              	.LASF11:
 2307 01f6 6C6F6E67 		.ascii	"long long unsigned int\000"
 2307      206C6F6E 
 2307      6720756E 
ARM GAS  /tmp/ccBURlol.s 			page 43


 2307      7369676E 
 2307      65642069 
 2308              	.LASF19:
 2309 020d 53484353 		.ascii	"SHCSR\000"
 2309      5200
 2310              	.LASF74:
 2311 0213 5356435F 		.ascii	"SVC_Handler\000"
 2311      48616E64 
 2311      6C657200 
 2312              	.LASF10:
 2313 021f 6C6F6E67 		.ascii	"long unsigned int\000"
 2313      20756E73 
 2313      69676E65 
 2313      6420696E 
 2313      7400
 2314              	.LASF23:
 2315 0231 4D4D4641 		.ascii	"MMFAR\000"
 2315      5200
 2316              	.LASF28:
 2317 0237 49445F41 		.ascii	"ID_AFR\000"
 2317      465200
 2318              	.LASF34:
 2319 023e 43535345 		.ascii	"CSSELR\000"
 2319      4C5200
 2320              	.LASF6:
 2321 0245 73686F72 		.ascii	"short unsigned int\000"
 2321      7420756E 
 2321      7369676E 
 2321      65642069 
 2321      6E7400
 2322              	.LASF82:
 2323 0258 62617365 		.ascii	"basePri\000"
 2323      50726900 
 2324              	.LASF75:
 2325 0260 63747870 		.ascii	"ctxp\000"
 2325      00
 2326              	.LASF64:
 2327 0265 46504453 		.ascii	"FPDSCR\000"
 2327      435200
 2328              	.LASF71:
 2329 026c 63686172 		.ascii	"char\000"
 2329      00
 2330              	.LASF48:
 2331 0271 4443434D 		.ascii	"DCCMVAU\000"
 2331      56415500 
 2332              	.LASF16:
 2333 0279 56544F52 		.ascii	"VTOR\000"
 2333      00
 2334              	.LASF54:
 2335 027e 4954434D 		.ascii	"ITCMCR\000"
 2335      435200
 2336              	.LASF22:
 2337 0285 44465352 		.ascii	"DFSR\000"
 2337      00
 2338              	.LASF72:
 2339 028a 5F426F6F 		.ascii	"_Bool\000"
 2339      6C00
ARM GAS  /tmp/ccBURlol.s 			page 44


 2340              	.LASF78:
 2341 0290 706F7274 		.ascii	"port_unlock\000"
 2341      5F756E6C 
 2341      6F636B00 
 2342              	.LASF26:
 2343 029c 49445F50 		.ascii	"ID_PFR\000"
 2343      465200
 2344              	.LASF21:
 2345 02a3 48465352 		.ascii	"HFSR\000"
 2345      00
 2346              	.LASF57:
 2347 02a8 43414352 		.ascii	"CACR\000"
 2347      00
 2348              	.LASF31:
 2349 02ad 52455345 		.ascii	"RESERVED0\000"
 2349      52564544 
 2349      3000
 2350              	.LASF13:
 2351 02b7 75696E74 		.ascii	"uint32_t\000"
 2351      33325F74 
 2351      00
 2352              	.LASF36:
 2353 02c0 52455345 		.ascii	"RESERVED3\000"
 2353      52564544 
 2353      3300
 2354              	.LASF38:
 2355 02ca 52455345 		.ascii	"RESERVED4\000"
 2355      52564544 
 2355      3400
 2356              	.LASF42:
 2357 02d4 52455345 		.ascii	"RESERVED5\000"
 2357      52564544 
 2357      3500
 2358              	.LASF44:
 2359 02de 52455345 		.ascii	"RESERVED6\000"
 2359      52564544 
 2359      3600
 2360              	.LASF53:
 2361 02e8 52455345 		.ascii	"RESERVED7\000"
 2361      52564544 
 2361      3700
 2362              	.LASF59:
 2363 02f2 52455345 		.ascii	"RESERVED8\000"
 2363      52564544 
 2363      3800
 2364              	.LASF52:
 2365 02fc 44434349 		.ascii	"DCCISW\000"
 2365      535700
 2366              	.LASF43:
 2367 0303 49434941 		.ascii	"ICIALLU\000"
 2367      4C4C5500 
 2368              	.LASF62:
 2369 030b 46504343 		.ascii	"FPCCR\000"
 2369      5200
 2370              	.LASF80:
 2371 0311 5F5F7365 		.ascii	"__set_BASEPRI\000"
 2371      745F4241 
ARM GAS  /tmp/ccBURlol.s 			page 45


 2371      53455052 
 2371      4900
 2372              	.LASF76:
 2373 031f 706F7274 		.ascii	"port_unlock_from_isr\000"
 2373      5F756E6C 
 2373      6F636B5F 
 2373      66726F6D 
 2373      5F697372 
 2374              	.LASF58:
 2375 0334 41484253 		.ascii	"AHBSCR\000"
 2375      435200
 2376              	.LASF84:
 2377 033b 474E5520 		.ascii	"GNU C17 10.2.1 20201103 (release) -mcpu=cortex-m7 -"
 2377      43313720 
 2377      31302E32 
 2377      2E312032 
 2377      30323031 
 2378 036e 6D666C6F 		.ascii	"mfloat-abi=hard -mfpu=fpv4-sp-d16 -mno-thumb-interw"
 2378      61742D61 
 2378      62693D68 
 2378      61726420 
 2378      2D6D6670 
 2379 03a1 6F726B20 		.ascii	"ork -mthumb -march=armv7e-m+fp -g -Os -fomit-frame-"
 2379      2D6D7468 
 2379      756D6220 
 2379      2D6D6172 
 2379      63683D61 
 2380 03d4 706F696E 		.ascii	"pointer -falign-functions=16 -ffunction-sections -f"
 2380      74657220 
 2380      2D66616C 
 2380      69676E2D 
 2380      66756E63 
 2381 0407 64617461 		.ascii	"data-sections -fno-common -fsingle-precision-consta"
 2381      2D736563 
 2381      74696F6E 
 2381      73202D66 
 2381      6E6F2D63 
 2382 043a 6E7400   		.ascii	"nt\000"
 2383              	.LASF2:
 2384 043d 6C6F6E67 		.ascii	"long double\000"
 2384      20646F75 
 2384      626C6500 
 2385              	.LASF87:
 2386 0449 706F7274 		.ascii	"port_extctx\000"
 2386      5F657874 
 2386      63747800 
 2387              	.LASF29:
 2388 0455 49445F4D 		.ascii	"ID_MFR\000"
 2388      465200
 2389              	.LASF25:
 2390 045c 41465352 		.ascii	"AFSR\000"
 2390      00
 2391              	.LASF49:
 2392 0461 4443434D 		.ascii	"DCCMVAC\000"
 2392      56414300 
 2393              	.LASF0:
 2394 0469 756E7369 		.ascii	"unsigned int\000"
ARM GAS  /tmp/ccBURlol.s 			page 46


 2394      676E6564 
 2394      20696E74 
 2394      00
 2395              	.LASF70:
 2396 0476 72657365 		.ascii	"reserved\000"
 2396      72766564 
 2396      00
 2397              	.LASF35:
 2398 047f 43504143 		.ascii	"CPACR\000"
 2398      5200
 2399              	.LASF30:
 2400 0485 49445F49 		.ascii	"ID_ISAR\000"
 2400      53415200 
 2401              	.LASF55:
 2402 048d 4454434D 		.ascii	"DTCMCR\000"
 2402      435200
 2403              		.ident	"GCC: (GNU Arm Embedded Toolchain 10-2020-q4-major) 10.2.1 20201103 (release)"
ARM GAS  /tmp/ccBURlol.s 			page 47


DEFINED SYMBOLS
                            *ABS*:0000000000000000 chcore_v7m.c
     /tmp/ccBURlol.s:18     .text.SVC_Handler:0000000000000000 $t
     /tmp/ccBURlol.s:26     .text.SVC_Handler:0000000000000000 SVC_Handler
     /tmp/ccBURlol.s:126    .text.SVC_Handler:000000000000001c $d
     /tmp/ccBURlol.s:131    .text._port_irq_epilogue:0000000000000000 $t
     /tmp/ccBURlol.s:138    .text._port_irq_epilogue:0000000000000000 _port_irq_epilogue
     /tmp/ccBURlol.s:331    .text._port_irq_epilogue:000000000000004c $d

UNDEFINED SYMBOLS
chSchIsPreemptionRequired
_port_switch_from_isr
_port_exit_from_isr
