ARM GAS  /tmp/ccwhASwF.s 			page 1


   1              		.cpu cortex-m7
   2              		.eabi_attribute 27, 1
   3              		.eabi_attribute 28, 1
   4              		.eabi_attribute 20, 1
   5              		.eabi_attribute 21, 1
   6              		.eabi_attribute 23, 3
   7              		.eabi_attribute 24, 1
   8              		.eabi_attribute 25, 1
   9              		.eabi_attribute 26, 1
  10              		.eabi_attribute 30, 4
  11              		.eabi_attribute 34, 1
  12              		.eabi_attribute 18, 4
  13              		.file	"hal_wdg.c"
  14              		.text
  15              	.Ltext0:
  16              		.cfi_sections	.debug_frame
  17              	.Letext0:
  18              		.section	.debug_info,"",%progbits
  19              	.Ldebug_info0:
  20 0000 75000000 		.4byte	0x75
  21 0004 0400     		.2byte	0x4
  22 0006 00000000 		.4byte	.Ldebug_abbrev0
  23 000a 04       		.byte	0x4
  24 000b 01       		.uleb128 0x1
  25 000c 1B000000 		.4byte	.LASF12
  26 0010 0C       		.byte	0xc
  27 0011 D1010000 		.4byte	.LASF13
  28 0015 93010000 		.4byte	.LASF14
  29 0019 00000000 		.4byte	.Ldebug_line0
  30 001d 02       		.uleb128 0x2
  31 001e 04       		.byte	0x4
  32 001f 05       		.byte	0x5
  33 0020 696E7400 		.ascii	"int\000"
  34 0024 03       		.uleb128 0x3
  35 0025 04       		.byte	0x4
  36 0026 07       		.byte	0x7
  37 0027 0E000000 		.4byte	.LASF0
  38 002b 03       		.uleb128 0x3
  39 002c 08       		.byte	0x8
  40 002d 05       		.byte	0x5
  41 002e 00000000 		.4byte	.LASF1
  42 0032 03       		.uleb128 0x3
  43 0033 08       		.byte	0x8
  44 0034 04       		.byte	0x4
  45 0035 87010000 		.4byte	.LASF2
  46 0039 03       		.uleb128 0x3
  47 003a 01       		.byte	0x1
  48 003b 06       		.byte	0x6
  49 003c 7B010000 		.4byte	.LASF3
  50 0040 03       		.uleb128 0x3
  51 0041 01       		.byte	0x1
  52 0042 08       		.byte	0x8
  53 0043 46010000 		.4byte	.LASF4
  54 0047 03       		.uleb128 0x3
  55 0048 02       		.byte	0x2
  56 0049 05       		.byte	0x5
  57 004a C7010000 		.4byte	.LASF5
ARM GAS  /tmp/ccwhASwF.s 			page 2


  58 004e 03       		.uleb128 0x3
  59 004f 02       		.byte	0x2
  60 0050 07       		.byte	0x7
  61 0051 68010000 		.4byte	.LASF6
  62 0055 03       		.uleb128 0x3
  63 0056 04       		.byte	0x4
  64 0057 05       		.byte	0x5
  65 0058 59010000 		.4byte	.LASF7
  66 005c 03       		.uleb128 0x3
  67 005d 04       		.byte	0x4
  68 005e 07       		.byte	0x7
  69 005f 1D010000 		.4byte	.LASF8
  70 0063 03       		.uleb128 0x3
  71 0064 08       		.byte	0x8
  72 0065 07       		.byte	0x7
  73 0066 2F010000 		.4byte	.LASF9
  74 006a 03       		.uleb128 0x3
  75 006b 01       		.byte	0x1
  76 006c 08       		.byte	0x8
  77 006d 54010000 		.4byte	.LASF10
  78 0071 03       		.uleb128 0x3
  79 0072 01       		.byte	0x1
  80 0073 02       		.byte	0x2
  81 0074 62010000 		.4byte	.LASF11
  82 0078 00       		.byte	0
  83              		.section	.debug_abbrev,"",%progbits
  84              	.Ldebug_abbrev0:
  85 0000 01       		.uleb128 0x1
  86 0001 11       		.uleb128 0x11
  87 0002 01       		.byte	0x1
  88 0003 25       		.uleb128 0x25
  89 0004 0E       		.uleb128 0xe
  90 0005 13       		.uleb128 0x13
  91 0006 0B       		.uleb128 0xb
  92 0007 03       		.uleb128 0x3
  93 0008 0E       		.uleb128 0xe
  94 0009 1B       		.uleb128 0x1b
  95 000a 0E       		.uleb128 0xe
  96 000b 10       		.uleb128 0x10
  97 000c 17       		.uleb128 0x17
  98 000d 00       		.byte	0
  99 000e 00       		.byte	0
 100 000f 02       		.uleb128 0x2
 101 0010 24       		.uleb128 0x24
 102 0011 00       		.byte	0
 103 0012 0B       		.uleb128 0xb
 104 0013 0B       		.uleb128 0xb
 105 0014 3E       		.uleb128 0x3e
 106 0015 0B       		.uleb128 0xb
 107 0016 03       		.uleb128 0x3
 108 0017 08       		.uleb128 0x8
 109 0018 00       		.byte	0
 110 0019 00       		.byte	0
 111 001a 03       		.uleb128 0x3
 112 001b 24       		.uleb128 0x24
 113 001c 00       		.byte	0
 114 001d 0B       		.uleb128 0xb
ARM GAS  /tmp/ccwhASwF.s 			page 3


 115 001e 0B       		.uleb128 0xb
 116 001f 3E       		.uleb128 0x3e
 117 0020 0B       		.uleb128 0xb
 118 0021 03       		.uleb128 0x3
 119 0022 0E       		.uleb128 0xe
 120 0023 00       		.byte	0
 121 0024 00       		.byte	0
 122 0025 00       		.byte	0
 123              		.section	.debug_aranges,"",%progbits
 124 0000 14000000 		.4byte	0x14
 125 0004 0200     		.2byte	0x2
 126 0006 00000000 		.4byte	.Ldebug_info0
 127 000a 04       		.byte	0x4
 128 000b 00       		.byte	0
 129 000c 0000     		.2byte	0
 130 000e 0000     		.2byte	0
 131 0010 00000000 		.4byte	0
 132 0014 00000000 		.4byte	0
 133              		.section	.debug_line,"",%progbits
 134              	.Ldebug_line0:
 135 0000 19000000 		.section	.debug_str,"MS",%progbits,1
 135      03001300 
 135      00000201 
 135      FB0E0D00 
 135      01010101 
 136              	.LASF1:
 137 0000 6C6F6E67 		.ascii	"long long int\000"
 137      206C6F6E 
 137      6720696E 
 137      7400
 138              	.LASF0:
 139 000e 756E7369 		.ascii	"unsigned int\000"
 139      676E6564 
 139      20696E74 
 139      00
 140              	.LASF12:
 141 001b 474E5520 		.ascii	"GNU C17 10.2.1 20201103 (release) -mcpu=cortex-m7 -"
 141      43313720 
 141      31302E32 
 141      2E312032 
 141      30323031 
 142 004e 6D666C6F 		.ascii	"mfloat-abi=hard -mfpu=fpv4-sp-d16 -mno-thumb-interw"
 142      61742D61 
 142      62693D68 
 142      61726420 
 142      2D6D6670 
 143 0081 6F726B20 		.ascii	"ork -mthumb -march=armv7e-m+fp -g -Os -fomit-frame-"
 143      2D6D7468 
 143      756D6220 
 143      2D6D6172 
 143      63683D61 
 144 00b4 706F696E 		.ascii	"pointer -falign-functions=16 -ffunction-sections -f"
 144      74657220 
 144      2D66616C 
 144      69676E2D 
 144      66756E63 
 145 00e7 64617461 		.ascii	"data-sections -fno-common -fsingle-precision-consta"
ARM GAS  /tmp/ccwhASwF.s 			page 4


 145      2D736563 
 145      74696F6E 
 145      73202D66 
 145      6E6F2D63 
 146 011a 6E7400   		.ascii	"nt\000"
 147              	.LASF8:
 148 011d 6C6F6E67 		.ascii	"long unsigned int\000"
 148      20756E73 
 148      69676E65 
 148      6420696E 
 148      7400
 149              	.LASF9:
 150 012f 6C6F6E67 		.ascii	"long long unsigned int\000"
 150      206C6F6E 
 150      6720756E 
 150      7369676E 
 150      65642069 
 151              	.LASF4:
 152 0146 756E7369 		.ascii	"unsigned char\000"
 152      676E6564 
 152      20636861 
 152      7200
 153              	.LASF10:
 154 0154 63686172 		.ascii	"char\000"
 154      00
 155              	.LASF7:
 156 0159 6C6F6E67 		.ascii	"long int\000"
 156      20696E74 
 156      00
 157              	.LASF11:
 158 0162 5F426F6F 		.ascii	"_Bool\000"
 158      6C00
 159              	.LASF6:
 160 0168 73686F72 		.ascii	"short unsigned int\000"
 160      7420756E 
 160      7369676E 
 160      65642069 
 160      6E7400
 161              	.LASF3:
 162 017b 7369676E 		.ascii	"signed char\000"
 162      65642063 
 162      68617200 
 163              	.LASF2:
 164 0187 6C6F6E67 		.ascii	"long double\000"
 164      20646F75 
 164      626C6500 
 165              	.LASF14:
 166 0193 2F686F6D 		.ascii	"/home/mahathi/mathur407_payload2/4.0.7/build/CUAVv5"
 166      652F6D61 
 166      68617468 
 166      692F6D61 
 166      74687572 
 167 01c6 00       		.ascii	"\000"
 168              	.LASF5:
 169 01c7 73686F72 		.ascii	"short int\000"
 169      7420696E 
 169      7400
ARM GAS  /tmp/ccwhASwF.s 			page 5


 170              	.LASF13:
 171 01d1 2E2E2F2E 		.ascii	"../../modules/ChibiOS/os/hal/src/hal_wdg.c\000"
 171      2E2F6D6F 
 171      64756C65 
 171      732F4368 
 171      6962694F 
 172              		.ident	"GCC: (GNU Arm Embedded Toolchain 10-2020-q4-major) 10.2.1 20201103 (release)"
ARM GAS  /tmp/ccwhASwF.s 			page 6


DEFINED SYMBOLS
                            *ABS*:0000000000000000 hal_wdg.c

NO UNDEFINED SYMBOLS
