ARM GAS  /tmp/ccDKhJxB.s 			page 1


   1              		.cpu cortex-m7
   2              		.eabi_attribute 27, 1
   3              		.eabi_attribute 28, 1
   4              		.eabi_attribute 20, 1
   5              		.eabi_attribute 21, 1
   6              		.eabi_attribute 23, 3
   7              		.eabi_attribute 24, 1
   8              		.eabi_attribute 25, 1
   9              		.eabi_attribute 26, 1
  10              		.eabi_attribute 30, 4
  11              		.eabi_attribute 34, 1
  12              		.eabi_attribute 18, 4
  13              		.file	"hal_pal.c"
  14              		.text
  15              	.Ltext0:
  16              		.cfi_sections	.debug_frame
  17              		.section	.text.palReadBus,"ax",%progbits
  18              		.align	1
  19              		.global	palReadBus
  20              		.arch armv7e-m
  21              		.syntax unified
  22              		.thumb
  23              		.thumb_func
  24              		.fpu fpv4-sp-d16
  25              		.type	palReadBus, %function
  26              	palReadBus:
  27              	.LVL0:
  28              	.LFB334:
  29              		.file 1 "../../modules/ChibiOS/os/hal/src/hal_pal.c"
  30              		.loc 1 65 43 view -0
  31              		.cfi_startproc
  32              		@ args = 0, pretend = 0, frame = 0
  33              		@ frame_needed = 0, uses_anonymous_args = 0
  34              		@ link register save eliminated.
  35              		.loc 1 67 3 view .LVU1
  36              		.loc 1 67 3 view .LVU2
  37              		.loc 1 67 3 view .LVU3
  38              		.loc 1 69 3 view .LVU4
  39              		.loc 1 69 10 is_stmt 0 view .LVU5
  40 0000 0368     		ldr	r3, [r0]
  41 0002 8268     		ldr	r2, [r0, #8]
  42 0004 1B69     		ldr	r3, [r3, #16]
  43 0006 4068     		ldr	r0, [r0, #4]
  44              	.LVL1:
  45              		.loc 1 69 10 view .LVU6
  46 0008 D340     		lsrs	r3, r3, r2
  47              		.loc 1 70 1 view .LVU7
  48 000a 1840     		ands	r0, r0, r3
  49 000c 7047     		bx	lr
  50              		.cfi_endproc
  51              	.LFE334:
  52              		.size	palReadBus, .-palReadBus
  53              		.section	.text.palWriteBus,"ax",%progbits
  54              		.align	1
  55              		.global	palWriteBus
  56              		.syntax unified
  57              		.thumb
ARM GAS  /tmp/ccDKhJxB.s 			page 2


  58              		.thumb_func
  59              		.fpu fpv4-sp-d16
  60              		.type	palWriteBus, %function
  61              	palWriteBus:
  62              	.LVL2:
  63              	.LFB335:
  64              		.loc 1 90 55 is_stmt 1 view -0
  65              		.cfi_startproc
  66              		@ args = 0, pretend = 0, frame = 0
  67              		@ frame_needed = 0, uses_anonymous_args = 0
  68              		.loc 1 92 3 view .LVU9
  69              		.loc 1 92 3 view .LVU10
  70              		.loc 1 92 3 view .LVU11
  71              	.LBB2:
  72              		.loc 1 94 3 view .LVU12
  73              	.LBE2:
  74              		.loc 1 90 55 is_stmt 0 view .LVU13
  75 0000 30B5     		push	{r4, r5, lr}
  76              		.cfi_def_cfa_offset 12
  77              		.cfi_offset 4, -12
  78              		.cfi_offset 5, -8
  79              		.cfi_offset 14, -4
  80              	.LBB3:
  81              		.loc 1 94 3 view .LVU14
  82 0002 D0E90142 		ldrd	r4, r2, [r0, #4]
  83 0006 24EA0103 		bic	r3, r4, r1
  84 000a 02F11005 		add	r5, r2, #16
  85 000e 2140     		ands	r1, r1, r4
  86              	.LVL3:
  87              		.loc 1 94 3 view .LVU15
  88 0010 AB40     		lsls	r3, r3, r5
  89 0012 9140     		lsls	r1, r1, r2
  90 0014 1943     		orrs	r1, r1, r3
  91              	.LVL4:
  92              		.loc 1 94 3 is_stmt 1 view .LVU16
  93 0016 0368     		ldr	r3, [r0]
  94 0018 9961     		str	r1, [r3, #24]
  95              	.LBE3:
  96              		.loc 1 94 59 view .LVU17
  97              		.loc 1 95 1 is_stmt 0 view .LVU18
  98 001a 30BD     		pop	{r4, r5, pc}
  99              		.cfi_endproc
 100              	.LFE335:
 101              		.size	palWriteBus, .-palWriteBus
 102              		.section	.text.palSetBusMode,"ax",%progbits
 103              		.align	1
 104              		.global	palSetBusMode
 105              		.syntax unified
 106              		.thumb
 107              		.thumb_func
 108              		.fpu fpv4-sp-d16
 109              		.type	palSetBusMode, %function
 110              	palSetBusMode:
 111              	.LVL5:
 112              	.LFB336:
 113              		.loc 1 113 53 is_stmt 1 view -0
 114              		.cfi_startproc
ARM GAS  /tmp/ccDKhJxB.s 			page 3


 115              		@ args = 0, pretend = 0, frame = 0
 116              		@ frame_needed = 0, uses_anonymous_args = 0
 117              		@ link register save eliminated.
 118              		.loc 1 115 3 view .LVU20
 119              		.loc 1 115 3 view .LVU21
 120              		.loc 1 115 3 view .LVU22
 121              		.loc 1 117 3 view .LVU23
 122              		.loc 1 113 53 is_stmt 0 view .LVU24
 123 0000 10B4     		push	{r4}
 124              		.cfi_def_cfa_offset 4
 125              		.cfi_offset 4, -4
 126              		.loc 1 113 53 view .LVU25
 127 0002 0A46     		mov	r2, r1
 128              		.loc 1 117 3 view .LVU26
 129 0004 D0E90141 		ldrd	r4, r1, [r0, #4]
 130              	.LVL6:
 131              		.loc 1 117 3 view .LVU27
 132 0008 0068     		ldr	r0, [r0]
 133              	.LVL7:
 134              		.loc 1 117 3 view .LVU28
 135 000a 04FA01F1 		lsl	r1, r4, r1
 136              		.loc 1 118 1 view .LVU29
 137 000e 5DF8044B 		ldr	r4, [sp], #4
 138              		.cfi_restore 4
 139              		.cfi_def_cfa_offset 0
 140              		.loc 1 117 3 view .LVU30
 141 0012 FFF7FEBF 		b	_pal_lld_setgroupmode
 142              	.LVL8:
 143              		.loc 1 117 3 view .LVU31
 144              		.cfi_endproc
 145              	.LFE336:
 146              		.size	palSetBusMode, .-palSetBusMode
 147              		.section	.text.palSetPadCallbackI,"ax",%progbits
 148              		.align	1
 149              		.global	palSetPadCallbackI
 150              		.syntax unified
 151              		.thumb
 152              		.thumb_func
 153              		.fpu fpv4-sp-d16
 154              		.type	palSetPadCallbackI, %function
 155              	palSetPadCallbackI:
 156              	.LVL9:
 157              	.LFB337:
 158              		.loc 1 132 54 is_stmt 1 view -0
 159              		.cfi_startproc
 160              		@ args = 0, pretend = 0, frame = 0
 161              		@ frame_needed = 0, uses_anonymous_args = 0
 162              		@ link register save eliminated.
 163              		.loc 1 134 3 view .LVU33
 164              		.loc 1 134 21 view .LVU34
 165              		.loc 1 135 3 view .LVU35
 166              		.loc 1 135 11 is_stmt 0 view .LVU36
 167 0000 0348     		ldr	r0, .L5
 168              	.LVL10:
 169              		.loc 1 135 11 view .LVU37
 170 0002 40F83120 		str	r2, [r0, r1, lsl #3]
 171              		.loc 1 136 3 is_stmt 1 view .LVU38
ARM GAS  /tmp/ccDKhJxB.s 			page 4


 172              		.loc 1 136 12 is_stmt 0 view .LVU39
 173 0006 00EBC100 		add	r0, r0, r1, lsl #3
 174              	.LVL11:
 175              		.loc 1 136 12 view .LVU40
 176 000a 4360     		str	r3, [r0, #4]
 177              		.loc 1 137 1 view .LVU41
 178 000c 7047     		bx	lr
 179              	.L6:
 180 000e 00BF     		.align	2
 181              	.L5:
 182 0010 00000000 		.word	_pal_events
 183              		.cfi_endproc
 184              	.LFE337:
 185              		.size	palSetPadCallbackI, .-palSetPadCallbackI
 186              		.section	.text.palSetLineCallbackI,"ax",%progbits
 187              		.align	1
 188              		.global	palSetLineCallbackI
 189              		.syntax unified
 190              		.thumb
 191              		.thumb_func
 192              		.fpu fpv4-sp-d16
 193              		.type	palSetLineCallbackI, %function
 194              	palSetLineCallbackI:
 195              	.LVL12:
 196              	.LFB338:
 197              		.loc 1 148 70 is_stmt 1 view -0
 198              		.cfi_startproc
 199              		@ args = 0, pretend = 0, frame = 0
 200              		@ frame_needed = 0, uses_anonymous_args = 0
 201              		@ link register save eliminated.
 202              		.loc 1 150 3 view .LVU43
 203              		.loc 1 150 21 is_stmt 0 view .LVU44
 204 0000 00F00F00 		and	r0, r0, #15
 205              	.LVL13:
 206              		.loc 1 151 3 is_stmt 1 view .LVU45
 207              		.loc 1 151 11 is_stmt 0 view .LVU46
 208 0004 034B     		ldr	r3, .L8
 209 0006 43F83010 		str	r1, [r3, r0, lsl #3]
 210              		.loc 1 152 3 is_stmt 1 view .LVU47
 211              		.loc 1 152 12 is_stmt 0 view .LVU48
 212 000a 03EBC003 		add	r3, r3, r0, lsl #3
 213              	.LVL14:
 214              		.loc 1 152 12 view .LVU49
 215 000e 5A60     		str	r2, [r3, #4]
 216              		.loc 1 153 1 view .LVU50
 217 0010 7047     		bx	lr
 218              	.L9:
 219 0012 00BF     		.align	2
 220              	.L8:
 221 0014 00000000 		.word	_pal_events
 222              		.cfi_endproc
 223              	.LFE338:
 224              		.size	palSetLineCallbackI, .-palSetLineCallbackI
 225              		.text
 226              	.Letext0:
 227              		.file 2 "/opt/gcc-arm-none-eabi-10-2020-q4-major/arm-none-eabi/include/machine/_default_types.h"
 228              		.file 3 "/opt/gcc-arm-none-eabi-10-2020-q4-major/arm-none-eabi/include/sys/_stdint.h"
ARM GAS  /tmp/ccDKhJxB.s 			page 5


 229              		.file 4 "/opt/gcc-arm-none-eabi-10-2020-q4-major/arm-none-eabi/include/stdint.h"
 230              		.file 5 "../../modules/ChibiOS/os/hal/include/hal_pal.h"
 231              		.file 6 "../../modules/ChibiOS/os/hal/ports/STM32/LLD/GPIOv2/stm32_gpio.h"
 232              		.file 7 "../../modules/ChibiOS/os/hal/ports/STM32/LLD/GPIOv2/hal_pal_lld.h"
 233              		.section	.debug_info,"",%progbits
 234              	.Ldebug_info0:
 235 0000 96040000 		.4byte	0x496
 236 0004 0400     		.2byte	0x4
 237 0006 00000000 		.4byte	.Ldebug_abbrev0
 238 000a 04       		.byte	0x4
 239 000b 01       		.uleb128 0x1
 240 000c 5C020000 		.4byte	.LASF48
 241 0010 0C       		.byte	0xc
 242 0011 AB000000 		.4byte	.LASF49
 243 0015 0A010000 		.4byte	.LASF50
 244 0019 18000000 		.4byte	.Ldebug_ranges0+0x18
 245 001d 00000000 		.4byte	0
 246 0021 00000000 		.4byte	.Ldebug_line0
 247 0025 02       		.uleb128 0x2
 248 0026 04       		.byte	0x4
 249 0027 05       		.byte	0x5
 250 0028 696E7400 		.ascii	"int\000"
 251 002c 03       		.uleb128 0x3
 252 002d 04       		.byte	0x4
 253 002e 07       		.byte	0x7
 254 002f C0010000 		.4byte	.LASF0
 255 0033 03       		.uleb128 0x3
 256 0034 08       		.byte	0x8
 257 0035 05       		.byte	0x5
 258 0036 FC000000 		.4byte	.LASF1
 259 003a 03       		.uleb128 0x3
 260 003b 08       		.byte	0x8
 261 003c 04       		.byte	0x4
 262 003d EB000000 		.4byte	.LASF2
 263 0041 03       		.uleb128 0x3
 264 0042 01       		.byte	0x1
 265 0043 06       		.byte	0x6
 266 0044 87010000 		.4byte	.LASF3
 267 0048 03       		.uleb128 0x3
 268 0049 01       		.byte	0x1
 269 004a 08       		.byte	0x8
 270 004b 70010000 		.4byte	.LASF4
 271 004f 03       		.uleb128 0x3
 272 0050 02       		.byte	0x2
 273 0051 05       		.byte	0x5
 274 0052 69000000 		.4byte	.LASF5
 275 0056 04       		.uleb128 0x4
 276 0057 5E000000 		.4byte	.LASF8
 277 005b 02       		.byte	0x2
 278 005c 39       		.byte	0x39
 279 005d 19       		.byte	0x19
 280 005e 62000000 		.4byte	0x62
 281 0062 03       		.uleb128 0x3
 282 0063 02       		.byte	0x2
 283 0064 07       		.byte	0x7
 284 0065 EB010000 		.4byte	.LASF6
 285 0069 03       		.uleb128 0x3
ARM GAS  /tmp/ccDKhJxB.s 			page 6


 286 006a 04       		.byte	0x4
 287 006b 05       		.byte	0x5
 288 006c 44010000 		.4byte	.LASF7
 289 0070 04       		.uleb128 0x4
 290 0071 4D000000 		.4byte	.LASF9
 291 0075 02       		.byte	0x2
 292 0076 4F       		.byte	0x4f
 293 0077 19       		.byte	0x19
 294 0078 7C000000 		.4byte	0x7c
 295 007c 03       		.uleb128 0x3
 296 007d 04       		.byte	0x4
 297 007e 07       		.byte	0x7
 298 007f 31020000 		.4byte	.LASF10
 299 0083 03       		.uleb128 0x3
 300 0084 08       		.byte	0x8
 301 0085 07       		.byte	0x7
 302 0086 93010000 		.4byte	.LASF11
 303 008a 04       		.uleb128 0x4
 304 008b CD010000 		.4byte	.LASF12
 305 008f 03       		.byte	0x3
 306 0090 24       		.byte	0x24
 307 0091 14       		.byte	0x14
 308 0092 56000000 		.4byte	0x56
 309 0096 04       		.uleb128 0x4
 310 0097 B7010000 		.4byte	.LASF13
 311 009b 03       		.byte	0x3
 312 009c 30       		.byte	0x30
 313 009d 14       		.byte	0x14
 314 009e 70000000 		.4byte	0x70
 315 00a2 05       		.uleb128 0x5
 316 00a3 96000000 		.4byte	0x96
 317 00a7 04       		.uleb128 0x4
 318 00a8 AA010000 		.4byte	.LASF14
 319 00ac 04       		.byte	0x4
 320 00ad 34       		.byte	0x34
 321 00ae 1F       		.byte	0x1f
 322 00af 2C000000 		.4byte	0x2c
 323 00b3 06       		.uleb128 0x6
 324 00b4 04       		.byte	0x4
 325 00b5 B9000000 		.4byte	0xb9
 326 00b9 07       		.uleb128 0x7
 327 00ba C4000000 		.4byte	0xc4
 328 00be 08       		.uleb128 0x8
 329 00bf C4000000 		.4byte	0xc4
 330 00c3 00       		.byte	0
 331 00c4 09       		.uleb128 0x9
 332 00c5 04       		.byte	0x4
 333 00c6 03       		.uleb128 0x3
 334 00c7 01       		.byte	0x1
 335 00c8 08       		.byte	0x8
 336 00c9 FE010000 		.4byte	.LASF15
 337 00cd 0A       		.uleb128 0xa
 338 00ce C6000000 		.4byte	0xc6
 339 00d2 03       		.uleb128 0x3
 340 00d3 01       		.byte	0x1
 341 00d4 02       		.byte	0x2
 342 00d5 1E020000 		.4byte	.LASF16
ARM GAS  /tmp/ccDKhJxB.s 			page 7


 343 00d9 04       		.uleb128 0x4
 344 00da DD000000 		.4byte	.LASF17
 345 00de 05       		.byte	0x5
 346 00df 94       		.byte	0x94
 347 00e0 10       		.byte	0x10
 348 00e1 B3000000 		.4byte	0xb3
 349 00e5 0B       		.uleb128 0xb
 350 00e6 08       		.byte	0x8
 351 00e7 05       		.byte	0x5
 352 00e8 9A       		.byte	0x9a
 353 00e9 09       		.byte	0x9
 354 00ea 08010000 		.4byte	0x108
 355 00ee 0C       		.uleb128 0xc
 356 00ef 636200   		.ascii	"cb\000"
 357 00f2 05       		.byte	0x5
 358 00f3 A5       		.byte	0xa5
 359 00f4 19       		.byte	0x19
 360 00f5 D9000000 		.4byte	0xd9
 361 00f9 00       		.byte	0
 362 00fa 0C       		.uleb128 0xc
 363 00fb 61726700 		.ascii	"arg\000"
 364 00ff 05       		.byte	0x5
 365 0100 A9       		.byte	0xa9
 366 0101 1A       		.byte	0x1a
 367 0102 C4000000 		.4byte	0xc4
 368 0106 04       		.byte	0x4
 369 0107 00       		.byte	0
 370 0108 04       		.uleb128 0x4
 371 0109 42000000 		.4byte	.LASF18
 372 010d 05       		.byte	0x5
 373 010e AB       		.byte	0xab
 374 010f 03       		.byte	0x3
 375 0110 E5000000 		.4byte	0xe5
 376 0114 0B       		.uleb128 0xb
 377 0115 04       		.byte	0x4
 378 0116 06       		.byte	0x6
 379 0117 5B       		.byte	0x5b
 380 0118 05       		.byte	0x5
 381 0119 38010000 		.4byte	0x138
 382 011d 0C       		.uleb128 0xc
 383 011e 73657400 		.ascii	"set\000"
 384 0122 06       		.byte	0x6
 385 0123 5C       		.byte	0x5c
 386 0124 19       		.byte	0x19
 387 0125 8A000000 		.4byte	0x8a
 388 0129 00       		.byte	0
 389 012a 0D       		.uleb128 0xd
 390 012b 5F010000 		.4byte	.LASF19
 391 012f 06       		.byte	0x6
 392 0130 5D       		.byte	0x5d
 393 0131 19       		.byte	0x19
 394 0132 8A000000 		.4byte	0x8a
 395 0136 02       		.byte	0x2
 396 0137 00       		.byte	0
 397 0138 0E       		.uleb128 0xe
 398 0139 04       		.byte	0x4
 399 013a 06       		.byte	0x6
ARM GAS  /tmp/ccDKhJxB.s 			page 8


 400 013b 59       		.byte	0x59
 401 013c 0C       		.byte	0xc
 402 013d 56010000 		.4byte	0x156
 403 0141 0F       		.uleb128 0xf
 404 0142 5700     		.ascii	"W\000"
 405 0144 06       		.byte	0x6
 406 0145 5A       		.byte	0x5a
 407 0146 19       		.byte	0x19
 408 0147 96000000 		.4byte	0x96
 409 014b 0F       		.uleb128 0xf
 410 014c 4800     		.ascii	"H\000"
 411 014e 06       		.byte	0x6
 412 014f 5E       		.byte	0x5e
 413 0150 07       		.byte	0x7
 414 0151 14010000 		.4byte	0x114
 415 0155 00       		.byte	0
 416 0156 05       		.uleb128 0x5
 417 0157 38010000 		.4byte	0x138
 418 015b 0B       		.uleb128 0xb
 419 015c 28       		.byte	0x28
 420 015d 06       		.byte	0x6
 421 015e 51       		.byte	0x51
 422 015f 09       		.byte	0x9
 423 0160 E7010000 		.4byte	0x1e7
 424 0164 0D       		.uleb128 0xd
 425 0165 59010000 		.4byte	.LASF20
 426 0169 06       		.byte	0x6
 427 016a 53       		.byte	0x53
 428 016b 19       		.byte	0x19
 429 016c A2000000 		.4byte	0xa2
 430 0170 00       		.byte	0
 431 0171 0D       		.uleb128 0xd
 432 0172 D6000000 		.4byte	.LASF21
 433 0176 06       		.byte	0x6
 434 0177 54       		.byte	0x54
 435 0178 19       		.byte	0x19
 436 0179 A2000000 		.4byte	0xa2
 437 017d 04       		.byte	0x4
 438 017e 0D       		.uleb128 0xd
 439 017f 29020000 		.4byte	.LASF22
 440 0183 06       		.byte	0x6
 441 0184 55       		.byte	0x55
 442 0185 19       		.byte	0x19
 443 0186 A2000000 		.4byte	0xa2
 444 018a 08       		.byte	0x8
 445 018b 0D       		.uleb128 0xd
 446 018c 3E010000 		.4byte	.LASF23
 447 0190 06       		.byte	0x6
 448 0191 56       		.byte	0x56
 449 0192 19       		.byte	0x19
 450 0193 A2000000 		.4byte	0xa2
 451 0197 0C       		.byte	0xc
 452 0198 0C       		.uleb128 0xc
 453 0199 49445200 		.ascii	"IDR\000"
 454 019d 06       		.byte	0x6
 455 019e 57       		.byte	0x57
 456 019f 19       		.byte	0x19
ARM GAS  /tmp/ccDKhJxB.s 			page 9


 457 01a0 A2000000 		.4byte	0xa2
 458 01a4 10       		.byte	0x10
 459 01a5 0C       		.uleb128 0xc
 460 01a6 4F445200 		.ascii	"ODR\000"
 461 01aa 06       		.byte	0x6
 462 01ab 58       		.byte	0x58
 463 01ac 19       		.byte	0x19
 464 01ad A2000000 		.4byte	0xa2
 465 01b1 14       		.byte	0x14
 466 01b2 0D       		.uleb128 0xd
 467 01b3 54010000 		.4byte	.LASF24
 468 01b7 06       		.byte	0x6
 469 01b8 5F       		.byte	0x5f
 470 01b9 05       		.byte	0x5
 471 01ba 56010000 		.4byte	0x156
 472 01be 18       		.byte	0x18
 473 01bf 0D       		.uleb128 0xd
 474 01c0 43020000 		.4byte	.LASF25
 475 01c4 06       		.byte	0x6
 476 01c5 60       		.byte	0x60
 477 01c6 19       		.byte	0x19
 478 01c7 A2000000 		.4byte	0xa2
 479 01cb 1C       		.byte	0x1c
 480 01cc 0D       		.uleb128 0xd
 481 01cd E6010000 		.4byte	.LASF26
 482 01d1 06       		.byte	0x6
 483 01d2 61       		.byte	0x61
 484 01d3 19       		.byte	0x19
 485 01d4 A2000000 		.4byte	0xa2
 486 01d8 20       		.byte	0x20
 487 01d9 0D       		.uleb128 0xd
 488 01da D6010000 		.4byte	.LASF27
 489 01de 06       		.byte	0x6
 490 01df 62       		.byte	0x62
 491 01e0 19       		.byte	0x19
 492 01e1 A2000000 		.4byte	0xa2
 493 01e5 24       		.byte	0x24
 494 01e6 00       		.byte	0
 495 01e7 04       		.uleb128 0x4
 496 01e8 22000000 		.4byte	.LASF28
 497 01ec 06       		.byte	0x6
 498 01ed 63       		.byte	0x63
 499 01ee 03       		.byte	0x3
 500 01ef 5B010000 		.4byte	0x15b
 501 01f3 04       		.uleb128 0x4
 502 01f4 99000000 		.4byte	.LASF29
 503 01f8 07       		.byte	0x7
 504 01f9 C2       		.byte	0xc2
 505 01fa 12       		.byte	0x12
 506 01fb 96000000 		.4byte	0x96
 507 01ff 04       		.uleb128 0x4
 508 0200 7C000000 		.4byte	.LASF30
 509 0204 07       		.byte	0x7
 510 0205 C7       		.byte	0xc7
 511 0206 12       		.byte	0x12
 512 0207 96000000 		.4byte	0x96
 513 020b 04       		.uleb128 0x4
ARM GAS  /tmp/ccDKhJxB.s 			page 10


 514 020c 73000000 		.4byte	.LASF31
 515 0210 07       		.byte	0x7
 516 0211 CC       		.byte	0xcc
 517 0212 12       		.byte	0x12
 518 0213 96000000 		.4byte	0x96
 519 0217 04       		.uleb128 0x4
 520 0218 65010000 		.4byte	.LASF32
 521 021c 07       		.byte	0x7
 522 021d D9       		.byte	0xd9
 523 021e 18       		.byte	0x18
 524 021f 23020000 		.4byte	0x223
 525 0223 06       		.uleb128 0x6
 526 0224 04       		.byte	0x4
 527 0225 E7010000 		.4byte	0x1e7
 528 0229 04       		.uleb128 0x4
 529 022a 0F020000 		.4byte	.LASF33
 530 022e 07       		.byte	0x7
 531 022f DE       		.byte	0xde
 532 0230 12       		.byte	0x12
 533 0231 96000000 		.4byte	0x96
 534 0235 10       		.uleb128 0x10
 535 0236 08010000 		.4byte	0x108
 536 023a 45020000 		.4byte	0x245
 537 023e 11       		.uleb128 0x11
 538 023f 2C000000 		.4byte	0x2c
 539 0243 0F       		.byte	0xf
 540 0244 00       		.byte	0
 541 0245 12       		.uleb128 0x12
 542 0246 03020000 		.4byte	.LASF38
 543 024a 07       		.byte	0x7
 544 024b EB01     		.2byte	0x1eb
 545 024d 13       		.byte	0x13
 546 024e 35020000 		.4byte	0x235
 547 0252 0B       		.uleb128 0xb
 548 0253 0C       		.byte	0xc
 549 0254 05       		.byte	0x5
 550 0255 B7       		.byte	0xb7
 551 0256 09       		.byte	0x9
 552 0257 83020000 		.4byte	0x283
 553 025b 0D       		.uleb128 0xd
 554 025c 5E030000 		.4byte	.LASF34
 555 0260 05       		.byte	0x5
 556 0261 BB       		.byte	0xbb
 557 0262 19       		.byte	0x19
 558 0263 17020000 		.4byte	0x217
 559 0267 00       		.byte	0
 560 0268 0D       		.uleb128 0xd
 561 0269 57020000 		.4byte	.LASF35
 562 026d 05       		.byte	0x5
 563 026e C1       		.byte	0xc1
 564 026f 19       		.byte	0x19
 565 0270 F3010000 		.4byte	0x1f3
 566 0274 04       		.byte	0x4
 567 0275 0D       		.uleb128 0xd
 568 0276 4D010000 		.4byte	.LASF36
 569 027a 05       		.byte	0x5
 570 027b C5       		.byte	0xc5
ARM GAS  /tmp/ccDKhJxB.s 			page 11


 571 027c 19       		.byte	0x19
 572 027d A7000000 		.4byte	0xa7
 573 0281 08       		.byte	0x8
 574 0282 00       		.byte	0
 575 0283 04       		.uleb128 0x4
 576 0284 58000000 		.4byte	.LASF37
 577 0288 05       		.byte	0x5
 578 0289 C6       		.byte	0xc6
 579 028a 03       		.byte	0x3
 580 028b 52020000 		.4byte	0x252
 581 028f 0A       		.uleb128 0xa
 582 0290 83020000 		.4byte	0x283
 583 0294 13       		.uleb128 0x13
 584 0295 85000000 		.4byte	.LASF39
 585 0299 01       		.byte	0x1
 586 029a 94       		.byte	0x94
 587 029b 06       		.byte	0x6
 588 029c 00000000 		.4byte	.LFB338
 589 02a0 18000000 		.4byte	.LFE338-.LFB338
 590 02a4 01       		.uleb128 0x1
 591 02a5 9C       		.byte	0x9c
 592 02a6 EE020000 		.4byte	0x2ee
 593 02aa 14       		.uleb128 0x14
 594 02ab A6000000 		.4byte	.LASF41
 595 02af 01       		.byte	0x1
 596 02b0 94       		.byte	0x94
 597 02b1 23       		.byte	0x23
 598 02b2 0B020000 		.4byte	0x20b
 599 02b6 04000000 		.4byte	.LLST7
 600 02ba 00000000 		.4byte	.LVUS7
 601 02be 15       		.uleb128 0x15
 602 02bf 636200   		.ascii	"cb\000"
 603 02c2 01       		.byte	0x1
 604 02c3 94       		.byte	0x94
 605 02c4 37       		.byte	0x37
 606 02c5 D9000000 		.4byte	0xd9
 607 02c9 01       		.uleb128 0x1
 608 02ca 51       		.byte	0x51
 609 02cb 15       		.uleb128 0x15
 610 02cc 61726700 		.ascii	"arg\000"
 611 02d0 01       		.byte	0x1
 612 02d1 94       		.byte	0x94
 613 02d2 41       		.byte	0x41
 614 02d3 C4000000 		.4byte	0xc4
 615 02d7 01       		.uleb128 0x1
 616 02d8 52       		.byte	0x52
 617 02d9 16       		.uleb128 0x16
 618 02da 70657000 		.ascii	"pep\000"
 619 02de 01       		.byte	0x1
 620 02df 96       		.byte	0x96
 621 02e0 0F       		.byte	0xf
 622 02e1 EE020000 		.4byte	0x2ee
 623 02e5 27000000 		.4byte	.LLST8
 624 02e9 25000000 		.4byte	.LVUS8
 625 02ed 00       		.byte	0
 626 02ee 06       		.uleb128 0x6
 627 02ef 04       		.byte	0x4
ARM GAS  /tmp/ccDKhJxB.s 			page 12


 628 02f0 08010000 		.4byte	0x108
 629 02f4 13       		.uleb128 0x13
 630 02f5 2F000000 		.4byte	.LASF40
 631 02f9 01       		.byte	0x1
 632 02fa 83       		.byte	0x83
 633 02fb 06       		.byte	0x6
 634 02fc 00000000 		.4byte	.LFB337
 635 0300 14000000 		.4byte	.LFE337-.LFB337
 636 0304 01       		.uleb128 0x1
 637 0305 9C       		.byte	0x9c
 638 0306 5C030000 		.4byte	0x35c
 639 030a 14       		.uleb128 0x14
 640 030b 24020000 		.4byte	.LASF42
 641 030f 01       		.byte	0x1
 642 0310 83       		.byte	0x83
 643 0311 24       		.byte	0x24
 644 0312 17020000 		.4byte	0x217
 645 0316 3E000000 		.4byte	.LLST5
 646 031a 3A000000 		.4byte	.LVUS5
 647 031e 15       		.uleb128 0x15
 648 031f 70616400 		.ascii	"pad\000"
 649 0323 01       		.byte	0x1
 650 0324 83       		.byte	0x83
 651 0325 34       		.byte	0x34
 652 0326 29020000 		.4byte	0x229
 653 032a 01       		.uleb128 0x1
 654 032b 51       		.byte	0x51
 655 032c 15       		.uleb128 0x15
 656 032d 636200   		.ascii	"cb\000"
 657 0330 01       		.byte	0x1
 658 0331 84       		.byte	0x84
 659 0332 27       		.byte	0x27
 660 0333 D9000000 		.4byte	0xd9
 661 0337 01       		.uleb128 0x1
 662 0338 52       		.byte	0x52
 663 0339 15       		.uleb128 0x15
 664 033a 61726700 		.ascii	"arg\000"
 665 033e 01       		.byte	0x1
 666 033f 84       		.byte	0x84
 667 0340 31       		.byte	0x31
 668 0341 C4000000 		.4byte	0xc4
 669 0345 01       		.uleb128 0x1
 670 0346 53       		.byte	0x53
 671 0347 16       		.uleb128 0x16
 672 0348 70657000 		.ascii	"pep\000"
 673 034c 01       		.byte	0x1
 674 034d 86       		.byte	0x86
 675 034e 0F       		.byte	0xf
 676 034f EE020000 		.4byte	0x2ee
 677 0353 61000000 		.4byte	.LLST6
 678 0357 5F000000 		.4byte	.LVUS6
 679 035b 00       		.byte	0
 680 035c 13       		.uleb128 0x13
 681 035d 49020000 		.4byte	.LASF43
 682 0361 01       		.byte	0x1
 683 0362 71       		.byte	0x71
 684 0363 06       		.byte	0x6
ARM GAS  /tmp/ccDKhJxB.s 			page 13


 685 0364 00000000 		.4byte	.LFB336
 686 0368 16000000 		.4byte	.LFE336-.LFB336
 687 036c 01       		.uleb128 0x1
 688 036d 9C       		.byte	0x9c
 689 036e B5030000 		.4byte	0x3b5
 690 0372 17       		.uleb128 0x17
 691 0373 62757300 		.ascii	"bus\000"
 692 0377 01       		.byte	0x1
 693 0378 71       		.byte	0x71
 694 0379 21       		.byte	0x21
 695 037a B5030000 		.4byte	0x3b5
 696 037e 78000000 		.4byte	.LLST3
 697 0382 74000000 		.4byte	.LVUS3
 698 0386 14       		.uleb128 0x14
 699 0387 19020000 		.4byte	.LASF44
 700 038b 01       		.byte	0x1
 701 038c 71       		.byte	0x71
 702 038d 2F       		.byte	0x2f
 703 038e FF010000 		.4byte	0x1ff
 704 0392 9F000000 		.4byte	.LLST4
 705 0396 99000000 		.4byte	.LVUS4
 706 039a 18       		.uleb128 0x18
 707 039b 7E010000 		.4byte	.LASF47
 708 039f CB030000 		.4byte	0x3cb
 709 03a3 19       		.uleb128 0x19
 710 03a4 16000000 		.4byte	.LVL8
 711 03a8 8C040000 		.4byte	0x48c
 712 03ac 1A       		.uleb128 0x1a
 713 03ad 01       		.uleb128 0x1
 714 03ae 52       		.byte	0x52
 715 03af 03       		.uleb128 0x3
 716 03b0 F3       		.byte	0xf3
 717 03b1 01       		.uleb128 0x1
 718 03b2 51       		.byte	0x51
 719 03b3 00       		.byte	0
 720 03b4 00       		.byte	0
 721 03b5 06       		.uleb128 0x6
 722 03b6 04       		.byte	0x4
 723 03b7 8F020000 		.4byte	0x28f
 724 03bb 10       		.uleb128 0x10
 725 03bc CD000000 		.4byte	0xcd
 726 03c0 CB030000 		.4byte	0x3cb
 727 03c4 11       		.uleb128 0x11
 728 03c5 2C000000 		.4byte	0x2c
 729 03c9 0D       		.byte	0xd
 730 03ca 00       		.byte	0
 731 03cb 0A       		.uleb128 0xa
 732 03cc BB030000 		.4byte	0x3bb
 733 03d0 13       		.uleb128 0x13
 734 03d1 16000000 		.4byte	.LASF45
 735 03d5 01       		.byte	0x1
 736 03d6 5A       		.byte	0x5a
 737 03d7 06       		.byte	0x6
 738 03d8 00000000 		.4byte	.LFB335
 739 03dc 1C000000 		.4byte	.LFE335-.LFB335
 740 03e0 01       		.uleb128 0x1
 741 03e1 9C       		.byte	0x9c
ARM GAS  /tmp/ccDKhJxB.s 			page 14


 742 03e2 2A040000 		.4byte	0x42a
 743 03e6 15       		.uleb128 0x15
 744 03e7 62757300 		.ascii	"bus\000"
 745 03eb 01       		.byte	0x1
 746 03ec 5A       		.byte	0x5a
 747 03ed 1F       		.byte	0x1f
 748 03ee B5030000 		.4byte	0x3b5
 749 03f2 01       		.uleb128 0x1
 750 03f3 50       		.byte	0x50
 751 03f4 14       		.uleb128 0x14
 752 03f5 F7000000 		.4byte	.LASF46
 753 03f9 01       		.byte	0x1
 754 03fa 5A       		.byte	0x5a
 755 03fb 31       		.byte	0x31
 756 03fc F3010000 		.4byte	0x1f3
 757 0400 CF000000 		.4byte	.LLST1
 758 0404 CB000000 		.4byte	.LVUS1
 759 0408 18       		.uleb128 0x18
 760 0409 7E010000 		.4byte	.LASF47
 761 040d 3A040000 		.4byte	0x43a
 762 0411 1B       		.uleb128 0x1b
 763 0412 00000000 		.4byte	.Ldebug_ranges0+0
 764 0416 16       		.uleb128 0x16
 765 0417 7700     		.ascii	"w\000"
 766 0419 01       		.byte	0x1
 767 041a 5E       		.byte	0x5e
 768 041b 03       		.byte	0x3
 769 041c 96000000 		.4byte	0x96
 770 0420 F2000000 		.4byte	.LLST2
 771 0424 F0000000 		.4byte	.LVUS2
 772 0428 00       		.byte	0
 773 0429 00       		.byte	0
 774 042a 10       		.uleb128 0x10
 775 042b CD000000 		.4byte	0xcd
 776 042f 3A040000 		.4byte	0x43a
 777 0433 11       		.uleb128 0x11
 778 0434 2C000000 		.4byte	0x2c
 779 0438 0B       		.byte	0xb
 780 0439 00       		.byte	0
 781 043a 0A       		.uleb128 0xa
 782 043b 2A040000 		.4byte	0x42a
 783 043f 1C       		.uleb128 0x1c
 784 0440 DB010000 		.4byte	.LASF51
 785 0444 01       		.byte	0x1
 786 0445 41       		.byte	0x41
 787 0446 0E       		.byte	0xe
 788 0447 F3010000 		.4byte	0x1f3
 789 044b 00000000 		.4byte	.LFB334
 790 044f 0E000000 		.4byte	.LFE334-.LFB334
 791 0453 01       		.uleb128 0x1
 792 0454 9C       		.byte	0x9c
 793 0455 77040000 		.4byte	0x477
 794 0459 17       		.uleb128 0x17
 795 045a 62757300 		.ascii	"bus\000"
 796 045e 01       		.byte	0x1
 797 045f 41       		.byte	0x41
 798 0460 26       		.byte	0x26
ARM GAS  /tmp/ccDKhJxB.s 			page 15


 799 0461 B5030000 		.4byte	0x3b5
 800 0465 09010000 		.4byte	.LLST0
 801 0469 05010000 		.4byte	.LVUS0
 802 046d 18       		.uleb128 0x18
 803 046e 7E010000 		.4byte	.LASF47
 804 0472 87040000 		.4byte	0x487
 805 0476 00       		.byte	0
 806 0477 10       		.uleb128 0x10
 807 0478 CD000000 		.4byte	0xcd
 808 047c 87040000 		.4byte	0x487
 809 0480 11       		.uleb128 0x11
 810 0481 2C000000 		.4byte	0x2c
 811 0485 0A       		.byte	0xa
 812 0486 00       		.byte	0
 813 0487 0A       		.uleb128 0xa
 814 0488 77040000 		.4byte	0x477
 815 048c 1D       		.uleb128 0x1d
 816 048d 00000000 		.4byte	.LASF52
 817 0491 00000000 		.4byte	.LASF52
 818 0495 07       		.byte	0x7
 819 0496 F301     		.2byte	0x1f3
 820 0498 08       		.byte	0x8
 821 0499 00       		.byte	0
 822              		.section	.debug_abbrev,"",%progbits
 823              	.Ldebug_abbrev0:
 824 0000 01       		.uleb128 0x1
 825 0001 11       		.uleb128 0x11
 826 0002 01       		.byte	0x1
 827 0003 25       		.uleb128 0x25
 828 0004 0E       		.uleb128 0xe
 829 0005 13       		.uleb128 0x13
 830 0006 0B       		.uleb128 0xb
 831 0007 03       		.uleb128 0x3
 832 0008 0E       		.uleb128 0xe
 833 0009 1B       		.uleb128 0x1b
 834 000a 0E       		.uleb128 0xe
 835 000b 55       		.uleb128 0x55
 836 000c 17       		.uleb128 0x17
 837 000d 11       		.uleb128 0x11
 838 000e 01       		.uleb128 0x1
 839 000f 10       		.uleb128 0x10
 840 0010 17       		.uleb128 0x17
 841 0011 00       		.byte	0
 842 0012 00       		.byte	0
 843 0013 02       		.uleb128 0x2
 844 0014 24       		.uleb128 0x24
 845 0015 00       		.byte	0
 846 0016 0B       		.uleb128 0xb
 847 0017 0B       		.uleb128 0xb
 848 0018 3E       		.uleb128 0x3e
 849 0019 0B       		.uleb128 0xb
 850 001a 03       		.uleb128 0x3
 851 001b 08       		.uleb128 0x8
 852 001c 00       		.byte	0
 853 001d 00       		.byte	0
 854 001e 03       		.uleb128 0x3
 855 001f 24       		.uleb128 0x24
ARM GAS  /tmp/ccDKhJxB.s 			page 16


 856 0020 00       		.byte	0
 857 0021 0B       		.uleb128 0xb
 858 0022 0B       		.uleb128 0xb
 859 0023 3E       		.uleb128 0x3e
 860 0024 0B       		.uleb128 0xb
 861 0025 03       		.uleb128 0x3
 862 0026 0E       		.uleb128 0xe
 863 0027 00       		.byte	0
 864 0028 00       		.byte	0
 865 0029 04       		.uleb128 0x4
 866 002a 16       		.uleb128 0x16
 867 002b 00       		.byte	0
 868 002c 03       		.uleb128 0x3
 869 002d 0E       		.uleb128 0xe
 870 002e 3A       		.uleb128 0x3a
 871 002f 0B       		.uleb128 0xb
 872 0030 3B       		.uleb128 0x3b
 873 0031 0B       		.uleb128 0xb
 874 0032 39       		.uleb128 0x39
 875 0033 0B       		.uleb128 0xb
 876 0034 49       		.uleb128 0x49
 877 0035 13       		.uleb128 0x13
 878 0036 00       		.byte	0
 879 0037 00       		.byte	0
 880 0038 05       		.uleb128 0x5
 881 0039 35       		.uleb128 0x35
 882 003a 00       		.byte	0
 883 003b 49       		.uleb128 0x49
 884 003c 13       		.uleb128 0x13
 885 003d 00       		.byte	0
 886 003e 00       		.byte	0
 887 003f 06       		.uleb128 0x6
 888 0040 0F       		.uleb128 0xf
 889 0041 00       		.byte	0
 890 0042 0B       		.uleb128 0xb
 891 0043 0B       		.uleb128 0xb
 892 0044 49       		.uleb128 0x49
 893 0045 13       		.uleb128 0x13
 894 0046 00       		.byte	0
 895 0047 00       		.byte	0
 896 0048 07       		.uleb128 0x7
 897 0049 15       		.uleb128 0x15
 898 004a 01       		.byte	0x1
 899 004b 27       		.uleb128 0x27
 900 004c 19       		.uleb128 0x19
 901 004d 01       		.uleb128 0x1
 902 004e 13       		.uleb128 0x13
 903 004f 00       		.byte	0
 904 0050 00       		.byte	0
 905 0051 08       		.uleb128 0x8
 906 0052 05       		.uleb128 0x5
 907 0053 00       		.byte	0
 908 0054 49       		.uleb128 0x49
 909 0055 13       		.uleb128 0x13
 910 0056 00       		.byte	0
 911 0057 00       		.byte	0
 912 0058 09       		.uleb128 0x9
ARM GAS  /tmp/ccDKhJxB.s 			page 17


 913 0059 0F       		.uleb128 0xf
 914 005a 00       		.byte	0
 915 005b 0B       		.uleb128 0xb
 916 005c 0B       		.uleb128 0xb
 917 005d 00       		.byte	0
 918 005e 00       		.byte	0
 919 005f 0A       		.uleb128 0xa
 920 0060 26       		.uleb128 0x26
 921 0061 00       		.byte	0
 922 0062 49       		.uleb128 0x49
 923 0063 13       		.uleb128 0x13
 924 0064 00       		.byte	0
 925 0065 00       		.byte	0
 926 0066 0B       		.uleb128 0xb
 927 0067 13       		.uleb128 0x13
 928 0068 01       		.byte	0x1
 929 0069 0B       		.uleb128 0xb
 930 006a 0B       		.uleb128 0xb
 931 006b 3A       		.uleb128 0x3a
 932 006c 0B       		.uleb128 0xb
 933 006d 3B       		.uleb128 0x3b
 934 006e 0B       		.uleb128 0xb
 935 006f 39       		.uleb128 0x39
 936 0070 0B       		.uleb128 0xb
 937 0071 01       		.uleb128 0x1
 938 0072 13       		.uleb128 0x13
 939 0073 00       		.byte	0
 940 0074 00       		.byte	0
 941 0075 0C       		.uleb128 0xc
 942 0076 0D       		.uleb128 0xd
 943 0077 00       		.byte	0
 944 0078 03       		.uleb128 0x3
 945 0079 08       		.uleb128 0x8
 946 007a 3A       		.uleb128 0x3a
 947 007b 0B       		.uleb128 0xb
 948 007c 3B       		.uleb128 0x3b
 949 007d 0B       		.uleb128 0xb
 950 007e 39       		.uleb128 0x39
 951 007f 0B       		.uleb128 0xb
 952 0080 49       		.uleb128 0x49
 953 0081 13       		.uleb128 0x13
 954 0082 38       		.uleb128 0x38
 955 0083 0B       		.uleb128 0xb
 956 0084 00       		.byte	0
 957 0085 00       		.byte	0
 958 0086 0D       		.uleb128 0xd
 959 0087 0D       		.uleb128 0xd
 960 0088 00       		.byte	0
 961 0089 03       		.uleb128 0x3
 962 008a 0E       		.uleb128 0xe
 963 008b 3A       		.uleb128 0x3a
 964 008c 0B       		.uleb128 0xb
 965 008d 3B       		.uleb128 0x3b
 966 008e 0B       		.uleb128 0xb
 967 008f 39       		.uleb128 0x39
 968 0090 0B       		.uleb128 0xb
 969 0091 49       		.uleb128 0x49
ARM GAS  /tmp/ccDKhJxB.s 			page 18


 970 0092 13       		.uleb128 0x13
 971 0093 38       		.uleb128 0x38
 972 0094 0B       		.uleb128 0xb
 973 0095 00       		.byte	0
 974 0096 00       		.byte	0
 975 0097 0E       		.uleb128 0xe
 976 0098 17       		.uleb128 0x17
 977 0099 01       		.byte	0x1
 978 009a 0B       		.uleb128 0xb
 979 009b 0B       		.uleb128 0xb
 980 009c 3A       		.uleb128 0x3a
 981 009d 0B       		.uleb128 0xb
 982 009e 3B       		.uleb128 0x3b
 983 009f 0B       		.uleb128 0xb
 984 00a0 39       		.uleb128 0x39
 985 00a1 0B       		.uleb128 0xb
 986 00a2 01       		.uleb128 0x1
 987 00a3 13       		.uleb128 0x13
 988 00a4 00       		.byte	0
 989 00a5 00       		.byte	0
 990 00a6 0F       		.uleb128 0xf
 991 00a7 0D       		.uleb128 0xd
 992 00a8 00       		.byte	0
 993 00a9 03       		.uleb128 0x3
 994 00aa 08       		.uleb128 0x8
 995 00ab 3A       		.uleb128 0x3a
 996 00ac 0B       		.uleb128 0xb
 997 00ad 3B       		.uleb128 0x3b
 998 00ae 0B       		.uleb128 0xb
 999 00af 39       		.uleb128 0x39
 1000 00b0 0B       		.uleb128 0xb
 1001 00b1 49       		.uleb128 0x49
 1002 00b2 13       		.uleb128 0x13
 1003 00b3 00       		.byte	0
 1004 00b4 00       		.byte	0
 1005 00b5 10       		.uleb128 0x10
 1006 00b6 01       		.uleb128 0x1
 1007 00b7 01       		.byte	0x1
 1008 00b8 49       		.uleb128 0x49
 1009 00b9 13       		.uleb128 0x13
 1010 00ba 01       		.uleb128 0x1
 1011 00bb 13       		.uleb128 0x13
 1012 00bc 00       		.byte	0
 1013 00bd 00       		.byte	0
 1014 00be 11       		.uleb128 0x11
 1015 00bf 21       		.uleb128 0x21
 1016 00c0 00       		.byte	0
 1017 00c1 49       		.uleb128 0x49
 1018 00c2 13       		.uleb128 0x13
 1019 00c3 2F       		.uleb128 0x2f
 1020 00c4 0B       		.uleb128 0xb
 1021 00c5 00       		.byte	0
 1022 00c6 00       		.byte	0
 1023 00c7 12       		.uleb128 0x12
 1024 00c8 34       		.uleb128 0x34
 1025 00c9 00       		.byte	0
 1026 00ca 03       		.uleb128 0x3
ARM GAS  /tmp/ccDKhJxB.s 			page 19


 1027 00cb 0E       		.uleb128 0xe
 1028 00cc 3A       		.uleb128 0x3a
 1029 00cd 0B       		.uleb128 0xb
 1030 00ce 3B       		.uleb128 0x3b
 1031 00cf 05       		.uleb128 0x5
 1032 00d0 39       		.uleb128 0x39
 1033 00d1 0B       		.uleb128 0xb
 1034 00d2 49       		.uleb128 0x49
 1035 00d3 13       		.uleb128 0x13
 1036 00d4 3F       		.uleb128 0x3f
 1037 00d5 19       		.uleb128 0x19
 1038 00d6 3C       		.uleb128 0x3c
 1039 00d7 19       		.uleb128 0x19
 1040 00d8 00       		.byte	0
 1041 00d9 00       		.byte	0
 1042 00da 13       		.uleb128 0x13
 1043 00db 2E       		.uleb128 0x2e
 1044 00dc 01       		.byte	0x1
 1045 00dd 3F       		.uleb128 0x3f
 1046 00de 19       		.uleb128 0x19
 1047 00df 03       		.uleb128 0x3
 1048 00e0 0E       		.uleb128 0xe
 1049 00e1 3A       		.uleb128 0x3a
 1050 00e2 0B       		.uleb128 0xb
 1051 00e3 3B       		.uleb128 0x3b
 1052 00e4 0B       		.uleb128 0xb
 1053 00e5 39       		.uleb128 0x39
 1054 00e6 0B       		.uleb128 0xb
 1055 00e7 27       		.uleb128 0x27
 1056 00e8 19       		.uleb128 0x19
 1057 00e9 11       		.uleb128 0x11
 1058 00ea 01       		.uleb128 0x1
 1059 00eb 12       		.uleb128 0x12
 1060 00ec 06       		.uleb128 0x6
 1061 00ed 40       		.uleb128 0x40
 1062 00ee 18       		.uleb128 0x18
 1063 00ef 9742     		.uleb128 0x2117
 1064 00f1 19       		.uleb128 0x19
 1065 00f2 01       		.uleb128 0x1
 1066 00f3 13       		.uleb128 0x13
 1067 00f4 00       		.byte	0
 1068 00f5 00       		.byte	0
 1069 00f6 14       		.uleb128 0x14
 1070 00f7 05       		.uleb128 0x5
 1071 00f8 00       		.byte	0
 1072 00f9 03       		.uleb128 0x3
 1073 00fa 0E       		.uleb128 0xe
 1074 00fb 3A       		.uleb128 0x3a
 1075 00fc 0B       		.uleb128 0xb
 1076 00fd 3B       		.uleb128 0x3b
 1077 00fe 0B       		.uleb128 0xb
 1078 00ff 39       		.uleb128 0x39
 1079 0100 0B       		.uleb128 0xb
 1080 0101 49       		.uleb128 0x49
 1081 0102 13       		.uleb128 0x13
 1082 0103 02       		.uleb128 0x2
 1083 0104 17       		.uleb128 0x17
ARM GAS  /tmp/ccDKhJxB.s 			page 20


 1084 0105 B742     		.uleb128 0x2137
 1085 0107 17       		.uleb128 0x17
 1086 0108 00       		.byte	0
 1087 0109 00       		.byte	0
 1088 010a 15       		.uleb128 0x15
 1089 010b 05       		.uleb128 0x5
 1090 010c 00       		.byte	0
 1091 010d 03       		.uleb128 0x3
 1092 010e 08       		.uleb128 0x8
 1093 010f 3A       		.uleb128 0x3a
 1094 0110 0B       		.uleb128 0xb
 1095 0111 3B       		.uleb128 0x3b
 1096 0112 0B       		.uleb128 0xb
 1097 0113 39       		.uleb128 0x39
 1098 0114 0B       		.uleb128 0xb
 1099 0115 49       		.uleb128 0x49
 1100 0116 13       		.uleb128 0x13
 1101 0117 02       		.uleb128 0x2
 1102 0118 18       		.uleb128 0x18
 1103 0119 00       		.byte	0
 1104 011a 00       		.byte	0
 1105 011b 16       		.uleb128 0x16
 1106 011c 34       		.uleb128 0x34
 1107 011d 00       		.byte	0
 1108 011e 03       		.uleb128 0x3
 1109 011f 08       		.uleb128 0x8
 1110 0120 3A       		.uleb128 0x3a
 1111 0121 0B       		.uleb128 0xb
 1112 0122 3B       		.uleb128 0x3b
 1113 0123 0B       		.uleb128 0xb
 1114 0124 39       		.uleb128 0x39
 1115 0125 0B       		.uleb128 0xb
 1116 0126 49       		.uleb128 0x49
 1117 0127 13       		.uleb128 0x13
 1118 0128 02       		.uleb128 0x2
 1119 0129 17       		.uleb128 0x17
 1120 012a B742     		.uleb128 0x2137
 1121 012c 17       		.uleb128 0x17
 1122 012d 00       		.byte	0
 1123 012e 00       		.byte	0
 1124 012f 17       		.uleb128 0x17
 1125 0130 05       		.uleb128 0x5
 1126 0131 00       		.byte	0
 1127 0132 03       		.uleb128 0x3
 1128 0133 08       		.uleb128 0x8
 1129 0134 3A       		.uleb128 0x3a
 1130 0135 0B       		.uleb128 0xb
 1131 0136 3B       		.uleb128 0x3b
 1132 0137 0B       		.uleb128 0xb
 1133 0138 39       		.uleb128 0x39
 1134 0139 0B       		.uleb128 0xb
 1135 013a 49       		.uleb128 0x49
 1136 013b 13       		.uleb128 0x13
 1137 013c 02       		.uleb128 0x2
 1138 013d 17       		.uleb128 0x17
 1139 013e B742     		.uleb128 0x2137
 1140 0140 17       		.uleb128 0x17
ARM GAS  /tmp/ccDKhJxB.s 			page 21


 1141 0141 00       		.byte	0
 1142 0142 00       		.byte	0
 1143 0143 18       		.uleb128 0x18
 1144 0144 34       		.uleb128 0x34
 1145 0145 00       		.byte	0
 1146 0146 03       		.uleb128 0x3
 1147 0147 0E       		.uleb128 0xe
 1148 0148 49       		.uleb128 0x49
 1149 0149 13       		.uleb128 0x13
 1150 014a 34       		.uleb128 0x34
 1151 014b 19       		.uleb128 0x19
 1152 014c 00       		.byte	0
 1153 014d 00       		.byte	0
 1154 014e 19       		.uleb128 0x19
 1155 014f 898201   		.uleb128 0x4109
 1156 0152 01       		.byte	0x1
 1157 0153 11       		.uleb128 0x11
 1158 0154 01       		.uleb128 0x1
 1159 0155 9542     		.uleb128 0x2115
 1160 0157 19       		.uleb128 0x19
 1161 0158 31       		.uleb128 0x31
 1162 0159 13       		.uleb128 0x13
 1163 015a 00       		.byte	0
 1164 015b 00       		.byte	0
 1165 015c 1A       		.uleb128 0x1a
 1166 015d 8A8201   		.uleb128 0x410a
 1167 0160 00       		.byte	0
 1168 0161 02       		.uleb128 0x2
 1169 0162 18       		.uleb128 0x18
 1170 0163 9142     		.uleb128 0x2111
 1171 0165 18       		.uleb128 0x18
 1172 0166 00       		.byte	0
 1173 0167 00       		.byte	0
 1174 0168 1B       		.uleb128 0x1b
 1175 0169 0B       		.uleb128 0xb
 1176 016a 01       		.byte	0x1
 1177 016b 55       		.uleb128 0x55
 1178 016c 17       		.uleb128 0x17
 1179 016d 00       		.byte	0
 1180 016e 00       		.byte	0
 1181 016f 1C       		.uleb128 0x1c
 1182 0170 2E       		.uleb128 0x2e
 1183 0171 01       		.byte	0x1
 1184 0172 3F       		.uleb128 0x3f
 1185 0173 19       		.uleb128 0x19
 1186 0174 03       		.uleb128 0x3
 1187 0175 0E       		.uleb128 0xe
 1188 0176 3A       		.uleb128 0x3a
 1189 0177 0B       		.uleb128 0xb
 1190 0178 3B       		.uleb128 0x3b
 1191 0179 0B       		.uleb128 0xb
 1192 017a 39       		.uleb128 0x39
 1193 017b 0B       		.uleb128 0xb
 1194 017c 27       		.uleb128 0x27
 1195 017d 19       		.uleb128 0x19
 1196 017e 49       		.uleb128 0x49
 1197 017f 13       		.uleb128 0x13
ARM GAS  /tmp/ccDKhJxB.s 			page 22


 1198 0180 11       		.uleb128 0x11
 1199 0181 01       		.uleb128 0x1
 1200 0182 12       		.uleb128 0x12
 1201 0183 06       		.uleb128 0x6
 1202 0184 40       		.uleb128 0x40
 1203 0185 18       		.uleb128 0x18
 1204 0186 9742     		.uleb128 0x2117
 1205 0188 19       		.uleb128 0x19
 1206 0189 01       		.uleb128 0x1
 1207 018a 13       		.uleb128 0x13
 1208 018b 00       		.byte	0
 1209 018c 00       		.byte	0
 1210 018d 1D       		.uleb128 0x1d
 1211 018e 2E       		.uleb128 0x2e
 1212 018f 00       		.byte	0
 1213 0190 3F       		.uleb128 0x3f
 1214 0191 19       		.uleb128 0x19
 1215 0192 3C       		.uleb128 0x3c
 1216 0193 19       		.uleb128 0x19
 1217 0194 6E       		.uleb128 0x6e
 1218 0195 0E       		.uleb128 0xe
 1219 0196 03       		.uleb128 0x3
 1220 0197 0E       		.uleb128 0xe
 1221 0198 3A       		.uleb128 0x3a
 1222 0199 0B       		.uleb128 0xb
 1223 019a 3B       		.uleb128 0x3b
 1224 019b 05       		.uleb128 0x5
 1225 019c 39       		.uleb128 0x39
 1226 019d 0B       		.uleb128 0xb
 1227 019e 00       		.byte	0
 1228 019f 00       		.byte	0
 1229 01a0 00       		.byte	0
 1230              		.section	.debug_loc,"",%progbits
 1231              	.Ldebug_loc0:
 1232              	.LVUS7:
 1233 0000 00       		.uleb128 0
 1234 0001 00       		.uleb128 .LVU45
 1235 0002 00       		.uleb128 .LVU45
 1236 0003 00       		.uleb128 0
 1237              	.LLST7:
 1238 0004 00000000 		.4byte	.LVL12
 1239 0008 04000000 		.4byte	.LVL13
 1240 000c 0100     		.2byte	0x1
 1241 000e 50       		.byte	0x50
 1242 000f 04000000 		.4byte	.LVL13
 1243 0013 18000000 		.4byte	.LFE338
 1244 0017 0400     		.2byte	0x4
 1245 0019 F3       		.byte	0xf3
 1246 001a 01       		.uleb128 0x1
 1247 001b 50       		.byte	0x50
 1248 001c 9F       		.byte	0x9f
 1249 001d 00000000 		.4byte	0
 1250 0021 00000000 		.4byte	0
 1251              	.LVUS8:
 1252 0025 00       		.uleb128 .LVU49
 1253 0026 00       		.uleb128 0
 1254              	.LLST8:
ARM GAS  /tmp/ccDKhJxB.s 			page 23


 1255 0027 0E000000 		.4byte	.LVL14
 1256 002b 18000000 		.4byte	.LFE338
 1257 002f 0100     		.2byte	0x1
 1258 0031 53       		.byte	0x53
 1259 0032 00000000 		.4byte	0
 1260 0036 00000000 		.4byte	0
 1261              	.LVUS5:
 1262 003a 00       		.uleb128 0
 1263 003b 00       		.uleb128 .LVU37
 1264 003c 00       		.uleb128 .LVU37
 1265 003d 00       		.uleb128 0
 1266              	.LLST5:
 1267 003e 00000000 		.4byte	.LVL9
 1268 0042 02000000 		.4byte	.LVL10
 1269 0046 0100     		.2byte	0x1
 1270 0048 50       		.byte	0x50
 1271 0049 02000000 		.4byte	.LVL10
 1272 004d 14000000 		.4byte	.LFE337
 1273 0051 0400     		.2byte	0x4
 1274 0053 F3       		.byte	0xf3
 1275 0054 01       		.uleb128 0x1
 1276 0055 50       		.byte	0x50
 1277 0056 9F       		.byte	0x9f
 1278 0057 00000000 		.4byte	0
 1279 005b 00000000 		.4byte	0
 1280              	.LVUS6:
 1281 005f 00       		.uleb128 .LVU40
 1282 0060 00       		.uleb128 0
 1283              	.LLST6:
 1284 0061 0A000000 		.4byte	.LVL11
 1285 0065 14000000 		.4byte	.LFE337
 1286 0069 0100     		.2byte	0x1
 1287 006b 50       		.byte	0x50
 1288 006c 00000000 		.4byte	0
 1289 0070 00000000 		.4byte	0
 1290              	.LVUS3:
 1291 0074 00       		.uleb128 0
 1292 0075 00       		.uleb128 .LVU28
 1293 0076 00       		.uleb128 .LVU28
 1294 0077 00       		.uleb128 0
 1295              	.LLST3:
 1296 0078 00000000 		.4byte	.LVL5
 1297 007c 0A000000 		.4byte	.LVL7
 1298 0080 0100     		.2byte	0x1
 1299 0082 50       		.byte	0x50
 1300 0083 0A000000 		.4byte	.LVL7
 1301 0087 16000000 		.4byte	.LFE336
 1302 008b 0400     		.2byte	0x4
 1303 008d F3       		.byte	0xf3
 1304 008e 01       		.uleb128 0x1
 1305 008f 50       		.byte	0x50
 1306 0090 9F       		.byte	0x9f
 1307 0091 00000000 		.4byte	0
 1308 0095 00000000 		.4byte	0
 1309              	.LVUS4:
 1310 0099 00       		.uleb128 0
 1311 009a 00       		.uleb128 .LVU27
ARM GAS  /tmp/ccDKhJxB.s 			page 24


 1312 009b 00       		.uleb128 .LVU27
 1313 009c 00       		.uleb128 .LVU31
 1314 009d 00       		.uleb128 .LVU31
 1315 009e 00       		.uleb128 0
 1316              	.LLST4:
 1317 009f 00000000 		.4byte	.LVL5
 1318 00a3 08000000 		.4byte	.LVL6
 1319 00a7 0100     		.2byte	0x1
 1320 00a9 51       		.byte	0x51
 1321 00aa 08000000 		.4byte	.LVL6
 1322 00ae 15000000 		.4byte	.LVL8-1
 1323 00b2 0100     		.2byte	0x1
 1324 00b4 52       		.byte	0x52
 1325 00b5 15000000 		.4byte	.LVL8-1
 1326 00b9 16000000 		.4byte	.LFE336
 1327 00bd 0400     		.2byte	0x4
 1328 00bf F3       		.byte	0xf3
 1329 00c0 01       		.uleb128 0x1
 1330 00c1 51       		.byte	0x51
 1331 00c2 9F       		.byte	0x9f
 1332 00c3 00000000 		.4byte	0
 1333 00c7 00000000 		.4byte	0
 1334              	.LVUS1:
 1335 00cb 00       		.uleb128 0
 1336 00cc 00       		.uleb128 .LVU15
 1337 00cd 00       		.uleb128 .LVU15
 1338 00ce 00       		.uleb128 0
 1339              	.LLST1:
 1340 00cf 00000000 		.4byte	.LVL2
 1341 00d3 10000000 		.4byte	.LVL3
 1342 00d7 0100     		.2byte	0x1
 1343 00d9 51       		.byte	0x51
 1344 00da 10000000 		.4byte	.LVL3
 1345 00de 1C000000 		.4byte	.LFE335
 1346 00e2 0400     		.2byte	0x4
 1347 00e4 F3       		.byte	0xf3
 1348 00e5 01       		.uleb128 0x1
 1349 00e6 51       		.byte	0x51
 1350 00e7 9F       		.byte	0x9f
 1351 00e8 00000000 		.4byte	0
 1352 00ec 00000000 		.4byte	0
 1353              	.LVUS2:
 1354 00f0 00       		.uleb128 .LVU16
 1355 00f1 00       		.uleb128 0
 1356              	.LLST2:
 1357 00f2 16000000 		.4byte	.LVL4
 1358 00f6 1C000000 		.4byte	.LFE335
 1359 00fa 0100     		.2byte	0x1
 1360 00fc 51       		.byte	0x51
 1361 00fd 00000000 		.4byte	0
 1362 0101 00000000 		.4byte	0
 1363              	.LVUS0:
 1364 0105 00       		.uleb128 0
 1365 0106 00       		.uleb128 .LVU6
 1366 0107 00       		.uleb128 .LVU6
 1367 0108 00       		.uleb128 0
 1368              	.LLST0:
ARM GAS  /tmp/ccDKhJxB.s 			page 25


 1369 0109 00000000 		.4byte	.LVL0
 1370 010d 08000000 		.4byte	.LVL1
 1371 0111 0100     		.2byte	0x1
 1372 0113 50       		.byte	0x50
 1373 0114 08000000 		.4byte	.LVL1
 1374 0118 0E000000 		.4byte	.LFE334
 1375 011c 0400     		.2byte	0x4
 1376 011e F3       		.byte	0xf3
 1377 011f 01       		.uleb128 0x1
 1378 0120 50       		.byte	0x50
 1379 0121 9F       		.byte	0x9f
 1380 0122 00000000 		.4byte	0
 1381 0126 00000000 		.4byte	0
 1382              		.section	.debug_aranges,"",%progbits
 1383 0000 3C000000 		.4byte	0x3c
 1384 0004 0200     		.2byte	0x2
 1385 0006 00000000 		.4byte	.Ldebug_info0
 1386 000a 04       		.byte	0x4
 1387 000b 00       		.byte	0
 1388 000c 0000     		.2byte	0
 1389 000e 0000     		.2byte	0
 1390 0010 00000000 		.4byte	.LFB334
 1391 0014 0E000000 		.4byte	.LFE334-.LFB334
 1392 0018 00000000 		.4byte	.LFB335
 1393 001c 1C000000 		.4byte	.LFE335-.LFB335
 1394 0020 00000000 		.4byte	.LFB336
 1395 0024 16000000 		.4byte	.LFE336-.LFB336
 1396 0028 00000000 		.4byte	.LFB337
 1397 002c 14000000 		.4byte	.LFE337-.LFB337
 1398 0030 00000000 		.4byte	.LFB338
 1399 0034 18000000 		.4byte	.LFE338-.LFB338
 1400 0038 00000000 		.4byte	0
 1401 003c 00000000 		.4byte	0
 1402              		.section	.debug_ranges,"",%progbits
 1403              	.Ldebug_ranges0:
 1404 0000 00000000 		.4byte	.LBB2
 1405 0004 00000000 		.4byte	.LBE2
 1406 0008 02000000 		.4byte	.LBB3
 1407 000c 1A000000 		.4byte	.LBE3
 1408 0010 00000000 		.4byte	0
 1409 0014 00000000 		.4byte	0
 1410 0018 00000000 		.4byte	.LFB334
 1411 001c 0E000000 		.4byte	.LFE334
 1412 0020 00000000 		.4byte	.LFB335
 1413 0024 1C000000 		.4byte	.LFE335
 1414 0028 00000000 		.4byte	.LFB336
 1415 002c 16000000 		.4byte	.LFE336
 1416 0030 00000000 		.4byte	.LFB337
 1417 0034 14000000 		.4byte	.LFE337
 1418 0038 00000000 		.4byte	.LFB338
 1419 003c 18000000 		.4byte	.LFE338
 1420 0040 00000000 		.4byte	0
 1421 0044 00000000 		.4byte	0
 1422              		.section	.debug_line,"",%progbits
 1423              	.Ldebug_line0:
 1424 0000 8A020000 		.section	.debug_str,"MS",%progbits,1
 1424      0300BB01 
ARM GAS  /tmp/ccDKhJxB.s 			page 26


 1424      00000201 
 1424      FB0E0D00 
 1424      01010101 
 1425              	.LASF52:
 1426 0000 5F70616C 		.ascii	"_pal_lld_setgroupmode\000"
 1426      5F6C6C64 
 1426      5F736574 
 1426      67726F75 
 1426      706D6F64 
 1427              	.LASF45:
 1428 0016 70616C57 		.ascii	"palWriteBus\000"
 1428      72697465 
 1428      42757300 
 1429              	.LASF28:
 1430 0022 73746D33 		.ascii	"stm32_gpio_t\000"
 1430      325F6770 
 1430      696F5F74 
 1430      00
 1431              	.LASF40:
 1432 002f 70616C53 		.ascii	"palSetPadCallbackI\000"
 1432      65745061 
 1432      6443616C 
 1432      6C626163 
 1432      6B4900
 1433              	.LASF18:
 1434 0042 70616C65 		.ascii	"palevent_t\000"
 1434      76656E74 
 1434      5F7400
 1435              	.LASF9:
 1436 004d 5F5F7569 		.ascii	"__uint32_t\000"
 1436      6E743332 
 1436      5F7400
 1437              	.LASF37:
 1438 0058 494F4275 		.ascii	"IOBus\000"
 1438      7300
 1439              	.LASF8:
 1440 005e 5F5F7569 		.ascii	"__uint16_t\000"
 1440      6E743136 
 1440      5F7400
 1441              	.LASF5:
 1442 0069 73686F72 		.ascii	"short int\000"
 1442      7420696E 
 1442      7400
 1443              	.LASF31:
 1444 0073 696F6C69 		.ascii	"ioline_t\000"
 1444      6E655F74 
 1444      00
 1445              	.LASF30:
 1446 007c 696F6D6F 		.ascii	"iomode_t\000"
 1446      64655F74 
 1446      00
 1447              	.LASF39:
 1448 0085 70616C53 		.ascii	"palSetLineCallbackI\000"
 1448      65744C69 
 1448      6E654361 
 1448      6C6C6261 
 1448      636B4900 
ARM GAS  /tmp/ccDKhJxB.s 			page 27


 1449              	.LASF29:
 1450 0099 696F706F 		.ascii	"ioportmask_t\000"
 1450      72746D61 
 1450      736B5F74 
 1450      00
 1451              	.LASF41:
 1452 00a6 6C696E65 		.ascii	"line\000"
 1452      00
 1453              	.LASF49:
 1454 00ab 2E2E2F2E 		.ascii	"../../modules/ChibiOS/os/hal/src/hal_pal.c\000"
 1454      2E2F6D6F 
 1454      64756C65 
 1454      732F4368 
 1454      6962694F 
 1455              	.LASF21:
 1456 00d6 4F545950 		.ascii	"OTYPER\000"
 1456      455200
 1457              	.LASF17:
 1458 00dd 70616C63 		.ascii	"palcallback_t\000"
 1458      616C6C62 
 1458      61636B5F 
 1458      7400
 1459              	.LASF2:
 1460 00eb 6C6F6E67 		.ascii	"long double\000"
 1460      20646F75 
 1460      626C6500 
 1461              	.LASF46:
 1462 00f7 62697473 		.ascii	"bits\000"
 1462      00
 1463              	.LASF1:
 1464 00fc 6C6F6E67 		.ascii	"long long int\000"
 1464      206C6F6E 
 1464      6720696E 
 1464      7400
 1465              	.LASF50:
 1466 010a 2F686F6D 		.ascii	"/home/mahathi/mathur407_payload2/4.0.7/build/CUAVv5"
 1466      652F6D61 
 1466      68617468 
 1466      692F6D61 
 1466      74687572 
 1467 013d 00       		.ascii	"\000"
 1468              	.LASF23:
 1469 013e 50555044 		.ascii	"PUPDR\000"
 1469      5200
 1470              	.LASF7:
 1471 0144 6C6F6E67 		.ascii	"long int\000"
 1471      20696E74 
 1471      00
 1472              	.LASF36:
 1473 014d 6F666673 		.ascii	"offset\000"
 1473      657400
 1474              	.LASF24:
 1475 0154 42535252 		.ascii	"BSRR\000"
 1475      00
 1476              	.LASF20:
 1477 0159 4D4F4445 		.ascii	"MODER\000"
 1477      5200
ARM GAS  /tmp/ccDKhJxB.s 			page 28


 1478              	.LASF19:
 1479 015f 636C6561 		.ascii	"clear\000"
 1479      7200
 1480              	.LASF32:
 1481 0165 696F706F 		.ascii	"ioportid_t\000"
 1481      72746964 
 1481      5F7400
 1482              	.LASF4:
 1483 0170 756E7369 		.ascii	"unsigned char\000"
 1483      676E6564 
 1483      20636861 
 1483      7200
 1484              	.LASF47:
 1485 017e 5F5F6675 		.ascii	"__func__\000"
 1485      6E635F5F 
 1485      00
 1486              	.LASF3:
 1487 0187 7369676E 		.ascii	"signed char\000"
 1487      65642063 
 1487      68617200 
 1488              	.LASF11:
 1489 0193 6C6F6E67 		.ascii	"long long unsigned int\000"
 1489      206C6F6E 
 1489      6720756E 
 1489      7369676E 
 1489      65642069 
 1490              	.LASF14:
 1491 01aa 75696E74 		.ascii	"uint_fast8_t\000"
 1491      5F666173 
 1491      74385F74 
 1491      00
 1492              	.LASF13:
 1493 01b7 75696E74 		.ascii	"uint32_t\000"
 1493      33325F74 
 1493      00
 1494              	.LASF0:
 1495 01c0 756E7369 		.ascii	"unsigned int\000"
 1495      676E6564 
 1495      20696E74 
 1495      00
 1496              	.LASF12:
 1497 01cd 75696E74 		.ascii	"uint16_t\000"
 1497      31365F74 
 1497      00
 1498              	.LASF27:
 1499 01d6 41465248 		.ascii	"AFRH\000"
 1499      00
 1500              	.LASF51:
 1501 01db 70616C52 		.ascii	"palReadBus\000"
 1501      65616442 
 1501      757300
 1502              	.LASF26:
 1503 01e6 4146524C 		.ascii	"AFRL\000"
 1503      00
 1504              	.LASF6:
 1505 01eb 73686F72 		.ascii	"short unsigned int\000"
 1505      7420756E 
ARM GAS  /tmp/ccDKhJxB.s 			page 29


 1505      7369676E 
 1505      65642069 
 1505      6E7400
 1506              	.LASF15:
 1507 01fe 63686172 		.ascii	"char\000"
 1507      00
 1508              	.LASF38:
 1509 0203 5F70616C 		.ascii	"_pal_events\000"
 1509      5F657665 
 1509      6E747300 
 1510              	.LASF33:
 1511 020f 696F7061 		.ascii	"iopadid_t\000"
 1511      6469645F 
 1511      7400
 1512              	.LASF44:
 1513 0219 6D6F6465 		.ascii	"mode\000"
 1513      00
 1514              	.LASF16:
 1515 021e 5F426F6F 		.ascii	"_Bool\000"
 1515      6C00
 1516              	.LASF42:
 1517 0224 706F7274 		.ascii	"port\000"
 1517      00
 1518              	.LASF22:
 1519 0229 4F535045 		.ascii	"OSPEEDR\000"
 1519      45445200 
 1520              	.LASF10:
 1521 0231 6C6F6E67 		.ascii	"long unsigned int\000"
 1521      20756E73 
 1521      69676E65 
 1521      6420696E 
 1521      7400
 1522              	.LASF25:
 1523 0243 4C4F434B 		.ascii	"LOCKR\000"
 1523      5200
 1524              	.LASF43:
 1525 0249 70616C53 		.ascii	"palSetBusMode\000"
 1525      65744275 
 1525      734D6F64 
 1525      6500
 1526              	.LASF35:
 1527 0257 6D61736B 		.ascii	"mask\000"
 1527      00
 1528              	.LASF48:
 1529 025c 474E5520 		.ascii	"GNU C17 10.2.1 20201103 (release) -mcpu=cortex-m7 -"
 1529      43313720 
 1529      31302E32 
 1529      2E312032 
 1529      30323031 
 1530 028f 6D666C6F 		.ascii	"mfloat-abi=hard -mfpu=fpv4-sp-d16 -mno-thumb-interw"
 1530      61742D61 
 1530      62693D68 
 1530      61726420 
 1530      2D6D6670 
 1531 02c2 6F726B20 		.ascii	"ork -mthumb -march=armv7e-m+fp -g -Os -fomit-frame-"
 1531      2D6D7468 
 1531      756D6220 
ARM GAS  /tmp/ccDKhJxB.s 			page 30


 1531      2D6D6172 
 1531      63683D61 
 1532 02f5 706F696E 		.ascii	"pointer -falign-functions=16 -ffunction-sections -f"
 1532      74657220 
 1532      2D66616C 
 1532      69676E2D 
 1532      66756E63 
 1533 0328 64617461 		.ascii	"data-sections -fno-common -fsingle-precision-consta"
 1533      2D736563 
 1533      74696F6E 
 1533      73202D66 
 1533      6E6F2D63 
 1534 035b 6E7400   		.ascii	"nt\000"
 1535              	.LASF34:
 1536 035e 706F7274 		.ascii	"portid\000"
 1536      696400
 1537              		.ident	"GCC: (GNU Arm Embedded Toolchain 10-2020-q4-major) 10.2.1 20201103 (release)"
ARM GAS  /tmp/ccDKhJxB.s 			page 31


DEFINED SYMBOLS
                            *ABS*:0000000000000000 hal_pal.c
     /tmp/ccDKhJxB.s:18     .text.palReadBus:0000000000000000 $t
     /tmp/ccDKhJxB.s:26     .text.palReadBus:0000000000000000 palReadBus
     /tmp/ccDKhJxB.s:54     .text.palWriteBus:0000000000000000 $t
     /tmp/ccDKhJxB.s:61     .text.palWriteBus:0000000000000000 palWriteBus
     /tmp/ccDKhJxB.s:103    .text.palSetBusMode:0000000000000000 $t
     /tmp/ccDKhJxB.s:110    .text.palSetBusMode:0000000000000000 palSetBusMode
     /tmp/ccDKhJxB.s:148    .text.palSetPadCallbackI:0000000000000000 $t
     /tmp/ccDKhJxB.s:155    .text.palSetPadCallbackI:0000000000000000 palSetPadCallbackI
     /tmp/ccDKhJxB.s:182    .text.palSetPadCallbackI:0000000000000010 $d
     /tmp/ccDKhJxB.s:187    .text.palSetLineCallbackI:0000000000000000 $t
     /tmp/ccDKhJxB.s:194    .text.palSetLineCallbackI:0000000000000000 palSetLineCallbackI
     /tmp/ccDKhJxB.s:221    .text.palSetLineCallbackI:0000000000000014 $d

UNDEFINED SYMBOLS
_pal_lld_setgroupmode
_pal_events
