ARM GAS  /tmp/ccplQfVt.s 			page 1


   1              		.cpu cortex-m7
   2              		.eabi_attribute 27, 1
   3              		.eabi_attribute 28, 1
   4              		.eabi_attribute 20, 1
   5              		.eabi_attribute 21, 1
   6              		.eabi_attribute 23, 3
   7              		.eabi_attribute 24, 1
   8              		.eabi_attribute 25, 1
   9              		.eabi_attribute 26, 1
  10              		.eabi_attribute 30, 4
  11              		.eabi_attribute 34, 1
  12              		.eabi_attribute 18, 4
  13              		.file	"nvic.c"
  14              		.text
  15              	.Ltext0:
  16              		.cfi_sections	.debug_frame
  17              		.section	.text.nvicEnableVector,"ax",%progbits
  18              		.align	1
  19              		.global	nvicEnableVector
  20              		.arch armv7e-m
  21              		.syntax unified
  22              		.thumb
  23              		.thumb_func
  24              		.fpu fpv4-sp-d16
  25              		.type	nvicEnableVector, %function
  26              	nvicEnableVector:
  27              	.LVL0:
  28              	.LFB334:
  29              		.file 1 "../../modules/ChibiOS/os/hal/ports/common/ARMCMx/nvic.c"
  30              		.loc 1 57 50 view -0
  31              		.cfi_startproc
  32              		@ args = 0, pretend = 0, frame = 0
  33              		@ frame_needed = 0, uses_anonymous_args = 0
  34              		@ link register save eliminated.
  35              		.loc 1 63 3 view .LVU1
  36              		.loc 1 63 17 is_stmt 0 view .LVU2
  37 0000 0901     		lsls	r1, r1, #4
  38              	.LVL1:
  39              		.loc 1 63 15 view .LVU3
  40 0002 00F16043 		add	r3, r0, #-536870912
  41              		.loc 1 65 28 view .LVU4
  42 0006 0122     		movs	r2, #1
  43              		.loc 1 63 15 view .LVU5
  44 0008 03F56143 		add	r3, r3, #57600
  45              		.loc 1 63 17 view .LVU6
  46 000c C9B2     		uxtb	r1, r1
  47              		.loc 1 63 15 view .LVU7
  48 000e 83F80013 		strb	r1, [r3, #768]
  49              		.loc 1 65 3 is_stmt 1 view .LVU8
  50              		.loc 1 65 34 is_stmt 0 view .LVU9
  51 0012 00F01F03 		and	r3, r0, #31
  52              		.loc 1 65 28 view .LVU10
  53 0016 9A40     		lsls	r2, r2, r3
  54              		.loc 1 65 16 view .LVU11
  55 0018 4309     		lsrs	r3, r0, #5
  56 001a 9B00     		lsls	r3, r3, #2
  57 001c 03F16043 		add	r3, r3, #-536870912
ARM GAS  /tmp/ccplQfVt.s 			page 2


  58 0020 03F56143 		add	r3, r3, #57600
  59              		.loc 1 65 23 view .LVU12
  60 0024 C3F88021 		str	r2, [r3, #384]
  61              		.loc 1 66 3 is_stmt 1 view .LVU13
  62              		.loc 1 66 23 is_stmt 0 view .LVU14
  63 0028 1A60     		str	r2, [r3]
  64              		.loc 1 67 1 view .LVU15
  65 002a 7047     		bx	lr
  66              		.cfi_endproc
  67              	.LFE334:
  68              		.size	nvicEnableVector, .-nvicEnableVector
  69              		.section	.text.nvicDisableVector,"ax",%progbits
  70              		.align	1
  71              		.global	nvicDisableVector
  72              		.syntax unified
  73              		.thumb
  74              		.thumb_func
  75              		.fpu fpv4-sp-d16
  76              		.type	nvicDisableVector, %function
  77              	nvicDisableVector:
  78              	.LVL2:
  79              	.LFB335:
  80              		.loc 1 74 36 is_stmt 1 view -0
  81              		.cfi_startproc
  82              		@ args = 0, pretend = 0, frame = 0
  83              		@ frame_needed = 0, uses_anonymous_args = 0
  84              		@ link register save eliminated.
  85              		.loc 1 76 3 view .LVU17
  86              		.loc 1 76 34 is_stmt 0 view .LVU18
  87 0000 00F01F03 		and	r3, r0, #31
  88              		.loc 1 76 16 view .LVU19
  89 0004 4209     		lsrs	r2, r0, #5
  90              		.loc 1 76 28 view .LVU20
  91 0006 0121     		movs	r1, #1
  92              		.loc 1 76 23 view .LVU21
  93 0008 2032     		adds	r2, r2, #32
  94              		.loc 1 76 28 view .LVU22
  95 000a 9940     		lsls	r1, r1, r3
  96              		.loc 1 76 23 view .LVU23
  97 000c 034B     		ldr	r3, .L3
  98              		.loc 1 80 15 view .LVU24
  99 000e 1844     		add	r0, r0, r3
 100              	.LVL3:
 101              		.loc 1 76 23 view .LVU25
 102 0010 43F82210 		str	r1, [r3, r2, lsl #2]
 103              		.loc 1 80 3 is_stmt 1 view .LVU26
 104              		.loc 1 80 15 is_stmt 0 view .LVU27
 105 0014 0023     		movs	r3, #0
 106 0016 80F80033 		strb	r3, [r0, #768]
 107              		.loc 1 82 1 view .LVU28
 108 001a 7047     		bx	lr
 109              	.L4:
 110              		.align	2
 111              	.L3:
 112 001c 00E100E0 		.word	-536813312
 113              		.cfi_endproc
 114              	.LFE335:
ARM GAS  /tmp/ccplQfVt.s 			page 3


 115              		.size	nvicDisableVector, .-nvicDisableVector
 116              		.section	.text.nvicSetSystemHandlerPriority,"ax",%progbits
 117              		.align	1
 118              		.global	nvicSetSystemHandlerPriority
 119              		.syntax unified
 120              		.thumb
 121              		.thumb_func
 122              		.fpu fpv4-sp-d16
 123              		.type	nvicSetSystemHandlerPriority, %function
 124              	nvicSetSystemHandlerPriority:
 125              	.LVL4:
 126              	.LFB336:
 127              		.loc 1 90 68 is_stmt 1 view -0
 128              		.cfi_startproc
 129              		@ args = 0, pretend = 0, frame = 0
 130              		@ frame_needed = 0, uses_anonymous_args = 0
 131              		@ link register save eliminated.
 132              		.loc 1 92 3 view .LVU30
 133              		.loc 1 92 3 view .LVU31
 134              		.loc 1 92 3 view .LVU32
 135              		.loc 1 98 3 view .LVU33
 136              		.loc 1 98 24 is_stmt 0 view .LVU34
 137 0000 0901     		lsls	r1, r1, #4
 138              	.LVL5:
 139              		.loc 1 98 22 view .LVU35
 140 0002 00F16040 		add	r0, r0, #-536870912
 141              	.LVL6:
 142              		.loc 1 98 24 view .LVU36
 143 0006 C9B2     		uxtb	r1, r1
 144              		.loc 1 98 22 view .LVU37
 145 0008 00F56D40 		add	r0, r0, #60672
 146              	.LVL7:
 147              		.loc 1 98 22 view .LVU38
 148 000c 0176     		strb	r1, [r0, #24]
 149              		.loc 1 102 1 view .LVU39
 150 000e 7047     		bx	lr
 151              		.cfi_endproc
 152              	.LFE336:
 153              		.size	nvicSetSystemHandlerPriority, .-nvicSetSystemHandlerPriority
 154              		.section	.text.nvicClearPending,"ax",%progbits
 155              		.align	1
 156              		.global	nvicClearPending
 157              		.syntax unified
 158              		.thumb
 159              		.thumb_func
 160              		.fpu fpv4-sp-d16
 161              		.type	nvicClearPending, %function
 162              	nvicClearPending:
 163              	.LVL8:
 164              	.LFB337:
 165              		.loc 1 109 35 is_stmt 1 view -0
 166              		.cfi_startproc
 167              		@ args = 0, pretend = 0, frame = 0
 168              		@ frame_needed = 0, uses_anonymous_args = 0
 169              		@ link register save eliminated.
 170              		.loc 1 111 3 view .LVU41
 171              		.loc 1 111 16 is_stmt 0 view .LVU42
ARM GAS  /tmp/ccplQfVt.s 			page 4


 172 0000 4309     		lsrs	r3, r0, #5
 173              		.loc 1 111 26 view .LVU43
 174 0002 0122     		movs	r2, #1
 175              		.loc 1 111 32 view .LVU44
 176 0004 00F01F00 		and	r0, r0, #31
 177              	.LVL9:
 178              		.loc 1 111 22 view .LVU45
 179 0008 6033     		adds	r3, r3, #96
 180              		.loc 1 111 26 view .LVU46
 181 000a 02FA00F0 		lsl	r0, r2, r0
 182              		.loc 1 111 22 view .LVU47
 183 000e 024A     		ldr	r2, .L7
 184 0010 42F82300 		str	r0, [r2, r3, lsl #2]
 185              		.loc 1 112 1 view .LVU48
 186 0014 7047     		bx	lr
 187              	.L8:
 188 0016 00BF     		.align	2
 189              	.L7:
 190 0018 00E100E0 		.word	-536813312
 191              		.cfi_endproc
 192              	.LFE337:
 193              		.size	nvicClearPending, .-nvicClearPending
 194              		.text
 195              	.Letext0:
 196              		.file 2 "/opt/gcc-arm-none-eabi-10-2020-q4-major/arm-none-eabi/include/machine/_default_types.h"
 197              		.file 3 "/opt/gcc-arm-none-eabi-10-2020-q4-major/arm-none-eabi/include/sys/_stdint.h"
 198              		.file 4 "../../modules/ChibiOS/os/common/ext/ARM/CMSIS/Core/Include/core_cm7.h"
 199              		.section	.debug_info,"",%progbits
 200              	.Ldebug_info0:
 201 0000 65060000 		.4byte	0x665
 202 0004 0400     		.2byte	0x4
 203 0006 00000000 		.4byte	.Ldebug_abbrev0
 204 000a 04       		.byte	0x4
 205 000b 01       		.uleb128 0x1
 206 000c E7020000 		.4byte	.LASF77
 207 0010 0C       		.byte	0xc
 208 0011 28010000 		.4byte	.LASF78
 209 0015 E6000000 		.4byte	.LASF79
 210 0019 00000000 		.4byte	.Ldebug_ranges0+0
 211 001d 00000000 		.4byte	0
 212 0021 00000000 		.4byte	.Ldebug_line0
 213 0025 02       		.uleb128 0x2
 214 0026 04       		.byte	0x4
 215 0027 05       		.byte	0x5
 216 0028 696E7400 		.ascii	"int\000"
 217 002c 03       		.uleb128 0x3
 218 002d 04       		.byte	0x4
 219 002e 07       		.byte	0x7
 220 002f FC030000 		.4byte	.LASF0
 221 0033 03       		.uleb128 0x3
 222 0034 08       		.byte	0x8
 223 0035 05       		.byte	0x5
 224 0036 D8000000 		.4byte	.LASF1
 225 003a 03       		.uleb128 0x3
 226 003b 08       		.byte	0x8
 227 003c 04       		.byte	0x4
 228 003d 4E000000 		.4byte	.LASF2
ARM GAS  /tmp/ccplQfVt.s 			page 5


 229 0041 03       		.uleb128 0x3
 230 0042 01       		.byte	0x1
 231 0043 06       		.byte	0x6
 232 0044 DF010000 		.4byte	.LASF3
 233 0048 04       		.uleb128 0x4
 234 0049 67010000 		.4byte	.LASF8
 235 004d 02       		.byte	0x2
 236 004e 2B       		.byte	0x2b
 237 004f 18       		.byte	0x18
 238 0050 54000000 		.4byte	0x54
 239 0054 03       		.uleb128 0x3
 240 0055 01       		.byte	0x1
 241 0056 08       		.byte	0x8
 242 0057 86010000 		.4byte	.LASF4
 243 005b 03       		.uleb128 0x3
 244 005c 02       		.byte	0x2
 245 005d 05       		.byte	0x5
 246 005e 22000000 		.4byte	.LASF5
 247 0062 03       		.uleb128 0x3
 248 0063 02       		.byte	0x2
 249 0064 07       		.byte	0x7
 250 0065 2F020000 		.4byte	.LASF6
 251 0069 03       		.uleb128 0x3
 252 006a 04       		.byte	0x4
 253 006b 05       		.byte	0x5
 254 006c 1F010000 		.4byte	.LASF7
 255 0070 04       		.uleb128 0x4
 256 0071 5A000000 		.4byte	.LASF9
 257 0075 02       		.byte	0x2
 258 0076 4F       		.byte	0x4f
 259 0077 19       		.byte	0x19
 260 0078 7C000000 		.4byte	0x7c
 261 007c 03       		.uleb128 0x3
 262 007d 04       		.byte	0x4
 263 007e 07       		.byte	0x7
 264 007f B3020000 		.4byte	.LASF10
 265 0083 03       		.uleb128 0x3
 266 0084 08       		.byte	0x8
 267 0085 07       		.byte	0x7
 268 0086 F0010000 		.4byte	.LASF11
 269 008a 04       		.uleb128 0x4
 270 008b 91000000 		.4byte	.LASF12
 271 008f 03       		.byte	0x3
 272 0090 18       		.byte	0x18
 273 0091 13       		.byte	0x13
 274 0092 48000000 		.4byte	0x48
 275 0096 05       		.uleb128 0x5
 276 0097 8A000000 		.4byte	0x8a
 277 009b 04       		.uleb128 0x4
 278 009c 8C020000 		.4byte	.LASF13
 279 00a0 03       		.byte	0x3
 280 00a1 30       		.byte	0x30
 281 00a2 14       		.byte	0x14
 282 00a3 70000000 		.4byte	0x70
 283 00a7 05       		.uleb128 0x5
 284 00a8 9B000000 		.4byte	0x9b
 285 00ac 06       		.uleb128 0x6
ARM GAS  /tmp/ccplQfVt.s 			page 6


 286 00ad A7000000 		.4byte	0xa7
 287 00b1 07       		.uleb128 0x7
 288 00b2 040E     		.2byte	0xe04
 289 00b4 04       		.byte	0x4
 290 00b5 A501     		.2byte	0x1a5
 291 00b7 09       		.byte	0x9
 292 00b8 7B010000 		.4byte	0x17b
 293 00bc 08       		.uleb128 0x8
 294 00bd 87020000 		.4byte	.LASF14
 295 00c1 04       		.byte	0x4
 296 00c2 A701     		.2byte	0x1a7
 297 00c4 12       		.byte	0x12
 298 00c5 8B010000 		.4byte	0x18b
 299 00c9 00       		.byte	0
 300 00ca 08       		.uleb128 0x8
 301 00cb 2C000000 		.4byte	.LASF15
 302 00cf 04       		.byte	0x4
 303 00d0 A801     		.2byte	0x1a8
 304 00d2 12       		.byte	0x12
 305 00d3 90010000 		.4byte	0x190
 306 00d7 20       		.byte	0x20
 307 00d8 08       		.uleb128 0x8
 308 00d9 23020000 		.4byte	.LASF16
 309 00dd 04       		.byte	0x4
 310 00de A901     		.2byte	0x1a9
 311 00e0 12       		.byte	0x12
 312 00e1 8B010000 		.4byte	0x18b
 313 00e5 80       		.byte	0x80
 314 00e6 08       		.uleb128 0x8
 315 00e7 C9000000 		.4byte	.LASF17
 316 00eb 04       		.byte	0x4
 317 00ec AA01     		.2byte	0x1aa
 318 00ee 12       		.byte	0x12
 319 00ef 90010000 		.4byte	0x190
 320 00f3 A0       		.byte	0xa0
 321 00f4 09       		.uleb128 0x9
 322 00f5 65020000 		.4byte	.LASF18
 323 00f9 04       		.byte	0x4
 324 00fa AB01     		.2byte	0x1ab
 325 00fc 12       		.byte	0x12
 326 00fd 8B010000 		.4byte	0x18b
 327 0101 0001     		.2byte	0x100
 328 0103 09       		.uleb128 0x9
 329 0104 87000000 		.4byte	.LASF19
 330 0108 04       		.byte	0x4
 331 0109 AC01     		.2byte	0x1ac
 332 010b 12       		.byte	0x12
 333 010c 90010000 		.4byte	0x190
 334 0110 2001     		.2byte	0x120
 335 0112 09       		.uleb128 0x9
 336 0113 DA010000 		.4byte	.LASF20
 337 0117 04       		.byte	0x4
 338 0118 AD01     		.2byte	0x1ad
 339 011a 12       		.byte	0x12
 340 011b 8B010000 		.4byte	0x18b
 341 011f 8001     		.2byte	0x180
 342 0121 09       		.uleb128 0x9
ARM GAS  /tmp/ccplQfVt.s 			page 7


 343 0122 95020000 		.4byte	.LASF21
 344 0126 04       		.byte	0x4
 345 0127 AE01     		.2byte	0x1ae
 346 0129 12       		.byte	0x12
 347 012a 90010000 		.4byte	0x190
 348 012e A001     		.2byte	0x1a0
 349 0130 09       		.uleb128 0x9
 350 0131 06000000 		.4byte	.LASF22
 351 0135 04       		.byte	0x4
 352 0136 AF01     		.2byte	0x1af
 353 0138 12       		.byte	0x12
 354 0139 8B010000 		.4byte	0x18b
 355 013d 0002     		.2byte	0x200
 356 013f 09       		.uleb128 0x9
 357 0140 9F020000 		.4byte	.LASF23
 358 0144 04       		.byte	0x4
 359 0145 B001     		.2byte	0x1b0
 360 0147 12       		.byte	0x12
 361 0148 A0010000 		.4byte	0x1a0
 362 014c 2002     		.2byte	0x220
 363 014e 0A       		.uleb128 0xa
 364 014f 495000   		.ascii	"IP\000"
 365 0152 04       		.byte	0x4
 366 0153 B101     		.2byte	0x1b1
 367 0155 12       		.byte	0x12
 368 0156 C0010000 		.4byte	0x1c0
 369 015a 0003     		.2byte	0x300
 370 015c 09       		.uleb128 0x9
 371 015d A9020000 		.4byte	.LASF24
 372 0161 04       		.byte	0x4
 373 0162 B201     		.2byte	0x1b2
 374 0164 12       		.byte	0x12
 375 0165 C5010000 		.4byte	0x1c5
 376 0169 F003     		.2byte	0x3f0
 377 016b 09       		.uleb128 0x9
 378 016c B2000000 		.4byte	.LASF25
 379 0170 04       		.byte	0x4
 380 0171 B301     		.2byte	0x1b3
 381 0173 12       		.byte	0x12
 382 0174 A7000000 		.4byte	0xa7
 383 0178 000E     		.2byte	0xe00
 384 017a 00       		.byte	0
 385 017b 0B       		.uleb128 0xb
 386 017c A7000000 		.4byte	0xa7
 387 0180 8B010000 		.4byte	0x18b
 388 0184 0C       		.uleb128 0xc
 389 0185 2C000000 		.4byte	0x2c
 390 0189 07       		.byte	0x7
 391 018a 00       		.byte	0
 392 018b 05       		.uleb128 0x5
 393 018c 7B010000 		.4byte	0x17b
 394 0190 0B       		.uleb128 0xb
 395 0191 9B000000 		.4byte	0x9b
 396 0195 A0010000 		.4byte	0x1a0
 397 0199 0C       		.uleb128 0xc
 398 019a 2C000000 		.4byte	0x2c
 399 019e 17       		.byte	0x17
ARM GAS  /tmp/ccplQfVt.s 			page 8


 400 019f 00       		.byte	0
 401 01a0 0B       		.uleb128 0xb
 402 01a1 9B000000 		.4byte	0x9b
 403 01a5 B0010000 		.4byte	0x1b0
 404 01a9 0C       		.uleb128 0xc
 405 01aa 2C000000 		.4byte	0x2c
 406 01ae 37       		.byte	0x37
 407 01af 00       		.byte	0
 408 01b0 0B       		.uleb128 0xb
 409 01b1 96000000 		.4byte	0x96
 410 01b5 C0010000 		.4byte	0x1c0
 411 01b9 0C       		.uleb128 0xc
 412 01ba 2C000000 		.4byte	0x2c
 413 01be EF       		.byte	0xef
 414 01bf 00       		.byte	0
 415 01c0 05       		.uleb128 0x5
 416 01c1 B0010000 		.4byte	0x1b0
 417 01c5 0B       		.uleb128 0xb
 418 01c6 9B000000 		.4byte	0x9b
 419 01ca D6010000 		.4byte	0x1d6
 420 01ce 0D       		.uleb128 0xd
 421 01cf 2C000000 		.4byte	0x2c
 422 01d3 8302     		.2byte	0x283
 423 01d5 00       		.byte	0
 424 01d6 0E       		.uleb128 0xe
 425 01d7 D0010000 		.4byte	.LASF26
 426 01db 04       		.byte	0x4
 427 01dc B401     		.2byte	0x1b4
 428 01de 04       		.byte	0x4
 429 01df B1000000 		.4byte	0xb1
 430 01e3 07       		.uleb128 0x7
 431 01e4 AC02     		.2byte	0x2ac
 432 01e6 04       		.byte	0x4
 433 01e7 C701     		.2byte	0x1c7
 434 01e9 09       		.byte	0x9
 435 01ea C3040000 		.4byte	0x4c3
 436 01ee 08       		.uleb128 0x8
 437 01ef 75000000 		.4byte	.LASF27
 438 01f3 04       		.byte	0x4
 439 01f4 C901     		.2byte	0x1c9
 440 01f6 12       		.byte	0x12
 441 01f7 AC000000 		.4byte	0xac
 442 01fb 00       		.byte	0
 443 01fc 08       		.uleb128 0x8
 444 01fd C4000000 		.4byte	.LASF28
 445 0201 04       		.byte	0x4
 446 0202 CA01     		.2byte	0x1ca
 447 0204 12       		.byte	0x12
 448 0205 A7000000 		.4byte	0xa7
 449 0209 04       		.byte	0x4
 450 020a 08       		.uleb128 0x8
 451 020b 4F020000 		.4byte	.LASF29
 452 020f 04       		.byte	0x4
 453 0210 CB01     		.2byte	0x1cb
 454 0212 12       		.byte	0x12
 455 0213 A7000000 		.4byte	0xa7
 456 0217 08       		.byte	0x8
ARM GAS  /tmp/ccplQfVt.s 			page 9


 457 0218 08       		.uleb128 0x8
 458 0219 A4010000 		.4byte	.LASF30
 459 021d 04       		.byte	0x4
 460 021e CC01     		.2byte	0x1cc
 461 0220 12       		.byte	0x12
 462 0221 A7000000 		.4byte	0xa7
 463 0225 0C       		.byte	0xc
 464 0226 0F       		.uleb128 0xf
 465 0227 53435200 		.ascii	"SCR\000"
 466 022b 04       		.byte	0x4
 467 022c CD01     		.2byte	0x1cd
 468 022e 12       		.byte	0x12
 469 022f A7000000 		.4byte	0xa7
 470 0233 10       		.byte	0x10
 471 0234 0F       		.uleb128 0xf
 472 0235 43435200 		.ascii	"CCR\000"
 473 0239 04       		.byte	0x4
 474 023a CE01     		.2byte	0x1ce
 475 023c 12       		.byte	0x12
 476 023d A7000000 		.4byte	0xa7
 477 0241 14       		.byte	0x14
 478 0242 08       		.uleb128 0x8
 479 0243 EB010000 		.4byte	.LASF31
 480 0247 04       		.byte	0x4
 481 0248 CF01     		.2byte	0x1cf
 482 024a 12       		.byte	0x12
 483 024b D3040000 		.4byte	0x4d3
 484 024f 18       		.byte	0x18
 485 0250 08       		.uleb128 0x8
 486 0251 07020000 		.4byte	.LASF32
 487 0255 04       		.byte	0x4
 488 0256 D001     		.2byte	0x1d0
 489 0258 12       		.byte	0x12
 490 0259 A7000000 		.4byte	0xa7
 491 025d 24       		.byte	0x24
 492 025e 08       		.uleb128 0x8
 493 025f 71010000 		.4byte	.LASF33
 494 0263 04       		.byte	0x4
 495 0264 D101     		.2byte	0x1d1
 496 0266 12       		.byte	0x12
 497 0267 A7000000 		.4byte	0xa7
 498 026b 28       		.byte	0x28
 499 026c 08       		.uleb128 0x8
 500 026d 7D020000 		.4byte	.LASF34
 501 0271 04       		.byte	0x4
 502 0272 D201     		.2byte	0x1d2
 503 0274 12       		.byte	0x12
 504 0275 A7000000 		.4byte	0xa7
 505 0279 2C       		.byte	0x2c
 506 027a 08       		.uleb128 0x8
 507 027b 6A020000 		.4byte	.LASF35
 508 027f 04       		.byte	0x4
 509 0280 D301     		.2byte	0x1d3
 510 0282 12       		.byte	0x12
 511 0283 A7000000 		.4byte	0xa7
 512 0287 30       		.byte	0x30
 513 0288 08       		.uleb128 0x8
ARM GAS  /tmp/ccplQfVt.s 			page 10


 514 0289 1C000000 		.4byte	.LASF36
 515 028d 04       		.byte	0x4
 516 028e D401     		.2byte	0x1d4
 517 0290 12       		.byte	0x12
 518 0291 A7000000 		.4byte	0xa7
 519 0295 34       		.byte	0x34
 520 0296 08       		.uleb128 0x8
 521 0297 1A010000 		.4byte	.LASF37
 522 029b 04       		.byte	0x4
 523 029c D501     		.2byte	0x1d5
 524 029e 12       		.byte	0x12
 525 029f A7000000 		.4byte	0xa7
 526 02a3 38       		.byte	0x38
 527 02a4 08       		.uleb128 0x8
 528 02a5 F0030000 		.4byte	.LASF38
 529 02a9 04       		.byte	0x4
 530 02aa D601     		.2byte	0x1d6
 531 02ac 12       		.byte	0x12
 532 02ad A7000000 		.4byte	0xa7
 533 02b1 3C       		.byte	0x3c
 534 02b2 08       		.uleb128 0x8
 535 02b3 0D020000 		.4byte	.LASF39
 536 02b7 04       		.byte	0x4
 537 02b8 D701     		.2byte	0x1d7
 538 02ba 12       		.byte	0x12
 539 02bb ED040000 		.4byte	0x4ed
 540 02bf 40       		.byte	0x40
 541 02c0 08       		.uleb128 0x8
 542 02c1 F5030000 		.4byte	.LASF40
 543 02c5 04       		.byte	0x4
 544 02c6 D801     		.2byte	0x1d8
 545 02c8 12       		.byte	0x12
 546 02c9 AC000000 		.4byte	0xac
 547 02cd 48       		.byte	0x48
 548 02ce 08       		.uleb128 0x8
 549 02cf B7000000 		.4byte	.LASF41
 550 02d3 04       		.byte	0x4
 551 02d4 D901     		.2byte	0x1d9
 552 02d6 12       		.byte	0x12
 553 02d7 AC000000 		.4byte	0xac
 554 02db 4C       		.byte	0x4c
 555 02dc 08       		.uleb128 0x8
 556 02dd E9030000 		.4byte	.LASF42
 557 02e1 04       		.byte	0x4
 558 02e2 DA01     		.2byte	0x1da
 559 02e4 12       		.byte	0x12
 560 02e5 07050000 		.4byte	0x507
 561 02e9 50       		.byte	0x50
 562 02ea 08       		.uleb128 0x8
 563 02eb 9C010000 		.4byte	.LASF43
 564 02ef 04       		.byte	0x4
 565 02f0 DB01     		.2byte	0x1db
 566 02f2 12       		.byte	0x12
 567 02f3 21050000 		.4byte	0x521
 568 02f7 60       		.byte	0x60
 569 02f8 08       		.uleb128 0x8
 570 02f9 2C000000 		.4byte	.LASF15
ARM GAS  /tmp/ccplQfVt.s 			page 11


 571 02fd 04       		.byte	0x4
 572 02fe DC01     		.2byte	0x1dc
 573 0300 12       		.byte	0x12
 574 0301 26050000 		.4byte	0x526
 575 0305 74       		.byte	0x74
 576 0306 08       		.uleb128 0x8
 577 0307 AC000000 		.4byte	.LASF44
 578 030b 04       		.byte	0x4
 579 030c DD01     		.2byte	0x1dd
 580 030e 12       		.byte	0x12
 581 030f AC000000 		.4byte	0xac
 582 0313 78       		.byte	0x78
 583 0314 0F       		.uleb128 0xf
 584 0315 43545200 		.ascii	"CTR\000"
 585 0319 04       		.byte	0x4
 586 031a DE01     		.2byte	0x1de
 587 031c 12       		.byte	0x12
 588 031d AC000000 		.4byte	0xac
 589 0321 7C       		.byte	0x7c
 590 0322 08       		.uleb128 0x8
 591 0323 60010000 		.4byte	.LASF45
 592 0327 04       		.byte	0x4
 593 0328 DF01     		.2byte	0x1df
 594 032a 12       		.byte	0x12
 595 032b AC000000 		.4byte	0xac
 596 032f 80       		.byte	0x80
 597 0330 08       		.uleb128 0x8
 598 0331 28020000 		.4byte	.LASF46
 599 0335 04       		.byte	0x4
 600 0336 E001     		.2byte	0x1e0
 601 0338 12       		.byte	0x12
 602 0339 A7000000 		.4byte	0xa7
 603 033d 84       		.byte	0x84
 604 033e 08       		.uleb128 0x8
 605 033f 09040000 		.4byte	.LASF47
 606 0343 04       		.byte	0x4
 607 0344 E101     		.2byte	0x1e1
 608 0346 12       		.byte	0x12
 609 0347 A7000000 		.4byte	0xa7
 610 034b 88       		.byte	0x88
 611 034c 08       		.uleb128 0x8
 612 034d 95020000 		.4byte	.LASF21
 613 0351 04       		.byte	0x4
 614 0352 E201     		.2byte	0x1e2
 615 0354 12       		.byte	0x12
 616 0355 36050000 		.4byte	0x536
 617 0359 8C       		.byte	0x8c
 618 035a 09       		.uleb128 0x9
 619 035b B2000000 		.4byte	.LASF25
 620 035f 04       		.byte	0x4
 621 0360 E301     		.2byte	0x1e3
 622 0362 12       		.byte	0x12
 623 0363 A7000000 		.4byte	0xa7
 624 0367 0002     		.2byte	0x200
 625 0369 09       		.uleb128 0x9
 626 036a 9F020000 		.4byte	.LASF23
 627 036e 04       		.byte	0x4
ARM GAS  /tmp/ccplQfVt.s 			page 12


 628 036f E401     		.2byte	0x1e4
 629 0371 12       		.byte	0x12
 630 0372 46050000 		.4byte	0x546
 631 0376 0402     		.2byte	0x204
 632 0378 09       		.uleb128 0x9
 633 0379 BE000000 		.4byte	.LASF48
 634 037d 04       		.byte	0x4
 635 037e E501     		.2byte	0x1e5
 636 0380 12       		.byte	0x12
 637 0381 AC000000 		.4byte	0xac
 638 0385 4002     		.2byte	0x240
 639 0387 09       		.uleb128 0x9
 640 0388 7B000000 		.4byte	.LASF49
 641 038c 04       		.byte	0x4
 642 038d E601     		.2byte	0x1e6
 643 038f 12       		.byte	0x12
 644 0390 AC000000 		.4byte	0xac
 645 0394 4402     		.2byte	0x244
 646 0396 09       		.uleb128 0x9
 647 0397 81000000 		.4byte	.LASF50
 648 039b 04       		.byte	0x4
 649 039c E701     		.2byte	0x1e7
 650 039e 12       		.byte	0x12
 651 039f AC000000 		.4byte	0xac
 652 03a3 4802     		.2byte	0x248
 653 03a5 09       		.uleb128 0x9
 654 03a6 A9020000 		.4byte	.LASF24
 655 03aa 04       		.byte	0x4
 656 03ab E801     		.2byte	0x1e8
 657 03ad 12       		.byte	0x12
 658 03ae 26050000 		.4byte	0x526
 659 03b2 4C02     		.2byte	0x24c
 660 03b4 09       		.uleb128 0x9
 661 03b5 76010000 		.4byte	.LASF51
 662 03b9 04       		.byte	0x4
 663 03ba E901     		.2byte	0x1e9
 664 03bc 12       		.byte	0x12
 665 03bd A7000000 		.4byte	0xa7
 666 03c1 5002     		.2byte	0x250
 667 03c3 09       		.uleb128 0x9
 668 03c4 A2000000 		.4byte	.LASF52
 669 03c8 04       		.byte	0x4
 670 03c9 EA01     		.2byte	0x1ea
 671 03cb 12       		.byte	0x12
 672 03cc 26050000 		.4byte	0x526
 673 03d0 5402     		.2byte	0x254
 674 03d2 09       		.uleb128 0x9
 675 03d3 94010000 		.4byte	.LASF53
 676 03d7 04       		.byte	0x4
 677 03d8 EB01     		.2byte	0x1eb
 678 03da 12       		.byte	0x12
 679 03db A7000000 		.4byte	0xa7
 680 03df 5802     		.2byte	0x258
 681 03e1 09       		.uleb128 0x9
 682 03e2 7E010000 		.4byte	.LASF54
 683 03e6 04       		.byte	0x4
 684 03e7 EC01     		.2byte	0x1ec
ARM GAS  /tmp/ccplQfVt.s 			page 13


 685 03e9 12       		.byte	0x12
 686 03ea A7000000 		.4byte	0xa7
 687 03ee 5C02     		.2byte	0x25c
 688 03f0 09       		.uleb128 0x9
 689 03f1 48000000 		.4byte	.LASF55
 690 03f5 04       		.byte	0x4
 691 03f6 ED01     		.2byte	0x1ed
 692 03f8 12       		.byte	0x12
 693 03f9 A7000000 		.4byte	0xa7
 694 03fd 6002     		.2byte	0x260
 695 03ff 09       		.uleb128 0x9
 696 0400 47020000 		.4byte	.LASF56
 697 0404 04       		.byte	0x4
 698 0405 EE01     		.2byte	0x1ee
 699 0407 12       		.byte	0x12
 700 0408 A7000000 		.4byte	0xa7
 701 040c 6402     		.2byte	0x264
 702 040e 09       		.uleb128 0x9
 703 040f 1B020000 		.4byte	.LASF57
 704 0413 04       		.byte	0x4
 705 0414 EF01     		.2byte	0x1ef
 706 0416 12       		.byte	0x12
 707 0417 A7000000 		.4byte	0xa7
 708 041b 6802     		.2byte	0x268
 709 041d 09       		.uleb128 0x9
 710 041e 00000000 		.4byte	.LASF58
 711 0422 04       		.byte	0x4
 712 0423 F001     		.2byte	0x1f0
 713 0425 12       		.byte	0x12
 714 0426 A7000000 		.4byte	0xa7
 715 042a 6C02     		.2byte	0x26c
 716 042c 09       		.uleb128 0x9
 717 042d 65000000 		.4byte	.LASF59
 718 0431 04       		.byte	0x4
 719 0432 F101     		.2byte	0x1f1
 720 0434 12       		.byte	0x12
 721 0435 A7000000 		.4byte	0xa7
 722 0439 7002     		.2byte	0x270
 723 043b 09       		.uleb128 0x9
 724 043c D9020000 		.4byte	.LASF60
 725 0440 04       		.byte	0x4
 726 0441 F201     		.2byte	0x1f2
 727 0443 12       		.byte	0x12
 728 0444 A7000000 		.4byte	0xa7
 729 0448 7402     		.2byte	0x274
 730 044a 09       		.uleb128 0x9
 731 044b C5020000 		.4byte	.LASF61
 732 044f 04       		.byte	0x4
 733 0450 F301     		.2byte	0x1f3
 734 0452 12       		.byte	0x12
 735 0453 56050000 		.4byte	0x556
 736 0457 7802     		.2byte	0x278
 737 0459 09       		.uleb128 0x9
 738 045a 14020000 		.4byte	.LASF62
 739 045e 04       		.byte	0x4
 740 045f F401     		.2byte	0x1f4
 741 0461 12       		.byte	0x12
ARM GAS  /tmp/ccplQfVt.s 			page 14


 742 0462 A7000000 		.4byte	0xa7
 743 0466 9002     		.2byte	0x290
 744 0468 09       		.uleb128 0x9
 745 0469 14040000 		.4byte	.LASF63
 746 046d 04       		.byte	0x4
 747 046e F501     		.2byte	0x1f5
 748 0470 12       		.byte	0x12
 749 0471 A7000000 		.4byte	0xa7
 750 0475 9402     		.2byte	0x294
 751 0477 09       		.uleb128 0x9
 752 0478 6E000000 		.4byte	.LASF64
 753 047c 04       		.byte	0x4
 754 047d F601     		.2byte	0x1f6
 755 047f 12       		.byte	0x12
 756 0480 A7000000 		.4byte	0xa7
 757 0484 9802     		.2byte	0x298
 758 0486 09       		.uleb128 0x9
 759 0487 82020000 		.4byte	.LASF65
 760 048b 04       		.byte	0x4
 761 048c F701     		.2byte	0x1f7
 762 048e 12       		.byte	0x12
 763 048f A7000000 		.4byte	0xa7
 764 0493 9C02     		.2byte	0x29c
 765 0495 09       		.uleb128 0x9
 766 0496 E0020000 		.4byte	.LASF66
 767 049a 04       		.byte	0x4
 768 049b F801     		.2byte	0x1f8
 769 049d 12       		.byte	0x12
 770 049e A7000000 		.4byte	0xa7
 771 04a2 A002     		.2byte	0x2a0
 772 04a4 09       		.uleb128 0x9
 773 04a5 CF020000 		.4byte	.LASF67
 774 04a9 04       		.byte	0x4
 775 04aa F901     		.2byte	0x1f9
 776 04ac 12       		.byte	0x12
 777 04ad 26050000 		.4byte	0x526
 778 04b1 A402     		.2byte	0x2a4
 779 04b3 09       		.uleb128 0x9
 780 04b4 D2000000 		.4byte	.LASF68
 781 04b8 04       		.byte	0x4
 782 04b9 FA01     		.2byte	0x1fa
 783 04bb 12       		.byte	0x12
 784 04bc A7000000 		.4byte	0xa7
 785 04c0 A802     		.2byte	0x2a8
 786 04c2 00       		.byte	0
 787 04c3 0B       		.uleb128 0xb
 788 04c4 96000000 		.4byte	0x96
 789 04c8 D3040000 		.4byte	0x4d3
 790 04cc 0C       		.uleb128 0xc
 791 04cd 2C000000 		.4byte	0x2c
 792 04d1 0B       		.byte	0xb
 793 04d2 00       		.byte	0
 794 04d3 05       		.uleb128 0x5
 795 04d4 C3040000 		.4byte	0x4c3
 796 04d8 0B       		.uleb128 0xb
 797 04d9 AC000000 		.4byte	0xac
 798 04dd E8040000 		.4byte	0x4e8
ARM GAS  /tmp/ccplQfVt.s 			page 15


 799 04e1 0C       		.uleb128 0xc
 800 04e2 2C000000 		.4byte	0x2c
 801 04e6 01       		.byte	0x1
 802 04e7 00       		.byte	0
 803 04e8 06       		.uleb128 0x6
 804 04e9 D8040000 		.4byte	0x4d8
 805 04ed 05       		.uleb128 0x5
 806 04ee E8040000 		.4byte	0x4e8
 807 04f2 0B       		.uleb128 0xb
 808 04f3 AC000000 		.4byte	0xac
 809 04f7 02050000 		.4byte	0x502
 810 04fb 0C       		.uleb128 0xc
 811 04fc 2C000000 		.4byte	0x2c
 812 0500 03       		.byte	0x3
 813 0501 00       		.byte	0
 814 0502 06       		.uleb128 0x6
 815 0503 F2040000 		.4byte	0x4f2
 816 0507 05       		.uleb128 0x5
 817 0508 02050000 		.4byte	0x502
 818 050c 0B       		.uleb128 0xb
 819 050d AC000000 		.4byte	0xac
 820 0511 1C050000 		.4byte	0x51c
 821 0515 0C       		.uleb128 0xc
 822 0516 2C000000 		.4byte	0x2c
 823 051a 04       		.byte	0x4
 824 051b 00       		.byte	0
 825 051c 06       		.uleb128 0x6
 826 051d 0C050000 		.4byte	0x50c
 827 0521 05       		.uleb128 0x5
 828 0522 1C050000 		.4byte	0x51c
 829 0526 0B       		.uleb128 0xb
 830 0527 9B000000 		.4byte	0x9b
 831 052b 36050000 		.4byte	0x536
 832 052f 0C       		.uleb128 0xc
 833 0530 2C000000 		.4byte	0x2c
 834 0534 00       		.byte	0
 835 0535 00       		.byte	0
 836 0536 0B       		.uleb128 0xb
 837 0537 9B000000 		.4byte	0x9b
 838 053b 46050000 		.4byte	0x546
 839 053f 0C       		.uleb128 0xc
 840 0540 2C000000 		.4byte	0x2c
 841 0544 5C       		.byte	0x5c
 842 0545 00       		.byte	0
 843 0546 0B       		.uleb128 0xb
 844 0547 9B000000 		.4byte	0x9b
 845 054b 56050000 		.4byte	0x556
 846 054f 0C       		.uleb128 0xc
 847 0550 2C000000 		.4byte	0x2c
 848 0554 0E       		.byte	0xe
 849 0555 00       		.byte	0
 850 0556 0B       		.uleb128 0xb
 851 0557 9B000000 		.4byte	0x9b
 852 055b 66050000 		.4byte	0x566
 853 055f 0C       		.uleb128 0xc
 854 0560 2C000000 		.4byte	0x2c
 855 0564 05       		.byte	0x5
ARM GAS  /tmp/ccplQfVt.s 			page 16


 856 0565 00       		.byte	0
 857 0566 0E       		.uleb128 0xe
 858 0567 99000000 		.4byte	.LASF69
 859 056b 04       		.byte	0x4
 860 056c FB01     		.2byte	0x1fb
 861 056e 03       		.byte	0x3
 862 056f E3010000 		.4byte	0x1e3
 863 0573 03       		.uleb128 0x3
 864 0574 01       		.byte	0x1
 865 0575 08       		.byte	0x8
 866 0576 42020000 		.4byte	.LASF70
 867 057a 06       		.uleb128 0x6
 868 057b 73050000 		.4byte	0x573
 869 057f 03       		.uleb128 0x3
 870 0580 01       		.byte	0x1
 871 0581 02       		.byte	0x2
 872 0582 6F020000 		.4byte	.LASF71
 873 0586 10       		.uleb128 0x10
 874 0587 54020000 		.4byte	.LASF72
 875 058b 01       		.byte	0x1
 876 058c 6D       		.byte	0x6d
 877 058d 06       		.byte	0x6
 878 058e 00000000 		.4byte	.LFB337
 879 0592 1C000000 		.4byte	.LFE337-.LFB337
 880 0596 01       		.uleb128 0x1
 881 0597 9C       		.byte	0x9c
 882 0598 AF050000 		.4byte	0x5af
 883 059c 11       		.uleb128 0x11
 884 059d 6E00     		.ascii	"n\000"
 885 059f 01       		.byte	0x1
 886 05a0 6D       		.byte	0x6d
 887 05a1 20       		.byte	0x20
 888 05a2 9B000000 		.4byte	0x9b
 889 05a6 04000000 		.4byte	.LLST4
 890 05aa 00000000 		.4byte	.LVUS4
 891 05ae 00       		.byte	0
 892 05af 10       		.uleb128 0x10
 893 05b0 B3010000 		.4byte	.LASF73
 894 05b4 01       		.byte	0x1
 895 05b5 5A       		.byte	0x5a
 896 05b6 06       		.byte	0x6
 897 05b7 00000000 		.4byte	.LFB336
 898 05bb 10000000 		.4byte	.LFE336-.LFB336
 899 05bf 01       		.uleb128 0x1
 900 05c0 9C       		.byte	0x9c
 901 05c1 F7050000 		.4byte	0x5f7
 902 05c5 12       		.uleb128 0x12
 903 05c6 75020000 		.4byte	.LASF74
 904 05ca 01       		.byte	0x1
 905 05cb 5A       		.byte	0x5a
 906 05cc 2C       		.byte	0x2c
 907 05cd 9B000000 		.4byte	0x9b
 908 05d1 2B000000 		.4byte	.LLST2
 909 05d5 25000000 		.4byte	.LVUS2
 910 05d9 12       		.uleb128 0x12
 911 05da 0F040000 		.4byte	.LASF75
 912 05de 01       		.byte	0x1
ARM GAS  /tmp/ccplQfVt.s 			page 17


 913 05df 5A       		.byte	0x5a
 914 05e0 3E       		.byte	0x3e
 915 05e1 9B000000 		.4byte	0x9b
 916 05e5 64000000 		.4byte	.LLST3
 917 05e9 60000000 		.4byte	.LVUS3
 918 05ed 13       		.uleb128 0x13
 919 05ee AA010000 		.4byte	.LASF80
 920 05f2 07060000 		.4byte	0x607
 921 05f6 00       		.byte	0
 922 05f7 0B       		.uleb128 0xb
 923 05f8 7A050000 		.4byte	0x57a
 924 05fc 07060000 		.4byte	0x607
 925 0600 0C       		.uleb128 0xc
 926 0601 2C000000 		.4byte	0x2c
 927 0605 1C       		.byte	0x1c
 928 0606 00       		.byte	0
 929 0607 06       		.uleb128 0x6
 930 0608 F7050000 		.4byte	0x5f7
 931 060c 10       		.uleb128 0x10
 932 060d 36000000 		.4byte	.LASF76
 933 0611 01       		.byte	0x1
 934 0612 4A       		.byte	0x4a
 935 0613 06       		.byte	0x6
 936 0614 00000000 		.4byte	.LFB335
 937 0618 20000000 		.4byte	.LFE335-.LFB335
 938 061c 01       		.uleb128 0x1
 939 061d 9C       		.byte	0x9c
 940 061e 35060000 		.4byte	0x635
 941 0622 11       		.uleb128 0x11
 942 0623 6E00     		.ascii	"n\000"
 943 0625 01       		.byte	0x1
 944 0626 4A       		.byte	0x4a
 945 0627 21       		.byte	0x21
 946 0628 9B000000 		.4byte	0x9b
 947 062c 89000000 		.4byte	.LLST1
 948 0630 85000000 		.4byte	.LVUS1
 949 0634 00       		.byte	0
 950 0635 14       		.uleb128 0x14
 951 0636 0B000000 		.4byte	.LASF81
 952 063a 01       		.byte	0x1
 953 063b 39       		.byte	0x39
 954 063c 06       		.byte	0x6
 955 063d 00000000 		.4byte	.LFB334
 956 0641 2C000000 		.4byte	.LFE334-.LFB334
 957 0645 01       		.uleb128 0x1
 958 0646 9C       		.byte	0x9c
 959 0647 15       		.uleb128 0x15
 960 0648 6E00     		.ascii	"n\000"
 961 064a 01       		.byte	0x1
 962 064b 39       		.byte	0x39
 963 064c 20       		.byte	0x20
 964 064d 9B000000 		.4byte	0x9b
 965 0651 01       		.uleb128 0x1
 966 0652 50       		.byte	0x50
 967 0653 12       		.uleb128 0x12
 968 0654 0F040000 		.4byte	.LASF75
 969 0658 01       		.byte	0x1
ARM GAS  /tmp/ccplQfVt.s 			page 18


 970 0659 39       		.byte	0x39
 971 065a 2C       		.byte	0x2c
 972 065b 9B000000 		.4byte	0x9b
 973 065f B1000000 		.4byte	.LLST0
 974 0663 AD000000 		.4byte	.LVUS0
 975 0667 00       		.byte	0
 976 0668 00       		.byte	0
 977              		.section	.debug_abbrev,"",%progbits
 978              	.Ldebug_abbrev0:
 979 0000 01       		.uleb128 0x1
 980 0001 11       		.uleb128 0x11
 981 0002 01       		.byte	0x1
 982 0003 25       		.uleb128 0x25
 983 0004 0E       		.uleb128 0xe
 984 0005 13       		.uleb128 0x13
 985 0006 0B       		.uleb128 0xb
 986 0007 03       		.uleb128 0x3
 987 0008 0E       		.uleb128 0xe
 988 0009 1B       		.uleb128 0x1b
 989 000a 0E       		.uleb128 0xe
 990 000b 55       		.uleb128 0x55
 991 000c 17       		.uleb128 0x17
 992 000d 11       		.uleb128 0x11
 993 000e 01       		.uleb128 0x1
 994 000f 10       		.uleb128 0x10
 995 0010 17       		.uleb128 0x17
 996 0011 00       		.byte	0
 997 0012 00       		.byte	0
 998 0013 02       		.uleb128 0x2
 999 0014 24       		.uleb128 0x24
 1000 0015 00       		.byte	0
 1001 0016 0B       		.uleb128 0xb
 1002 0017 0B       		.uleb128 0xb
 1003 0018 3E       		.uleb128 0x3e
 1004 0019 0B       		.uleb128 0xb
 1005 001a 03       		.uleb128 0x3
 1006 001b 08       		.uleb128 0x8
 1007 001c 00       		.byte	0
 1008 001d 00       		.byte	0
 1009 001e 03       		.uleb128 0x3
 1010 001f 24       		.uleb128 0x24
 1011 0020 00       		.byte	0
 1012 0021 0B       		.uleb128 0xb
 1013 0022 0B       		.uleb128 0xb
 1014 0023 3E       		.uleb128 0x3e
 1015 0024 0B       		.uleb128 0xb
 1016 0025 03       		.uleb128 0x3
 1017 0026 0E       		.uleb128 0xe
 1018 0027 00       		.byte	0
 1019 0028 00       		.byte	0
 1020 0029 04       		.uleb128 0x4
 1021 002a 16       		.uleb128 0x16
 1022 002b 00       		.byte	0
 1023 002c 03       		.uleb128 0x3
 1024 002d 0E       		.uleb128 0xe
 1025 002e 3A       		.uleb128 0x3a
 1026 002f 0B       		.uleb128 0xb
ARM GAS  /tmp/ccplQfVt.s 			page 19


 1027 0030 3B       		.uleb128 0x3b
 1028 0031 0B       		.uleb128 0xb
 1029 0032 39       		.uleb128 0x39
 1030 0033 0B       		.uleb128 0xb
 1031 0034 49       		.uleb128 0x49
 1032 0035 13       		.uleb128 0x13
 1033 0036 00       		.byte	0
 1034 0037 00       		.byte	0
 1035 0038 05       		.uleb128 0x5
 1036 0039 35       		.uleb128 0x35
 1037 003a 00       		.byte	0
 1038 003b 49       		.uleb128 0x49
 1039 003c 13       		.uleb128 0x13
 1040 003d 00       		.byte	0
 1041 003e 00       		.byte	0
 1042 003f 06       		.uleb128 0x6
 1043 0040 26       		.uleb128 0x26
 1044 0041 00       		.byte	0
 1045 0042 49       		.uleb128 0x49
 1046 0043 13       		.uleb128 0x13
 1047 0044 00       		.byte	0
 1048 0045 00       		.byte	0
 1049 0046 07       		.uleb128 0x7
 1050 0047 13       		.uleb128 0x13
 1051 0048 01       		.byte	0x1
 1052 0049 0B       		.uleb128 0xb
 1053 004a 05       		.uleb128 0x5
 1054 004b 3A       		.uleb128 0x3a
 1055 004c 0B       		.uleb128 0xb
 1056 004d 3B       		.uleb128 0x3b
 1057 004e 05       		.uleb128 0x5
 1058 004f 39       		.uleb128 0x39
 1059 0050 0B       		.uleb128 0xb
 1060 0051 01       		.uleb128 0x1
 1061 0052 13       		.uleb128 0x13
 1062 0053 00       		.byte	0
 1063 0054 00       		.byte	0
 1064 0055 08       		.uleb128 0x8
 1065 0056 0D       		.uleb128 0xd
 1066 0057 00       		.byte	0
 1067 0058 03       		.uleb128 0x3
 1068 0059 0E       		.uleb128 0xe
 1069 005a 3A       		.uleb128 0x3a
 1070 005b 0B       		.uleb128 0xb
 1071 005c 3B       		.uleb128 0x3b
 1072 005d 05       		.uleb128 0x5
 1073 005e 39       		.uleb128 0x39
 1074 005f 0B       		.uleb128 0xb
 1075 0060 49       		.uleb128 0x49
 1076 0061 13       		.uleb128 0x13
 1077 0062 38       		.uleb128 0x38
 1078 0063 0B       		.uleb128 0xb
 1079 0064 00       		.byte	0
 1080 0065 00       		.byte	0
 1081 0066 09       		.uleb128 0x9
 1082 0067 0D       		.uleb128 0xd
 1083 0068 00       		.byte	0
ARM GAS  /tmp/ccplQfVt.s 			page 20


 1084 0069 03       		.uleb128 0x3
 1085 006a 0E       		.uleb128 0xe
 1086 006b 3A       		.uleb128 0x3a
 1087 006c 0B       		.uleb128 0xb
 1088 006d 3B       		.uleb128 0x3b
 1089 006e 05       		.uleb128 0x5
 1090 006f 39       		.uleb128 0x39
 1091 0070 0B       		.uleb128 0xb
 1092 0071 49       		.uleb128 0x49
 1093 0072 13       		.uleb128 0x13
 1094 0073 38       		.uleb128 0x38
 1095 0074 05       		.uleb128 0x5
 1096 0075 00       		.byte	0
 1097 0076 00       		.byte	0
 1098 0077 0A       		.uleb128 0xa
 1099 0078 0D       		.uleb128 0xd
 1100 0079 00       		.byte	0
 1101 007a 03       		.uleb128 0x3
 1102 007b 08       		.uleb128 0x8
 1103 007c 3A       		.uleb128 0x3a
 1104 007d 0B       		.uleb128 0xb
 1105 007e 3B       		.uleb128 0x3b
 1106 007f 05       		.uleb128 0x5
 1107 0080 39       		.uleb128 0x39
 1108 0081 0B       		.uleb128 0xb
 1109 0082 49       		.uleb128 0x49
 1110 0083 13       		.uleb128 0x13
 1111 0084 38       		.uleb128 0x38
 1112 0085 05       		.uleb128 0x5
 1113 0086 00       		.byte	0
 1114 0087 00       		.byte	0
 1115 0088 0B       		.uleb128 0xb
 1116 0089 01       		.uleb128 0x1
 1117 008a 01       		.byte	0x1
 1118 008b 49       		.uleb128 0x49
 1119 008c 13       		.uleb128 0x13
 1120 008d 01       		.uleb128 0x1
 1121 008e 13       		.uleb128 0x13
 1122 008f 00       		.byte	0
 1123 0090 00       		.byte	0
 1124 0091 0C       		.uleb128 0xc
 1125 0092 21       		.uleb128 0x21
 1126 0093 00       		.byte	0
 1127 0094 49       		.uleb128 0x49
 1128 0095 13       		.uleb128 0x13
 1129 0096 2F       		.uleb128 0x2f
 1130 0097 0B       		.uleb128 0xb
 1131 0098 00       		.byte	0
 1132 0099 00       		.byte	0
 1133 009a 0D       		.uleb128 0xd
 1134 009b 21       		.uleb128 0x21
 1135 009c 00       		.byte	0
 1136 009d 49       		.uleb128 0x49
 1137 009e 13       		.uleb128 0x13
 1138 009f 2F       		.uleb128 0x2f
 1139 00a0 05       		.uleb128 0x5
 1140 00a1 00       		.byte	0
ARM GAS  /tmp/ccplQfVt.s 			page 21


 1141 00a2 00       		.byte	0
 1142 00a3 0E       		.uleb128 0xe
 1143 00a4 16       		.uleb128 0x16
 1144 00a5 00       		.byte	0
 1145 00a6 03       		.uleb128 0x3
 1146 00a7 0E       		.uleb128 0xe
 1147 00a8 3A       		.uleb128 0x3a
 1148 00a9 0B       		.uleb128 0xb
 1149 00aa 3B       		.uleb128 0x3b
 1150 00ab 05       		.uleb128 0x5
 1151 00ac 39       		.uleb128 0x39
 1152 00ad 0B       		.uleb128 0xb
 1153 00ae 49       		.uleb128 0x49
 1154 00af 13       		.uleb128 0x13
 1155 00b0 00       		.byte	0
 1156 00b1 00       		.byte	0
 1157 00b2 0F       		.uleb128 0xf
 1158 00b3 0D       		.uleb128 0xd
 1159 00b4 00       		.byte	0
 1160 00b5 03       		.uleb128 0x3
 1161 00b6 08       		.uleb128 0x8
 1162 00b7 3A       		.uleb128 0x3a
 1163 00b8 0B       		.uleb128 0xb
 1164 00b9 3B       		.uleb128 0x3b
 1165 00ba 05       		.uleb128 0x5
 1166 00bb 39       		.uleb128 0x39
 1167 00bc 0B       		.uleb128 0xb
 1168 00bd 49       		.uleb128 0x49
 1169 00be 13       		.uleb128 0x13
 1170 00bf 38       		.uleb128 0x38
 1171 00c0 0B       		.uleb128 0xb
 1172 00c1 00       		.byte	0
 1173 00c2 00       		.byte	0
 1174 00c3 10       		.uleb128 0x10
 1175 00c4 2E       		.uleb128 0x2e
 1176 00c5 01       		.byte	0x1
 1177 00c6 3F       		.uleb128 0x3f
 1178 00c7 19       		.uleb128 0x19
 1179 00c8 03       		.uleb128 0x3
 1180 00c9 0E       		.uleb128 0xe
 1181 00ca 3A       		.uleb128 0x3a
 1182 00cb 0B       		.uleb128 0xb
 1183 00cc 3B       		.uleb128 0x3b
 1184 00cd 0B       		.uleb128 0xb
 1185 00ce 39       		.uleb128 0x39
 1186 00cf 0B       		.uleb128 0xb
 1187 00d0 27       		.uleb128 0x27
 1188 00d1 19       		.uleb128 0x19
 1189 00d2 11       		.uleb128 0x11
 1190 00d3 01       		.uleb128 0x1
 1191 00d4 12       		.uleb128 0x12
 1192 00d5 06       		.uleb128 0x6
 1193 00d6 40       		.uleb128 0x40
 1194 00d7 18       		.uleb128 0x18
 1195 00d8 9742     		.uleb128 0x2117
 1196 00da 19       		.uleb128 0x19
 1197 00db 01       		.uleb128 0x1
ARM GAS  /tmp/ccplQfVt.s 			page 22


 1198 00dc 13       		.uleb128 0x13
 1199 00dd 00       		.byte	0
 1200 00de 00       		.byte	0
 1201 00df 11       		.uleb128 0x11
 1202 00e0 05       		.uleb128 0x5
 1203 00e1 00       		.byte	0
 1204 00e2 03       		.uleb128 0x3
 1205 00e3 08       		.uleb128 0x8
 1206 00e4 3A       		.uleb128 0x3a
 1207 00e5 0B       		.uleb128 0xb
 1208 00e6 3B       		.uleb128 0x3b
 1209 00e7 0B       		.uleb128 0xb
 1210 00e8 39       		.uleb128 0x39
 1211 00e9 0B       		.uleb128 0xb
 1212 00ea 49       		.uleb128 0x49
 1213 00eb 13       		.uleb128 0x13
 1214 00ec 02       		.uleb128 0x2
 1215 00ed 17       		.uleb128 0x17
 1216 00ee B742     		.uleb128 0x2137
 1217 00f0 17       		.uleb128 0x17
 1218 00f1 00       		.byte	0
 1219 00f2 00       		.byte	0
 1220 00f3 12       		.uleb128 0x12
 1221 00f4 05       		.uleb128 0x5
 1222 00f5 00       		.byte	0
 1223 00f6 03       		.uleb128 0x3
 1224 00f7 0E       		.uleb128 0xe
 1225 00f8 3A       		.uleb128 0x3a
 1226 00f9 0B       		.uleb128 0xb
 1227 00fa 3B       		.uleb128 0x3b
 1228 00fb 0B       		.uleb128 0xb
 1229 00fc 39       		.uleb128 0x39
 1230 00fd 0B       		.uleb128 0xb
 1231 00fe 49       		.uleb128 0x49
 1232 00ff 13       		.uleb128 0x13
 1233 0100 02       		.uleb128 0x2
 1234 0101 17       		.uleb128 0x17
 1235 0102 B742     		.uleb128 0x2137
 1236 0104 17       		.uleb128 0x17
 1237 0105 00       		.byte	0
 1238 0106 00       		.byte	0
 1239 0107 13       		.uleb128 0x13
 1240 0108 34       		.uleb128 0x34
 1241 0109 00       		.byte	0
 1242 010a 03       		.uleb128 0x3
 1243 010b 0E       		.uleb128 0xe
 1244 010c 49       		.uleb128 0x49
 1245 010d 13       		.uleb128 0x13
 1246 010e 34       		.uleb128 0x34
 1247 010f 19       		.uleb128 0x19
 1248 0110 00       		.byte	0
 1249 0111 00       		.byte	0
 1250 0112 14       		.uleb128 0x14
 1251 0113 2E       		.uleb128 0x2e
 1252 0114 01       		.byte	0x1
 1253 0115 3F       		.uleb128 0x3f
 1254 0116 19       		.uleb128 0x19
ARM GAS  /tmp/ccplQfVt.s 			page 23


 1255 0117 03       		.uleb128 0x3
 1256 0118 0E       		.uleb128 0xe
 1257 0119 3A       		.uleb128 0x3a
 1258 011a 0B       		.uleb128 0xb
 1259 011b 3B       		.uleb128 0x3b
 1260 011c 0B       		.uleb128 0xb
 1261 011d 39       		.uleb128 0x39
 1262 011e 0B       		.uleb128 0xb
 1263 011f 27       		.uleb128 0x27
 1264 0120 19       		.uleb128 0x19
 1265 0121 11       		.uleb128 0x11
 1266 0122 01       		.uleb128 0x1
 1267 0123 12       		.uleb128 0x12
 1268 0124 06       		.uleb128 0x6
 1269 0125 40       		.uleb128 0x40
 1270 0126 18       		.uleb128 0x18
 1271 0127 9742     		.uleb128 0x2117
 1272 0129 19       		.uleb128 0x19
 1273 012a 00       		.byte	0
 1274 012b 00       		.byte	0
 1275 012c 15       		.uleb128 0x15
 1276 012d 05       		.uleb128 0x5
 1277 012e 00       		.byte	0
 1278 012f 03       		.uleb128 0x3
 1279 0130 08       		.uleb128 0x8
 1280 0131 3A       		.uleb128 0x3a
 1281 0132 0B       		.uleb128 0xb
 1282 0133 3B       		.uleb128 0x3b
 1283 0134 0B       		.uleb128 0xb
 1284 0135 39       		.uleb128 0x39
 1285 0136 0B       		.uleb128 0xb
 1286 0137 49       		.uleb128 0x49
 1287 0138 13       		.uleb128 0x13
 1288 0139 02       		.uleb128 0x2
 1289 013a 18       		.uleb128 0x18
 1290 013b 00       		.byte	0
 1291 013c 00       		.byte	0
 1292 013d 00       		.byte	0
 1293              		.section	.debug_loc,"",%progbits
 1294              	.Ldebug_loc0:
 1295              	.LVUS4:
 1296 0000 00       		.uleb128 0
 1297 0001 00       		.uleb128 .LVU45
 1298 0002 00       		.uleb128 .LVU45
 1299 0003 00       		.uleb128 0
 1300              	.LLST4:
 1301 0004 00000000 		.4byte	.LVL8
 1302 0008 08000000 		.4byte	.LVL9
 1303 000c 0100     		.2byte	0x1
 1304 000e 50       		.byte	0x50
 1305 000f 08000000 		.4byte	.LVL9
 1306 0013 1C000000 		.4byte	.LFE337
 1307 0017 0400     		.2byte	0x4
 1308 0019 F3       		.byte	0xf3
 1309 001a 01       		.uleb128 0x1
 1310 001b 50       		.byte	0x50
 1311 001c 9F       		.byte	0x9f
ARM GAS  /tmp/ccplQfVt.s 			page 24


 1312 001d 00000000 		.4byte	0
 1313 0021 00000000 		.4byte	0
 1314              	.LVUS2:
 1315 0025 00       		.uleb128 0
 1316 0026 00       		.uleb128 .LVU36
 1317 0027 00       		.uleb128 .LVU36
 1318 0028 00       		.uleb128 .LVU38
 1319 0029 00       		.uleb128 .LVU38
 1320 002a 00       		.uleb128 0
 1321              	.LLST2:
 1322 002b 00000000 		.4byte	.LVL4
 1323 002f 06000000 		.4byte	.LVL6
 1324 0033 0100     		.2byte	0x1
 1325 0035 50       		.byte	0x50
 1326 0036 06000000 		.4byte	.LVL6
 1327 003a 0C000000 		.4byte	.LVL7
 1328 003e 0700     		.2byte	0x7
 1329 0040 70       		.byte	0x70
 1330 0041 80808080 		.sleb128 536870912
 1330      02
 1331 0046 9F       		.byte	0x9f
 1332 0047 0C000000 		.4byte	.LVL7
 1333 004b 10000000 		.4byte	.LFE336
 1334 004f 0700     		.2byte	0x7
 1335 0051 70       		.byte	0x70
 1336 0052 80A6FCFF 		.sleb128 536810240
 1336      01
 1337 0057 9F       		.byte	0x9f
 1338 0058 00000000 		.4byte	0
 1339 005c 00000000 		.4byte	0
 1340              	.LVUS3:
 1341 0060 00       		.uleb128 0
 1342 0061 00       		.uleb128 .LVU35
 1343 0062 00       		.uleb128 .LVU35
 1344 0063 00       		.uleb128 0
 1345              	.LLST3:
 1346 0064 00000000 		.4byte	.LVL4
 1347 0068 02000000 		.4byte	.LVL5
 1348 006c 0100     		.2byte	0x1
 1349 006e 51       		.byte	0x51
 1350 006f 02000000 		.4byte	.LVL5
 1351 0073 10000000 		.4byte	.LFE336
 1352 0077 0400     		.2byte	0x4
 1353 0079 F3       		.byte	0xf3
 1354 007a 01       		.uleb128 0x1
 1355 007b 51       		.byte	0x51
 1356 007c 9F       		.byte	0x9f
 1357 007d 00000000 		.4byte	0
 1358 0081 00000000 		.4byte	0
 1359              	.LVUS1:
 1360 0085 00       		.uleb128 0
 1361 0086 00       		.uleb128 .LVU25
 1362 0087 00       		.uleb128 .LVU25
 1363 0088 00       		.uleb128 0
 1364              	.LLST1:
 1365 0089 00000000 		.4byte	.LVL2
 1366 008d 10000000 		.4byte	.LVL3
ARM GAS  /tmp/ccplQfVt.s 			page 25


 1367 0091 0100     		.2byte	0x1
 1368 0093 50       		.byte	0x50
 1369 0094 10000000 		.4byte	.LVL3
 1370 0098 20000000 		.4byte	.LFE335
 1371 009c 0700     		.2byte	0x7
 1372 009e 70       		.byte	0x70
 1373 009f 80BEFCFF 		.sleb128 536813312
 1373      01
 1374 00a4 9F       		.byte	0x9f
 1375 00a5 00000000 		.4byte	0
 1376 00a9 00000000 		.4byte	0
 1377              	.LVUS0:
 1378 00ad 00       		.uleb128 0
 1379 00ae 00       		.uleb128 .LVU3
 1380 00af 00       		.uleb128 .LVU3
 1381 00b0 00       		.uleb128 0
 1382              	.LLST0:
 1383 00b1 00000000 		.4byte	.LVL0
 1384 00b5 02000000 		.4byte	.LVL1
 1385 00b9 0100     		.2byte	0x1
 1386 00bb 51       		.byte	0x51
 1387 00bc 02000000 		.4byte	.LVL1
 1388 00c0 2C000000 		.4byte	.LFE334
 1389 00c4 0400     		.2byte	0x4
 1390 00c6 F3       		.byte	0xf3
 1391 00c7 01       		.uleb128 0x1
 1392 00c8 51       		.byte	0x51
 1393 00c9 9F       		.byte	0x9f
 1394 00ca 00000000 		.4byte	0
 1395 00ce 00000000 		.4byte	0
 1396              		.section	.debug_aranges,"",%progbits
 1397 0000 34000000 		.4byte	0x34
 1398 0004 0200     		.2byte	0x2
 1399 0006 00000000 		.4byte	.Ldebug_info0
 1400 000a 04       		.byte	0x4
 1401 000b 00       		.byte	0
 1402 000c 0000     		.2byte	0
 1403 000e 0000     		.2byte	0
 1404 0010 00000000 		.4byte	.LFB334
 1405 0014 2C000000 		.4byte	.LFE334-.LFB334
 1406 0018 00000000 		.4byte	.LFB335
 1407 001c 20000000 		.4byte	.LFE335-.LFB335
 1408 0020 00000000 		.4byte	.LFB336
 1409 0024 10000000 		.4byte	.LFE336-.LFB336
 1410 0028 00000000 		.4byte	.LFB337
 1411 002c 1C000000 		.4byte	.LFE337-.LFB337
 1412 0030 00000000 		.4byte	0
 1413 0034 00000000 		.4byte	0
 1414              		.section	.debug_ranges,"",%progbits
 1415              	.Ldebug_ranges0:
 1416 0000 00000000 		.4byte	.LFB334
 1417 0004 2C000000 		.4byte	.LFE334
 1418 0008 00000000 		.4byte	.LFB335
 1419 000c 20000000 		.4byte	.LFE335
 1420 0010 00000000 		.4byte	.LFB336
 1421 0014 10000000 		.4byte	.LFE336
 1422 0018 00000000 		.4byte	.LFB337
ARM GAS  /tmp/ccplQfVt.s 			page 26


 1423 001c 1C000000 		.4byte	.LFE337
 1424 0020 00000000 		.4byte	0
 1425 0024 00000000 		.4byte	0
 1426              		.section	.debug_line,"",%progbits
 1427              	.Ldebug_line0:
 1428 0000 16020000 		.section	.debug_str,"MS",%progbits,1
 1428      03004001 
 1428      00000201 
 1428      FB0E0D00 
 1428      01010101 
 1429              	.LASF58:
 1430 0000 44434353 		.ascii	"DCCSW\000"
 1430      5700
 1431              	.LASF22:
 1432 0006 49414252 		.ascii	"IABR\000"
 1432      00
 1433              	.LASF81:
 1434 000b 6E766963 		.ascii	"nvicEnableVector\000"
 1434      456E6162 
 1434      6C655665 
 1434      63746F72 
 1434      00
 1435              	.LASF36:
 1436 001c 4D4D4641 		.ascii	"MMFAR\000"
 1436      5200
 1437              	.LASF5:
 1438 0022 73686F72 		.ascii	"short int\000"
 1438      7420696E 
 1438      7400
 1439              	.LASF15:
 1440 002c 52455345 		.ascii	"RESERVED0\000"
 1440      52564544 
 1440      3000
 1441              	.LASF76:
 1442 0036 6E766963 		.ascii	"nvicDisableVector\000"
 1442      44697361 
 1442      626C6556 
 1442      6563746F 
 1442      7200
 1443              	.LASF55:
 1444 0048 44434953 		.ascii	"DCISW\000"
 1444      5700
 1445              	.LASF2:
 1446 004e 6C6F6E67 		.ascii	"long double\000"
 1446      20646F75 
 1446      626C6500 
 1447              	.LASF9:
 1448 005a 5F5F7569 		.ascii	"__uint32_t\000"
 1448      6E743332 
 1448      5F7400
 1449              	.LASF59:
 1450 0065 44434349 		.ascii	"DCCIMVAC\000"
 1450      4D564143 
 1450      00
 1451              	.LASF64:
 1452 006e 41484250 		.ascii	"AHBPCR\000"
 1452      435200
ARM GAS  /tmp/ccplQfVt.s 			page 27


 1453              	.LASF27:
 1454 0075 43505549 		.ascii	"CPUID\000"
 1454      4400
 1455              	.LASF49:
 1456 007b 4D564652 		.ascii	"MVFR1\000"
 1456      3100
 1457              	.LASF50:
 1458 0081 4D564652 		.ascii	"MVFR2\000"
 1458      3200
 1459              	.LASF19:
 1460 0087 52455345 		.ascii	"RESERVED2\000"
 1460      52564544 
 1460      3200
 1461              	.LASF12:
 1462 0091 75696E74 		.ascii	"uint8_t\000"
 1462      385F7400 
 1463              	.LASF69:
 1464 0099 5343425F 		.ascii	"SCB_Type\000"
 1464      54797065 
 1464      00
 1465              	.LASF52:
 1466 00a2 52455345 		.ascii	"RESERVED6\000"
 1466      52564544 
 1466      3600
 1467              	.LASF44:
 1468 00ac 434C4944 		.ascii	"CLIDR\000"
 1468      5200
 1469              	.LASF25:
 1470 00b2 53544952 		.ascii	"STIR\000"
 1470      00
 1471              	.LASF41:
 1472 00b7 49445F41 		.ascii	"ID_AFR\000"
 1472      465200
 1473              	.LASF48:
 1474 00be 4D564652 		.ascii	"MVFR0\000"
 1474      3000
 1475              	.LASF28:
 1476 00c4 49435352 		.ascii	"ICSR\000"
 1476      00
 1477              	.LASF17:
 1478 00c9 52534552 		.ascii	"RSERVED1\000"
 1478      56454431 
 1478      00
 1479              	.LASF68:
 1480 00d2 41424653 		.ascii	"ABFSR\000"
 1480      5200
 1481              	.LASF1:
 1482 00d8 6C6F6E67 		.ascii	"long long int\000"
 1482      206C6F6E 
 1482      6720696E 
 1482      7400
 1483              	.LASF79:
 1484 00e6 2F686F6D 		.ascii	"/home/mahathi/mathur407_payload2/4.0.7/build/CUAVv5"
 1484      652F6D61 
 1484      68617468 
 1484      692F6D61 
 1484      74687572 
ARM GAS  /tmp/ccplQfVt.s 			page 28


 1485 0119 00       		.ascii	"\000"
 1486              	.LASF37:
 1487 011a 42464152 		.ascii	"BFAR\000"
 1487      00
 1488              	.LASF7:
 1489 011f 6C6F6E67 		.ascii	"long int\000"
 1489      20696E74 
 1489      00
 1490              	.LASF78:
 1491 0128 2E2E2F2E 		.ascii	"../../modules/ChibiOS/os/hal/ports/common/ARMCMx/nv"
 1491      2E2F6D6F 
 1491      64756C65 
 1491      732F4368 
 1491      6962694F 
 1492 015b 69632E63 		.ascii	"ic.c\000"
 1492      00
 1493              	.LASF45:
 1494 0160 43435349 		.ascii	"CCSIDR\000"
 1494      445200
 1495              	.LASF8:
 1496 0167 5F5F7569 		.ascii	"__uint8_t\000"
 1496      6E74385F 
 1496      7400
 1497              	.LASF33:
 1498 0171 43465352 		.ascii	"CFSR\000"
 1498      00
 1499              	.LASF51:
 1500 0176 49434941 		.ascii	"ICIALLU\000"
 1500      4C4C5500 
 1501              	.LASF54:
 1502 017e 4443494D 		.ascii	"DCIMVAC\000"
 1502      56414300 
 1503              	.LASF4:
 1504 0186 756E7369 		.ascii	"unsigned char\000"
 1504      676E6564 
 1504      20636861 
 1504      7200
 1505              	.LASF53:
 1506 0194 4943494D 		.ascii	"ICIMVAU\000"
 1506      56415500 
 1507              	.LASF43:
 1508 019c 49445F49 		.ascii	"ID_ISAR\000"
 1508      53415200 
 1509              	.LASF30:
 1510 01a4 41495243 		.ascii	"AIRCR\000"
 1510      5200
 1511              	.LASF80:
 1512 01aa 5F5F6675 		.ascii	"__func__\000"
 1512      6E635F5F 
 1512      00
 1513              	.LASF73:
 1514 01b3 6E766963 		.ascii	"nvicSetSystemHandlerPriority\000"
 1514      53657453 
 1514      79737465 
 1514      6D48616E 
 1514      646C6572 
 1515              	.LASF26:
ARM GAS  /tmp/ccplQfVt.s 			page 29


 1516 01d0 4E564943 		.ascii	"NVIC_Type\000"
 1516      5F547970 
 1516      6500
 1517              	.LASF20:
 1518 01da 49435052 		.ascii	"ICPR\000"
 1518      00
 1519              	.LASF3:
 1520 01df 7369676E 		.ascii	"signed char\000"
 1520      65642063 
 1520      68617200 
 1521              	.LASF31:
 1522 01eb 53485052 		.ascii	"SHPR\000"
 1522      00
 1523              	.LASF11:
 1524 01f0 6C6F6E67 		.ascii	"long long unsigned int\000"
 1524      206C6F6E 
 1524      6720756E 
 1524      7369676E 
 1524      65642069 
 1525              	.LASF32:
 1526 0207 53484353 		.ascii	"SHCSR\000"
 1526      5200
 1527              	.LASF39:
 1528 020d 49445F50 		.ascii	"ID_PFR\000"
 1528      465200
 1529              	.LASF62:
 1530 0214 4954434D 		.ascii	"ITCMCR\000"
 1530      435200
 1531              	.LASF57:
 1532 021b 4443434D 		.ascii	"DCCMVAC\000"
 1532      56414300 
 1533              	.LASF16:
 1534 0223 49434552 		.ascii	"ICER\000"
 1534      00
 1535              	.LASF46:
 1536 0228 43535345 		.ascii	"CSSELR\000"
 1536      4C5200
 1537              	.LASF6:
 1538 022f 73686F72 		.ascii	"short unsigned int\000"
 1538      7420756E 
 1538      7369676E 
 1538      65642069 
 1538      6E7400
 1539              	.LASF70:
 1540 0242 63686172 		.ascii	"char\000"
 1540      00
 1541              	.LASF56:
 1542 0247 4443434D 		.ascii	"DCCMVAU\000"
 1542      56415500 
 1543              	.LASF29:
 1544 024f 56544F52 		.ascii	"VTOR\000"
 1544      00
 1545              	.LASF72:
 1546 0254 6E766963 		.ascii	"nvicClearPending\000"
 1546      436C6561 
 1546      7250656E 
 1546      64696E67 
ARM GAS  /tmp/ccplQfVt.s 			page 30


 1546      00
 1547              	.LASF18:
 1548 0265 49535052 		.ascii	"ISPR\000"
 1548      00
 1549              	.LASF35:
 1550 026a 44465352 		.ascii	"DFSR\000"
 1550      00
 1551              	.LASF71:
 1552 026f 5F426F6F 		.ascii	"_Bool\000"
 1552      6C00
 1553              	.LASF74:
 1554 0275 68616E64 		.ascii	"handler\000"
 1554      6C657200 
 1555              	.LASF34:
 1556 027d 48465352 		.ascii	"HFSR\000"
 1556      00
 1557              	.LASF65:
 1558 0282 43414352 		.ascii	"CACR\000"
 1558      00
 1559              	.LASF14:
 1560 0287 49534552 		.ascii	"ISER\000"
 1560      00
 1561              	.LASF13:
 1562 028c 75696E74 		.ascii	"uint32_t\000"
 1562      33325F74 
 1562      00
 1563              	.LASF21:
 1564 0295 52455345 		.ascii	"RESERVED3\000"
 1564      52564544 
 1564      3300
 1565              	.LASF23:
 1566 029f 52455345 		.ascii	"RESERVED4\000"
 1566      52564544 
 1566      3400
 1567              	.LASF24:
 1568 02a9 52455345 		.ascii	"RESERVED5\000"
 1568      52564544 
 1568      3500
 1569              	.LASF10:
 1570 02b3 6C6F6E67 		.ascii	"long unsigned int\000"
 1570      20756E73 
 1570      69676E65 
 1570      6420696E 
 1570      7400
 1571              	.LASF61:
 1572 02c5 52455345 		.ascii	"RESERVED7\000"
 1572      52564544 
 1572      3700
 1573              	.LASF67:
 1574 02cf 52455345 		.ascii	"RESERVED8\000"
 1574      52564544 
 1574      3800
 1575              	.LASF60:
 1576 02d9 44434349 		.ascii	"DCCISW\000"
 1576      535700
 1577              	.LASF66:
 1578 02e0 41484253 		.ascii	"AHBSCR\000"
ARM GAS  /tmp/ccplQfVt.s 			page 31


 1578      435200
 1579              	.LASF77:
 1580 02e7 474E5520 		.ascii	"GNU C17 10.2.1 20201103 (release) -mcpu=cortex-m7 -"
 1580      43313720 
 1580      31302E32 
 1580      2E312032 
 1580      30323031 
 1581 031a 6D666C6F 		.ascii	"mfloat-abi=hard -mfpu=fpv4-sp-d16 -mno-thumb-interw"
 1581      61742D61 
 1581      62693D68 
 1581      61726420 
 1581      2D6D6670 
 1582 034d 6F726B20 		.ascii	"ork -mthumb -march=armv7e-m+fp -g -Os -fomit-frame-"
 1582      2D6D7468 
 1582      756D6220 
 1582      2D6D6172 
 1582      63683D61 
 1583 0380 706F696E 		.ascii	"pointer -falign-functions=16 -ffunction-sections -f"
 1583      74657220 
 1583      2D66616C 
 1583      69676E2D 
 1583      66756E63 
 1584 03b3 64617461 		.ascii	"data-sections -fno-common -fsingle-precision-consta"
 1584      2D736563 
 1584      74696F6E 
 1584      73202D66 
 1584      6E6F2D63 
 1585 03e6 6E7400   		.ascii	"nt\000"
 1586              	.LASF42:
 1587 03e9 49445F4D 		.ascii	"ID_MFR\000"
 1587      465200
 1588              	.LASF38:
 1589 03f0 41465352 		.ascii	"AFSR\000"
 1589      00
 1590              	.LASF40:
 1591 03f5 49445F44 		.ascii	"ID_DFR\000"
 1591      465200
 1592              	.LASF0:
 1593 03fc 756E7369 		.ascii	"unsigned int\000"
 1593      676E6564 
 1593      20696E74 
 1593      00
 1594              	.LASF47:
 1595 0409 43504143 		.ascii	"CPACR\000"
 1595      5200
 1596              	.LASF75:
 1597 040f 7072696F 		.ascii	"prio\000"
 1597      00
 1598              	.LASF63:
 1599 0414 4454434D 		.ascii	"DTCMCR\000"
 1599      435200
 1600              		.ident	"GCC: (GNU Arm Embedded Toolchain 10-2020-q4-major) 10.2.1 20201103 (release)"
ARM GAS  /tmp/ccplQfVt.s 			page 32


DEFINED SYMBOLS
                            *ABS*:0000000000000000 nvic.c
     /tmp/ccplQfVt.s:18     .text.nvicEnableVector:0000000000000000 $t
     /tmp/ccplQfVt.s:26     .text.nvicEnableVector:0000000000000000 nvicEnableVector
     /tmp/ccplQfVt.s:70     .text.nvicDisableVector:0000000000000000 $t
     /tmp/ccplQfVt.s:77     .text.nvicDisableVector:0000000000000000 nvicDisableVector
     /tmp/ccplQfVt.s:112    .text.nvicDisableVector:000000000000001c $d
     /tmp/ccplQfVt.s:117    .text.nvicSetSystemHandlerPriority:0000000000000000 $t
     /tmp/ccplQfVt.s:124    .text.nvicSetSystemHandlerPriority:0000000000000000 nvicSetSystemHandlerPriority
     /tmp/ccplQfVt.s:155    .text.nvicClearPending:0000000000000000 $t
     /tmp/ccplQfVt.s:162    .text.nvicClearPending:0000000000000000 nvicClearPending
     /tmp/ccplQfVt.s:190    .text.nvicClearPending:0000000000000018 $d

NO UNDEFINED SYMBOLS
