ARM GAS  /tmp/ccrEGc1T.s 			page 1


   1              		.cpu cortex-m7
   2              		.eabi_attribute 27, 1
   3              		.eabi_attribute 28, 1
   4              		.eabi_attribute 20, 1
   5              		.eabi_attribute 21, 1
   6              		.eabi_attribute 23, 3
   7              		.eabi_attribute 24, 1
   8              		.eabi_attribute 25, 1
   9              		.eabi_attribute 26, 1
  10              		.eabi_attribute 30, 4
  11              		.eabi_attribute 34, 1
  12              		.eabi_attribute 18, 4
  13              		.file	"watchdog.c"
  14              		.text
  15              	.Ltext0:
  16              		.cfi_sections	.debug_frame
  17              		.section	.text.stm32_watchdog_init,"ax",%progbits
  18              		.align	1
  19              		.global	stm32_watchdog_init
  20              		.arch armv7e-m
  21              		.syntax unified
  22              		.thumb
  23              		.thumb_func
  24              		.fpu fpv4-sp-d16
  25              		.type	stm32_watchdog_init, %function
  26              	stm32_watchdog_init:
  27              	.LFB334:
  28              		.file 1 "../../libraries/AP_HAL_ChibiOS/hwdef/common/watchdog.c"
  29              		.loc 1 62 1 view -0
  30              		.cfi_startproc
  31              		@ args = 0, pretend = 0, frame = 0
  32              		@ frame_needed = 0, uses_anonymous_args = 0
  33              		@ link register save eliminated.
  34              		.loc 1 64 5 view .LVU1
  35              		.loc 1 64 14 is_stmt 0 view .LVU2
  36 0000 074B     		ldr	r3, .L2
  37 0002 45F25552 		movw	r2, #21845
  38 0006 1A60     		str	r2, [r3]
  39              		.loc 1 65 5 is_stmt 1 view .LVU3
  40              		.loc 1 65 14 is_stmt 0 view .LVU4
  41 0008 0222     		movs	r2, #2
  42 000a 5A60     		str	r2, [r3, #4]
  43              		.loc 1 66 5 is_stmt 1 view .LVU5
  44              		.loc 1 66 15 is_stmt 0 view .LVU6
  45 000c 40F6FF72 		movw	r2, #4095
  46 0010 9A60     		str	r2, [r3, #8]
  47              		.loc 1 67 5 is_stmt 1 view .LVU7
  48              		.loc 1 67 14 is_stmt 0 view .LVU8
  49 0012 4CF6CC42 		movw	r2, #52428
  50 0016 1A60     		str	r2, [r3]
  51              		.loc 1 68 5 is_stmt 1 view .LVU9
  52              		.loc 1 68 22 is_stmt 0 view .LVU10
  53 0018 0122     		movs	r2, #1
  54 001a 024B     		ldr	r3, .L2+4
  55 001c 1A70     		strb	r2, [r3]
  56              		.loc 1 69 1 view .LVU11
  57 001e 7047     		bx	lr
ARM GAS  /tmp/ccrEGc1T.s 			page 2


  58              	.L3:
  59              		.align	2
  60              	.L2:
  61 0020 00300040 		.word	1073754112
  62 0024 00000000 		.word	.LANCHOR0
  63              		.cfi_endproc
  64              	.LFE334:
  65              		.size	stm32_watchdog_init, .-stm32_watchdog_init
  66              		.section	.text.stm32_watchdog_pat,"ax",%progbits
  67              		.align	1
  68              		.global	stm32_watchdog_pat
  69              		.syntax unified
  70              		.thumb
  71              		.thumb_func
  72              		.fpu fpv4-sp-d16
  73              		.type	stm32_watchdog_pat, %function
  74              	stm32_watchdog_pat:
  75              	.LFB335:
  76              		.loc 1 76 1 is_stmt 1 view -0
  77              		.cfi_startproc
  78              		@ args = 0, pretend = 0, frame = 0
  79              		@ frame_needed = 0, uses_anonymous_args = 0
  80              		@ link register save eliminated.
  81              		.loc 1 77 5 view .LVU13
  82              		.loc 1 77 9 is_stmt 0 view .LVU14
  83 0000 034B     		ldr	r3, .L9
  84              		.loc 1 77 8 view .LVU15
  85 0002 1B78     		ldrb	r3, [r3]	@ zero_extendqisi2
  86 0004 1BB1     		cbz	r3, .L4
  87              		.loc 1 78 9 is_stmt 1 view .LVU16
  88              		.loc 1 78 18 is_stmt 0 view .LVU17
  89 0006 034B     		ldr	r3, .L9+4
  90 0008 4AF6AA22 		movw	r2, #43690
  91 000c 1A60     		str	r2, [r3]
  92              	.L4:
  93              		.loc 1 80 1 view .LVU18
  94 000e 7047     		bx	lr
  95              	.L10:
  96              		.align	2
  97              	.L9:
  98 0010 00000000 		.word	.LANCHOR0
  99 0014 00300040 		.word	1073754112
 100              		.cfi_endproc
 101              	.LFE335:
 102              		.size	stm32_watchdog_pat, .-stm32_watchdog_pat
 103              		.section	.text.stm32_watchdog_save_reason,"ax",%progbits
 104              		.align	1
 105              		.global	stm32_watchdog_save_reason
 106              		.syntax unified
 107              		.thumb
 108              		.thumb_func
 109              		.fpu fpv4-sp-d16
 110              		.type	stm32_watchdog_save_reason, %function
 111              	stm32_watchdog_save_reason:
 112              	.LFB336:
 113              		.loc 1 86 1 is_stmt 1 view -0
 114              		.cfi_startproc
ARM GAS  /tmp/ccrEGc1T.s 			page 3


 115              		@ args = 0, pretend = 0, frame = 0
 116              		@ frame_needed = 0, uses_anonymous_args = 0
 117              		@ link register save eliminated.
 118              		.loc 1 87 5 view .LVU20
 119              		.loc 1 87 9 is_stmt 0 view .LVU21
 120 0000 044B     		ldr	r3, .L16
 121 0002 D3F87438 		ldr	r3, [r3, #2164]
 122              		.loc 1 87 8 view .LVU22
 123 0006 9B00     		lsls	r3, r3, #2
 124              		.loc 1 88 9 is_stmt 1 view .LVU23
 125              		.loc 1 88 28 is_stmt 0 view .LVU24
 126 0008 42BF     		ittt	mi
 127 000a 034B     		ldrmi	r3, .L16+4
 128 000c 0122     		movmi	r2, #1
 129 000e 1A70     		strbmi	r2, [r3]
 130              		.loc 1 90 1 view .LVU25
 131 0010 7047     		bx	lr
 132              	.L17:
 133 0012 00BF     		.align	2
 134              	.L16:
 135 0014 00300240 		.word	1073885184
 136 0018 00000000 		.word	.LANCHOR1
 137              		.cfi_endproc
 138              	.LFE336:
 139              		.size	stm32_watchdog_save_reason, .-stm32_watchdog_save_reason
 140              		.section	.text.stm32_watchdog_clear_reason,"ax",%progbits
 141              		.align	1
 142              		.global	stm32_watchdog_clear_reason
 143              		.syntax unified
 144              		.thumb
 145              		.thumb_func
 146              		.fpu fpv4-sp-d16
 147              		.type	stm32_watchdog_clear_reason, %function
 148              	stm32_watchdog_clear_reason:
 149              	.LFB337:
 150              		.loc 1 96 1 is_stmt 1 view -0
 151              		.cfi_startproc
 152              		@ args = 0, pretend = 0, frame = 0
 153              		@ frame_needed = 0, uses_anonymous_args = 0
 154              		@ link register save eliminated.
 155              		.loc 1 97 5 view .LVU27
 156              		.loc 1 97 22 is_stmt 0 view .LVU28
 157 0000 024B     		ldr	r3, .L19
 158 0002 4FF08072 		mov	r2, #16777216
 159 0006 C3F87428 		str	r2, [r3, #2164]
 160              		.loc 1 98 1 view .LVU29
 161 000a 7047     		bx	lr
 162              	.L20:
 163              		.align	2
 164              	.L19:
 165 000c 00300240 		.word	1073885184
 166              		.cfi_endproc
 167              	.LFE337:
 168              		.size	stm32_watchdog_clear_reason, .-stm32_watchdog_clear_reason
 169              		.section	.text.stm32_was_watchdog_reset,"ax",%progbits
 170              		.align	1
 171              		.global	stm32_was_watchdog_reset
ARM GAS  /tmp/ccrEGc1T.s 			page 4


 172              		.syntax unified
 173              		.thumb
 174              		.thumb_func
 175              		.fpu fpv4-sp-d16
 176              		.type	stm32_was_watchdog_reset, %function
 177              	stm32_was_watchdog_reset:
 178              	.LFB338:
 179              		.loc 1 104 1 is_stmt 1 view -0
 180              		.cfi_startproc
 181              		@ args = 0, pretend = 0, frame = 0
 182              		@ frame_needed = 0, uses_anonymous_args = 0
 183              		@ link register save eliminated.
 184              		.loc 1 105 5 view .LVU31
 185              		.loc 1 106 1 is_stmt 0 view .LVU32
 186 0000 014B     		ldr	r3, .L22
 187 0002 1878     		ldrb	r0, [r3]	@ zero_extendqisi2
 188 0004 7047     		bx	lr
 189              	.L23:
 190 0006 00BF     		.align	2
 191              	.L22:
 192 0008 00000000 		.word	.LANCHOR1
 193              		.cfi_endproc
 194              	.LFE338:
 195              		.size	stm32_was_watchdog_reset, .-stm32_was_watchdog_reset
 196              		.section	.text.stm32_watchdog_save,"ax",%progbits
 197              		.align	1
 198              		.global	stm32_watchdog_save
 199              		.syntax unified
 200              		.thumb
 201              		.thumb_func
 202              		.fpu fpv4-sp-d16
 203              		.type	stm32_watchdog_save, %function
 204              	stm32_watchdog_save:
 205              	.LVL0:
 206              	.LFB339:
 207              		.loc 1 112 1 is_stmt 1 view -0
 208              		.cfi_startproc
 209              		@ args = 0, pretend = 0, frame = 0
 210              		@ frame_needed = 0, uses_anonymous_args = 0
 211              		@ link register save eliminated.
 212              		.loc 1 113 5 view .LVU34
 213 0000 CAB2     		uxtb	r2, r1
 214 0002 0146     		mov	r1, r0
 215              	.LVL1:
 216              		.loc 1 113 5 is_stmt 0 view .LVU35
 217 0004 0120     		movs	r0, #1
 218              	.LVL2:
 219              		.loc 1 113 5 view .LVU36
 220 0006 FFF7FEBF 		b	set_rtc_backup
 221              	.LVL3:
 222              		.loc 1 113 5 view .LVU37
 223              		.cfi_endproc
 224              	.LFE339:
 225              		.size	stm32_watchdog_save, .-stm32_watchdog_save
 226              		.section	.text.stm32_watchdog_load,"ax",%progbits
 227              		.align	1
 228              		.global	stm32_watchdog_load
ARM GAS  /tmp/ccrEGc1T.s 			page 5


 229              		.syntax unified
 230              		.thumb
 231              		.thumb_func
 232              		.fpu fpv4-sp-d16
 233              		.type	stm32_watchdog_load, %function
 234              	stm32_watchdog_load:
 235              	.LVL4:
 236              	.LFB340:
 237              		.loc 1 120 1 is_stmt 1 view -0
 238              		.cfi_startproc
 239              		@ args = 0, pretend = 0, frame = 0
 240              		@ frame_needed = 0, uses_anonymous_args = 0
 241              		@ link register save eliminated.
 242              		.loc 1 121 5 view .LVU39
 243 0000 CAB2     		uxtb	r2, r1
 244 0002 0146     		mov	r1, r0
 245              	.LVL5:
 246              		.loc 1 121 5 is_stmt 0 view .LVU40
 247 0004 0120     		movs	r0, #1
 248              	.LVL6:
 249              		.loc 1 121 5 view .LVU41
 250 0006 FFF7FEBF 		b	get_rtc_backup
 251              	.LVL7:
 252              		.loc 1 121 5 view .LVU42
 253              		.cfi_endproc
 254              	.LFE340:
 255              		.size	stm32_watchdog_load, .-stm32_watchdog_load
 256              		.section	.bss.was_watchdog_reset,"aw",%nobits
 257              		.set	.LANCHOR1,. + 0
 258              		.type	was_watchdog_reset, %object
 259              		.size	was_watchdog_reset, 1
 260              	was_watchdog_reset:
 261 0000 00       		.space	1
 262              		.section	.bss.watchdog_enabled,"aw",%nobits
 263              		.set	.LANCHOR0,. + 0
 264              		.type	watchdog_enabled, %object
 265              		.size	watchdog_enabled, 1
 266              	watchdog_enabled:
 267 0000 00       		.space	1
 268              		.text
 269              	.Letext0:
 270              		.file 2 "/opt/gcc-arm-none-eabi-10-2020-q4-major/lib/gcc/arm-none-eabi/10.2.1/include/stddef.h"
 271              		.file 3 "/opt/gcc-arm-none-eabi-10-2020-q4-major/arm-none-eabi/include/machine/_default_types.h"
 272              		.file 4 "/opt/gcc-arm-none-eabi-10-2020-q4-major/arm-none-eabi/include/sys/_stdint.h"
 273              		.file 5 "../../libraries/AP_HAL_ChibiOS/hwdef/common/stm32_util.h"
 274              		.section	.debug_info,"",%progbits
 275              	.Ldebug_info0:
 276 0000 5D020000 		.4byte	0x25d
 277 0004 0400     		.2byte	0x4
 278 0006 00000000 		.4byte	.Ldebug_abbrev0
 279 000a 04       		.byte	0x4
 280 000b 01       		.uleb128 0x1
 281 000c 9D010000 		.4byte	.LASF29
 282 0010 0C       		.byte	0xc
 283 0011 18010000 		.4byte	.LASF30
 284 0015 5B010000 		.4byte	.LASF31
 285 0019 00000000 		.4byte	.Ldebug_ranges0+0
ARM GAS  /tmp/ccrEGc1T.s 			page 6


 286 001d 00000000 		.4byte	0
 287 0021 00000000 		.4byte	.Ldebug_line0
 288 0025 02       		.uleb128 0x2
 289 0026 04       		.byte	0x4
 290 0027 05       		.byte	0x5
 291 0028 696E7400 		.ascii	"int\000"
 292 002c 03       		.uleb128 0x3
 293 002d 05000000 		.4byte	.LASF8
 294 0031 02       		.byte	0x2
 295 0032 D1       		.byte	0xd1
 296 0033 17       		.byte	0x17
 297 0034 38000000 		.4byte	0x38
 298 0038 04       		.uleb128 0x4
 299 0039 04       		.byte	0x4
 300 003a 07       		.byte	0x7
 301 003b F7000000 		.4byte	.LASF0
 302 003f 04       		.uleb128 0x4
 303 0040 08       		.byte	0x8
 304 0041 05       		.byte	0x5
 305 0042 8F010000 		.4byte	.LASF1
 306 0046 04       		.uleb128 0x4
 307 0047 08       		.byte	0x8
 308 0048 04       		.byte	0x4
 309 0049 BB020000 		.4byte	.LASF2
 310 004d 04       		.uleb128 0x4
 311 004e 01       		.byte	0x1
 312 004f 06       		.byte	0x6
 313 0050 C7020000 		.4byte	.LASF3
 314 0054 04       		.uleb128 0x4
 315 0055 01       		.byte	0x1
 316 0056 08       		.byte	0x8
 317 0057 AA000000 		.4byte	.LASF4
 318 005b 04       		.uleb128 0x4
 319 005c 02       		.byte	0x2
 320 005d 05       		.byte	0x5
 321 005e 9F020000 		.4byte	.LASF5
 322 0062 04       		.uleb128 0x4
 323 0063 02       		.byte	0x2
 324 0064 07       		.byte	0x7
 325 0065 C7000000 		.4byte	.LASF6
 326 0069 04       		.uleb128 0x4
 327 006a 04       		.byte	0x4
 328 006b 05       		.byte	0x5
 329 006c B2020000 		.4byte	.LASF7
 330 0070 03       		.uleb128 0x3
 331 0071 EC000000 		.4byte	.LASF9
 332 0075 03       		.byte	0x3
 333 0076 4F       		.byte	0x4f
 334 0077 19       		.byte	0x19
 335 0078 7C000000 		.4byte	0x7c
 336 007c 04       		.uleb128 0x4
 337 007d 04       		.byte	0x4
 338 007e 07       		.byte	0x7
 339 007f DA000000 		.4byte	.LASF10
 340 0083 04       		.uleb128 0x4
 341 0084 08       		.byte	0x8
 342 0085 07       		.byte	0x7
ARM GAS  /tmp/ccrEGc1T.s 			page 7


 343 0086 93000000 		.4byte	.LASF11
 344 008a 03       		.uleb128 0x3
 345 008b A9020000 		.4byte	.LASF12
 346 008f 04       		.byte	0x4
 347 0090 30       		.byte	0x30
 348 0091 14       		.byte	0x14
 349 0092 70000000 		.4byte	0x70
 350 0096 05       		.uleb128 0x5
 351 0097 8A000000 		.4byte	0x8a
 352 009b 06       		.uleb128 0x6
 353 009c 8A000000 		.4byte	0x8a
 354 00a0 04       		.uleb128 0x4
 355 00a1 01       		.byte	0x1
 356 00a2 08       		.byte	0x8
 357 00a3 4F010000 		.4byte	.LASF13
 358 00a7 04       		.uleb128 0x4
 359 00a8 01       		.byte	0x1
 360 00a9 02       		.byte	0x2
 361 00aa 00030000 		.4byte	.LASF14
 362 00ae 07       		.uleb128 0x7
 363 00af 14       		.byte	0x14
 364 00b0 01       		.byte	0x1
 365 00b1 2C       		.byte	0x2c
 366 00b2 09       		.byte	0x9
 367 00b3 F6000000 		.4byte	0xf6
 368 00b7 08       		.uleb128 0x8
 369 00b8 4B5200   		.ascii	"KR\000"
 370 00bb 01       		.byte	0x1
 371 00bc 2E       		.byte	0x2e
 372 00bd 11       		.byte	0x11
 373 00be 96000000 		.4byte	0x96
 374 00c2 00       		.byte	0
 375 00c3 08       		.uleb128 0x8
 376 00c4 505200   		.ascii	"PR\000"
 377 00c7 01       		.byte	0x1
 378 00c8 2F       		.byte	0x2f
 379 00c9 11       		.byte	0x11
 380 00ca 96000000 		.4byte	0x96
 381 00ce 04       		.byte	0x4
 382 00cf 08       		.uleb128 0x8
 383 00d0 524C5200 		.ascii	"RLR\000"
 384 00d4 01       		.byte	0x1
 385 00d5 30       		.byte	0x30
 386 00d6 11       		.byte	0x11
 387 00d7 96000000 		.4byte	0x96
 388 00db 08       		.byte	0x8
 389 00dc 08       		.uleb128 0x8
 390 00dd 535200   		.ascii	"SR\000"
 391 00e0 01       		.byte	0x1
 392 00e1 31       		.byte	0x31
 393 00e2 11       		.byte	0x11
 394 00e3 96000000 		.4byte	0x96
 395 00e7 0C       		.byte	0xc
 396 00e8 09       		.uleb128 0x9
 397 00e9 00000000 		.4byte	.LASF15
 398 00ed 01       		.byte	0x1
 399 00ee 32       		.byte	0x32
ARM GAS  /tmp/ccrEGc1T.s 			page 8


 400 00ef 11       		.byte	0x11
 401 00f0 96000000 		.4byte	0x96
 402 00f4 10       		.byte	0x10
 403 00f5 00       		.byte	0
 404 00f6 03       		.uleb128 0x3
 405 00f7 15030000 		.4byte	.LASF16
 406 00fb 01       		.byte	0x1
 407 00fc 33       		.byte	0x33
 408 00fd 03       		.byte	0x3
 409 00fe AE000000 		.4byte	0xae
 410 0102 0A       		.uleb128 0xa
 411 0103 54000000 		.4byte	.LASF17
 412 0107 01       		.byte	0x1
 413 0108 37       		.byte	0x37
 414 0109 0D       		.byte	0xd
 415 010a A7000000 		.4byte	0xa7
 416 010e 05       		.uleb128 0x5
 417 010f 03       		.byte	0x3
 418 0110 00000000 		.4byte	was_watchdog_reset
 419 0114 0A       		.uleb128 0xa
 420 0115 43000000 		.4byte	.LASF18
 421 0119 01       		.byte	0x1
 422 011a 38       		.byte	0x38
 423 011b 0D       		.byte	0xd
 424 011c A7000000 		.4byte	0xa7
 425 0120 05       		.uleb128 0x5
 426 0121 03       		.byte	0x3
 427 0122 00000000 		.4byte	watchdog_enabled
 428 0126 0B       		.uleb128 0xb
 429 0127 7A000000 		.4byte	.LASF21
 430 012b 01       		.byte	0x1
 431 012c 77       		.byte	0x77
 432 012d 06       		.byte	0x6
 433 012e 00000000 		.4byte	.LFB340
 434 0132 0A000000 		.4byte	.LFE340-.LFB340
 435 0136 01       		.uleb128 0x1
 436 0137 9C       		.byte	0x9c
 437 0138 82010000 		.4byte	0x182
 438 013c 0C       		.uleb128 0xc
 439 013d 8E000000 		.4byte	.LASF19
 440 0141 01       		.byte	0x1
 441 0142 77       		.byte	0x77
 442 0143 24       		.byte	0x24
 443 0144 82010000 		.4byte	0x182
 444 0148 06000000 		.4byte	.LLST2
 445 014c 00000000 		.4byte	.LVUS2
 446 0150 0C       		.uleb128 0xc
 447 0151 54010000 		.4byte	.LASF20
 448 0155 01       		.byte	0x1
 449 0156 77       		.byte	0x77
 450 0157 33       		.byte	0x33
 451 0158 8A000000 		.4byte	0x8a
 452 015c 36000000 		.4byte	.LLST3
 453 0160 32000000 		.4byte	.LVUS3
 454 0164 0D       		.uleb128 0xd
 455 0165 0A000000 		.4byte	.LVL7
 456 0169 48020000 		.4byte	0x248
ARM GAS  /tmp/ccrEGc1T.s 			page 9


 457 016d 0E       		.uleb128 0xe
 458 016e 01       		.uleb128 0x1
 459 016f 50       		.byte	0x50
 460 0170 01       		.uleb128 0x1
 461 0171 31       		.byte	0x31
 462 0172 0E       		.uleb128 0xe
 463 0173 01       		.uleb128 0x1
 464 0174 51       		.byte	0x51
 465 0175 03       		.uleb128 0x3
 466 0176 F3       		.byte	0xf3
 467 0177 01       		.uleb128 0x1
 468 0178 50       		.byte	0x50
 469 0179 0E       		.uleb128 0xe
 470 017a 01       		.uleb128 0x1
 471 017b 52       		.byte	0x52
 472 017c 03       		.uleb128 0x3
 473 017d F3       		.byte	0xf3
 474 017e 01       		.uleb128 0x1
 475 017f 51       		.byte	0x51
 476 0180 00       		.byte	0
 477 0181 00       		.byte	0
 478 0182 0F       		.uleb128 0xf
 479 0183 04       		.byte	0x4
 480 0184 8A000000 		.4byte	0x8a
 481 0188 0B       		.uleb128 0xb
 482 0189 D3020000 		.4byte	.LASF22
 483 018d 01       		.byte	0x1
 484 018e 6F       		.byte	0x6f
 485 018f 06       		.byte	0x6
 486 0190 00000000 		.4byte	.LFB339
 487 0194 0A000000 		.4byte	.LFE339-.LFB339
 488 0198 01       		.uleb128 0x1
 489 0199 9C       		.byte	0x9c
 490 019a E4010000 		.4byte	0x1e4
 491 019e 0C       		.uleb128 0xc
 492 019f 8E000000 		.4byte	.LASF19
 493 01a3 01       		.byte	0x1
 494 01a4 6F       		.byte	0x6f
 495 01a5 2A       		.byte	0x2a
 496 01a6 E4010000 		.4byte	0x1e4
 497 01aa 5D000000 		.4byte	.LLST0
 498 01ae 57000000 		.4byte	.LVUS0
 499 01b2 0C       		.uleb128 0xc
 500 01b3 54010000 		.4byte	.LASF20
 501 01b7 01       		.byte	0x1
 502 01b8 6F       		.byte	0x6f
 503 01b9 39       		.byte	0x39
 504 01ba 8A000000 		.4byte	0x8a
 505 01be 8D000000 		.4byte	.LLST1
 506 01c2 89000000 		.4byte	.LVUS1
 507 01c6 0D       		.uleb128 0xd
 508 01c7 0A000000 		.4byte	.LVL3
 509 01cb 54020000 		.4byte	0x254
 510 01cf 0E       		.uleb128 0xe
 511 01d0 01       		.uleb128 0x1
 512 01d1 50       		.byte	0x50
 513 01d2 01       		.uleb128 0x1
ARM GAS  /tmp/ccrEGc1T.s 			page 10


 514 01d3 31       		.byte	0x31
 515 01d4 0E       		.uleb128 0xe
 516 01d5 01       		.uleb128 0x1
 517 01d6 51       		.byte	0x51
 518 01d7 03       		.uleb128 0x3
 519 01d8 F3       		.byte	0xf3
 520 01d9 01       		.uleb128 0x1
 521 01da 50       		.byte	0x50
 522 01db 0E       		.uleb128 0xe
 523 01dc 01       		.uleb128 0x1
 524 01dd 52       		.byte	0x52
 525 01de 03       		.uleb128 0x3
 526 01df F3       		.byte	0xf3
 527 01e0 01       		.uleb128 0x1
 528 01e1 51       		.byte	0x51
 529 01e2 00       		.byte	0
 530 01e3 00       		.byte	0
 531 01e4 0F       		.uleb128 0xf
 532 01e5 04       		.byte	0x4
 533 01e6 9B000000 		.4byte	0x9b
 534 01ea 10       		.uleb128 0x10
 535 01eb E7020000 		.4byte	.LASF32
 536 01ef 01       		.byte	0x1
 537 01f0 67       		.byte	0x67
 538 01f1 06       		.byte	0x6
 539 01f2 A7000000 		.4byte	0xa7
 540 01f6 00000000 		.4byte	.LFB338
 541 01fa 0C000000 		.4byte	.LFE338-.LFB338
 542 01fe 01       		.uleb128 0x1
 543 01ff 9C       		.byte	0x9c
 544 0200 11       		.uleb128 0x11
 545 0201 27000000 		.4byte	.LASF23
 546 0205 01       		.byte	0x1
 547 0206 5F       		.byte	0x5f
 548 0207 06       		.byte	0x6
 549 0208 00000000 		.4byte	.LFB337
 550 020c 10000000 		.4byte	.LFE337-.LFB337
 551 0210 01       		.uleb128 0x1
 552 0211 9C       		.byte	0x9c
 553 0212 11       		.uleb128 0x11
 554 0213 0C000000 		.4byte	.LASF24
 555 0217 01       		.byte	0x1
 556 0218 55       		.byte	0x55
 557 0219 06       		.byte	0x6
 558 021a 00000000 		.4byte	.LFB336
 559 021e 1C000000 		.4byte	.LFE336-.LFB336
 560 0222 01       		.uleb128 0x1
 561 0223 9C       		.byte	0x9c
 562 0224 11       		.uleb128 0x11
 563 0225 67000000 		.4byte	.LASF25
 564 0229 01       		.byte	0x1
 565 022a 4B       		.byte	0x4b
 566 022b 06       		.byte	0x6
 567 022c 00000000 		.4byte	.LFB335
 568 0230 18000000 		.4byte	.LFE335-.LFB335
 569 0234 01       		.uleb128 0x1
 570 0235 9C       		.byte	0x9c
ARM GAS  /tmp/ccrEGc1T.s 			page 11


 571 0236 11       		.uleb128 0x11
 572 0237 04010000 		.4byte	.LASF26
 573 023b 01       		.byte	0x1
 574 023c 3D       		.byte	0x3d
 575 023d 06       		.byte	0x6
 576 023e 00000000 		.4byte	.LFB334
 577 0242 28000000 		.4byte	.LFE334-.LFB334
 578 0246 01       		.uleb128 0x1
 579 0247 9C       		.byte	0x9c
 580 0248 12       		.uleb128 0x12
 581 0249 06030000 		.4byte	.LASF27
 582 024d 06030000 		.4byte	.LASF27
 583 0251 05       		.byte	0x5
 584 0252 61       		.byte	0x61
 585 0253 06       		.byte	0x6
 586 0254 12       		.uleb128 0x12
 587 0255 B8000000 		.4byte	.LASF28
 588 0259 B8000000 		.4byte	.LASF28
 589 025d 05       		.byte	0x5
 590 025e 5E       		.byte	0x5e
 591 025f 06       		.byte	0x6
 592 0260 00       		.byte	0
 593              		.section	.debug_abbrev,"",%progbits
 594              	.Ldebug_abbrev0:
 595 0000 01       		.uleb128 0x1
 596 0001 11       		.uleb128 0x11
 597 0002 01       		.byte	0x1
 598 0003 25       		.uleb128 0x25
 599 0004 0E       		.uleb128 0xe
 600 0005 13       		.uleb128 0x13
 601 0006 0B       		.uleb128 0xb
 602 0007 03       		.uleb128 0x3
 603 0008 0E       		.uleb128 0xe
 604 0009 1B       		.uleb128 0x1b
 605 000a 0E       		.uleb128 0xe
 606 000b 55       		.uleb128 0x55
 607 000c 17       		.uleb128 0x17
 608 000d 11       		.uleb128 0x11
 609 000e 01       		.uleb128 0x1
 610 000f 10       		.uleb128 0x10
 611 0010 17       		.uleb128 0x17
 612 0011 00       		.byte	0
 613 0012 00       		.byte	0
 614 0013 02       		.uleb128 0x2
 615 0014 24       		.uleb128 0x24
 616 0015 00       		.byte	0
 617 0016 0B       		.uleb128 0xb
 618 0017 0B       		.uleb128 0xb
 619 0018 3E       		.uleb128 0x3e
 620 0019 0B       		.uleb128 0xb
 621 001a 03       		.uleb128 0x3
 622 001b 08       		.uleb128 0x8
 623 001c 00       		.byte	0
 624 001d 00       		.byte	0
 625 001e 03       		.uleb128 0x3
 626 001f 16       		.uleb128 0x16
 627 0020 00       		.byte	0
ARM GAS  /tmp/ccrEGc1T.s 			page 12


 628 0021 03       		.uleb128 0x3
 629 0022 0E       		.uleb128 0xe
 630 0023 3A       		.uleb128 0x3a
 631 0024 0B       		.uleb128 0xb
 632 0025 3B       		.uleb128 0x3b
 633 0026 0B       		.uleb128 0xb
 634 0027 39       		.uleb128 0x39
 635 0028 0B       		.uleb128 0xb
 636 0029 49       		.uleb128 0x49
 637 002a 13       		.uleb128 0x13
 638 002b 00       		.byte	0
 639 002c 00       		.byte	0
 640 002d 04       		.uleb128 0x4
 641 002e 24       		.uleb128 0x24
 642 002f 00       		.byte	0
 643 0030 0B       		.uleb128 0xb
 644 0031 0B       		.uleb128 0xb
 645 0032 3E       		.uleb128 0x3e
 646 0033 0B       		.uleb128 0xb
 647 0034 03       		.uleb128 0x3
 648 0035 0E       		.uleb128 0xe
 649 0036 00       		.byte	0
 650 0037 00       		.byte	0
 651 0038 05       		.uleb128 0x5
 652 0039 35       		.uleb128 0x35
 653 003a 00       		.byte	0
 654 003b 49       		.uleb128 0x49
 655 003c 13       		.uleb128 0x13
 656 003d 00       		.byte	0
 657 003e 00       		.byte	0
 658 003f 06       		.uleb128 0x6
 659 0040 26       		.uleb128 0x26
 660 0041 00       		.byte	0
 661 0042 49       		.uleb128 0x49
 662 0043 13       		.uleb128 0x13
 663 0044 00       		.byte	0
 664 0045 00       		.byte	0
 665 0046 07       		.uleb128 0x7
 666 0047 13       		.uleb128 0x13
 667 0048 01       		.byte	0x1
 668 0049 0B       		.uleb128 0xb
 669 004a 0B       		.uleb128 0xb
 670 004b 3A       		.uleb128 0x3a
 671 004c 0B       		.uleb128 0xb
 672 004d 3B       		.uleb128 0x3b
 673 004e 0B       		.uleb128 0xb
 674 004f 39       		.uleb128 0x39
 675 0050 0B       		.uleb128 0xb
 676 0051 01       		.uleb128 0x1
 677 0052 13       		.uleb128 0x13
 678 0053 00       		.byte	0
 679 0054 00       		.byte	0
 680 0055 08       		.uleb128 0x8
 681 0056 0D       		.uleb128 0xd
 682 0057 00       		.byte	0
 683 0058 03       		.uleb128 0x3
 684 0059 08       		.uleb128 0x8
ARM GAS  /tmp/ccrEGc1T.s 			page 13


 685 005a 3A       		.uleb128 0x3a
 686 005b 0B       		.uleb128 0xb
 687 005c 3B       		.uleb128 0x3b
 688 005d 0B       		.uleb128 0xb
 689 005e 39       		.uleb128 0x39
 690 005f 0B       		.uleb128 0xb
 691 0060 49       		.uleb128 0x49
 692 0061 13       		.uleb128 0x13
 693 0062 38       		.uleb128 0x38
 694 0063 0B       		.uleb128 0xb
 695 0064 00       		.byte	0
 696 0065 00       		.byte	0
 697 0066 09       		.uleb128 0x9
 698 0067 0D       		.uleb128 0xd
 699 0068 00       		.byte	0
 700 0069 03       		.uleb128 0x3
 701 006a 0E       		.uleb128 0xe
 702 006b 3A       		.uleb128 0x3a
 703 006c 0B       		.uleb128 0xb
 704 006d 3B       		.uleb128 0x3b
 705 006e 0B       		.uleb128 0xb
 706 006f 39       		.uleb128 0x39
 707 0070 0B       		.uleb128 0xb
 708 0071 49       		.uleb128 0x49
 709 0072 13       		.uleb128 0x13
 710 0073 38       		.uleb128 0x38
 711 0074 0B       		.uleb128 0xb
 712 0075 00       		.byte	0
 713 0076 00       		.byte	0
 714 0077 0A       		.uleb128 0xa
 715 0078 34       		.uleb128 0x34
 716 0079 00       		.byte	0
 717 007a 03       		.uleb128 0x3
 718 007b 0E       		.uleb128 0xe
 719 007c 3A       		.uleb128 0x3a
 720 007d 0B       		.uleb128 0xb
 721 007e 3B       		.uleb128 0x3b
 722 007f 0B       		.uleb128 0xb
 723 0080 39       		.uleb128 0x39
 724 0081 0B       		.uleb128 0xb
 725 0082 49       		.uleb128 0x49
 726 0083 13       		.uleb128 0x13
 727 0084 02       		.uleb128 0x2
 728 0085 18       		.uleb128 0x18
 729 0086 00       		.byte	0
 730 0087 00       		.byte	0
 731 0088 0B       		.uleb128 0xb
 732 0089 2E       		.uleb128 0x2e
 733 008a 01       		.byte	0x1
 734 008b 3F       		.uleb128 0x3f
 735 008c 19       		.uleb128 0x19
 736 008d 03       		.uleb128 0x3
 737 008e 0E       		.uleb128 0xe
 738 008f 3A       		.uleb128 0x3a
 739 0090 0B       		.uleb128 0xb
 740 0091 3B       		.uleb128 0x3b
 741 0092 0B       		.uleb128 0xb
ARM GAS  /tmp/ccrEGc1T.s 			page 14


 742 0093 39       		.uleb128 0x39
 743 0094 0B       		.uleb128 0xb
 744 0095 27       		.uleb128 0x27
 745 0096 19       		.uleb128 0x19
 746 0097 11       		.uleb128 0x11
 747 0098 01       		.uleb128 0x1
 748 0099 12       		.uleb128 0x12
 749 009a 06       		.uleb128 0x6
 750 009b 40       		.uleb128 0x40
 751 009c 18       		.uleb128 0x18
 752 009d 9742     		.uleb128 0x2117
 753 009f 19       		.uleb128 0x19
 754 00a0 01       		.uleb128 0x1
 755 00a1 13       		.uleb128 0x13
 756 00a2 00       		.byte	0
 757 00a3 00       		.byte	0
 758 00a4 0C       		.uleb128 0xc
 759 00a5 05       		.uleb128 0x5
 760 00a6 00       		.byte	0
 761 00a7 03       		.uleb128 0x3
 762 00a8 0E       		.uleb128 0xe
 763 00a9 3A       		.uleb128 0x3a
 764 00aa 0B       		.uleb128 0xb
 765 00ab 3B       		.uleb128 0x3b
 766 00ac 0B       		.uleb128 0xb
 767 00ad 39       		.uleb128 0x39
 768 00ae 0B       		.uleb128 0xb
 769 00af 49       		.uleb128 0x49
 770 00b0 13       		.uleb128 0x13
 771 00b1 02       		.uleb128 0x2
 772 00b2 17       		.uleb128 0x17
 773 00b3 B742     		.uleb128 0x2137
 774 00b5 17       		.uleb128 0x17
 775 00b6 00       		.byte	0
 776 00b7 00       		.byte	0
 777 00b8 0D       		.uleb128 0xd
 778 00b9 898201   		.uleb128 0x4109
 779 00bc 01       		.byte	0x1
 780 00bd 11       		.uleb128 0x11
 781 00be 01       		.uleb128 0x1
 782 00bf 9542     		.uleb128 0x2115
 783 00c1 19       		.uleb128 0x19
 784 00c2 31       		.uleb128 0x31
 785 00c3 13       		.uleb128 0x13
 786 00c4 00       		.byte	0
 787 00c5 00       		.byte	0
 788 00c6 0E       		.uleb128 0xe
 789 00c7 8A8201   		.uleb128 0x410a
 790 00ca 00       		.byte	0
 791 00cb 02       		.uleb128 0x2
 792 00cc 18       		.uleb128 0x18
 793 00cd 9142     		.uleb128 0x2111
 794 00cf 18       		.uleb128 0x18
 795 00d0 00       		.byte	0
 796 00d1 00       		.byte	0
 797 00d2 0F       		.uleb128 0xf
 798 00d3 0F       		.uleb128 0xf
ARM GAS  /tmp/ccrEGc1T.s 			page 15


 799 00d4 00       		.byte	0
 800 00d5 0B       		.uleb128 0xb
 801 00d6 0B       		.uleb128 0xb
 802 00d7 49       		.uleb128 0x49
 803 00d8 13       		.uleb128 0x13
 804 00d9 00       		.byte	0
 805 00da 00       		.byte	0
 806 00db 10       		.uleb128 0x10
 807 00dc 2E       		.uleb128 0x2e
 808 00dd 00       		.byte	0
 809 00de 3F       		.uleb128 0x3f
 810 00df 19       		.uleb128 0x19
 811 00e0 03       		.uleb128 0x3
 812 00e1 0E       		.uleb128 0xe
 813 00e2 3A       		.uleb128 0x3a
 814 00e3 0B       		.uleb128 0xb
 815 00e4 3B       		.uleb128 0x3b
 816 00e5 0B       		.uleb128 0xb
 817 00e6 39       		.uleb128 0x39
 818 00e7 0B       		.uleb128 0xb
 819 00e8 27       		.uleb128 0x27
 820 00e9 19       		.uleb128 0x19
 821 00ea 49       		.uleb128 0x49
 822 00eb 13       		.uleb128 0x13
 823 00ec 11       		.uleb128 0x11
 824 00ed 01       		.uleb128 0x1
 825 00ee 12       		.uleb128 0x12
 826 00ef 06       		.uleb128 0x6
 827 00f0 40       		.uleb128 0x40
 828 00f1 18       		.uleb128 0x18
 829 00f2 9742     		.uleb128 0x2117
 830 00f4 19       		.uleb128 0x19
 831 00f5 00       		.byte	0
 832 00f6 00       		.byte	0
 833 00f7 11       		.uleb128 0x11
 834 00f8 2E       		.uleb128 0x2e
 835 00f9 00       		.byte	0
 836 00fa 3F       		.uleb128 0x3f
 837 00fb 19       		.uleb128 0x19
 838 00fc 03       		.uleb128 0x3
 839 00fd 0E       		.uleb128 0xe
 840 00fe 3A       		.uleb128 0x3a
 841 00ff 0B       		.uleb128 0xb
 842 0100 3B       		.uleb128 0x3b
 843 0101 0B       		.uleb128 0xb
 844 0102 39       		.uleb128 0x39
 845 0103 0B       		.uleb128 0xb
 846 0104 27       		.uleb128 0x27
 847 0105 19       		.uleb128 0x19
 848 0106 11       		.uleb128 0x11
 849 0107 01       		.uleb128 0x1
 850 0108 12       		.uleb128 0x12
 851 0109 06       		.uleb128 0x6
 852 010a 40       		.uleb128 0x40
 853 010b 18       		.uleb128 0x18
 854 010c 9742     		.uleb128 0x2117
 855 010e 19       		.uleb128 0x19
ARM GAS  /tmp/ccrEGc1T.s 			page 16


 856 010f 00       		.byte	0
 857 0110 00       		.byte	0
 858 0111 12       		.uleb128 0x12
 859 0112 2E       		.uleb128 0x2e
 860 0113 00       		.byte	0
 861 0114 3F       		.uleb128 0x3f
 862 0115 19       		.uleb128 0x19
 863 0116 3C       		.uleb128 0x3c
 864 0117 19       		.uleb128 0x19
 865 0118 6E       		.uleb128 0x6e
 866 0119 0E       		.uleb128 0xe
 867 011a 03       		.uleb128 0x3
 868 011b 0E       		.uleb128 0xe
 869 011c 3A       		.uleb128 0x3a
 870 011d 0B       		.uleb128 0xb
 871 011e 3B       		.uleb128 0x3b
 872 011f 0B       		.uleb128 0xb
 873 0120 39       		.uleb128 0x39
 874 0121 0B       		.uleb128 0xb
 875 0122 00       		.byte	0
 876 0123 00       		.byte	0
 877 0124 00       		.byte	0
 878              		.section	.debug_loc,"",%progbits
 879              	.Ldebug_loc0:
 880              	.LVUS2:
 881 0000 00       		.uleb128 0
 882 0001 00       		.uleb128 .LVU41
 883 0002 00       		.uleb128 .LVU41
 884 0003 00       		.uleb128 .LVU42
 885 0004 00       		.uleb128 .LVU42
 886 0005 00       		.uleb128 0
 887              	.LLST2:
 888 0006 00000000 		.4byte	.LVL4
 889 000a 06000000 		.4byte	.LVL6
 890 000e 0100     		.2byte	0x1
 891 0010 50       		.byte	0x50
 892 0011 06000000 		.4byte	.LVL6
 893 0015 09000000 		.4byte	.LVL7-1
 894 0019 0100     		.2byte	0x1
 895 001b 51       		.byte	0x51
 896 001c 09000000 		.4byte	.LVL7-1
 897 0020 0A000000 		.4byte	.LFE340
 898 0024 0400     		.2byte	0x4
 899 0026 F3       		.byte	0xf3
 900 0027 01       		.uleb128 0x1
 901 0028 50       		.byte	0x50
 902 0029 9F       		.byte	0x9f
 903 002a 00000000 		.4byte	0
 904 002e 00000000 		.4byte	0
 905              	.LVUS3:
 906 0032 00       		.uleb128 0
 907 0033 00       		.uleb128 .LVU40
 908 0034 00       		.uleb128 .LVU40
 909 0035 00       		.uleb128 0
 910              	.LLST3:
 911 0036 00000000 		.4byte	.LVL4
 912 003a 04000000 		.4byte	.LVL5
ARM GAS  /tmp/ccrEGc1T.s 			page 17


 913 003e 0100     		.2byte	0x1
 914 0040 51       		.byte	0x51
 915 0041 04000000 		.4byte	.LVL5
 916 0045 0A000000 		.4byte	.LFE340
 917 0049 0400     		.2byte	0x4
 918 004b F3       		.byte	0xf3
 919 004c 01       		.uleb128 0x1
 920 004d 51       		.byte	0x51
 921 004e 9F       		.byte	0x9f
 922 004f 00000000 		.4byte	0
 923 0053 00000000 		.4byte	0
 924              	.LVUS0:
 925 0057 00       		.uleb128 0
 926 0058 00       		.uleb128 .LVU36
 927 0059 00       		.uleb128 .LVU36
 928 005a 00       		.uleb128 .LVU37
 929 005b 00       		.uleb128 .LVU37
 930 005c 00       		.uleb128 0
 931              	.LLST0:
 932 005d 00000000 		.4byte	.LVL0
 933 0061 06000000 		.4byte	.LVL2
 934 0065 0100     		.2byte	0x1
 935 0067 50       		.byte	0x50
 936 0068 06000000 		.4byte	.LVL2
 937 006c 09000000 		.4byte	.LVL3-1
 938 0070 0100     		.2byte	0x1
 939 0072 51       		.byte	0x51
 940 0073 09000000 		.4byte	.LVL3-1
 941 0077 0A000000 		.4byte	.LFE339
 942 007b 0400     		.2byte	0x4
 943 007d F3       		.byte	0xf3
 944 007e 01       		.uleb128 0x1
 945 007f 50       		.byte	0x50
 946 0080 9F       		.byte	0x9f
 947 0081 00000000 		.4byte	0
 948 0085 00000000 		.4byte	0
 949              	.LVUS1:
 950 0089 00       		.uleb128 0
 951 008a 00       		.uleb128 .LVU35
 952 008b 00       		.uleb128 .LVU35
 953 008c 00       		.uleb128 0
 954              	.LLST1:
 955 008d 00000000 		.4byte	.LVL0
 956 0091 04000000 		.4byte	.LVL1
 957 0095 0100     		.2byte	0x1
 958 0097 51       		.byte	0x51
 959 0098 04000000 		.4byte	.LVL1
 960 009c 0A000000 		.4byte	.LFE339
 961 00a0 0400     		.2byte	0x4
 962 00a2 F3       		.byte	0xf3
 963 00a3 01       		.uleb128 0x1
 964 00a4 51       		.byte	0x51
 965 00a5 9F       		.byte	0x9f
 966 00a6 00000000 		.4byte	0
 967 00aa 00000000 		.4byte	0
 968              		.section	.debug_aranges,"",%progbits
 969 0000 4C000000 		.4byte	0x4c
ARM GAS  /tmp/ccrEGc1T.s 			page 18


 970 0004 0200     		.2byte	0x2
 971 0006 00000000 		.4byte	.Ldebug_info0
 972 000a 04       		.byte	0x4
 973 000b 00       		.byte	0
 974 000c 0000     		.2byte	0
 975 000e 0000     		.2byte	0
 976 0010 00000000 		.4byte	.LFB334
 977 0014 28000000 		.4byte	.LFE334-.LFB334
 978 0018 00000000 		.4byte	.LFB335
 979 001c 18000000 		.4byte	.LFE335-.LFB335
 980 0020 00000000 		.4byte	.LFB336
 981 0024 1C000000 		.4byte	.LFE336-.LFB336
 982 0028 00000000 		.4byte	.LFB337
 983 002c 10000000 		.4byte	.LFE337-.LFB337
 984 0030 00000000 		.4byte	.LFB338
 985 0034 0C000000 		.4byte	.LFE338-.LFB338
 986 0038 00000000 		.4byte	.LFB339
 987 003c 0A000000 		.4byte	.LFE339-.LFB339
 988 0040 00000000 		.4byte	.LFB340
 989 0044 0A000000 		.4byte	.LFE340-.LFB340
 990 0048 00000000 		.4byte	0
 991 004c 00000000 		.4byte	0
 992              		.section	.debug_ranges,"",%progbits
 993              	.Ldebug_ranges0:
 994 0000 00000000 		.4byte	.LFB334
 995 0004 28000000 		.4byte	.LFE334
 996 0008 00000000 		.4byte	.LFB335
 997 000c 18000000 		.4byte	.LFE335
 998 0010 00000000 		.4byte	.LFB336
 999 0014 1C000000 		.4byte	.LFE336
 1000 0018 00000000 		.4byte	.LFB337
 1001 001c 10000000 		.4byte	.LFE337
 1002 0020 00000000 		.4byte	.LFB338
 1003 0024 0C000000 		.4byte	.LFE338
 1004 0028 00000000 		.4byte	.LFB339
 1005 002c 0A000000 		.4byte	.LFE339
 1006 0030 00000000 		.4byte	.LFB340
 1007 0034 0A000000 		.4byte	.LFE340
 1008 0038 00000000 		.4byte	0
 1009 003c 00000000 		.4byte	0
 1010              		.section	.debug_line,"",%progbits
 1011              	.Ldebug_line0:
 1012 0000 51020000 		.section	.debug_str,"MS",%progbits,1
 1012      03005F01 
 1012      00000201 
 1012      FB0E0D00 
 1012      01010101 
 1013              	.LASF15:
 1014 0000 57494E52 		.ascii	"WINR\000"
 1014      00
 1015              	.LASF8:
 1016 0005 73697A65 		.ascii	"size_t\000"
 1016      5F7400
 1017              	.LASF24:
 1018 000c 73746D33 		.ascii	"stm32_watchdog_save_reason\000"
 1018      325F7761 
 1018      74636864 
ARM GAS  /tmp/ccrEGc1T.s 			page 19


 1018      6F675F73 
 1018      6176655F 
 1019              	.LASF23:
 1020 0027 73746D33 		.ascii	"stm32_watchdog_clear_reason\000"
 1020      325F7761 
 1020      74636864 
 1020      6F675F63 
 1020      6C656172 
 1021              	.LASF18:
 1022 0043 77617463 		.ascii	"watchdog_enabled\000"
 1022      68646F67 
 1022      5F656E61 
 1022      626C6564 
 1022      00
 1023              	.LASF17:
 1024 0054 7761735F 		.ascii	"was_watchdog_reset\000"
 1024      77617463 
 1024      68646F67 
 1024      5F726573 
 1024      657400
 1025              	.LASF25:
 1026 0067 73746D33 		.ascii	"stm32_watchdog_pat\000"
 1026      325F7761 
 1026      74636864 
 1026      6F675F70 
 1026      617400
 1027              	.LASF21:
 1028 007a 73746D33 		.ascii	"stm32_watchdog_load\000"
 1028      325F7761 
 1028      74636864 
 1028      6F675F6C 
 1028      6F616400 
 1029              	.LASF19:
 1030 008e 64617461 		.ascii	"data\000"
 1030      00
 1031              	.LASF11:
 1032 0093 6C6F6E67 		.ascii	"long long unsigned int\000"
 1032      206C6F6E 
 1032      6720756E 
 1032      7369676E 
 1032      65642069 
 1033              	.LASF4:
 1034 00aa 756E7369 		.ascii	"unsigned char\000"
 1034      676E6564 
 1034      20636861 
 1034      7200
 1035              	.LASF28:
 1036 00b8 7365745F 		.ascii	"set_rtc_backup\000"
 1036      7274635F 
 1036      6261636B 
 1036      757000
 1037              	.LASF6:
 1038 00c7 73686F72 		.ascii	"short unsigned int\000"
 1038      7420756E 
 1038      7369676E 
 1038      65642069 
 1038      6E7400
ARM GAS  /tmp/ccrEGc1T.s 			page 20


 1039              	.LASF10:
 1040 00da 6C6F6E67 		.ascii	"long unsigned int\000"
 1040      20756E73 
 1040      69676E65 
 1040      6420696E 
 1040      7400
 1041              	.LASF9:
 1042 00ec 5F5F7569 		.ascii	"__uint32_t\000"
 1042      6E743332 
 1042      5F7400
 1043              	.LASF0:
 1044 00f7 756E7369 		.ascii	"unsigned int\000"
 1044      676E6564 
 1044      20696E74 
 1044      00
 1045              	.LASF26:
 1046 0104 73746D33 		.ascii	"stm32_watchdog_init\000"
 1046      325F7761 
 1046      74636864 
 1046      6F675F69 
 1046      6E697400 
 1047              	.LASF30:
 1048 0118 2E2E2F2E 		.ascii	"../../libraries/AP_HAL_ChibiOS/hwdef/common/watchdo"
 1048      2E2F6C69 
 1048      62726172 
 1048      6965732F 
 1048      41505F48 
 1049 014b 672E6300 		.ascii	"g.c\000"
 1050              	.LASF13:
 1051 014f 63686172 		.ascii	"char\000"
 1051      00
 1052              	.LASF20:
 1053 0154 6E776F72 		.ascii	"nwords\000"
 1053      647300
 1054              	.LASF31:
 1055 015b 2F686F6D 		.ascii	"/home/mahathi/mathur407_payload2/4.0.7/build/CUAVv5"
 1055      652F6D61 
 1055      68617468 
 1055      692F6D61 
 1055      74687572 
 1056 018e 00       		.ascii	"\000"
 1057              	.LASF1:
 1058 018f 6C6F6E67 		.ascii	"long long int\000"
 1058      206C6F6E 
 1058      6720696E 
 1058      7400
 1059              	.LASF29:
 1060 019d 474E5520 		.ascii	"GNU C17 10.2.1 20201103 (release) -mcpu=cortex-m7 -"
 1060      43313720 
 1060      31302E32 
 1060      2E312032 
 1060      30323031 
 1061 01d0 6D666C6F 		.ascii	"mfloat-abi=hard -mfpu=fpv4-sp-d16 -mno-thumb-interw"
 1061      61742D61 
 1061      62693D68 
 1061      61726420 
 1061      2D6D6670 
ARM GAS  /tmp/ccrEGc1T.s 			page 21


 1062 0203 6F726B20 		.ascii	"ork -mthumb -march=armv7e-m+fp -g -Os -fomit-frame-"
 1062      2D6D7468 
 1062      756D6220 
 1062      2D6D6172 
 1062      63683D61 
 1063 0236 706F696E 		.ascii	"pointer -falign-functions=16 -ffunction-sections -f"
 1063      74657220 
 1063      2D66616C 
 1063      69676E2D 
 1063      66756E63 
 1064 0269 64617461 		.ascii	"data-sections -fno-common -fsingle-precision-consta"
 1064      2D736563 
 1064      74696F6E 
 1064      73202D66 
 1064      6E6F2D63 
 1065 029c 6E7400   		.ascii	"nt\000"
 1066              	.LASF5:
 1067 029f 73686F72 		.ascii	"short int\000"
 1067      7420696E 
 1067      7400
 1068              	.LASF12:
 1069 02a9 75696E74 		.ascii	"uint32_t\000"
 1069      33325F74 
 1069      00
 1070              	.LASF7:
 1071 02b2 6C6F6E67 		.ascii	"long int\000"
 1071      20696E74 
 1071      00
 1072              	.LASF2:
 1073 02bb 6C6F6E67 		.ascii	"long double\000"
 1073      20646F75 
 1073      626C6500 
 1074              	.LASF3:
 1075 02c7 7369676E 		.ascii	"signed char\000"
 1075      65642063 
 1075      68617200 
 1076              	.LASF22:
 1077 02d3 73746D33 		.ascii	"stm32_watchdog_save\000"
 1077      325F7761 
 1077      74636864 
 1077      6F675F73 
 1077      61766500 
 1078              	.LASF32:
 1079 02e7 73746D33 		.ascii	"stm32_was_watchdog_reset\000"
 1079      325F7761 
 1079      735F7761 
 1079      74636864 
 1079      6F675F72 
 1080              	.LASF14:
 1081 0300 5F426F6F 		.ascii	"_Bool\000"
 1081      6C00
 1082              	.LASF27:
 1083 0306 6765745F 		.ascii	"get_rtc_backup\000"
 1083      7274635F 
 1083      6261636B 
 1083      757000
 1084              	.LASF16:
ARM GAS  /tmp/ccrEGc1T.s 			page 22


 1085 0315 49574447 		.ascii	"IWDG_Regs\000"
 1085      5F526567 
 1085      7300
 1086              		.ident	"GCC: (GNU Arm Embedded Toolchain 10-2020-q4-major) 10.2.1 20201103 (release)"
ARM GAS  /tmp/ccrEGc1T.s 			page 23


DEFINED SYMBOLS
                            *ABS*:0000000000000000 watchdog.c
     /tmp/ccrEGc1T.s:18     .text.stm32_watchdog_init:0000000000000000 $t
     /tmp/ccrEGc1T.s:26     .text.stm32_watchdog_init:0000000000000000 stm32_watchdog_init
     /tmp/ccrEGc1T.s:61     .text.stm32_watchdog_init:0000000000000020 $d
     /tmp/ccrEGc1T.s:67     .text.stm32_watchdog_pat:0000000000000000 $t
     /tmp/ccrEGc1T.s:74     .text.stm32_watchdog_pat:0000000000000000 stm32_watchdog_pat
     /tmp/ccrEGc1T.s:98     .text.stm32_watchdog_pat:0000000000000010 $d
     /tmp/ccrEGc1T.s:104    .text.stm32_watchdog_save_reason:0000000000000000 $t
     /tmp/ccrEGc1T.s:111    .text.stm32_watchdog_save_reason:0000000000000000 stm32_watchdog_save_reason
     /tmp/ccrEGc1T.s:135    .text.stm32_watchdog_save_reason:0000000000000014 $d
     /tmp/ccrEGc1T.s:141    .text.stm32_watchdog_clear_reason:0000000000000000 $t
     /tmp/ccrEGc1T.s:148    .text.stm32_watchdog_clear_reason:0000000000000000 stm32_watchdog_clear_reason
     /tmp/ccrEGc1T.s:165    .text.stm32_watchdog_clear_reason:000000000000000c $d
     /tmp/ccrEGc1T.s:170    .text.stm32_was_watchdog_reset:0000000000000000 $t
     /tmp/ccrEGc1T.s:177    .text.stm32_was_watchdog_reset:0000000000000000 stm32_was_watchdog_reset
     /tmp/ccrEGc1T.s:192    .text.stm32_was_watchdog_reset:0000000000000008 $d
     /tmp/ccrEGc1T.s:197    .text.stm32_watchdog_save:0000000000000000 $t
     /tmp/ccrEGc1T.s:204    .text.stm32_watchdog_save:0000000000000000 stm32_watchdog_save
     /tmp/ccrEGc1T.s:227    .text.stm32_watchdog_load:0000000000000000 $t
     /tmp/ccrEGc1T.s:234    .text.stm32_watchdog_load:0000000000000000 stm32_watchdog_load
     /tmp/ccrEGc1T.s:260    .bss.was_watchdog_reset:0000000000000000 was_watchdog_reset
     /tmp/ccrEGc1T.s:261    .bss.was_watchdog_reset:0000000000000000 $d
     /tmp/ccrEGc1T.s:266    .bss.watchdog_enabled:0000000000000000 watchdog_enabled
     /tmp/ccrEGc1T.s:267    .bss.watchdog_enabled:0000000000000000 $d

UNDEFINED SYMBOLS
set_rtc_backup
get_rtc_backup
